[2026-04-01 00:13:02] ✅ Gateway 运行正常
[2026-04-01 00:13:12] ✅ Hooks 正常 (10 个)
[2026-04-01 00:13:12] ✅ Symlinks 完整
[2026-04-01 00:13:12] ✅ 今日 memory 文件正常 (1939 bytes)
[2026-04-01 00:13:12] ✅ 断点文件存在
[2026-04-01 00:13:12] ✅ 轮值状态正确 (theta)
[2026-04-01 00:13:12] ✅ 记忆仓库正常 (1 个更改)
[2026-04-01 00:13:12] 【系统健康检查通过】
[2026-04-01 01:02:57] ✅ Gateway 运行正常
[2026-04-01 01:03:04] ✅ Hooks 正常 (10 个)
[2026-04-01 01:03:04] ✅ Symlinks 完整
[2026-04-01 01:03:04] ✅ 今日 memory 文件正常 (2047 bytes)
[2026-04-01 01:03:04] ✅ 断点文件存在
[2026-04-01 01:03:04] ✅ 轮值状态正确 (theta)
[2026-04-01 01:03:04] ⚠️ 记忆仓库有 23 个未提交更改
[2026-04-01 01:03:04] 【系统健康检查通过】
[2026-04-01 01:45:24] ✅ Gateway 运行正常
[2026-04-01 01:45:33] ✅ Hooks 正常 (10 个)
[2026-04-01 01:45:34] ✅ Symlinks 完整
[2026-04-01 01:45:34] ✅ 今日 memory 文件正常 (2599 bytes)
[2026-04-01 01:45:34] ✅ 断点文件存在
[2026-04-01 01:45:34] ✅ 轮值状态正确 (theta)
[2026-04-01 01:45:34] ✅ 记忆仓库正常 (1 个更改)
[2026-04-01 01:45:34] 【系统健康检查通过】
[2026-04-01 02:00:46] ✅ Gateway 运行正常
[2026-04-01 02:00:55] ✅ Hooks 正常 (10 个)
[2026-04-01 02:00:55] ✅ Symlinks 完整
[2026-04-01 02:00:55] ✅ 今日 memory 文件正常 (2599 bytes)
[2026-04-01 02:00:55] ✅ 断点文件存在
[2026-04-01 02:00:55] ✅ 轮值状态正确 (theta)
[2026-04-01 02:00:55] ✅ 记忆仓库正常 (1 个更改)
[2026-04-01 02:00:55] 【系统健康检查通过】
[2026-04-01 03:00:48] ✅ Gateway 运行正常
[2026-04-01 03:00:58] ✅ Hooks 正常 (10 个)
[2026-04-01 03:00:59] ✅ Symlinks 完整
[2026-04-01 03:00:59] ✅ 今日 memory 文件正常 (2599 bytes)
[2026-04-01 03:00:59] ✅ 断点文件存在
[2026-04-01 03:00:59] ✅ 轮值状态正确 (theta)
[2026-04-01 03:00:59] ✅ 记忆仓库正常 (4 个更改)
[2026-04-01 03:00:59] 【系统健康检查通过】
[2026-04-01 12:39:30] ✅ Gateway 运行正常
[2026-04-01 12:39:40] ✅ Hooks 正常 (10 个)
[2026-04-01 12:39:41] ✅ Symlinks 完整
[2026-04-01 12:39:41] ✅ 今日 memory 文件正常 (2599 bytes)
[2026-04-01 12:39:41] ✅ 断点文件存在
[2026-04-01 12:39:41] ✅ 轮值状态正确 (theta)
[2026-04-01 12:39:41] ✅ 记忆仓库正常 (4 个更改)
[2026-04-01 12:39:41] 【系统健康检查通过】
