[04:10:46] === 研究循环引擎启动 ===
[04:10:46] 检查: total=50 new_since_last=0 time_triggered=False
[04:10:46] 无需综合：数据量或时间未达触发阈值
[04:10:50] === 研究循环引擎启动 ===
[04:10:50] 检查: total=50 new_since_last=0 time_triggered=False
[04:10:50] 无需综合：数据量或时间未达触发阈值
[04:11:57] === 研究循环引擎启动 ===
[04:11:57] force模式：强制综合
[04:11:57] 运行synthesizer...
[04:12:01] ✅ 推送WeChat成功
[04:12:01] ✅ 循环完成: round 2 conf=0.42
[05:20:53] === 研究循环引擎启动 ===
[05:20:53] force模式：强制综合
[05:20:53] 运行synthesizer...
[05:20:53] ✅ 综合完成，等待research_pulse推送
[05:20:53] ✅ 循环完成: round 5 conf=0.80
[05:22:18] === 研究循环引擎启动 ===
[05:22:18] force模式：强制综合
[05:22:18] 运行synthesizer...
[05:22:18] ✅ 综合完成，等待research_pulse推送
[05:22:18] ✅ 循环完成: round 6 conf=0.80
[05:30:04] === 研究循环引擎启动 ===
[05:30:04] force模式：强制综合
[05:30:04] 运行synthesizer...
[05:30:04] ✅ 综合完成，等待research_pulse推送
[05:30:04] ✅ 循环完成: round 7 conf=0.80
[05:45:04] === 研究循环引擎启动 ===
[05:45:04] force模式：强制综合
[05:45:04] 运行synthesizer...
[05:45:04] ✅ 综合完成，等待research_pulse推送
[05:45:04] ✅ 循环完成: round 8 conf=0.58
[05:45:42] === 研究循环引擎启动 ===
[05:45:42] force模式：强制综合
[05:45:42] 运行synthesizer...
[05:45:42] ✅ 综合完成，等待research_pulse推送
[05:45:42] ✅ 循环完成: round 9 conf=0.78
[06:00:03] === 研究循环引擎启动 ===
[06:00:03] force模式：强制综合
[06:00:03] 运行synthesizer...
[06:00:03] ✅ 综合完成，等待research_pulse推送
[06:00:03] ✅ 循环完成: round 10 conf=0.80
[06:00:26] === 研究循环引擎启动 ===
[06:00:26] force模式：强制综合
[06:00:26] 运行synthesizer...
[06:00:27] ✅ 综合完成，等待research_pulse推送
[06:00:27] ✅ 循环完成: round 11 conf=0.53
[06:02:49] force 模式
[06:02:49] === research_loop 开始 ===
[06:02:49] 0. peer_review...
[06:02:51] ⚠️ peer_review 失败
[06:02:51] 1. expert_synthesizer...
[06:02:51] ✅ synthesizer 完成
[06:02:51] ✅ 循环完成: round 12 conf=0.80
[06:02:55] force 模式
[06:02:55] === research_loop 开始 ===
[06:02:55] 0. peer_review...
[06:02:57] ⚠️ peer_review 失败
[06:02:57] 1. expert_synthesizer...
[06:02:57] ✅ synthesizer 完成
[06:02:57] ✅ 循环完成: round 13 conf=0.78
[06:03:02] force 模式
[06:03:02] === research_loop 开始 ===
[06:03:02] 0. peer_review...
[06:03:04] ⚠️ peer_review 失败
[06:03:04] 1. expert_synthesizer...
[06:03:05] ✅ synthesizer 完成
[06:03:05] ✅ 循环完成: round 14 conf=0.65
[06:15:02] force 模式
[06:15:02] === research_loop 开始 ===
[06:15:02] 0. peer_review...
[06:15:02] ✅ peer_review 完成
[06:15:02] 1. expert_synthesizer...
[06:15:02] ✅ synthesizer 完成
[06:15:02] ✅ 循环完成: round 15 conf=0.78
[06:30:03] force 模式
[06:30:03] === research_loop 开始 ===
[06:30:03] 0. peer_review...
[06:30:03] ✅ peer_review 完成
[06:30:03] 1. expert_synthesizer...
[06:30:03] ✅ synthesizer 完成
[06:30:03] ✅ 循环完成: round 16 conf=0.80
[06:45:05] force 模式
[06:45:05] === research_loop 开始 ===
[06:45:05] 0. peer_review...
[06:45:05] ✅ peer_review 完成
[06:45:05] 1. expert_synthesizer...
[06:45:05] ✅ synthesizer 完成
[06:45:05] ✅ 循环完成: round 17 conf=0.80
[07:00:03] force 模式
[07:00:03] === research_loop 开始 ===
[07:00:03] 0. peer_review...
[07:00:03] ✅ peer_review 完成
[07:00:03] 1. expert_synthesizer...
[07:00:03] ✅ synthesizer 完成
[07:00:03] ✅ 循环完成: round 18 conf=0.80
[07:15:06] force 模式
[07:15:06] === research_loop 开始 ===
[07:15:06] 0. peer_review...
[07:15:06] ✅ peer_review 完成
[07:15:06] 1. expert_synthesizer...
[07:15:06] ✅ synthesizer 完成
[07:15:06] ✅ 循环完成: round 19 conf=0.78
[07:30:05] force 模式
[07:30:05] === research_loop 开始 ===
[07:30:05] 0. peer_review...
[07:30:05] ✅ peer_review 完成
[07:30:05] 1. expert_synthesizer...
[07:30:05] ✅ synthesizer 完成
[07:30:05] ✅ 循环完成: round 20 conf=0.80
[07:45:03] force 模式
[07:45:03] === research_loop 开始 ===
[07:45:03] 0. peer_review...
[07:45:03] ✅ peer_review 完成
[07:45:03] 1. expert_synthesizer...
[07:45:03] ✅ synthesizer 完成
[07:45:03] ✅ 循环完成: round 21 conf=0.80
[08:00:05] force 模式
[08:00:05] === research_loop 开始 ===
[08:00:05] 0. peer_review...
[08:00:05] ✅ peer_review 完成
[08:00:05] 1. expert_synthesizer...
[08:00:05] ✅ synthesizer 完成
[08:00:05] ✅ 循环完成: round 22 conf=0.80
[08:15:06] force 模式
[08:15:06] === research_loop 开始 ===
[08:15:06] 0. peer_review...
[08:15:06] ✅ peer_review 完成
[08:15:06] 1. expert_synthesizer...
[08:15:06] ✅ synthesizer 完成
[08:15:06] ✅ 循环完成: round 23 conf=0.78
[08:30:05] force 模式
[08:30:05] === research_loop 开始 ===
[08:30:05] 0. peer_review...
[08:30:05] ✅ peer_review 完成
[08:30:05] 1. expert_synthesizer...
[08:30:05] ✅ synthesizer 完成
[08:30:05] ✅ 循环完成: round 24 conf=0.65
[08:45:05] force 模式
[08:45:05] === research_loop 开始 ===
[08:45:05] 0. peer_review...
[08:45:05] ✅ peer_review 完成
[08:45:05] 1. expert_synthesizer...
[08:45:05] ✅ synthesizer 完成
[08:45:05] ✅ 循环完成: round 25 conf=0.80
[09:00:05] force 模式
[09:00:05] === research_loop 开始 ===
[09:00:05] 0. peer_review...
[09:00:05] ✅ peer_review 完成
[09:00:05] 1. expert_synthesizer...
[09:00:05] ✅ synthesizer 完成
[09:00:05] ✅ 循环完成: round 26 conf=0.65
[09:15:03] force 模式
[09:15:03] === research_loop 开始 ===
[09:15:03] 0. peer_review...
[09:15:03] ✅ peer_review 完成
[09:15:03] 1. expert_synthesizer...
[09:15:03] ✅ synthesizer 完成
[09:15:03] ✅ 循环完成: round 27 conf=0.80
[09:30:06] force 模式
[09:30:06] === research_loop 开始 ===
[09:30:06] 0. peer_review...
[09:30:06] ✅ peer_review 完成
[09:30:06] 1. expert_synthesizer...
[09:30:06] ✅ synthesizer 完成
[09:30:06] ✅ 循环完成: round 28 conf=0.55
[09:45:06] force 模式
[09:45:06] === research_loop 开始 ===
[09:45:06] 0. peer_review...
[09:45:06] ✅ peer_review 完成
[09:45:06] 1. expert_synthesizer...
[09:45:06] ✅ synthesizer 完成
[09:45:06] ✅ 循环完成: round 29 conf=0.80
[10:00:06] force 模式
[10:00:06] === research_loop 开始 ===
[10:00:06] 0. peer_review...
[10:00:06] ✅ peer_review 完成
[10:00:06] 1. expert_synthesizer...
[10:00:06] ✅ synthesizer 完成
[10:00:06] ✅ 循环完成: round 30 conf=0.65
[10:15:02] force 模式
[10:15:02] === research_loop 开始 ===
[10:15:02] 0. peer_review...
[10:15:02] ✅ peer_review 完成
[10:15:02] 1. expert_synthesizer...
[10:15:02] ✅ synthesizer 完成
[10:15:02] ✅ 循环完成: round 31 conf=0.75
[10:30:02] force 模式
[10:30:02] === research_loop 开始 ===
[10:30:02] 0. peer_review...
[10:30:02] ✅ peer_review 完成
[10:30:02] 1. expert_synthesizer...
[10:30:02] ✅ synthesizer 完成
[10:30:02] ✅ 循环完成: round 32 conf=0.58
[10:45:01] force 模式
[10:45:01] === research_loop 开始 ===
[10:45:01] 0. peer_review...
[10:45:01] ✅ peer_review 完成
[10:45:01] 1. expert_synthesizer...
[10:45:01] ✅ synthesizer 完成
[10:45:01] ✅ 循环完成: round 33 conf=0.80
[11:00:01] force 模式
[11:00:01] === research_loop 开始 ===
[11:00:01] 0. peer_review...
[11:00:01] ✅ peer_review 完成
[11:00:01] 1. expert_synthesizer...
[11:00:01] ✅ synthesizer 完成
[11:00:01] ✅ 循环完成: round 34 conf=0.80
[11:15:01] force 模式
[11:15:01] === research_loop 开始 ===
[11:15:01] 0. peer_review...
[11:15:01] ✅ peer_review 完成
[11:15:01] 1. expert_synthesizer...
[11:15:01] ✅ synthesizer 完成
[11:15:01] ✅ 循环完成: round 35 conf=0.80
[11:30:01] force 模式
[11:30:01] === research_loop 开始 ===
[11:30:01] 0. peer_review...
[11:30:01] ✅ peer_review 完成
[11:30:01] 1. expert_synthesizer...
[11:30:01] ✅ synthesizer 完成
[11:30:01] ✅ 循环完成: round 36 conf=0.78
[11:45:01] force 模式
[11:45:01] === research_loop 开始 ===
[11:45:01] 0. peer_review...
[11:45:01] ✅ peer_review 完成
[11:45:01] 1. expert_synthesizer...
[11:45:01] ✅ synthesizer 完成
[11:45:01] ✅ 循环完成: round 37 conf=0.57
[12:00:01] force 模式
[12:00:01] === research_loop 开始 ===
[12:00:01] 0. peer_review...
[12:00:01] ✅ peer_review 完成
[12:00:01] 1. expert_synthesizer...
[12:00:01] ✅ synthesizer 完成
[12:00:01] ✅ 循环完成: round 38 conf=0.80
[12:15:01] force 模式
[12:15:01] === research_loop 开始 ===
[12:15:01] 0. peer_review...
[12:15:01] ✅ peer_review 完成
[12:15:01] 1. expert_synthesizer...
[12:15:01] ✅ synthesizer 完成
[12:15:01] ✅ 循环完成: round 39 conf=0.78
[12:30:01] force 模式
[12:30:01] === research_loop 开始 ===
[12:30:01] 0. peer_review...
[12:30:01] ✅ peer_review 完成
[12:30:01] 1. expert_synthesizer...
[12:30:01] ✅ synthesizer 完成
[12:30:01] ✅ 循环完成: round 40 conf=0.78
[12:45:02] force 模式
[12:45:02] === research_loop 开始 ===
[12:45:02] 0. peer_review...
[12:45:02] ✅ peer_review 完成
[12:45:02] 1. expert_synthesizer...
[12:45:02] ✅ synthesizer 完成
[12:45:02] ✅ 循环完成: round 41 conf=0.78
[13:00:01] force 模式
[13:00:01] === research_loop 开始 ===
[13:00:01] 0. peer_review...
[13:00:01] ✅ peer_review 完成
[13:00:01] 1. expert_synthesizer...
[13:00:01] ✅ synthesizer 完成
[13:00:01] ✅ 循环完成: round 42 conf=0.58
[13:15:02] force 模式
[13:15:02] === research_loop 开始 ===
[13:15:02] 0. peer_review...
[13:15:02] ✅ peer_review 完成
[13:15:02] 1. expert_synthesizer...
[13:15:02] ✅ synthesizer 完成
[13:15:02] ✅ 循环完成: round 43 conf=0.78
[13:30:02] force 模式
[13:30:02] === research_loop 开始 ===
[13:30:02] 0. peer_review...
[13:30:02] ✅ peer_review 完成
[13:30:02] 1. expert_synthesizer...
[13:30:02] ✅ synthesizer 完成
[13:30:02] ✅ 循环完成: round 44 conf=0.78
[13:45:01] force 模式
[13:45:01] === research_loop 开始 ===
[13:45:01] 0. peer_review...
[13:45:01] ✅ peer_review 完成
[13:45:01] 1. expert_synthesizer...
[13:45:01] ✅ synthesizer 完成
[13:45:01] ✅ 循环完成: round 45 conf=0.80
[14:00:02] force 模式
[14:00:02] === research_loop 开始 ===
[14:00:02] 0. peer_review...
[14:00:02] ✅ peer_review 完成
[14:00:02] 1. expert_synthesizer...
[14:00:02] ✅ synthesizer 完成
[14:00:02] ✅ 循环完成: round 46 conf=0.78
[14:15:02] force 模式
[14:15:02] === research_loop 开始 ===
[14:15:02] 0. peer_review...
[14:15:02] ✅ peer_review 完成
[14:15:02] 1. expert_synthesizer...
[14:15:02] ✅ synthesizer 完成
[14:15:02] ✅ 循环完成: round 47 conf=0.78
[14:30:02] force 模式
[14:30:02] === research_loop 开始 ===
[14:30:02] 0. peer_review...
[14:30:02] ✅ peer_review 完成
[14:30:02] 1. expert_synthesizer...
[14:30:02] ✅ synthesizer 完成
[14:30:02] ✅ 循环完成: round 48 conf=0.80
[14:45:02] force 模式
[14:45:02] === research_loop 开始 ===
[14:45:02] 0. peer_review...
[14:45:02] ✅ peer_review 完成
[14:45:02] 1. expert_synthesizer...
[14:45:02] ✅ synthesizer 完成
[14:45:02] ✅ 循环完成: round 49 conf=0.78
[15:00:03] force 模式
[15:00:03] === research_loop 开始 ===
[15:00:03] 0. peer_review...
[15:00:03] ✅ peer_review 完成
[15:00:03] 1. expert_synthesizer...
[15:00:03] ✅ synthesizer 完成
[15:00:03] ✅ 循环完成: round 50 conf=0.78
[15:15:03] force 模式
[15:15:03] === research_loop 开始 ===
[15:15:03] 0. peer_review...
[15:15:03] ✅ peer_review 完成
[15:15:03] 1. expert_synthesizer...
[15:15:03] ✅ synthesizer 完成
[15:15:03] ✅ 循环完成: round 51 conf=0.80
[15:30:02] force 模式
[15:30:02] === research_loop 开始 ===
[15:30:02] 0. peer_review...
[15:30:02] ✅ peer_review 完成
[15:30:02] 1. expert_synthesizer...
[15:30:02] ✅ synthesizer 完成
[15:30:02] ✅ 循环完成: round 52 conf=0.80
[15:45:02] force 模式
[15:45:02] === research_loop 开始 ===
[15:45:02] 0. peer_review...
[15:45:02] ✅ peer_review 完成
[15:45:02] 1. expert_synthesizer...
[15:45:02] ✅ synthesizer 完成
[15:45:02] ✅ 循环完成: round 53 conf=0.80
[16:00:02] force 模式
[16:00:02] === research_loop 开始 ===
[16:00:02] 0. peer_review...
[16:00:02] ✅ peer_review 完成
[16:00:02] 1. expert_synthesizer...
[16:00:02] ✅ synthesizer 完成
[16:00:02] ✅ 循环完成: round 54 conf=0.58
[16:15:01] force 模式
[16:15:01] === research_loop 开始 ===
[16:15:01] 0. peer_review...
[16:15:02] ✅ peer_review 完成
[16:15:02] 1. expert_synthesizer...
[16:15:02] ✅ synthesizer 完成
[16:15:02] ✅ 循环完成: round 55 conf=0.80
[16:30:01] force 模式
[16:30:01] === research_loop 开始 ===
[16:30:01] 0. peer_review...
[16:30:01] ✅ peer_review 完成
[16:30:01] 1. expert_synthesizer...
[16:30:01] ✅ synthesizer 完成
[16:30:01] ✅ 循环完成: round 56 conf=0.80
[16:45:01] force 模式
[16:45:01] === research_loop 开始 ===
[16:45:01] 0. peer_review...
[16:45:02] ✅ peer_review 完成
[16:45:02] 1. expert_synthesizer...
[16:45:02] ✅ synthesizer 完成
[16:45:02] ✅ 循环完成: round 57 conf=0.55
[17:00:01] force 模式
[17:00:01] === research_loop 开始 ===
[17:00:01] 0. peer_review...
[17:00:02] ✅ peer_review 完成
[17:00:02] 1. expert_synthesizer...
[17:00:02] ✅ synthesizer 完成
[17:00:02] ✅ 循环完成: round 58 conf=0.80
[17:15:01] force 模式
[17:15:01] === research_loop 开始 ===
[17:15:01] 0. peer_review...
[17:15:01] ✅ peer_review 完成
[17:15:01] 1. expert_synthesizer...
[17:15:01] ✅ synthesizer 完成
[17:15:01] ✅ 循环完成: round 59 conf=0.80
[17:30:01] force 模式
[17:30:01] === research_loop 开始 ===
[17:30:01] 0. peer_review...
[17:30:01] ✅ peer_review 完成
[17:30:01] 1. expert_synthesizer...
[17:30:01] ✅ synthesizer 完成
[17:30:01] ✅ 循环完成: round 60 conf=0.80
[04:15:01] force 模式
[04:15:01] === research_loop 开始 ===
[04:15:01] 0. peer_review...
[04:15:01] ✅ peer_review 完成
[04:15:01] 1. expert_synthesizer...
[04:15:01] ✅ synthesizer 完成
[04:15:01] ✅ 循环完成: round 61 conf=0.80
[04:30:00] force 模式
[04:30:00] === research_loop 开始 ===
[04:30:00] 0. peer_review...
[04:30:00] ✅ peer_review 完成
[04:30:00] 1. expert_synthesizer...
[04:30:00] ✅ synthesizer 完成
[04:30:00] ✅ 循环完成: round 62 conf=0.78
[04:45:00] force 模式
[04:45:00] === research_loop 开始 ===
[04:45:00] 0. peer_review...
[04:45:00] ✅ peer_review 完成
[04:45:00] 1. expert_synthesizer...
[04:45:00] ✅ synthesizer 完成
[04:45:00] ✅ 循环完成: round 63 conf=0.78
[05:00:00] force 模式
[05:00:00] === research_loop 开始 ===
[05:00:00] 0. peer_review...
[05:00:00] ✅ peer_review 完成
[05:00:00] 1. expert_synthesizer...
[05:00:00] ✅ synthesizer 完成
[05:00:00] ✅ 循环完成: round 64 conf=0.75
[05:15:01] force 模式
[05:15:01] === research_loop 开始 ===
[05:15:01] 0. peer_review...
[05:15:01] ✅ peer_review 完成
[05:15:01] 1. expert_synthesizer...
[05:15:01] ✅ synthesizer 完成
[05:15:01] ✅ 循环完成: round 65 conf=0.80
[05:30:01] force 模式
[05:30:01] === research_loop 开始 ===
[05:30:01] 0. peer_review...
[05:30:01] ✅ peer_review 完成
[05:30:01] 1. expert_synthesizer...
[05:30:01] ✅ synthesizer 完成
[05:30:01] ✅ 循环完成: round 66 conf=0.80
[05:45:01] force 模式
[05:45:01] === research_loop 开始 ===
[05:45:01] 0. peer_review...
[05:45:01] ✅ peer_review 完成
[05:45:01] 1. expert_synthesizer...
[05:45:01] ✅ synthesizer 完成
[05:45:01] ✅ 循环完成: round 67 conf=0.58
[06:00:01] force 模式
[06:00:01] === research_loop 开始 ===
[06:00:01] 0. peer_review...
[06:00:01] ✅ peer_review 完成
[06:00:01] 1. expert_synthesizer...
[06:00:01] ✅ synthesizer 完成
[06:00:01] ✅ 循环完成: round 68 conf=0.80
[06:15:01] force 模式
[06:15:01] === research_loop 开始 ===
[06:15:01] 0. peer_review...
[06:15:01] ✅ peer_review 完成
[06:15:01] 1. expert_synthesizer...
[06:15:01] ✅ synthesizer 完成
[06:15:01] ✅ 循环完成: round 69 conf=0.78
[06:30:01] force 模式
[06:30:01] === research_loop 开始 ===
[06:30:01] 0. peer_review...
[06:30:01] ✅ peer_review 完成
[06:30:01] 1. expert_synthesizer...
[06:30:01] ✅ synthesizer 完成
[06:30:01] ✅ 循环完成: round 70 conf=0.80
[06:45:02] force 模式
[06:45:02] === research_loop 开始 ===
[06:45:02] 0. peer_review...
[06:45:02] ✅ peer_review 完成
[06:45:02] 1. expert_synthesizer...
[06:45:02] ✅ synthesizer 完成
[06:45:02] ✅ 循环完成: round 71 conf=0.57
[07:00:01] force 模式
[07:00:01] === research_loop 开始 ===
[07:00:01] 0. peer_review...
[07:00:01] ✅ peer_review 完成
[07:00:01] 1. expert_synthesizer...
[07:00:01] ✅ synthesizer 完成
[07:00:01] ✅ 循环完成: round 72 conf=0.80
[07:15:02] force 模式
[07:15:02] === research_loop 开始 ===
[07:15:02] 0. peer_review...
[07:15:02] ✅ peer_review 完成
[07:15:02] 1. expert_synthesizer...
[07:15:02] ✅ synthesizer 完成
[07:15:02] ✅ 循环完成: round 73 conf=0.78
[07:30:01] force 模式
[07:30:01] === research_loop 开始 ===
[07:30:01] 0. peer_review...
[07:30:01] ✅ peer_review 完成
[07:30:01] 1. expert_synthesizer...
[07:30:01] ✅ synthesizer 完成
[07:30:01] ✅ 循环完成: round 74 conf=0.58
[07:45:01] force 模式
[07:45:01] === research_loop 开始 ===
[07:45:01] 0. peer_review...
[07:45:01] ✅ peer_review 完成
[07:45:01] 1. expert_synthesizer...
[07:45:01] ✅ synthesizer 完成
[07:45:01] ✅ 循环完成: round 75 conf=0.80
[08:00:01] force 模式
[08:00:01] === research_loop 开始 ===
[08:00:01] 0. peer_review...
[08:00:01] ✅ peer_review 完成
[08:00:01] 1. expert_synthesizer...
[08:00:01] ✅ synthesizer 完成
[08:00:01] ✅ 循环完成: round 76 conf=0.78
[08:15:01] force 模式
[08:15:01] === research_loop 开始 ===
[08:15:01] 0. peer_review...
[08:15:01] ✅ peer_review 完成
[08:15:01] 1. expert_synthesizer...
[08:15:01] ✅ synthesizer 完成
[08:15:01] ✅ 循环完成: round 77 conf=0.75
[08:30:01] force 模式
[08:30:01] === research_loop 开始 ===
[08:30:01] 0. peer_review...
[08:30:01] ✅ peer_review 完成
[08:30:01] 1. expert_synthesizer...
[08:30:01] ✅ synthesizer 完成
[08:30:01] ✅ 循环完成: round 78 conf=0.80
[08:45:01] force 模式
[08:45:01] === research_loop 开始 ===
[08:45:01] 0. peer_review...
[08:45:01] ✅ peer_review 完成
[08:45:01] 1. expert_synthesizer...
[08:45:01] ✅ synthesizer 完成
[08:45:01] ✅ 循环完成: round 79 conf=0.53
[09:00:01] force 模式
[09:00:01] === research_loop 开始 ===
[09:00:01] 0. peer_review...
[09:00:01] ✅ peer_review 完成
[09:00:01] 1. expert_synthesizer...
[09:00:01] ✅ synthesizer 完成
[09:00:01] ✅ 循环完成: round 80 conf=0.80
[09:15:01] force 模式
[09:15:01] === research_loop 开始 ===
[09:15:01] 0. peer_review...
[09:15:01] ✅ peer_review 完成
[09:15:01] 1. expert_synthesizer...
[09:15:01] ✅ synthesizer 完成
[09:15:01] ✅ 循环完成: round 81 conf=0.80
[09:30:01] force 模式
[09:30:01] === research_loop 开始 ===
[09:30:01] 0. peer_review...
[09:30:01] ✅ peer_review 完成
[09:30:01] 1. expert_synthesizer...
[09:30:01] ✅ synthesizer 完成
[09:30:01] ✅ 循环完成: round 82 conf=0.78
[09:45:01] force 模式
[09:45:01] === research_loop 开始 ===
[09:45:01] 0. peer_review...
[09:45:01] ✅ peer_review 完成
[09:45:01] 1. expert_synthesizer...
[09:45:01] ✅ synthesizer 完成
[09:45:01] ✅ 循环完成: round 83 conf=0.80
[09:53:54] force 模式
[09:53:54] === research_loop 开始 ===
[09:53:54] 0. peer_review...
[09:53:54] ✅ peer_review 完成
[09:53:54] 1. expert_synthesizer...
[09:53:54] ✅ synthesizer 完成
[09:53:54] ✅ 循环完成: round 86 conf=0.80
[09:54:36] force 模式
[09:54:36] === research_loop 开始 ===
[09:54:36] 0. peer_review...
[09:54:36] ✅ peer_review 完成
[09:54:36] 1. expert_synthesizer...
[09:54:36] ✅ synthesizer 完成
[09:54:36] ✅ 循环完成: round 87 conf=0.78
[10:00:01] force 模式
[10:00:01] === research_loop 开始 ===
[10:00:01] 0. peer_review...
[10:00:01] ✅ peer_review 完成
[10:00:01] 1. expert_synthesizer...
[10:00:01] ✅ synthesizer 完成
[10:00:01] ✅ 循环完成: round 88 conf=0.80
[10:15:01] force 模式
[10:15:01] === research_loop 开始 ===
[10:15:01] 0. peer_review...
[10:15:01] ✅ peer_review 完成
[10:15:01] 1. expert_synthesizer...
[10:15:01] ✅ synthesizer 完成
[10:15:01] ✅ 循环完成: round 89 conf=0.80
[10:30:01] force 模式
[10:30:01] === research_loop 开始 ===
[10:30:01] 0. peer_review...
[10:30:01] ✅ peer_review 完成
[10:30:01] 1. expert_synthesizer...
[10:30:01] ✅ synthesizer 完成
[10:30:01] ✅ 循环完成: round 90 conf=0.80
[10:45:01] force 模式
[10:45:01] === research_loop 开始 ===
[10:45:01] 0. peer_review...
[10:45:01] ✅ peer_review 完成
[10:45:01] 1. expert_synthesizer...
[10:45:01] ✅ synthesizer 完成
[10:45:01] ✅ 循环完成: round 91 conf=0.65
[11:00:01] force 模式
[11:00:01] === research_loop 开始 ===
[11:00:01] 0. peer_review...
[11:00:01] ✅ peer_review 完成
[11:00:01] 1. expert_synthesizer...
[11:00:01] ✅ synthesizer 完成
[11:00:01] ✅ 循环完成: round 92 conf=0.80
[11:15:01] force 模式
[11:15:01] === research_loop 开始 ===
[11:15:01] 0. peer_review...
[11:15:01] ✅ peer_review 完成
[11:15:01] 1. expert_synthesizer...
[11:15:01] ✅ synthesizer 完成
[11:15:01] ✅ 循环完成: round 93 conf=0.55
[11:30:02] force 模式
[11:30:02] === research_loop 开始 ===
[11:30:02] 0. peer_review...
[11:30:02] ✅ peer_review 完成
[11:30:02] 1. expert_synthesizer...
[11:30:02] ✅ synthesizer 完成
[11:30:02] ✅ 循环完成: round 94 conf=0.78
[11:45:01] force 模式
[11:45:01] === research_loop 开始 ===
[11:45:01] 0. peer_review...
[11:45:02] ✅ peer_review 完成
[11:45:02] 1. expert_synthesizer...
[11:45:02] ✅ synthesizer 完成
[11:45:02] ✅ 循环完成: round 95 conf=0.80
[12:00:02] force 模式
[12:00:02] === research_loop 开始 ===
[12:00:02] 0. peer_review...
[12:00:02] ✅ peer_review 完成
[12:00:02] 1. expert_synthesizer...
[12:00:02] ✅ synthesizer 完成
[12:00:02] ✅ 循环完成: round 96 conf=0.80
[12:15:02] force 模式
[12:15:02] === research_loop 开始 ===
[12:15:02] 0. peer_review...
[12:15:02] ✅ peer_review 完成
[12:15:02] 1. expert_synthesizer...
[12:15:02] ✅ synthesizer 完成
[12:15:02] ✅ 循环完成: round 97 conf=0.80
[12:30:02] force 模式
[12:30:02] === research_loop 开始 ===
[12:30:02] 0. peer_review...
[12:30:02] ✅ peer_review 完成
[12:30:02] 1. expert_synthesizer...
[12:30:02] ✅ synthesizer 完成
[12:30:02] ✅ 循环完成: round 98 conf=0.80
[12:45:03] force 模式
[12:45:03] === research_loop 开始 ===
[12:45:03] 0. peer_review...
[12:45:03] ✅ peer_review 完成
[12:45:03] 1. expert_synthesizer...
[12:45:03] ✅ synthesizer 完成
[12:45:03] ✅ 循环完成: round 99 conf=0.78
[13:00:03] force 模式
[13:00:03] === research_loop 开始 ===
[13:00:03] 0. peer_review...
[13:00:03] ✅ peer_review 完成
[13:00:03] 1. expert_synthesizer...
[13:00:03] ✅ synthesizer 完成
[13:00:03] ✅ 循环完成: round 100 conf=0.80
[13:15:02] force 模式
[13:15:02] === research_loop 开始 ===
[13:15:02] 0. peer_review...
[13:15:02] ✅ peer_review 完成
[13:15:02] 1. expert_synthesizer...
[13:15:02] ✅ synthesizer 完成
[13:15:02] ✅ 循环完成: round 101 conf=0.80
[13:30:02] force 模式
[13:30:02] === research_loop 开始 ===
[13:30:02] 0. peer_review...
[13:30:02] ✅ peer_review 完成
[13:30:02] 1. expert_synthesizer...
[13:30:02] ✅ synthesizer 完成
[13:30:02] ✅ 循环完成: round 102 conf=0.75
[13:45:01] force 模式
[13:45:01] === research_loop 开始 ===
[13:45:01] 0. peer_review...
[13:45:01] ✅ peer_review 完成
[13:45:01] 1. expert_synthesizer...
[13:45:01] ✅ synthesizer 完成
[13:45:01] ✅ 循环完成: round 103 conf=0.80
[14:00:02] force 模式
[14:00:02] === research_loop 开始 ===
[14:00:02] 0. peer_review...
[14:00:02] ✅ peer_review 完成
[14:00:02] 1. expert_synthesizer...
[14:00:02] ✅ synthesizer 完成
[14:00:02] ✅ 循环完成: round 104 conf=0.80
[05:00:02] force 模式
[05:00:02] === research_loop 开始 ===
[05:00:02] 0. peer_review...
[05:00:02] ✅ peer_review 完成
[05:00:02] 1. expert_synthesizer...
[05:00:02] ✅ synthesizer 完成
[05:00:02] ✅ 循环完成: round 105 conf=0.78
[05:15:01] force 模式
[05:15:01] === research_loop 开始 ===
[05:15:01] 0. peer_review...
[05:15:01] ✅ peer_review 完成
[05:15:01] 1. expert_synthesizer...
[05:15:01] ✅ synthesizer 完成
[05:15:01] ✅ 循环完成: round 106 conf=0.80
[05:30:03] force 模式
[05:30:03] === research_loop 开始 ===
[05:30:03] 0. peer_review...
[05:30:03] ✅ peer_review 完成
[05:30:03] 1. expert_synthesizer...
[05:30:03] ✅ synthesizer 完成
[05:30:03] ✅ 循环完成: round 107 conf=0.80
[05:45:03] force 模式
[05:45:03] === research_loop 开始 ===
[05:45:03] 0. peer_review...
[05:45:03] ✅ peer_review 完成
[05:45:03] 1. expert_synthesizer...
[05:45:03] ✅ synthesizer 完成
[05:45:03] ✅ 循环完成: round 108 conf=0.80
[06:00:03] force 模式
[06:00:03] === research_loop 开始 ===
[06:00:03] 0. peer_review...
[06:00:03] ✅ peer_review 完成
[06:00:03] 1. expert_synthesizer...
[06:00:03] ✅ synthesizer 完成
[06:00:03] ✅ 循环完成: round 109 conf=0.80
[06:15:03] force 模式
[06:15:03] === research_loop 开始 ===
[06:15:03] 0. peer_review...
[06:15:03] ✅ peer_review 完成
[06:15:03] 1. expert_synthesizer...
[06:15:03] ✅ synthesizer 完成
[06:15:03] ✅ 循环完成: round 110 conf=0.80
[06:30:03] force 模式
[06:30:03] === research_loop 开始 ===
[06:30:03] 0. peer_review...
[06:30:03] ✅ peer_review 完成
[06:30:03] 1. expert_synthesizer...
[06:30:03] ✅ synthesizer 完成
[06:30:03] ✅ 循环完成: round 111 conf=0.78
[06:45:02] force 模式
[06:45:02] === research_loop 开始 ===
[06:45:02] 0. peer_review...
[06:45:02] ✅ peer_review 完成
[06:45:02] 1. expert_synthesizer...
[06:45:02] ✅ synthesizer 完成
[06:45:02] ✅ 循环完成: round 112 conf=0.80
[07:00:03] force 模式
[07:00:03] === research_loop 开始 ===
[07:00:03] 0. peer_review...
[07:00:03] ✅ peer_review 完成
[07:00:03] 1. expert_synthesizer...
[07:00:03] ✅ synthesizer 完成
[07:00:03] ✅ 循环完成: round 113 conf=0.80
[07:15:03] force 模式
[07:15:03] === research_loop 开始 ===
[07:15:03] 0. peer_review...
[07:15:03] ✅ peer_review 完成
[07:15:03] 1. expert_synthesizer...
[07:15:03] ✅ synthesizer 完成
[07:15:03] ✅ 循环完成: round 114 conf=0.78
[07:30:03] force 模式
[07:30:03] === research_loop 开始 ===
[07:30:03] 0. peer_review...
[07:30:03] ✅ peer_review 完成
[07:30:03] 1. expert_synthesizer...
[07:30:03] ✅ synthesizer 完成
[07:30:03] ✅ 循环完成: round 115 conf=0.80
[07:45:02] force 模式
[07:45:02] === research_loop 开始 ===
[07:45:02] 0. peer_review...
[07:45:02] ✅ peer_review 完成
[07:45:02] 1. expert_synthesizer...
[07:45:02] ✅ synthesizer 完成
[07:45:02] ✅ 循环完成: round 116 conf=0.80
[08:00:02] force 模式
[08:00:02] === research_loop 开始 ===
[08:00:02] 0. peer_review...
[08:00:02] ✅ peer_review 完成
[08:00:02] 1. expert_synthesizer...
[08:00:02] ✅ synthesizer 完成
[08:00:02] ✅ 循环完成: round 117 conf=0.58
[08:15:03] force 模式
[08:15:03] === research_loop 开始 ===
[08:15:03] 0. peer_review...
[08:15:03] ✅ peer_review 完成
[08:15:03] 1. expert_synthesizer...
[08:15:03] ✅ synthesizer 完成
[08:15:03] ✅ 循环完成: round 118 conf=0.80
[08:30:01] force 模式
[08:30:01] === research_loop 开始 ===
[08:30:01] 0. peer_review...
[08:30:01] ✅ peer_review 完成
[08:30:01] 1. expert_synthesizer...
[08:30:01] ✅ synthesizer 完成
[08:30:01] ✅ 循环完成: round 119 conf=0.78
[08:45:01] force 模式
[08:45:01] === research_loop 开始 ===
[08:45:01] 0. peer_review...
[08:45:01] ✅ peer_review 完成
[08:45:01] 1. expert_synthesizer...
[08:45:01] ✅ synthesizer 完成
[08:45:01] ✅ 循环完成: round 120 conf=0.78
[09:00:01] force 模式
[09:00:01] === research_loop 开始 ===
[09:00:01] 0. peer_review...
[09:00:01] ✅ peer_review 完成
[09:00:01] 1. expert_synthesizer...
[09:00:01] ✅ synthesizer 完成
[09:00:01] ✅ 循环完成: round 121 conf=0.80
[09:15:01] force 模式
[09:15:01] === research_loop 开始 ===
[09:15:01] 0. peer_review...
[09:15:01] ✅ peer_review 完成
[09:15:01] 1. expert_synthesizer...
[09:15:01] ✅ synthesizer 完成
[09:15:01] ✅ 循环完成: round 122 conf=0.80
[09:30:01] force 模式
[09:30:01] === research_loop 开始 ===
[09:30:01] 0. peer_review...
[09:30:01] ✅ peer_review 完成
[09:30:01] 1. expert_synthesizer...
[09:30:02] ✅ synthesizer 完成
[09:30:02] ✅ 循环完成: round 123 conf=0.80
[09:45:01] force 模式
[09:45:01] === research_loop 开始 ===
[09:45:01] 0. peer_review...
[09:45:01] ✅ peer_review 完成
[09:45:01] 1. expert_synthesizer...
[09:45:01] ✅ synthesizer 完成
[09:45:01] ✅ 循环完成: round 124 conf=0.58
[10:00:01] force 模式
[10:00:01] === research_loop 开始 ===
[10:00:01] 0. peer_review...
[10:00:01] ✅ peer_review 完成
[10:00:01] 1. expert_synthesizer...
[10:00:01] ✅ synthesizer 完成
[10:00:01] ✅ 循环完成: round 125 conf=0.57
[10:03:00] force 模式
[10:03:00] === research_loop 开始 ===
[10:03:00] 0. peer_review...
[10:03:00] ✅ peer_review 完成
[10:03:00] 1. expert_synthesizer...
[10:03:00] ✅ synthesizer 完成
[10:03:00] ✅ 循环完成: round 126 conf=0.80
[10:15:01] force 模式
[10:15:01] === research_loop 开始 ===
[10:15:01] 0. peer_review...
[10:15:01] ✅ peer_review 完成
[10:15:01] 1. expert_synthesizer...
[10:15:01] ✅ synthesizer 完成
[10:15:01] ✅ 循环完成: round 127 conf=0.78
[10:15:20] force 模式
[10:15:20] === research_loop 开始 ===
[10:15:20] 0. peer_review...
[10:15:20] ✅ peer_review 完成
[10:15:20] 1. expert_synthesizer...
[10:15:20] ✅ synthesizer 完成
[10:15:20] ✅ 循环完成: round 128 conf=0.53
[10:30:01] force 模式
[10:30:01] === research_loop 开始 ===
[10:30:01] 0. peer_review...
[10:30:01] ✅ peer_review 完成
[10:30:01] 1. expert_synthesizer...
[10:30:01] ✅ synthesizer 完成
[10:30:01] ✅ 循环完成: round 129 conf=0.55
[10:30:15] force 模式
[10:30:15] === research_loop 开始 ===
[10:30:15] 0. peer_review...
[10:30:15] ✅ peer_review 完成
[10:30:15] 1. expert_synthesizer...
[10:30:15] ✅ synthesizer 完成
[10:30:15] ✅ 循环完成: round 130 conf=0.78
[10:45:01] force 模式
[10:45:01] === research_loop 开始 ===
[10:45:01] 0. peer_review...
[10:45:01] ✅ peer_review 完成
[10:45:01] 1. expert_synthesizer...
[10:45:01] ✅ synthesizer 完成
[10:45:01] ✅ 循环完成: round 131 conf=0.80
[10:45:15] force 模式
[10:45:15] === research_loop 开始 ===
[10:45:15] 0. peer_review...
[10:45:15] ✅ peer_review 完成
[10:45:15] 1. expert_synthesizer...
[10:45:15] ✅ synthesizer 完成
[10:45:15] ✅ 循环完成: round 132 conf=0.80
[11:00:01] force 模式
[11:00:01] === research_loop 开始 ===
[11:00:01] 0. peer_review...
[11:00:01] ✅ peer_review 完成
[11:00:01] 1. expert_synthesizer...
[11:00:02] ✅ synthesizer 完成
[11:00:02] ✅ 循环完成: round 133 conf=0.58
[11:01:39] force 模式
[11:01:39] === research_loop 开始 ===
[11:01:39] 0. peer_review...
[11:01:39] ✅ peer_review 完成
[11:01:39] 1. expert_synthesizer...
[11:01:39] ✅ synthesizer 完成
[11:01:39] ✅ 循环完成: round 134 conf=0.80
[11:15:01] force 模式
[11:15:01] === research_loop 开始 ===
[11:15:01] 0. peer_review...
[11:15:01] ✅ peer_review 完成
[11:15:01] 1. expert_synthesizer...
[11:15:01] ✅ synthesizer 完成
[11:15:01] ✅ 循环完成: round 135 conf=0.78
[11:30:01] force 模式
[11:30:01] === research_loop 开始 ===
[11:30:01] 0. peer_review...
[11:30:01] ✅ peer_review 完成
[11:30:01] 1. expert_synthesizer...
[11:30:01] ✅ synthesizer 完成
[11:30:01] ✅ 循环完成: round 136 conf=0.78
[11:45:01] force 模式
[11:45:01] === research_loop 开始 ===
[11:45:01] 0. peer_review...
[11:45:01] ✅ peer_review 完成
[11:45:01] 1. expert_synthesizer...
[11:45:01] ✅ synthesizer 完成
[11:45:01] ✅ 循环完成: round 137 conf=0.58
[12:00:01] force 模式
[12:00:01] === research_loop 开始 ===
[12:00:01] 0. peer_review...
[12:00:01] ✅ peer_review 完成
[12:00:01] 1. expert_synthesizer...
[12:00:01] ✅ synthesizer 完成
[12:00:01] ✅ 循环完成: round 138 conf=0.57
[12:04:13] force 模式
[12:04:13] === research_loop 开始 ===
[12:04:13] 0. peer_review...
[12:04:13] ✅ peer_review 完成
[12:04:13] 1. expert_synthesizer...
[12:04:13] ✅ synthesizer 完成
[12:04:13] ✅ 循环完成: round 139 conf=0.80
[12:15:01] force 模式
[12:15:01] === research_loop 开始 ===
[12:15:01] 0. peer_review...
[12:15:01] ✅ peer_review 完成
[12:15:01] 1. expert_synthesizer...
[12:15:01] ✅ synthesizer 完成
[12:15:01] ✅ 循环完成: round 140 conf=0.80
[12:30:01] force 模式
[12:30:01] === research_loop 开始 ===
[12:30:01] 0. peer_review...
[12:30:01] ✅ peer_review 完成
[12:30:01] 1. expert_synthesizer...
[12:30:01] ✅ synthesizer 完成
[12:30:01] ✅ 循环完成: round 141 conf=0.80
[12:45:01] force 模式
[12:45:01] === research_loop 开始 ===
[12:45:01] 0. peer_review...
[12:45:01] ✅ peer_review 完成
[12:45:01] 1. expert_synthesizer...
[12:45:01] ✅ synthesizer 完成
[12:45:01] ✅ 循环完成: round 142 conf=0.78
[13:00:01] force 模式
[13:00:01] === research_loop 开始 ===
[13:00:01] 0. peer_review...
[13:00:01] ✅ peer_review 完成
[13:00:01] 1. expert_synthesizer...
[13:00:01] ✅ synthesizer 完成
[13:00:01] ✅ 循环完成: round 143 conf=0.78
[13:15:01] force 模式
[13:15:01] === research_loop 开始 ===
[13:15:01] 0. peer_review...
[13:15:01] ✅ peer_review 完成
[13:15:01] 1. expert_synthesizer...
[13:15:01] ✅ synthesizer 完成
[13:15:01] ✅ 循环完成: round 144 conf=0.78
[13:30:01] force 模式
[13:30:01] === research_loop 开始 ===
[13:30:01] 0. peer_review...
[13:30:01] ✅ peer_review 完成
[13:30:01] 1. expert_synthesizer...
[13:30:01] ✅ synthesizer 完成
[13:30:01] ✅ 循环完成: round 145 conf=0.78
[13:30:14] force 模式
[13:30:14] === research_loop 开始 ===
[13:30:14] 0. peer_review...
[13:30:14] ✅ peer_review 完成
[13:30:14] 1. expert_synthesizer...
[13:30:14] ✅ synthesizer 完成
[13:30:14] ✅ 循环完成: round 146 conf=0.80
[13:36:31] force 模式
[13:36:31] === research_loop 开始 ===
[13:36:31] 0. peer_review...
[13:36:31] ✅ peer_review 完成
[13:36:31] 1. expert_synthesizer...
[13:36:32] ✅ synthesizer 完成
[13:36:32] ✅ 循环完成: round 147 conf=0.78
[13:45:01] force 模式
[13:45:01] === research_loop 开始 ===
[13:45:01] 0. peer_review...
[13:45:01] ✅ peer_review 完成
[13:45:01] 1. expert_synthesizer...
[13:45:01] ✅ synthesizer 完成
[13:45:01] ✅ 循环完成: round 148 conf=0.80
[13:45:08] force 模式
[13:45:08] === research_loop 开始 ===
[13:45:08] 0. peer_review...
[13:45:08] ✅ peer_review 完成
[13:45:08] 1. expert_synthesizer...
[13:45:08] ✅ synthesizer 完成
[13:45:08] ✅ 循环完成: round 149 conf=0.78
[14:00:02] force 模式
[14:00:02] === research_loop 开始 ===
[14:00:02] 0. peer_review...
[14:00:02] ✅ peer_review 完成
[14:00:02] 1. expert_synthesizer...
[14:00:02] ✅ synthesizer 完成
[14:00:02] ✅ 循环完成: round 150 conf=0.78
[14:01:55] force 模式
[14:01:55] === research_loop 开始 ===
[14:01:55] 0. peer_review...
[14:01:55] ✅ peer_review 完成
[14:01:55] 1. expert_synthesizer...
[14:01:55] ✅ synthesizer 完成
[14:01:55] ✅ 循环完成: round 151 conf=0.80
[17:00:45] force 模式
[17:00:45] === research_loop 开始 ===
[17:00:45] 0. peer_review...
[17:00:45] ✅ peer_review 完成
[17:00:45] 1. expert_synthesizer...
[17:00:45] ✅ synthesizer 完成
[17:00:45] ✅ 循环完成: round 152 conf=0.78
[17:45:37] force 模式
[17:45:37] === research_loop 开始 ===
[17:45:37] 0. peer_review...
[17:45:37] ✅ peer_review 完成
[17:45:37] 1. expert_synthesizer...
[17:45:37] ✅ synthesizer 完成
[17:45:37] ✅ 循环完成: round 153 conf=0.80
[18:00:01] force 模式
[18:00:01] === research_loop 开始 ===
[18:00:01] 0. peer_review...
[18:00:01] ✅ peer_review 完成
[18:00:01] 1. expert_synthesizer...
[18:00:01] ✅ synthesizer 完成
[18:00:01] ✅ 循环完成: round 154 conf=0.57
[18:00:06] force 模式
[18:00:06] === research_loop 开始 ===
[18:00:06] 0. peer_review...
[18:00:07] ✅ peer_review 完成
[18:00:07] 1. expert_synthesizer...
[18:00:07] ✅ synthesizer 完成
[18:00:07] ✅ 循环完成: round 155 conf=0.65
[18:15:01] force 模式
[18:15:01] === research_loop 开始 ===
[18:15:01] 0. peer_review...
[18:15:01] ✅ peer_review 完成
[18:15:01] 1. expert_synthesizer...
[18:15:02] ✅ synthesizer 完成
[18:15:02] ✅ 循环完成: round 156 conf=0.53
[18:30:01] force 模式
[18:30:01] === research_loop 开始 ===
[18:30:01] 0. peer_review...
[18:30:01] ✅ peer_review 完成
[18:30:01] 1. expert_synthesizer...
[18:30:02] ✅ synthesizer 完成
[18:30:02] ✅ 循环完成: round 157 conf=0.78
[18:30:09] force 模式
[18:30:09] === research_loop 开始 ===
[18:30:09] 0. peer_review...
[18:30:09] ✅ peer_review 完成
[18:30:09] 1. expert_synthesizer...
[18:30:09] ✅ synthesizer 完成
[18:30:09] ✅ 循环完成: round 158 conf=0.57
[18:45:01] force 模式
[18:45:01] === research_loop 开始 ===
[18:45:01] 0. peer_review...
[18:45:01] ✅ peer_review 完成
[18:45:01] 1. expert_synthesizer...
[18:45:01] ✅ synthesizer 完成
[18:45:01] ✅ 循环完成: round 159 conf=0.80
[18:45:41] force 模式
[18:45:41] === research_loop 开始 ===
[18:45:41] 0. peer_review...
[18:45:41] ✅ peer_review 完成
[18:45:41] 1. expert_synthesizer...
[18:45:41] ✅ synthesizer 完成
[18:45:41] ✅ 循环完成: round 160 conf=0.78
[18:46:13] force 模式
[18:46:13] === research_loop 开始 ===
[18:46:13] 0. peer_review...
[18:46:13] ✅ peer_review 完成
[18:46:13] 1. expert_synthesizer...
[18:46:13] ✅ synthesizer 完成
[18:46:13] ✅ 循环完成: round 161 conf=0.55
[19:00:01] force 模式
[19:00:01] === research_loop 开始 ===
[19:00:01] 0. peer_review...
[19:00:01] ✅ peer_review 完成
[19:00:01] 1. expert_synthesizer...
[19:00:01] ✅ synthesizer 完成
[19:00:01] ✅ 循环完成: round 162 conf=0.78
[19:00:16] force 模式
[19:00:16] === research_loop 开始 ===
[19:00:16] 0. peer_review...
[19:00:16] ✅ peer_review 完成
[19:00:16] 1. expert_synthesizer...
[19:00:16] ✅ synthesizer 完成
[19:00:16] ✅ 循环完成: round 163 conf=0.80
[19:15:01] force 模式
[19:15:01] === research_loop 开始 ===
[19:15:01] 0. peer_review...
[19:15:01] ✅ peer_review 完成
[19:15:01] 1. expert_synthesizer...
[19:15:01] ✅ synthesizer 完成
[19:15:01] ✅ 循环完成: round 164 conf=0.78
[19:30:01] force 模式
[19:30:01] === research_loop 开始 ===
[19:30:01] 0. peer_review...
[19:30:01] ✅ peer_review 完成
[19:30:01] 1. expert_synthesizer...
[19:30:01] ✅ synthesizer 完成
[19:30:01] ✅ 循环完成: round 165 conf=0.53
[19:30:05] force 模式
[19:30:05] === research_loop 开始 ===
[19:30:05] 0. peer_review...
[19:30:05] ✅ peer_review 完成
[19:30:05] 1. expert_synthesizer...
[19:30:05] ✅ synthesizer 完成
[19:30:05] ✅ 循环完成: round 166 conf=0.78
[19:45:01] force 模式
[19:45:01] === research_loop 开始 ===
[19:45:01] 0. peer_review...
[19:45:01] ✅ peer_review 完成
[19:45:01] 1. expert_synthesizer...
[19:45:01] ✅ synthesizer 完成
[19:45:01] ✅ 循环完成: round 167 conf=0.80
[20:00:01] force 模式
[20:00:01] === research_loop 开始 ===
[20:00:01] 0. peer_review...
[20:00:01] ✅ peer_review 完成
[20:00:01] 1. expert_synthesizer...
[20:00:01] ✅ synthesizer 完成
[20:00:01] ✅ 循环完成: round 168 conf=0.80
[20:00:11] force 模式
[20:00:11] === research_loop 开始 ===
[20:00:11] 0. peer_review...
[20:00:11] ✅ peer_review 完成
[20:00:11] 1. expert_synthesizer...
[20:00:11] ✅ synthesizer 完成
[20:00:11] ✅ 循环完成: round 169 conf=0.55
[20:15:01] force 模式
[20:15:01] === research_loop 开始 ===
[20:15:01] 0. peer_review...
[20:15:01] ✅ peer_review 完成
[20:15:01] 1. expert_synthesizer...
[20:15:01] ✅ synthesizer 完成
[20:15:01] ✅ 循环完成: round 170 conf=0.80
[20:15:12] force 模式
[20:15:12] === research_loop 开始 ===
[20:15:12] 0. peer_review...
[20:15:12] ✅ peer_review 完成
[20:15:12] 1. expert_synthesizer...
[20:15:12] ✅ synthesizer 完成
[20:15:12] ✅ 循环完成: round 171 conf=0.80
[20:30:01] force 模式
[20:30:01] === research_loop 开始 ===
[20:30:01] 0. peer_review...
[20:30:01] ✅ peer_review 完成
[20:30:01] 1. expert_synthesizer...
[20:30:01] ✅ synthesizer 完成
[20:30:01] ✅ 循环完成: round 172 conf=0.78
[20:31:08] force 模式
[20:31:08] === research_loop 开始 ===
[20:31:08] 0. peer_review...
[20:31:08] ✅ peer_review 完成
[20:31:08] 1. expert_synthesizer...
[20:31:08] ✅ synthesizer 完成
[20:31:08] ✅ 循环完成: round 173 conf=0.80
[03:51:48] force 模式
[03:51:48] === research_loop 开始 ===
[03:51:48] 0. peer_review...
[03:51:48] ✅ peer_review 完成
[03:51:48] 1. expert_synthesizer...
[03:51:48] ✅ synthesizer 完成
[03:51:48] ✅ 循环完成: round 174 conf=0.80
[04:00:01] force 模式
[04:00:01] === research_loop 开始 ===
[04:00:01] 0. peer_review...
[04:00:01] ✅ peer_review 完成
[04:00:01] 1. expert_synthesizer...
[04:00:01] ✅ synthesizer 完成
[04:00:01] ✅ 循环完成: round 175 conf=0.80
[04:00:16] force 模式
[04:00:16] === research_loop 开始 ===
[04:00:16] 0. peer_review...
[04:00:16] ✅ peer_review 完成
[04:00:16] 1. expert_synthesizer...
[04:00:16] ✅ synthesizer 完成
[04:00:16] ✅ 循环完成: round 176 conf=0.80
[04:15:01] force 模式
[04:15:01] === research_loop 开始 ===
[04:15:01] 0. peer_review...
[04:15:01] ✅ peer_review 完成
[04:15:01] 1. expert_synthesizer...
[04:15:01] ✅ synthesizer 完成
[04:15:01] ✅ 循环完成: round 177 conf=0.57
[04:15:16] force 模式
[04:15:16] === research_loop 开始 ===
[04:15:16] 0. peer_review...
[04:15:16] ✅ peer_review 完成
[04:15:16] 1. expert_synthesizer...
[04:15:17] ✅ synthesizer 完成
[04:15:17] ✅ 循环完成: round 178 conf=0.78
[04:30:01] force 模式
[04:30:01] === research_loop 开始 ===
[04:30:01] 0. peer_review...
[04:30:01] ✅ peer_review 完成
[04:30:01] 1. expert_synthesizer...
[04:30:01] ✅ synthesizer 完成
[04:30:01] ✅ 循环完成: round 179 conf=0.80
[04:45:01] force 模式
[04:45:01] === research_loop 开始 ===
[04:45:01] 0. peer_review...
[04:45:01] ✅ peer_review 完成
[04:45:01] 1. expert_synthesizer...
[04:45:01] ✅ synthesizer 完成
[04:45:01] ✅ 循环完成: round 180 conf=0.80
[04:53:09] force 模式
[04:53:09] === research_loop 开始 ===
[04:53:09] 0. peer_review...
[04:53:09] ✅ peer_review 完成
[04:53:09] 1. expert_synthesizer...
[04:53:09] ✅ synthesizer 完成
[04:53:09] ✅ 循环完成: round 181 conf=0.80
[05:00:01] force 模式
[05:00:01] === research_loop 开始 ===
[05:00:01] 0. peer_review...
[05:00:01] ✅ peer_review 完成
[05:00:01] 1. expert_synthesizer...
[05:00:01] ✅ synthesizer 完成
[05:00:01] ✅ 循环完成: round 182 conf=0.80
[05:00:21] force 模式
[05:00:21] === research_loop 开始 ===
[05:00:21] 0. peer_review...
[05:00:21] ✅ peer_review 完成
[05:00:21] 1. expert_synthesizer...
[05:00:21] ✅ synthesizer 完成
[05:00:21] ✅ 循环完成: round 183 conf=0.78
[05:15:01] force 模式
[05:15:01] === research_loop 开始 ===
[05:15:01] 0. peer_review...
[05:15:01] ✅ peer_review 完成
[05:15:01] 1. expert_synthesizer...
[05:15:01] ✅ synthesizer 完成
[05:15:01] ✅ 循环完成: round 184 conf=0.80
[05:15:14] force 模式
[05:15:14] === research_loop 开始 ===
[05:15:14] 0. peer_review...
[05:15:14] ✅ peer_review 完成
[05:15:14] 1. expert_synthesizer...
[05:15:14] ✅ synthesizer 完成
[05:15:14] ✅ 循环完成: round 185 conf=0.75
[05:30:01] force 模式
[05:30:01] === research_loop 开始 ===
[05:30:01] 0. peer_review...
[05:30:01] ✅ peer_review 完成
[05:30:01] 1. expert_synthesizer...
[05:30:01] ✅ synthesizer 完成
[05:30:01] ✅ 循环完成: round 186 conf=0.80
[05:45:01] force 模式
[05:45:01] === research_loop 开始 ===
[05:45:01] 0. peer_review...
[05:45:01] ✅ peer_review 完成
[05:45:01] 1. expert_synthesizer...
[05:45:01] ✅ synthesizer 完成
[05:45:01] ✅ 循环完成: round 187 conf=0.80
[06:00:01] force 模式
[06:00:01] === research_loop 开始 ===
[06:00:01] 0. peer_review...
[06:00:01] ✅ peer_review 完成
[06:00:01] 1. expert_synthesizer...
[06:00:01] ✅ synthesizer 完成
[06:00:01] ✅ 循环完成: round 188 conf=0.78
[06:00:14] force 模式
[06:00:14] === research_loop 开始 ===
[06:00:14] 0. peer_review...
[06:00:14] ✅ peer_review 完成
[06:00:14] 1. expert_synthesizer...
[06:00:14] ✅ synthesizer 完成
[06:00:14] ✅ 循环完成: round 189 conf=0.55
[06:15:01] force 模式
[06:15:01] === research_loop 开始 ===
[06:15:01] 0. peer_review...
[06:15:01] ✅ peer_review 完成
[06:15:01] 1. expert_synthesizer...
[06:15:01] ✅ synthesizer 完成
[06:15:01] ✅ 循环完成: round 190 conf=0.57
[06:30:01] force 模式
[06:30:01] === research_loop 开始 ===
[06:30:01] 0. peer_review...
[06:30:01] ✅ peer_review 完成
[06:30:01] 1. expert_synthesizer...
[06:30:01] ✅ synthesizer 完成
[06:30:01] ✅ 循环完成: round 191 conf=0.80
[06:45:01] force 模式
[06:45:01] === research_loop 开始 ===
[06:45:01] 0. peer_review...
[06:45:01] ✅ peer_review 完成
[06:45:01] 1. expert_synthesizer...
[06:45:01] ✅ synthesizer 完成
[06:45:01] ✅ 循环完成: round 192 conf=0.80
[06:50:09] force 模式
[06:50:09] === research_loop 开始 ===
[06:50:09] 0. peer_review...
[06:50:09] ✅ peer_review 完成
[06:50:09] 1. expert_synthesizer...
[06:50:09] ✅ synthesizer 完成
[06:50:09] ✅ 循环完成: round 193 conf=0.78
[07:00:01] force 模式
[07:00:01] === research_loop 开始 ===
[07:00:01] 0. peer_review...
[07:00:01] ✅ peer_review 完成
[07:00:01] 1. expert_synthesizer...
[07:00:01] ✅ synthesizer 完成
[07:00:01] ✅ 循环完成: round 194 conf=0.80
[07:15:01] force 模式
[07:15:01] === research_loop 开始 ===
[07:15:01] 0. peer_review...
[07:15:02] ✅ peer_review 完成
[07:15:02] 1. expert_synthesizer...
[07:15:02] ✅ synthesizer 完成
[07:15:02] ✅ 循环完成: round 195 conf=0.78
[07:15:19] force 模式
[07:15:19] === research_loop 开始 ===
[07:15:19] 0. peer_review...
[07:15:19] ✅ peer_review 完成
[07:15:19] 1. expert_synthesizer...
[07:15:19] ✅ synthesizer 完成
[07:15:19] ✅ 循环完成: round 196 conf=0.65
[07:30:01] force 模式
[07:30:01] === research_loop 开始 ===
[07:30:01] 0. peer_review...
[07:30:01] ✅ peer_review 完成
[07:30:01] 1. expert_synthesizer...
[07:30:01] ✅ synthesizer 完成
[07:30:01] ✅ 循环完成: round 197 conf=0.80
[07:30:18] force 模式
[07:30:18] === research_loop 开始 ===
[07:30:18] 0. peer_review...
[07:30:18] ✅ peer_review 完成
[07:30:18] 1. expert_synthesizer...
[07:30:18] ✅ synthesizer 完成
[07:30:18] ✅ 循环完成: round 198 conf=0.78
[07:45:01] force 模式
[07:45:01] === research_loop 开始 ===
[07:45:01] 0. peer_review...
[07:45:01] ✅ peer_review 完成
[07:45:01] 1. expert_synthesizer...
[07:45:01] ✅ synthesizer 完成
[07:45:01] ✅ 循环完成: round 199 conf=0.80
[08:00:01] force 模式
[08:00:01] === research_loop 开始 ===
[08:00:01] 0. peer_review...
[08:00:01] ✅ peer_review 完成
[08:00:01] 1. expert_synthesizer...
[08:00:01] ✅ synthesizer 完成
[08:00:01] ✅ 循环完成: round 200 conf=0.80
[08:11:37] force 模式
[08:11:37] === research_loop 开始 ===
[08:11:37] 0. peer_review...
[08:11:37] ✅ peer_review 完成
[08:11:37] 1. expert_synthesizer...
[08:11:37] ✅ synthesizer 完成
[08:11:37] ✅ 循环完成: round 201 conf=0.80
[08:15:01] force 模式
[08:15:01] === research_loop 开始 ===
[08:15:01] 0. peer_review...
[08:15:01] ✅ peer_review 完成
[08:15:01] 1. expert_synthesizer...
[08:15:01] ✅ synthesizer 完成
[08:15:01] ✅ 循环完成: round 202 conf=0.78
[08:30:07] force 模式
[08:30:07] === research_loop 开始 ===
[08:30:07] 0. peer_review...
[08:30:07] ✅ peer_review 完成
[08:30:07] 1. expert_synthesizer...
[08:30:07] ✅ synthesizer 完成
[08:30:07] ✅ 循环完成: round 203 conf=0.78
[08:45:07] force 模式
[08:45:07] === research_loop 开始 ===
[08:45:07] 0. peer_review...
[08:45:07] ✅ peer_review 完成
[08:45:07] 1. expert_synthesizer...
[08:45:07] ✅ synthesizer 完成
[08:45:07] ✅ 循环完成: round 204 conf=0.80
[09:00:09] force 模式
[09:00:09] === research_loop 开始 ===
[09:00:09] 0. peer_review...
[09:00:09] ✅ peer_review 完成
[09:00:09] 1. expert_synthesizer...
[09:00:09] ✅ synthesizer 完成
[09:00:09] ✅ 循环完成: round 205 conf=0.80
[09:02:27] force 模式
[09:02:27] === research_loop 开始 ===
[09:02:27] 0. peer_review...
[09:02:27] ✅ peer_review 完成
[09:02:27] 1. expert_synthesizer...
[09:02:28] ✅ synthesizer 完成
[09:02:28] ✅ 循环完成: round 206 conf=0.80
[09:15:01] force 模式
[09:15:01] === research_loop 开始 ===
[09:15:01] 0. peer_review...
[09:15:01] ✅ peer_review 完成
[09:15:01] 1. expert_synthesizer...
[09:15:01] ✅ synthesizer 完成
[09:15:01] ✅ 循环完成: round 207 conf=0.80
[09:30:01] force 模式
[09:30:01] === research_loop 开始 ===
[09:30:01] 0. peer_review...
[09:30:01] ✅ peer_review 完成
[09:30:01] 1. expert_synthesizer...
[09:30:01] ✅ synthesizer 完成
[09:30:01] ✅ 循环完成: round 208 conf=0.78
[09:45:01] force 模式
[09:45:01] === research_loop 开始 ===
[09:45:01] 0. peer_review...
[09:45:01] ✅ peer_review 完成
[09:45:01] 1. expert_synthesizer...
[09:45:01] ✅ synthesizer 完成
[09:45:01] ✅ 循环完成: round 209 conf=0.80
[10:00:01] force 模式
[10:00:01] === research_loop 开始 ===
[10:00:01] 0. peer_review...
[10:00:02] ✅ peer_review 完成
[10:00:02] 1. expert_synthesizer...
[10:00:02] ✅ synthesizer 完成
[10:00:02] ✅ 循环完成: round 210 conf=0.78
[10:02:08] force 模式
[10:02:08] === research_loop 开始 ===
[10:02:08] 0. peer_review...
[10:02:08] ✅ peer_review 完成
[10:02:08] 1. expert_synthesizer...
[10:02:08] ✅ synthesizer 完成
[10:02:08] ✅ 循环完成: round 211 conf=0.80
[10:15:01] force 模式
[10:15:01] === research_loop 开始 ===
[10:15:01] 0. peer_review...
[10:15:01] ✅ peer_review 完成
[10:15:01] 1. expert_synthesizer...
[10:15:01] ✅ synthesizer 完成
[10:15:01] ✅ 循环完成: round 212 conf=0.78
[10:30:01] force 模式
[10:30:01] === research_loop 开始 ===
[10:30:01] 0. peer_review...
[10:30:01] ✅ peer_review 完成
[10:30:01] 1. expert_synthesizer...
[10:30:02] ✅ synthesizer 完成
[10:30:02] ✅ 循环完成: round 213 conf=0.80
[10:45:02] force 模式
[10:45:02] === research_loop 开始 ===
[10:45:02] 0. peer_review...
[10:45:02] ✅ peer_review 完成
[10:45:02] 1. expert_synthesizer...
[10:45:02] ✅ synthesizer 完成
[10:45:02] ✅ 循环完成: round 214 conf=0.80
[11:00:01] force 模式
[11:00:01] === research_loop 开始 ===
[11:00:01] 0. peer_review...
[11:00:01] ✅ peer_review 完成
[11:00:01] 1. expert_synthesizer...
[11:00:01] ✅ synthesizer 完成
[11:00:01] ✅ 循环完成: round 215 conf=0.78
[11:02:06] force 模式
[11:02:06] === research_loop 开始 ===
[11:02:06] 0. peer_review...
[11:02:06] ✅ peer_review 完成
[11:02:06] 1. expert_synthesizer...
[11:02:06] ✅ synthesizer 完成
[11:02:06] ✅ 循环完成: round 216 conf=0.80
[11:15:01] force 模式
[11:15:01] === research_loop 开始 ===
[11:15:01] 0. peer_review...
[11:15:01] ✅ peer_review 完成
[11:15:01] 1. expert_synthesizer...
[11:15:01] ✅ synthesizer 完成
[11:15:01] ✅ 循环完成: round 217 conf=0.80
[13:30:10] force 模式
[13:30:10] === research_loop 开始 ===
[13:30:10] 0. peer_review...
[13:30:10] ✅ peer_review 完成
[13:30:10] 1. expert_synthesizer...
[13:30:10] ✅ synthesizer 完成
[13:30:10] ✅ 循环完成: round 218 conf=0.78
[13:45:07] force 模式
[13:45:07] === research_loop 开始 ===
[13:45:07] 0. peer_review...
[13:45:08] ✅ peer_review 完成
[13:45:08] 1. expert_synthesizer...
[13:45:08] ✅ synthesizer 完成
[13:45:08] ✅ 循环完成: round 219 conf=0.80
[14:00:05] force 模式
[14:00:05] === research_loop 开始 ===
[14:00:05] 0. peer_review...
[14:00:05] ✅ peer_review 完成
[14:00:05] 1. expert_synthesizer...
[14:00:05] ✅ synthesizer 完成
[14:00:05] ✅ 循环完成: round 220 conf=0.80
[14:02:04] force 模式
[14:02:04] === research_loop 开始 ===
[14:02:04] 0. peer_review...
[14:02:04] ✅ peer_review 完成
[14:02:04] 1. expert_synthesizer...
[14:02:04] ✅ synthesizer 完成
[14:02:04] ✅ 循环完成: round 221 conf=0.78
[14:15:07] force 模式
[14:15:07] === research_loop 开始 ===
[14:15:07] 0. peer_review...
[14:15:07] ✅ peer_review 完成
[14:15:07] 1. expert_synthesizer...
[14:15:07] ✅ synthesizer 完成
[14:15:07] ✅ 循环完成: round 222 conf=0.75
[14:30:08] force 模式
[14:30:08] === research_loop 开始 ===
[14:30:08] 0. peer_review...
[14:30:08] ✅ peer_review 完成
[14:30:08] 1. expert_synthesizer...
[14:30:09] ✅ synthesizer 完成
[14:30:09] ✅ 循环完成: round 223 conf=0.78
[14:45:07] force 模式
[14:45:07] === research_loop 开始 ===
[14:45:07] 0. peer_review...
[14:45:07] ✅ peer_review 完成
[14:45:07] 1. expert_synthesizer...
[14:45:07] ✅ synthesizer 完成
[14:45:07] ✅ 循环完成: round 224 conf=0.78
[15:00:07] force 模式
[15:00:07] === research_loop 开始 ===
[15:00:07] 0. peer_review...
[15:00:07] ✅ peer_review 完成
[15:00:07] 1. expert_synthesizer...
[15:00:07] ✅ synthesizer 完成
[15:00:07] ✅ 循环完成: round 225 conf=0.78
[15:02:06] force 模式
[15:02:06] === research_loop 开始 ===
[15:02:06] 0. peer_review...
[15:02:06] ✅ peer_review 完成
[15:02:06] 1. expert_synthesizer...
[15:02:06] ✅ synthesizer 完成
[15:02:06] ✅ 循环完成: round 226 conf=0.78
[15:15:05] force 模式
[15:15:05] === research_loop 开始 ===
[15:15:05] 0. peer_review...
[15:15:05] ✅ peer_review 完成
[15:15:05] 1. expert_synthesizer...
[15:15:05] ✅ synthesizer 完成
[15:15:05] ✅ 循环完成: round 227 conf=0.58
[15:30:05] force 模式
[15:30:05] === research_loop 开始 ===
[15:30:05] 0. peer_review...
[15:30:05] ✅ peer_review 完成
[15:30:05] 1. expert_synthesizer...
[15:30:05] ✅ synthesizer 完成
[15:30:05] ✅ 循环完成: round 228 conf=0.80
[15:45:03] force 模式
[15:45:03] === research_loop 开始 ===
[15:45:03] 0. peer_review...
[15:45:03] ✅ peer_review 完成
[15:45:03] 1. expert_synthesizer...
[15:45:04] ✅ synthesizer 完成
[15:45:04] ✅ 循环完成: round 229 conf=0.80
[16:00:04] force 模式
[16:00:04] === research_loop 开始 ===
[16:00:04] 0. peer_review...
[16:00:04] ✅ peer_review 完成
[16:00:04] 1. expert_synthesizer...
[16:00:04] ✅ synthesizer 完成
[16:00:04] ✅ 循环完成: round 230 conf=0.80
[16:02:03] force 模式
[16:02:03] === research_loop 开始 ===
[16:02:03] 0. peer_review...
[16:02:03] ✅ peer_review 完成
[16:02:03] 1. expert_synthesizer...
[16:02:03] ✅ synthesizer 完成
[16:02:03] ✅ 循环完成: round 231 conf=0.80
[16:15:05] force 模式
[16:15:05] === research_loop 开始 ===
[16:15:05] 0. peer_review...
[16:15:05] ✅ peer_review 完成
[16:15:05] 1. expert_synthesizer...
[16:15:05] ✅ synthesizer 完成
[16:15:05] ✅ 循环完成: round 232 conf=0.80
[16:30:05] force 模式
[16:30:05] === research_loop 开始 ===
[16:30:05] 0. peer_review...
[16:30:05] ✅ peer_review 完成
[16:30:05] 1. expert_synthesizer...
[16:30:05] ✅ synthesizer 完成
[16:30:05] ✅ 循环完成: round 233 conf=0.80
[16:45:03] force 模式
[16:45:03] === research_loop 开始 ===
[16:45:03] 0. peer_review...
[16:45:03] ✅ peer_review 完成
[16:45:03] 1. expert_synthesizer...
[16:45:03] ✅ synthesizer 完成
[16:45:03] ✅ 循环完成: round 234 conf=0.80
[17:00:03] force 模式
[17:00:03] === research_loop 开始 ===
[17:00:03] 0. peer_review...
[17:00:03] ✅ peer_review 完成
[17:00:03] 1. expert_synthesizer...
[17:00:03] ✅ synthesizer 完成
[17:00:03] ✅ 循环完成: round 235 conf=0.80
[17:02:07] force 模式
[17:02:07] === research_loop 开始 ===
[17:02:07] 0. peer_review...
[17:02:07] ✅ peer_review 完成
[17:02:07] 1. expert_synthesizer...
[17:02:07] ✅ synthesizer 完成
[17:02:07] ✅ 循环完成: round 236 conf=0.80
[17:15:03] force 模式
[17:15:03] === research_loop 开始 ===
[17:15:03] 0. peer_review...
[17:15:03] ✅ peer_review 完成
[17:15:03] 1. expert_synthesizer...
[17:15:03] ✅ synthesizer 完成
[17:15:03] ✅ 循环完成: round 237 conf=0.80
[17:30:16] force 模式
[17:30:16] === research_loop 开始 ===
[17:30:16] 0. peer_review...
[17:30:16] ✅ peer_review 完成
[17:30:16] 1. expert_synthesizer...
[17:30:16] ✅ synthesizer 完成
[17:30:16] ✅ 循环完成: round 238 conf=0.78
[17:45:16] force 模式
[17:45:16] === research_loop 开始 ===
[17:45:16] 0. peer_review...
[17:45:16] ✅ peer_review 完成
[17:45:16] 1. expert_synthesizer...
[17:45:16] ✅ synthesizer 完成
[17:45:16] ✅ 循环完成: round 239 conf=0.53
[18:00:11] force 模式
[18:00:11] === research_loop 开始 ===
[18:00:11] 0. peer_review...
[18:00:11] ✅ peer_review 完成
[18:00:11] 1. expert_synthesizer...
[18:00:11] ✅ synthesizer 完成
[18:00:11] ✅ 循环完成: round 240 conf=0.80
[18:02:02] force 模式
[18:02:02] === research_loop 开始 ===
[18:02:02] 0. peer_review...
[18:02:02] ✅ peer_review 完成
[18:02:02] 1. expert_synthesizer...
[18:02:02] ✅ synthesizer 完成
[18:02:02] ✅ 循环完成: round 241 conf=0.58
[18:15:01] force 模式
[18:15:01] === research_loop 开始 ===
[18:15:01] 0. peer_review...
[18:15:01] ✅ peer_review 完成
[18:15:01] 1. expert_synthesizer...
[18:15:01] ✅ synthesizer 完成
[18:15:01] ✅ 循环完成: round 242 conf=0.80
[18:30:02] force 模式
[18:30:02] === research_loop 开始 ===
[18:30:02] 0. peer_review...
[18:30:02] ✅ peer_review 完成
[18:30:02] 1. expert_synthesizer...
[18:30:02] ✅ synthesizer 完成
[18:30:02] ✅ 循环完成: round 243 conf=0.55
[18:45:01] force 模式
[18:45:01] === research_loop 开始 ===
[18:45:01] 0. peer_review...
[18:45:01] ✅ peer_review 完成
[18:45:01] 1. expert_synthesizer...
[18:45:01] ✅ synthesizer 完成
[18:45:01] ✅ 循环完成: round 244 conf=0.55
[19:00:01] force 模式
[19:00:01] === research_loop 开始 ===
[19:00:01] 0. peer_review...
[19:00:01] ✅ peer_review 完成
[19:00:01] 1. expert_synthesizer...
[19:00:02] ✅ synthesizer 完成
[19:00:02] ✅ 循环完成: round 245 conf=0.80
[19:02:06] force 模式
[19:02:06] === research_loop 开始 ===
[19:02:06] 0. peer_review...
[19:02:06] ✅ peer_review 完成
[19:02:06] 1. expert_synthesizer...
[19:02:06] ✅ synthesizer 完成
[19:02:06] ✅ 循环完成: round 246 conf=0.80
[19:15:01] force 模式
[19:15:01] === research_loop 开始 ===
[19:15:01] 0. peer_review...
[19:15:01] ✅ peer_review 完成
[19:15:01] 1. expert_synthesizer...
[19:15:01] ✅ synthesizer 完成
[19:15:01] ✅ 循环完成: round 247 conf=0.53
[19:30:01] force 模式
[19:30:01] === research_loop 开始 ===
[19:30:01] 0. peer_review...
[19:30:01] ✅ peer_review 完成
[19:30:01] 1. expert_synthesizer...
[19:30:01] ✅ synthesizer 完成
[19:30:01] ✅ 循环完成: round 248 conf=0.57
[19:45:02] force 模式
[19:45:02] === research_loop 开始 ===
[19:45:02] 0. peer_review...
[19:45:02] ✅ peer_review 完成
[19:45:02] 1. expert_synthesizer...
[19:45:02] ✅ synthesizer 完成
[19:45:02] ✅ 循环完成: round 249 conf=0.65
[20:00:01] force 模式
[20:00:01] === research_loop 开始 ===
[20:00:01] 0. peer_review...
[20:00:01] ✅ peer_review 完成
[20:00:01] 1. expert_synthesizer...
[20:00:01] ✅ synthesizer 完成
[20:00:01] ✅ 循环完成: round 250 conf=0.55
[20:02:13] force 模式
[20:02:13] === research_loop 开始 ===
[20:02:13] 0. peer_review...
[20:02:13] ✅ peer_review 完成
[20:02:13] 1. expert_synthesizer...
[20:02:13] ✅ synthesizer 完成
[20:02:13] ✅ 循环完成: round 251 conf=0.80
[20:15:02] force 模式
[20:15:02] === research_loop 开始 ===
[20:15:02] 0. peer_review...
[20:15:02] ✅ peer_review 完成
[20:15:02] 1. expert_synthesizer...
[20:15:02] ✅ synthesizer 完成
[20:15:02] ✅ 循环完成: round 252 conf=0.78
[20:30:01] force 模式
[20:30:01] === research_loop 开始 ===
[20:30:01] 0. peer_review...
[20:30:01] ✅ peer_review 完成
[20:30:01] 1. expert_synthesizer...
[20:30:01] ✅ synthesizer 完成
[20:30:01] ✅ 循环完成: round 253 conf=0.80
[20:45:02] force 模式
[20:45:02] === research_loop 开始 ===
[20:45:02] 0. peer_review...
[20:45:02] ✅ peer_review 完成
[20:45:02] 1. expert_synthesizer...
[20:45:02] ✅ synthesizer 完成
[20:45:02] ✅ 循环完成: round 254 conf=0.78
[21:00:03] force 模式
[21:00:03] === research_loop 开始 ===
[21:00:03] 0. peer_review...
[21:00:03] ✅ peer_review 完成
[21:00:03] 1. expert_synthesizer...
[21:00:03] ✅ synthesizer 完成
[21:00:03] ✅ 循环完成: round 255 conf=0.80
[21:02:04] force 模式
[21:02:04] === research_loop 开始 ===
[21:02:04] 0. peer_review...
[21:02:04] ✅ peer_review 完成
[21:02:04] 1. expert_synthesizer...
[21:02:04] ✅ synthesizer 完成
[21:02:04] ✅ 循环完成: round 256 conf=0.80
[21:15:02] force 模式
[21:15:02] === research_loop 开始 ===
[21:15:02] 0. peer_review...
[21:15:02] ✅ peer_review 完成
[21:15:02] 1. expert_synthesizer...
[21:15:02] ✅ synthesizer 完成
[21:15:02] ✅ 循环完成: round 257 conf=0.80
[21:30:02] force 模式
[21:30:02] === research_loop 开始 ===
[21:30:02] 0. peer_review...
[21:30:03] ✅ peer_review 完成
[21:30:03] 1. expert_synthesizer...
[21:30:03] ✅ synthesizer 完成
[21:30:03] ✅ 循环完成: round 258 conf=0.57
[21:45:03] force 模式
[21:45:03] === research_loop 开始 ===
[21:45:03] 0. peer_review...
[21:45:04] ✅ peer_review 完成
[21:45:04] 1. expert_synthesizer...
[21:45:04] ✅ synthesizer 完成
[21:45:04] ✅ 循环完成: round 259 conf=0.78
[22:00:03] force 模式
[22:00:03] === research_loop 开始 ===
[22:00:03] 0. peer_review...
[22:00:03] ✅ peer_review 完成
[22:00:03] 1. expert_synthesizer...
[22:00:03] ✅ synthesizer 完成
[22:00:03] ✅ 循环完成: round 260 conf=0.80
[22:02:01] force 模式
[22:02:01] === research_loop 开始 ===
[22:02:01] 0. peer_review...
[22:02:01] ✅ peer_review 完成
[22:02:01] 1. expert_synthesizer...
[22:02:01] ✅ synthesizer 完成
[22:02:01] ✅ 循环完成: round 261 conf=0.65
[22:15:03] force 模式
[22:15:03] === research_loop 开始 ===
[22:15:03] 0. peer_review...
[22:15:03] ✅ peer_review 完成
[22:15:03] 1. expert_synthesizer...
[22:15:03] ✅ synthesizer 完成
[22:15:03] ✅ 循环完成: round 262 conf=0.80
[22:30:03] force 模式
[22:30:03] === research_loop 开始 ===
[22:30:03] 0. peer_review...
[22:30:03] ✅ peer_review 完成
[22:30:03] 1. expert_synthesizer...
[22:30:03] ✅ synthesizer 完成
[22:30:03] ✅ 循环完成: round 263 conf=0.80
[22:45:03] force 模式
[22:45:03] === research_loop 开始 ===
[22:45:03] 0. peer_review...
[22:45:03] ✅ peer_review 完成
[22:45:03] 1. expert_synthesizer...
[22:45:03] ✅ synthesizer 完成
[22:45:03] ✅ 循环完成: round 264 conf=0.80
[23:00:01] force 模式
[23:00:01] === research_loop 开始 ===
[23:00:01] 0. peer_review...
[23:00:01] ✅ peer_review 完成
[23:00:01] 1. expert_synthesizer...
[23:00:01] ✅ synthesizer 完成
[23:00:01] ✅ 循环完成: round 265 conf=0.78
[23:02:04] force 模式
[23:02:04] === research_loop 开始 ===
[23:02:04] 0. peer_review...
[23:02:04] ✅ peer_review 完成
[23:02:04] 1. expert_synthesizer...
[23:02:04] ✅ synthesizer 完成
[23:02:04] ✅ 循环完成: round 266 conf=0.80
[23:15:02] force 模式
[23:15:02] === research_loop 开始 ===
[23:15:02] 0. peer_review...
[23:15:02] ✅ peer_review 完成
[23:15:02] 1. expert_synthesizer...
[23:15:02] ✅ synthesizer 完成
[23:15:02] ✅ 循环完成: round 267 conf=0.80
[23:30:03] force 模式
[23:30:03] === research_loop 开始 ===
[23:30:03] 0. peer_review...
[23:30:03] ✅ peer_review 完成
[23:30:03] 1. expert_synthesizer...
[23:30:03] ✅ synthesizer 完成
[23:30:03] ✅ 循环完成: round 268 conf=0.80
[23:45:02] force 模式
[23:45:02] === research_loop 开始 ===
[23:45:02] 0. peer_review...
[23:45:02] ✅ peer_review 完成
[23:45:02] 1. expert_synthesizer...
[23:45:02] ✅ synthesizer 完成
[23:45:02] ✅ 循环完成: round 269 conf=0.75
[00:00:02] force 模式
[00:00:02] === research_loop 开始 ===
[00:00:02] 0. peer_review...
[00:00:02] ✅ peer_review 完成
[00:00:02] 1. expert_synthesizer...
[00:00:02] ✅ synthesizer 完成
[00:00:02] ✅ 循环完成: round 270 conf=0.78
[00:15:02] force 模式
[00:15:02] === research_loop 开始 ===
[00:15:02] 0. peer_review...
[00:15:02] ✅ peer_review 完成
[00:15:02] 1. expert_synthesizer...
[00:15:02] ✅ synthesizer 完成
[00:15:02] ✅ 循环完成: round 271 conf=0.80
[00:30:02] force 模式
[00:30:02] === research_loop 开始 ===
[00:30:02] 0. peer_review...
[00:30:02] ✅ peer_review 完成
[00:30:02] 1. expert_synthesizer...
[00:30:02] ✅ synthesizer 完成
[00:30:02] ✅ 循环完成: round 272 conf=0.80
[00:45:01] force 模式
[00:45:01] === research_loop 开始 ===
[00:45:01] 0. peer_review...
[00:45:02] ✅ peer_review 完成
[00:45:02] 1. expert_synthesizer...
[00:45:02] ✅ synthesizer 完成
[00:45:02] ✅ 循环完成: round 239 conf=0.80
[01:00:12] force 模式
[01:00:12] === research_loop 开始 ===
[01:00:12] 0. peer_review...
[01:00:12] ✅ peer_review 完成
[01:00:12] 1. expert_synthesizer...
[01:00:12] ✅ synthesizer 完成
[01:00:12] ✅ 循环完成: round 240 conf=0.78
[01:02:02] force 模式
[01:02:02] === research_loop 开始 ===
[01:02:02] 0. peer_review...
[01:02:02] ✅ peer_review 完成
[01:02:02] 1. expert_synthesizer...
[01:02:02] ✅ synthesizer 完成
[01:02:02] ✅ 循环完成: round 241 conf=0.80
[01:15:14] force 模式
[01:15:14] === research_loop 开始 ===
[01:15:14] 0. peer_review...
[01:15:14] ✅ peer_review 完成
[01:15:14] 1. expert_synthesizer...
[01:15:14] ✅ synthesizer 完成
[01:15:14] ✅ 循环完成: round 242 conf=0.80
[01:30:14] force 模式
[01:30:14] === research_loop 开始 ===
[01:30:14] 0. peer_review...
[01:30:15] ✅ peer_review 完成
[01:30:15] 1. expert_synthesizer...
[01:30:15] ✅ synthesizer 完成
[01:30:15] ✅ 循环完成: round 243 conf=0.65
[01:45:02] force 模式
[01:45:02] === research_loop 开始 ===
[01:45:02] 0. peer_review...
[01:45:02] ✅ peer_review 完成
[01:45:02] 1. expert_synthesizer...
[01:45:02] ✅ synthesizer 完成
[01:45:02] ✅ 循环完成: round 244 conf=0.78
[02:00:01] force 模式
[02:00:01] === research_loop 开始 ===
[02:00:01] 0. peer_review...
[02:00:01] ✅ peer_review 完成
[02:00:01] 1. expert_synthesizer...
[02:00:01] ✅ synthesizer 完成
[02:00:01] ✅ 循环完成: round 245 conf=0.75
[02:02:11] force 模式
[02:02:11] === research_loop 开始 ===
[02:02:11] 0. peer_review...
[02:02:11] ✅ peer_review 完成
[02:02:11] 1. expert_synthesizer...
[02:02:11] ✅ synthesizer 完成
[02:02:11] ✅ 循环完成: round 246 conf=0.80
[02:15:03] force 模式
[02:15:03] === research_loop 开始 ===
[02:15:03] 0. peer_review...
[02:15:03] ✅ peer_review 完成
[02:15:03] 1. expert_synthesizer...
[02:15:03] ✅ synthesizer 完成
[02:15:03] ✅ 循环完成: round 247 conf=0.78
[02:30:02] force 模式
[02:30:02] === research_loop 开始 ===
[02:30:02] 0. peer_review...
[02:30:02] ✅ peer_review 完成
[02:30:02] 1. expert_synthesizer...
[02:30:02] ✅ synthesizer 完成
[02:30:02] ✅ 循环完成: round 248 conf=0.80
[02:45:02] force 模式
[02:45:02] === research_loop 开始 ===
[02:45:02] 0. peer_review...
[02:45:02] ✅ peer_review 完成
[02:45:02] 1. expert_synthesizer...
[02:45:02] ✅ synthesizer 完成
[02:45:02] ✅ 循环完成: round 249 conf=0.80
[03:00:05] force 模式
[03:00:05] === research_loop 开始 ===
[03:00:05] 0. peer_review...
[03:00:05] ✅ peer_review 完成
[03:00:05] 1. expert_synthesizer...
[03:00:05] ✅ synthesizer 完成
[03:00:05] ✅ 循环完成: round 250 conf=0.80
[03:15:02] force 模式
[03:15:02] === research_loop 开始 ===
[03:15:02] 0. peer_review...
[03:15:02] ✅ peer_review 完成
[03:15:02] 1. expert_synthesizer...
[03:15:02] ✅ synthesizer 完成
[03:15:02] ✅ 循环完成: round 251 conf=0.80
[03:30:16] force 模式
[03:30:16] === research_loop 开始 ===
[03:30:16] 0. peer_review...
[03:30:16] ✅ peer_review 完成
[03:30:16] 1. expert_synthesizer...
[03:30:16] ✅ synthesizer 完成
[03:30:16] ✅ 循环完成: round 252 conf=0.80
[03:45:02] force 模式
[03:45:02] === research_loop 开始 ===
[03:45:02] 0. peer_review...
[03:45:03] ✅ peer_review 完成
[03:45:03] 1. expert_synthesizer...
[03:45:03] ✅ synthesizer 完成
[03:45:03] ✅ 循环完成: round 253 conf=0.80
[04:00:03] force 模式
[04:00:03] === research_loop 开始 ===
[04:00:03] 0. peer_review...
[04:00:03] ✅ peer_review 完成
[04:00:03] 1. expert_synthesizer...
[04:00:03] ✅ synthesizer 完成
[04:00:03] ✅ 循环完成: round 254 conf=0.80
[04:02:04] force 模式
[04:02:04] === research_loop 开始 ===
[04:02:04] 0. peer_review...
[04:02:04] ✅ peer_review 完成
[04:02:04] 1. expert_synthesizer...
[04:02:04] ✅ synthesizer 完成
[04:02:04] ✅ 循环完成: round 255 conf=0.80
[04:15:03] force 模式
[04:15:03] === research_loop 开始 ===
[04:15:03] 0. peer_review...
[04:15:04] ✅ peer_review 完成
[04:15:04] 1. expert_synthesizer...
[04:15:04] ✅ synthesizer 完成
[04:15:04] ✅ 循环完成: round 256 conf=0.65
[04:30:03] force 模式
[04:30:03] === research_loop 开始 ===
[04:30:03] 0. peer_review...
[04:30:03] ✅ peer_review 完成
[04:30:03] 1. expert_synthesizer...
[04:30:03] ✅ synthesizer 完成
[04:30:03] ✅ 循环完成: round 257 conf=0.80
[04:45:04] force 模式
[04:45:04] === research_loop 开始 ===
[04:45:04] 0. peer_review...
[04:45:04] ✅ peer_review 完成
[04:45:04] 1. expert_synthesizer...
[04:45:04] ✅ synthesizer 完成
[04:45:04] ✅ 循环完成: round 258 conf=0.80
[05:00:14] force 模式
[05:00:14] === research_loop 开始 ===
[05:00:14] 0. peer_review...
[05:00:14] ✅ peer_review 完成
[05:00:14] 1. expert_synthesizer...
[05:00:14] ✅ synthesizer 完成
[05:00:14] ✅ 循环完成: round 259 conf=0.58
[05:02:04] force 模式
[05:02:04] === research_loop 开始 ===
[05:02:04] 0. peer_review...
[05:02:04] ✅ peer_review 完成
[05:02:04] 1. expert_synthesizer...
[05:02:04] ✅ synthesizer 完成
[05:02:04] ✅ 循环完成: round 260 conf=0.80
[05:15:04] force 模式
[05:15:04] === research_loop 开始 ===
[05:15:04] 0. peer_review...
[05:15:04] ✅ peer_review 完成
[05:15:04] 1. expert_synthesizer...
[05:15:04] ✅ synthesizer 完成
[05:15:04] ✅ 循环完成: round 261 conf=0.78
[05:30:03] force 模式
[05:30:03] === research_loop 开始 ===
[05:30:03] 0. peer_review...
[05:30:03] ✅ peer_review 完成
[05:30:03] 1. expert_synthesizer...
[05:30:03] ✅ synthesizer 完成
[05:30:03] ✅ 循环完成: round 262 conf=0.57
[05:45:03] force 模式
[05:45:03] === research_loop 开始 ===
[05:45:03] 0. peer_review...
[05:45:03] ✅ peer_review 完成
[05:45:03] 1. expert_synthesizer...
[05:45:03] ✅ synthesizer 完成
[05:45:03] ✅ 循环完成: round 263 conf=0.78
[06:00:14] force 模式
[06:00:14] === research_loop 开始 ===
[06:00:14] 0. peer_review...
[06:00:14] ✅ peer_review 完成
[06:00:14] 1. expert_synthesizer...
[06:00:14] ✅ synthesizer 完成
[06:00:14] ✅ 循环完成: round 264 conf=0.80
[06:02:03] force 模式
[06:02:03] === research_loop 开始 ===
[06:02:03] 0. peer_review...
[06:02:03] ✅ peer_review 完成
[06:02:03] 1. expert_synthesizer...
[06:02:03] ✅ synthesizer 完成
[06:02:03] ✅ 循环完成: round 265 conf=0.78
[06:15:03] force 模式
[06:15:03] === research_loop 开始 ===
[06:15:03] 0. peer_review...
[06:15:03] ✅ peer_review 完成
[06:15:03] 1. expert_synthesizer...
[06:15:03] ✅ synthesizer 完成
[06:15:03] ✅ 循环完成: round 266 conf=0.65
[06:30:04] force 模式
[06:30:04] === research_loop 开始 ===
[06:30:04] 0. peer_review...
[06:30:04] ✅ peer_review 完成
[06:30:04] 1. expert_synthesizer...
[06:30:04] ✅ synthesizer 完成
[06:30:04] ✅ 循环完成: round 267 conf=0.78
[06:45:05] force 模式
[06:45:05] === research_loop 开始 ===
[06:45:05] 0. peer_review...
[06:45:05] ✅ peer_review 完成
[06:45:05] 1. expert_synthesizer...
[06:45:05] ✅ synthesizer 完成
[06:45:05] ✅ 循环完成: round 268 conf=0.80
[07:00:16] force 模式
[07:00:16] === research_loop 开始 ===
[07:00:16] 0. peer_review...
[07:00:16] ✅ peer_review 完成
[07:00:16] 1. expert_synthesizer...
[07:00:16] ✅ synthesizer 完成
[07:00:16] ✅ 循环完成: round 269 conf=0.58
[07:15:16] force 模式
[07:15:16] === research_loop 开始 ===
[07:15:16] 0. peer_review...
[07:15:16] ✅ peer_review 完成
[07:15:16] 1. expert_synthesizer...
[07:15:16] ✅ synthesizer 完成
[07:15:16] ✅ 循环完成: round 270 conf=0.78
[07:30:03] force 模式
[07:30:03] === research_loop 开始 ===
[07:30:03] 0. peer_review...
[07:30:03] ✅ peer_review 完成
[07:30:03] 1. expert_synthesizer...
[07:30:03] ✅ synthesizer 完成
[07:30:03] ✅ 循环完成: round 271 conf=0.55
[07:45:03] force 模式
[07:45:03] === research_loop 开始 ===
[07:45:03] 0. peer_review...
[07:45:03] ✅ peer_review 完成
[07:45:03] 1. expert_synthesizer...
[07:45:04] ✅ synthesizer 完成
[07:45:04] ✅ 循环完成: round 272 conf=0.80
[08:00:03] force 模式
[08:00:03] === research_loop 开始 ===
[08:00:03] 0. peer_review...
[08:00:03] ✅ peer_review 完成
[08:00:03] 1. expert_synthesizer...
[08:00:03] ✅ synthesizer 完成
[08:00:03] ✅ 循环完成: round 273 conf=0.80
[08:02:35] force 模式
[08:02:35] === research_loop 开始 ===
[08:02:35] 0. peer_review...
[08:02:35] ✅ peer_review 完成
[08:02:35] 1. expert_synthesizer...
[08:02:35] ✅ synthesizer 完成
[08:02:35] ✅ 循环完成: round 274 conf=0.80
[08:15:13] force 模式
[08:15:13] === research_loop 开始 ===
[08:15:13] 0. peer_review...
[08:15:13] ✅ peer_review 完成
[08:15:13] 1. expert_synthesizer...
[08:15:13] ✅ synthesizer 完成
[08:15:13] ✅ 循环完成: round 275 conf=0.78
[08:30:01] force 模式
[08:30:01] === research_loop 开始 ===
[08:30:01] 0. peer_review...
[08:30:01] ✅ peer_review 完成
[08:30:01] 1. expert_synthesizer...
[08:30:01] ✅ synthesizer 完成
[08:30:01] ✅ 循环完成: round 276 conf=0.75
[08:45:01] force 模式
[08:45:01] === research_loop 开始 ===
[08:45:01] 0. peer_review...
[08:45:01] ✅ peer_review 完成
[08:45:01] 1. expert_synthesizer...
[08:45:01] ✅ synthesizer 完成
[08:45:01] ✅ 循环完成: round 277 conf=0.53
[09:00:15] force 模式
[09:00:15] === research_loop 开始 ===
[09:00:15] 0. peer_review...
[09:00:15] ✅ peer_review 完成
[09:00:15] 1. expert_synthesizer...
[09:00:15] ✅ synthesizer 完成
[09:00:15] ✅ 循环完成: round 278 conf=0.80
[09:02:18] force 模式
[09:02:18] === research_loop 开始 ===
[09:02:18] 0. peer_review...
[09:02:18] ✅ peer_review 完成
[09:02:18] 1. expert_synthesizer...
[09:02:18] ✅ synthesizer 完成
[09:02:18] ✅ 循环完成: round 279 conf=0.78
[09:15:13] force 模式
[09:15:13] === research_loop 开始 ===
[09:15:13] 0. peer_review...
[09:15:13] ✅ peer_review 完成
[09:15:13] 1. expert_synthesizer...
[09:15:13] ✅ synthesizer 完成
[09:15:13] ✅ 循环完成: round 280 conf=0.78
[09:30:13] force 模式
[09:30:13] === research_loop 开始 ===
[09:30:13] 0. peer_review...
[09:30:13] ✅ peer_review 完成
[09:30:13] 1. expert_synthesizer...
[09:30:13] ✅ synthesizer 完成
[09:30:13] ✅ 循环完成: round 281 conf=0.80
[09:45:01] force 模式
[09:45:01] === research_loop 开始 ===
[09:45:01] 0. peer_review...
[09:45:01] ✅ peer_review 完成
[09:45:01] 1. expert_synthesizer...
[09:45:01] ✅ synthesizer 完成
[09:45:01] ✅ 循环完成: round 282 conf=0.80
[10:00:01] force 模式
[10:00:01] === research_loop 开始 ===
[10:00:01] 0. peer_review...
[10:00:01] ✅ peer_review 完成
[10:00:01] 1. expert_synthesizer...
[10:00:01] ✅ synthesizer 完成
[10:00:01] ✅ 循环完成: round 283 conf=0.80
[10:02:13] force 模式
[10:02:13] === research_loop 开始 ===
[10:02:13] 0. peer_review...
[10:02:13] ✅ peer_review 完成
[10:02:13] 1. expert_synthesizer...
[10:02:13] ✅ synthesizer 完成
[10:02:13] ✅ 循环完成: round 284 conf=0.57
[10:15:01] force 模式
[10:15:01] === research_loop 开始 ===
[10:15:01] 0. peer_review...
[10:15:01] ✅ peer_review 完成
[10:15:01] 1. expert_synthesizer...
[10:15:01] ✅ synthesizer 完成
[10:15:01] ✅ 循环完成: round 285 conf=0.80
[10:30:02] force 模式
[10:30:02] === research_loop 开始 ===
[10:30:02] 0. peer_review...
[10:30:02] ✅ peer_review 完成
[10:30:02] 1. expert_synthesizer...
[10:30:02] ✅ synthesizer 完成
[10:30:02] ✅ 循环完成: round 286 conf=0.78
[10:45:02] force 模式
[10:45:02] === research_loop 开始 ===
[10:45:02] 0. peer_review...
[10:45:02] ✅ peer_review 完成
[10:45:02] 1. expert_synthesizer...
[10:45:02] ✅ synthesizer 完成
[10:45:02] ✅ 循环完成: round 287 conf=0.78
[11:00:05] force 模式
[11:00:05] === research_loop 开始 ===
[11:00:05] 0. peer_review...
[11:00:05] ✅ peer_review 完成
[11:00:05] 1. expert_synthesizer...
[11:00:05] ✅ synthesizer 完成
[11:00:05] ✅ 循环完成: round 288 conf=0.80
[11:02:04] force 模式
[11:02:04] === research_loop 开始 ===
[11:02:04] 0. peer_review...
[11:02:04] ✅ peer_review 完成
[11:02:04] 1. expert_synthesizer...
[11:02:04] ✅ synthesizer 完成
[11:02:04] ✅ 循环完成: round 289 conf=0.57
[11:15:01] force 模式
[11:15:01] === research_loop 开始 ===
[11:15:01] 0. peer_review...
[11:15:01] ✅ peer_review 完成
[11:15:01] 1. expert_synthesizer...
[11:15:01] ✅ synthesizer 完成
[11:15:01] ✅ 循环完成: round 290 conf=0.80
[11:30:01] force 模式
[11:30:01] === research_loop 开始 ===
[11:30:01] 0. peer_review...
[11:30:01] ✅ peer_review 完成
[11:30:01] 1. expert_synthesizer...
[11:30:01] ✅ synthesizer 完成
[11:30:01] ✅ 循环完成: round 291 conf=0.80
[11:45:01] force 模式
[11:45:01] === research_loop 开始 ===
[11:45:01] 0. peer_review...
[11:45:01] ✅ peer_review 完成
[11:45:01] 1. expert_synthesizer...
[11:45:01] ✅ synthesizer 完成
[11:45:01] ✅ 循环完成: round 292 conf=0.78
[12:00:01] force 模式
[12:00:01] === research_loop 开始 ===
[12:00:01] 0. peer_review...
[12:00:01] ✅ peer_review 完成
[12:00:01] 1. expert_synthesizer...
[12:00:01] ✅ synthesizer 完成
[12:00:01] ✅ 循环完成: round 293 conf=0.78
[12:02:03] force 模式
[12:02:03] === research_loop 开始 ===
[12:02:03] 0. peer_review...
[12:02:03] ✅ peer_review 完成
[12:02:03] 1. expert_synthesizer...
[12:02:03] ✅ synthesizer 完成
[12:02:03] ✅ 循环完成: round 294 conf=0.80
[12:15:01] force 模式
[12:15:01] === research_loop 开始 ===
[12:15:01] 0. peer_review...
[12:15:01] ✅ peer_review 完成
[12:15:01] 1. expert_synthesizer...
[12:15:01] ✅ synthesizer 完成
[12:15:01] ✅ 循环完成: round 295 conf=0.58
[12:30:01] force 模式
[12:30:01] === research_loop 开始 ===
[12:30:01] 0. peer_review...
[12:30:01] ✅ peer_review 完成
[12:30:01] 1. expert_synthesizer...
[12:30:01] ✅ synthesizer 完成
[12:30:01] ✅ 循环完成: round 296 conf=0.78
[12:45:01] force 模式
[12:45:01] === research_loop 开始 ===
[12:45:01] 0. peer_review...
[12:45:01] ✅ peer_review 完成
[12:45:01] 1. expert_synthesizer...
[12:45:01] ✅ synthesizer 完成
[12:45:01] ✅ 循环完成: round 297 conf=0.80
[13:00:02] force 模式
[13:00:02] === research_loop 开始 ===
[13:00:02] 0. peer_review...
[13:00:02] ✅ peer_review 完成
[13:00:02] 1. expert_synthesizer...
[13:00:02] ✅ synthesizer 完成
[13:00:02] ✅ 循环完成: round 298 conf=0.80
[13:02:06] force 模式
[13:02:06] === research_loop 开始 ===
[13:02:06] 0. peer_review...
[13:02:06] ✅ peer_review 完成
[13:02:06] 1. expert_synthesizer...
[13:02:06] ✅ synthesizer 完成
[13:02:06] ✅ 循环完成: round 299 conf=0.80
[13:15:01] force 模式
[13:15:01] === research_loop 开始 ===
[13:15:01] 0. peer_review...
[13:15:01] ✅ peer_review 完成
[13:15:01] 1. expert_synthesizer...
[13:15:01] ✅ synthesizer 完成
[13:15:01] ✅ 循环完成: round 300 conf=0.80
[13:30:01] force 模式
[13:30:01] === research_loop 开始 ===
[13:30:01] 0. peer_review...
[13:30:01] ✅ peer_review 完成
[13:30:01] 1. expert_synthesizer...
[13:30:01] ✅ synthesizer 完成
[13:30:01] ✅ 循环完成: round 301 conf=0.80
[13:45:10] force 模式
[13:45:10] === research_loop 开始 ===
[13:45:10] 0. peer_review...
[13:45:10] ✅ peer_review 完成
[13:45:10] 1. expert_synthesizer...
[13:45:10] ✅ synthesizer 完成
[13:45:10] ✅ 循环完成: round 302 conf=0.80
[14:00:04] force 模式
[14:00:04] === research_loop 开始 ===
[14:00:04] 0. peer_review...
[14:00:04] ✅ peer_review 完成
[14:00:04] 1. expert_synthesizer...
[14:00:04] ✅ synthesizer 完成
[14:00:04] ✅ 循环完成: round 303 conf=0.75
[14:02:02] force 模式
[14:02:02] === research_loop 开始 ===
[14:02:02] 0. peer_review...
[14:02:02] ✅ peer_review 完成
[14:02:02] 1. expert_synthesizer...
[14:02:03] ✅ synthesizer 完成
[14:02:03] ✅ 循环完成: round 304 conf=0.80
