19:57:52 === Expert Tracker 开始 ===
19:57:52 [mind]
19:57:52   追踪 mind: 学习科学、认知科学、神经科学、社会科学
19:57:53   ⚠️ GitHub API 失败: HTTP Error 422: Unprocessable Entity
19:57:53 [science]
19:57:53   追踪 science: AI4S、复杂系统、宇宙学、可计算物质
19:57:54   ⚠️ GitHub API 失败: HTTP Error 422: Unprocessable Entity
19:57:55 [engineering]
19:57:55   追踪 engineering: WSL/Linux、安全、数据科学、上下文工程
19:57:55   ⚠️ GitHub API 失败: HTTP Error 422: Unprocessable Entity
19:57:55 [philosophy]
19:57:55   追踪 philosophy: 加速主义、技术哲学、后人类、思辨实在论、心灵哲学
19:57:56   ⚠️ GitHub API 失败: HTTP Error 422: Unprocessable Entity
19:57:57 [intelligence]
19:57:57   追踪 intelligence: 动态源采集、种子提炼、知识图谱
19:57:57   ⚠️ GitHub API 失败: HTTP Error 422: Unprocessable Entity
19:57:57 === 完成: 5 部门, 0 GitHub, 50 arXiv ===
20:00:32 === Expert Tracker 开始 ===
20:00:32 [mind]
20:00:32   追踪 mind: 学习科学、认知科学、神经科学、社会科学
20:00:32   ❌ 失败: invalid literal for int() with base 10: 'daily'
20:00:32 [science]
20:00:32   追踪 science: AI4S、复杂系统、宇宙学、可计算物质
20:00:32   ❌ 失败: invalid literal for int() with base 10: 'daily'
20:00:32 [engineering]
20:00:32   追踪 engineering: WSL/Linux、安全、数据科学、上下文工程
20:00:32   ❌ 失败: invalid literal for int() with base 10: 'daily'
20:00:32 [philosophy]
20:00:32   追踪 philosophy: 加速主义、技术哲学、后人类、思辨实在论、心灵哲学
20:00:32   ❌ 失败: invalid literal for int() with base 10: 'daily'
20:00:32 [intelligence]
20:00:32   追踪 intelligence: 动态源采集、种子提炼、知识图谱
20:00:32   ❌ 失败: invalid literal for int() with base 10: 'daily'
20:00:32 === 完成: 5 部门, 0 GitHub, 50 arXiv ===
20:01:28 === Expert Tracker 开始 ===
20:01:28 [engineering]
20:01:28     ⚠️ GitHub 失败: URL can't contain control characters. '/search/repositories?q=stars:>500+language:python+WSL Linux systems programming&sort=stars&order=desc&per_page=10' (found at least ' ')
20:01:28   GitHub: 0 条
20:01:29   arXiv: 10 条
20:01:30 [science]
20:01:30     ⚠️ GitHub 失败: URL can't contain control characters. '/search/repositories?q=stars:>500+language:python+machine learning physics&sort=stars&order=desc&per_page=10' (found at least ' ')
20:01:30   GitHub: 0 条
20:01:30   arXiv: 10 条
20:01:31 [mind]
20:01:31     ⚠️ GitHub 失败: URL can't contain control characters. '/search/repositories?q=stars:>200+language:javascript+cognitive science neural&sort=stars&order=desc&per_page=10' (found at least ' ')
20:01:31   GitHub: 0 条
20:01:32   arXiv: 10 条
20:01:33 [philosophy]
20:01:33     ⚠️ GitHub 失败: URL can't contain control characters. '/search/repositories?q=stars:>100+language:markdown+technology philosophy&sort=stars&order=desc&per_page=10' (found at least ' ')
20:01:33   GitHub: 0 条
20:01:33   arXiv: 10 条
20:01:34 [intelligence]
20:01:34     ⚠️ GitHub 失败: URL can't contain control characters. '/search/repositories?q=stars:>500+language:python+knowledge graph AI&sort=stars&order=desc&per_page=10' (found at least ' ')
20:01:34   GitHub: 0 条
20:01:35   arXiv: 10 条
20:01:36 === 完成: 5 部门, 0 GitHub, 50 arXiv ===
20:02:10 === Expert Tracker 开始 ===
20:02:10 [engineering]
20:02:11     ⚠️ GitHub HTTP 422: {"message":"Validation Failed","errors":[{"message":"\"500+language:python+WSL\"
20:02:11   GitHub: 0 条
20:02:11   arXiv: 10 条
20:02:12 [science]
20:02:13     ⚠️ GitHub HTTP 422: {"message":"Validation Failed","errors":[{"message":"\"500+language:python+machi
20:02:13   GitHub: 0 条
20:02:13   arXiv: 10 条
20:02:14 [mind]
20:02:15     ⚠️ GitHub HTTP 422: {"message":"Validation Failed","errors":[{"message":"\"200+language:javascript+c
20:02:15   GitHub: 0 条
20:02:16   arXiv: 10 条
20:02:17 [philosophy]
20:02:18     ⚠️ GitHub HTTP 422: {"message":"Validation Failed","errors":[{"message":"\"100+language:markdown+tec
20:02:18   GitHub: 0 条
20:02:18   arXiv: 10 条
20:02:19 [intelligence]
20:02:20     ⚠️ GitHub HTTP 422: {"message":"Validation Failed","errors":[{"message":"\"500+language:python+knowl
20:02:20   GitHub: 0 条
20:02:21   arXiv: 10 条
20:02:22 === 完成: 5 部门, 0 GitHub, 50 arXiv ===
20:04:28 === Expert Tracker 开始 ===
20:04:28 [engineering] lang=python stars>500 arxiv=cs.SE
20:04:29   GitHub: 10 条
20:04:29   arXiv: 10 条
20:04:30 [science] lang=python stars>500 arxiv=cs.LG
20:04:30   GitHub: 10 条
20:04:31   arXiv: 10 条
20:04:32 [mind] lang=python stars>200 arxiv=cs.CY
20:04:33   GitHub: 10 条
20:04:34   arXiv: 10 条
20:04:35 [philosophy] lang=python stars>100 arxiv=cs.AI
20:04:36   GitHub: 10 条
20:04:37   arXiv: 10 条
20:04:38 [intelligence] lang=python stars>500 arxiv=cs.AI
20:04:38   GitHub: 10 条
20:04:39   arXiv: 10 条
20:04:40 === 完成: 5 部门, 50 GitHub, 50 arXiv ===
20:11:24 === Expert Tracker v2 开始 ===
20:11:31 [engineering] 初始化 TOP50: 27 experts
20:11:36 [science] 初始化 TOP50: 30 experts
20:11:40 [mind] 初始化 TOP50: 29 experts
20:11:44 [philosophy] 初始化 TOP50: 30 experts
20:11:47 [intelligence] 初始化 TOP50: 30 experts
20:11:47 [engineering] 追踪 27 位专家...
20:11:47 [science] 追踪 30 位专家...
20:11:47 [mind] 追踪 29 位专家...
20:11:47 [philosophy] 追踪 30 位专家...
20:11:47 [intelligence] 追踪 30 位专家...
20:11:47 === 完成: 0 条新动态 ===
20:18:51 === Expert Tracker v3 开始 ===
20:18:51 [engineering] 重新发现TOP专家...
20:18:51   [engineering] 采集 cs.SE...
20:18:53   [engineering] 采集 cs.LG...
20:18:56   [engineering] 采集 cs.OS...
20:19:13 === Expert Tracker v3 开始 ===
20:19:13 [engineering] 重新发现TOP专家...
20:19:13   [engineering] 采集 cs.SE...
20:19:14   [engineering] 采集 cs.LG...
20:19:15   [engineering] 采集 cs.OS...
20:19:50 === Expert Tracker v3 开始 ===
20:19:50 [engineering] 重新发现TOP专家...
20:19:50   [engineering] 采集 cs.SE...
20:19:51   [engineering] 采集 cs.LG...
20:19:52   [engineering] 采集 cs.OS...
20:19:53   [engineering] TOP 10 experts: Tong Jia, Ying Li, Yusheng Zheng
20:19:54 [science] 重新发现TOP专家...
20:19:54   [science] 采集 physics.comp-ph...
20:19:56   [science] 采集 astro-ph.CO...
20:19:58   [science] 采集 quant-ph...
20:20:00   [science] TOP 10 experts: Elka Rusta, Stefania Salvadori, Roberto Maiolino
20:20:01 [mind] 重新发现TOP专家...
20:20:01   [mind] 采集 cs.CY...
20:20:03   [mind] 采集 q-bio.OT...
20:20:04   [mind] 采集 cs.AI...
20:20:06   [mind] TOP 10 experts: Arturo Tozzi, Bros Victor, Gatica-Perez Daniel
20:20:07 [philosophy] 重新发现TOP专家...
20:20:07   [philosophy] 采集 hep-th...
20:20:08   [philosophy] 采集 gr-qc...
20:20:13   [philosophy] 采集 physics.hist-ph...
20:20:15   [philosophy] TOP 10 experts: Jacob A. Barandes, Harry Sticker, Paul Borrill
20:20:16 [intelligence] 重新发现TOP专家...
20:20:16   [intelligence] 采集 cs.AI...
20:20:17   [intelligence] 采集 cs.IR...
20:20:18   [intelligence] 采集 cs.CL...
20:20:19   [intelligence] TOP 10 experts: Kai-Wei Chang, Hung-yi Lee, James Glass
20:20:34 === Expert Tracker v3 开始 ===
20:20:56 === Expert Tracker v3 开始 ===
20:20:56 [engineering] 追踪 10 位TOP专家...
20:21:08 [science] 追踪 10 位TOP专家...
20:21:18 [mind] 追踪 10 位TOP专家...
20:21:27 [philosophy] 追踪 10 位TOP专家...
20:21:36 [intelligence] 追踪 10 位TOP专家...
20:21:43 === 完成: 5 部门, 20 条新发现 ===
19:57:29 === Expert Tracker v3 开始 ===
19:57:29 [engineering] 重新发现TOP专家...
19:57:29   [engineering] 采集 cs.SE...
19:57:30   [engineering] 采集 cs.LG...
19:57:32   [engineering] 采集 cs.OS...
19:57:33   [engineering] TOP 10 experts: Charoes Huang, Xin Huang, Amin Milani Fard
19:57:34 [science] 重新发现TOP专家...
19:57:34   [science] 采集 physics.comp-ph...
19:57:36   [science] 采集 astro-ph.CO...
19:57:38   [science] 采集 quant-ph...
19:57:39   [science] TOP 10 experts: Ze Tao, Fujun Liu, Jiashu Liang
19:57:40 [mind] 重新发现TOP专家...
19:57:40   [mind] 采集 cs.CY...
19:57:42   [mind] 采集 q-bio.OT...
19:57:43   [mind] 采集 cs.AI...
19:57:45   [mind] TOP 10 experts: Arturo Tozzi, Sagar Kumar, Ariel Flint
19:57:46 [philosophy] 重新发现TOP专家...
19:57:46   [philosophy] 采集 hep-th...
19:57:48   [philosophy] 采集 gr-qc...
19:57:49   [philosophy] 采集 physics.hist-ph...
19:57:51   [philosophy] TOP 10 experts: Richard de Grijs, Harry Sticker, Paul Borrill
19:57:52 [intelligence] 重新发现TOP专家...
19:57:52   [intelligence] 采集 cs.AI...
19:57:53   [intelligence] 采集 cs.IR...
19:57:54   [intelligence] 采集 cs.CL...
19:57:55   [intelligence] TOP 10 experts: Hao Wang, Lei Shen, Ufaq Khan
19:57:56 [engineering] 追踪 10 位TOP专家...
19:58:14 [science] 追踪 10 位TOP专家...
19:58:22 [mind] 追踪 10 位TOP专家...
19:58:29 [philosophy] 追踪 10 位TOP专家...
19:58:35 [intelligence] 追踪 10 位TOP专家...
19:58:41 === 完成: 5 部门, 11 条新发现 ===
02:03:09 === Expert Tracker v3 开始 ===
02:03:09 [engineering] 追踪 10 位TOP专家...
02:33:43 === Expert Tracker v3 开始 ===
02:33:43 [engineering] 追踪 10 位TOP专家...
02:33:49 [science] 追踪 10 位TOP专家...
02:34:00 [mind] 追踪 10 位TOP专家...
02:34:10 [philosophy] 追踪 10 位TOP专家...
02:34:15 [intelligence] 追踪 10 位TOP专家...
02:34:21 === 完成: 5 部门, 18 条新发现 ===
09:17:39 === Expert Tracker v3 开始 ===
09:17:39 [engineering] 重新发现TOP专家...
09:17:39   [engineering] 采集 cs.SE...
09:17:40   [engineering] 采集 cs.LG...
09:17:42   [engineering] 采集 cs.OS...
09:17:44   [engineering] TOP 10 experts: Yusheng Zheng, Daria Schumm, Burkhard Stiller
09:17:45 [science] 重新发现TOP专家...
09:17:45   [science] 采集 physics.comp-ph...
09:17:46   [science] 采集 astro-ph.CO...
09:17:48   [science] 采集 quant-ph...
09:17:49   [science] TOP 10 experts: Ze Tao, Fujun Liu, Jucai Zhai
09:17:50 [mind] 重新发现TOP专家...
09:17:50   [mind] 采集 cs.CY...
09:17:51   [mind] 采集 q-bio.OT...
09:17:53   [mind] 采集 cs.AI...
09:17:54   [mind] TOP 10 experts: Arturo Tozzi, Isabella Graßl, Sagar Kumar
09:17:55 [philosophy] 重新发现TOP专家...
09:17:55   [philosophy] 采集 hep-th...
09:17:56   [philosophy] 采集 gr-qc...
09:17:58   [philosophy] 采集 physics.hist-ph...
09:17:59   [philosophy] TOP 10 experts: Richard de Grijs, Laurens Smulders, Johannes Noller
09:18:00 [intelligence] 重新发现TOP专家...
09:18:00   [intelligence] 采集 cs.AI...
09:18:01   [intelligence] 采集 cs.IR...
09:18:02   [intelligence] 采集 cs.CL...
09:18:04   [intelligence] TOP 10 experts: Hao Wang, Lei Shen, Ufaq Khan
09:18:05 [engineering] 追踪 10 位TOP专家...
09:18:16 [science] 追踪 10 位TOP专家...
09:18:22 [mind] 追踪 10 位TOP专家...
09:18:27 [philosophy] 追踪 10 位TOP专家...
09:18:33 [intelligence] 追踪 10 位TOP专家...
09:18:39 === 完成: 5 部门, 10 条新发现 ===
11:41:50 === Expert Tracker v3 开始 ===
11:41:50 [engineering] 追踪 10 位TOP专家...
11:42:00 [science] 追踪 10 位TOP专家...
11:42:10 [mind] 追踪 10 位TOP专家...
11:42:16 [philosophy] 追踪 10 位TOP专家...
11:42:21 [intelligence] 追踪 10 位TOP专家...
11:42:26 === 完成: 5 部门, 14 条新发现 ===
11:44:44 === Expert Tracker v3 开始 ===
11:44:44 [engineering] 追踪 10 位TOP专家...
11:44:51 [science] 追踪 10 位TOP专家...
11:44:57 [mind] 追踪 10 位TOP专家...
11:45:03 [philosophy] 追踪 10 位TOP专家...
11:45:09 [intelligence] 追踪 10 位TOP专家...
11:45:14 === 完成: 5 部门, 0 条新发现 ===
15:57:04 === Expert Tracker v3 开始 ===
15:57:04 [engineering] 追踪 10 位TOP专家...
15:57:23 [science] 追踪 10 位TOP专家...
15:57:40 [mind] 追踪 10 位TOP专家...
15:57:46 [philosophy] 追踪 10 位TOP专家...
15:57:59 [intelligence] 追踪 10 位TOP专家...
15:58:05 === 完成: 5 部门, 0 条新发现 ===
18:48:37 === Expert Tracker v3 开始 ===
18:48:37 [engineering] 追踪 10 位TOP专家...
18:48:56 [science] 追踪 10 位TOP专家...
18:49:09 [mind] 追踪 10 位TOP专家...
18:49:16 [philosophy] 追踪 10 位TOP专家...
18:49:22 [intelligence] 追踪 10 位TOP专家...
18:49:31 === 完成: 5 部门, 1 条新发现 ===
20:37:02 === Expert Tracker v3 开始 ===
20:37:02 [engineering] 追踪 10 位TOP专家...
20:37:21 [science] 追踪 10 位TOP专家...
20:37:52 [mind] 追踪 10 位TOP专家...
20:38:00 [philosophy] 追踪 10 位TOP专家...
20:38:09 [intelligence] 追踪 10 位TOP专家...
20:38:23 === 完成: 5 部门, 0 条新发现 ===
00:30:18 === Expert Tracker v3 开始 ===
00:30:18 [engineering] 追踪 10 位TOP专家...
00:30:30 [science] 追踪 10 位TOP专家...
00:30:42 [mind] 追踪 10 位TOP专家...
00:30:49 [philosophy] 追踪 10 位TOP专家...
00:30:56 [intelligence] 追踪 10 位TOP专家...
00:31:02 === 完成: 5 部门, 0 条新发现 ===
03:46:19 === Expert Tracker v3 开始 ===
03:46:19 [engineering] 追踪 10 位TOP专家...
03:46:30 [science] 追踪 10 位TOP专家...
03:46:40 [mind] 追踪 10 位TOP专家...
03:46:46 [philosophy] 追踪 10 位TOP专家...
03:46:51 [intelligence] 追踪 10 位TOP专家...
03:46:57 === 完成: 5 部门, 0 条新发现 ===
04:14:07 === Expert Tracker v3 开始 ===
04:14:07 [engineering] 追踪 10 位TOP专家...
04:14:12 [science] 追踪 10 位TOP专家...
04:14:17 [mind] 追踪 10 位TOP专家...
04:14:26 [philosophy] 追踪 10 位TOP专家...
04:14:35 [intelligence] 追踪 10 位TOP专家...
04:14:41 === 完成: 5 部门, 19 条新发现 ===
07:00:13 === Expert Tracker v3 开始 ===
07:00:13 [engineering] 追踪 10 位TOP专家...
07:00:24 [science] 追踪 10 位TOP专家...
07:00:40 [mind] 追踪 10 位TOP专家...
07:00:45 [philosophy] 追踪 10 位TOP专家...
07:00:50 [intelligence] 追踪 10 位TOP专家...
07:00:55 === 完成: 5 部门, 0 条新发现 ===
10:10:14 === Expert Tracker v3 开始 ===
10:10:14 [engineering] 重新发现TOP专家...
10:10:14   [engineering] 采集 cs.SE...
10:10:16   [engineering] 采集 cs.LG...
10:10:17   [engineering] 采集 cs.OS...
10:10:18   [engineering] TOP 10 experts: Valerio Terragni, Yusheng Zheng, Eray Tüzün
10:10:19 [science] 重新发现TOP专家...
10:10:19   [science] 采集 physics.comp-ph...
10:10:21   [science] 采集 astro-ph.CO...
10:10:22   [science] 采集 quant-ph...
10:10:23   [science] TOP 10 experts: Ze Tao, Fujun Liu, Xinliang Lyu
10:10:24 [mind] 重新发现TOP专家...
10:10:24   [mind] 采集 cs.CY...
10:10:26   [mind] 采集 q-bio.OT...
10:10:27   [mind] 采集 cs.AI...
10:10:28   [mind] TOP 10 experts: Arturo Tozzi, Mohamed Amine Chatti, Canfer Akbulut
10:10:29 [philosophy] 重新发现TOP专家...
10:10:29   [philosophy] 采集 hep-th...
10:10:31   [philosophy] 采集 gr-qc...
10:10:32   [philosophy] 采集 physics.hist-ph...
10:10:33   [philosophy] TOP 10 experts: Richard de Grijs, Gianluca Calcagni, Fabio Briscese
10:10:34 [intelligence] 重新发现TOP专家...
10:10:34   [intelligence] 采集 cs.AI...
10:10:35   [intelligence] 采集 cs.IR...
10:10:37   [intelligence] 采集 cs.CL...
10:10:38   [intelligence] TOP 10 experts: Paulo Roberto de Moura Júnior, Jean Lelong, Annabelle Blangero
10:10:39 [engineering] 追踪 10 位TOP专家...
10:10:49 [science] 追踪 10 位TOP专家...
10:10:56 [mind] 追踪 10 位TOP专家...
10:11:01 [philosophy] 追踪 10 位TOP专家...
10:11:06 [intelligence] 追踪 10 位TOP专家...
10:11:12 === 完成: 5 部门, 10 条新发现 ===
10:45:35 === Expert Tracker v3 开始 ===
10:45:35 [engineering] 追踪 10 位TOP专家...
10:45:42 [science] 追踪 10 位TOP专家...
10:46:34 [mind] 追踪 10 位TOP专家...
10:46:45 [philosophy] 追踪 10 位TOP专家...
10:46:50 [intelligence] 追踪 10 位TOP专家...
10:46:54 === 完成: 5 部门, 13 条新发现 ===
11:27:01 === Expert Tracker v3 开始 ===
11:27:01 [engineering] 追踪 10 位TOP专家...
11:27:06 [science] 追踪 10 位TOP专家...
11:27:11 [mind] 追踪 10 位TOP专家...
11:27:18 [philosophy] 追踪 10 位TOP专家...
11:27:30 [intelligence] 追踪 10 位TOP专家...
11:27:34 === 完成: 5 部门, 6 条新发现 ===
11:52:06 === Expert Tracker v3 开始 ===
11:52:06 [engineering] 追踪 10 位TOP专家...
11:52:26 [science] 追踪 10 位TOP专家...
11:52:32 [mind] 追踪 10 位TOP专家...
11:52:36 [philosophy] 追踪 10 位TOP专家...
11:52:40 [intelligence] 追踪 10 位TOP专家...
11:52:44 === 完成: 5 部门, 0 条新发现 ===
13:18:01 === Expert Tracker v3 开始 ===
13:18:01 [engineering] 追踪 10 位TOP专家...
13:18:10 [science] 追踪 10 位TOP专家...
13:18:17 [mind] 追踪 10 位TOP专家...
13:18:22 [philosophy] 追踪 10 位TOP专家...
13:18:26 [intelligence] 追踪 10 位TOP专家...
13:18:30 === 完成: 5 部门, 0 条新发现 ===
