============================================================
系统健康监控
============================================================

🟠 WARNING       | LUR 指标       | LUR = 2160，被动响应模式，漂移风险中高
🟡 WATCH         | Git 同步       | 4 个文件未提交
✅ OK            | Gateway      | Gateway 健康
✅ OK            | 记忆文件         | 关键文件完整
✅ OK            | 进化趋势         | 系统进化正常

============================================================
🟠 警告: 1 项
建议尽快处理。
============================================================
系统健康监控
============================================================

🟠 WARNING       | LUR 指标       | LUR = 2160，被动响应模式，漂移风险中高
🟡 WATCH         | Git 同步       | 4 个文件未提交
✅ OK            | Gateway      | Gateway 健康
✅ OK            | 记忆文件         | 关键文件完整
✅ OK            | 进化趋势         | 系统进化正常

============================================================
🟠 警告: 1 项
建议尽快处理。
============================================================
系统健康监控
============================================================

🟠 WARNING       | LUR 指标       | LUR = 2160，被动响应模式，漂移风险中高
🟡 WATCH         | Git 同步       | 3 个文件未提交
✅ OK            | Gateway      | Gateway 健康
✅ OK            | 记忆文件         | 关键文件完整
✅ OK            | 进化趋势         | 系统进化正常

============================================================
🟠 警告: 1 项
建议尽快处理。
============================================================
系统健康监控
============================================================

🟠 WARNING       | LUR 指标       | LUR = 2160，被动响应模式，漂移风险中高
🟡 WATCH         | Git 同步       | 3 个文件未提交
✅ OK            | Gateway      | Gateway 健康
✅ OK            | 记忆文件         | 关键文件完整
✅ OK            | 进化趋势         | 系统进化正常

============================================================
🟠 警告: 1 项
建议尽快处理。
============================================================
系统健康监控
============================================================

🟠 WARNING       | LUR 指标       | LUR = 2160，被动响应模式，漂移风险中高
🟡 WATCH         | Git 同步       | 10 个文件未提交
✅ OK            | Gateway      | Gateway 健康
✅ OK            | 记忆文件         | 关键文件完整
✅ OK            | 进化趋势         | 系统进化正常

============================================================
🟠 警告: 1 项
建议尽快处理。
============================================================
系统健康监控
============================================================

🟠 WARNING       | LUR 指标       | LUR = 2160，被动响应模式，漂移风险中高
🟡 WATCH         | Git 同步       | 10 个文件未提交
✅ OK            | Gateway      | Gateway 健康
✅ OK            | 记忆文件         | 关键文件完整
✅ OK            | 进化趋势         | 系统进化正常

============================================================
🟠 警告: 1 项
建议尽快处理。
============================================================
系统健康监控
============================================================

🟠 WARNING       | LUR 指标       | LUR = 2160，被动响应模式，漂移风险中高
🟠 WARNING       | Git 同步       | 11 个文件未提交
✅ OK            | Gateway      | Gateway 健康
✅ OK            | 记忆文件         | 关键文件完整
✅ OK            | 进化趋势         | 系统进化正常

============================================================
🟠 警告: 2 项
建议尽快处理。
============================================================
系统健康监控
============================================================

🟠 WARNING       | LUR 指标       | LUR = 2160，被动响应模式，漂移风险中高
🟠 WARNING       | Git 同步       | 11 个文件未提交
✅ OK            | Gateway      | Gateway 健康
✅ OK            | 记忆文件         | 关键文件完整
✅ OK            | 进化趋势         | 系统进化正常

============================================================
🟠 警告: 2 项
建议尽快处理。
============================================================
系统健康监控
============================================================

🟠 WARNING       | LUR 指标       | LUR = 2160，被动响应模式，漂移风险中高
🟠 WARNING       | Git 同步       | 12 个文件未提交
✅ OK            | Gateway      | Gateway 健康
✅ OK            | 记忆文件         | 关键文件完整
✅ OK            | 进化趋势         | 系统进化正常

============================================================
🟠 警告: 2 项
建议尽快处理。
============================================================
系统健康监控
============================================================

🟠 WARNING       | LUR 指标       | LUR = 2160，被动响应模式，漂移风险中高
🟠 WARNING       | Git 同步       | 12 个文件未提交
✅ OK            | Gateway      | Gateway 健康
✅ OK            | 记忆文件         | 关键文件完整
✅ OK            | 进化趋势         | 系统进化正常

============================================================
🟠 警告: 2 项
建议尽快处理。
============================================================
系统健康监控
============================================================

⚪ UNKNOWN       | LUR 指标       | LUR 数据缺失
🟡 WATCH         | Git 同步       | 4 个文件未提交
✅ OK            | Gateway      | Gateway 健康
✅ OK            | 记忆文件         | 关键文件完整
🟡 WATCH         | 进化趋势         | 今日报告未生成

============================================================
✅ 系统健康
============================================================
系统健康监控
============================================================

⚪ UNKNOWN       | LUR 指标       | LUR 数据缺失
🟡 WATCH         | Git 同步       | 4 个文件未提交
✅ OK            | Gateway      | Gateway 健康
✅ OK            | 记忆文件         | 关键文件完整
🟡 WATCH         | 进化趋势         | 今日报告未生成

============================================================
✅ 系统健康
============================================================
系统健康监控
============================================================

⚪ UNKNOWN       | LUR 指标       | LUR 数据缺失
🟠 WARNING       | Git 同步       | 16 个文件未提交
✅ OK            | Gateway      | Gateway 健康
✅ OK            | 记忆文件         | 关键文件完整
🟡 WATCH         | 进化趋势         | 今日报告未生成

============================================================
🟠 警告: 1 项
建议尽快处理。
============================================================
系统健康监控
============================================================

⚪ UNKNOWN       | LUR 指标       | LUR 数据缺失
🟠 WARNING       | Git 同步       | 16 个文件未提交
✅ OK            | Gateway      | Gateway 健康
✅ OK            | 记忆文件         | 关键文件完整
🟡 WATCH         | 进化趋势         | 今日报告未生成

============================================================
🟠 警告: 1 项
建议尽快处理。
============================================================
系统健康监控
============================================================

⚪ UNKNOWN       | LUR 指标       | LUR 数据缺失
🟡 WATCH         | Git 同步       | 5 个文件未提交
✅ OK            | Gateway      | Gateway 健康
✅ OK            | 记忆文件         | 关键文件完整
🟡 WATCH         | 进化趋势         | 今日报告未生成

============================================================
✅ 系统健康
============================================================
系统健康监控
============================================================

⚪ UNKNOWN       | LUR 指标       | LUR 数据缺失
🟡 WATCH         | Git 同步       | 5 个文件未提交
✅ OK            | Gateway      | Gateway 健康
✅ OK            | 记忆文件         | 关键文件完整
🟡 WATCH         | 进化趋势         | 今日报告未生成

============================================================
✅ 系统健康
============================================================
系统健康监控
============================================================

⚪ UNKNOWN       | LUR 指标       | LUR 数据缺失
🟡 WATCH         | Git 同步       | 1 个文件未提交
✅ OK            | Gateway      | Gateway 健康
✅ OK            | 记忆文件         | 关键文件完整
🟡 WATCH         | 进化趋势         | 今日报告未生成

============================================================
✅ 系统健康
============================================================
系统健康监控
============================================================

⚪ UNKNOWN       | LUR 指标       | LUR 数据缺失
🟡 WATCH         | Git 同步       | 1 个文件未提交
✅ OK            | Gateway      | Gateway 健康
✅ OK            | 记忆文件         | 关键文件完整
🟡 WATCH         | 进化趋势         | 今日报告未生成

============================================================
✅ 系统健康
