[2026-04-01 15:25:02] === Hook 健康检查开始 ===
[2026-04-01 15:25:02] 📦 auto-approve: 需要编译
[2026-04-01 15:25:04] ✅ auto-approve: 编译成功
[2026-04-01 15:25:04] 📦 smart-compact: 需要编译
[2026-04-01 15:25:05] ✅ smart-compact: 编译成功
[2026-04-01 15:25:05] 📦 token-budget: 需要编译
[2026-04-01 15:25:06] ✅ token-budget: 编译成功
[2026-04-01 15:25:06] 📦 token-tracker: 需要编译
[2026-04-01 15:25:07] ✅ token-tracker: 编译成功
[2026-04-01 15:25:07] 📦 xi-session-end: 需要编译
[2026-04-01 15:25:08] ✅ xi-session-end: 编译成功
[2026-04-01 15:25:08] 📦 xi-session-start: 需要编译
[2026-04-01 15:25:09] ✅ xi-session-start: 编译成功
[2026-04-01 15:25:09] === 检查完成: 0 个错误 ===
[2026-04-01 15:30:17] === Hook 健康检查开始 ===
[2026-04-01 15:30:17] ✅ auto-approve: 正常
[2026-04-01 15:30:17] ✅ smart-compact: 正常
[2026-04-01 15:30:17] ✅ token-budget: 正常
[2026-04-01 15:30:17] ✅ token-tracker: 正常
[2026-04-01 15:30:17] ✅ xi-session-end: 正常
[2026-04-01 15:30:17] ✅ xi-session-start: 正常
[2026-04-01 15:30:17] === 检查完成: 0 个错误 ===
