19:57:29 === Expert Tracker v3 开始 ===
19:57:29 [engineering] 重新发现TOP专家...
19:57:29   [engineering] 采集 cs.SE...
19:57:30   [engineering] 采集 cs.LG...
19:57:32   [engineering] 采集 cs.OS...
19:57:33   [engineering] TOP 10 experts: Charoes Huang, Xin Huang, Amin Milani Fard
19:57:34 [science] 重新发现TOP专家...
19:57:34   [science] 采集 physics.comp-ph...
19:57:36   [science] 采集 astro-ph.CO...
19:57:38   [science] 采集 quant-ph...
19:57:39   [science] TOP 10 experts: Ze Tao, Fujun Liu, Jiashu Liang
19:57:40 [mind] 重新发现TOP专家...
19:57:40   [mind] 采集 cs.CY...
19:57:42   [mind] 采集 q-bio.OT...
19:57:43   [mind] 采集 cs.AI...
19:57:45   [mind] TOP 10 experts: Arturo Tozzi, Sagar Kumar, Ariel Flint
19:57:46 [philosophy] 重新发现TOP专家...
19:57:46   [philosophy] 采集 hep-th...
19:57:48   [philosophy] 采集 gr-qc...
19:57:49   [philosophy] 采集 physics.hist-ph...
19:57:51   [philosophy] TOP 10 experts: Richard de Grijs, Harry Sticker, Paul Borrill
19:57:52 [intelligence] 重新发现TOP专家...
19:57:52   [intelligence] 采集 cs.AI...
19:57:53   [intelligence] 采集 cs.IR...
19:57:54   [intelligence] 采集 cs.CL...
19:57:55   [intelligence] TOP 10 experts: Hao Wang, Lei Shen, Ufaq Khan
19:57:56 [engineering] 追踪 10 位TOP专家...
19:58:14 [science] 追踪 10 位TOP专家...
19:58:22 [mind] 追踪 10 位TOP专家...
19:58:29 [philosophy] 追踪 10 位TOP专家...
19:58:35 [intelligence] 追踪 10 位TOP专家...
19:58:41 === 完成: 5 部门, 11 条新发现 ===
02:33:43 === Expert Tracker v3 开始 ===
02:33:43 [engineering] 追踪 10 位TOP专家...
02:33:49 [science] 追踪 10 位TOP专家...
02:34:00 [mind] 追踪 10 位TOP专家...
02:34:10 [philosophy] 追踪 10 位TOP专家...
02:34:15 [intelligence] 追踪 10 位TOP专家...
02:34:21 === 完成: 5 部门, 18 条新发现 ===
09:17:39 === Expert Tracker v3 开始 ===
09:17:39 [engineering] 重新发现TOP专家...
09:17:39   [engineering] 采集 cs.SE...
09:17:40   [engineering] 采集 cs.LG...
09:17:42   [engineering] 采集 cs.OS...
09:17:44   [engineering] TOP 10 experts: Yusheng Zheng, Daria Schumm, Burkhard Stiller
09:17:45 [science] 重新发现TOP专家...
09:17:45   [science] 采集 physics.comp-ph...
09:17:46   [science] 采集 astro-ph.CO...
09:17:48   [science] 采集 quant-ph...
09:17:49   [science] TOP 10 experts: Ze Tao, Fujun Liu, Jucai Zhai
09:17:50 [mind] 重新发现TOP专家...
09:17:50   [mind] 采集 cs.CY...
09:17:51   [mind] 采集 q-bio.OT...
09:17:53   [mind] 采集 cs.AI...
09:17:54   [mind] TOP 10 experts: Arturo Tozzi, Isabella Graßl, Sagar Kumar
09:17:55 [philosophy] 重新发现TOP专家...
09:17:55   [philosophy] 采集 hep-th...
09:17:56   [philosophy] 采集 gr-qc...
09:17:58   [philosophy] 采集 physics.hist-ph...
09:17:59   [philosophy] TOP 10 experts: Richard de Grijs, Laurens Smulders, Johannes Noller
09:18:00 [intelligence] 重新发现TOP专家...
09:18:00   [intelligence] 采集 cs.AI...
09:18:01   [intelligence] 采集 cs.IR...
09:18:02   [intelligence] 采集 cs.CL...
09:18:04   [intelligence] TOP 10 experts: Hao Wang, Lei Shen, Ufaq Khan
09:18:05 [engineering] 追踪 10 位TOP专家...
09:18:16 [science] 追踪 10 位TOP专家...
09:18:22 [mind] 追踪 10 位TOP专家...
09:18:27 [philosophy] 追踪 10 位TOP专家...
09:18:33 [intelligence] 追踪 10 位TOP专家...
09:18:39 === 完成: 5 部门, 10 条新发现 ===
15:57:04 === Expert Tracker v3 开始 ===
15:57:04 [engineering] 追踪 10 位TOP专家...
15:57:23 [science] 追踪 10 位TOP专家...
15:57:40 [mind] 追踪 10 位TOP专家...
15:57:46 [philosophy] 追踪 10 位TOP专家...
15:57:59 [intelligence] 追踪 10 位TOP专家...
15:58:05 === 完成: 5 部门, 0 条新发现 ===
20:37:02 === Expert Tracker v3 开始 ===
20:37:02 [engineering] 追踪 10 位TOP专家...
20:37:21 [science] 追踪 10 位TOP专家...
20:37:52 [mind] 追踪 10 位TOP专家...
20:38:00 [philosophy] 追踪 10 位TOP专家...
20:38:09 [intelligence] 追踪 10 位TOP专家...
20:38:23 === 完成: 5 部门, 0 条新发现 ===
00:30:18 === Expert Tracker v3 开始 ===
00:30:18 [engineering] 追踪 10 位TOP专家...
00:30:30 [science] 追踪 10 位TOP专家...
00:30:42 [mind] 追踪 10 位TOP专家...
00:30:49 [philosophy] 追踪 10 位TOP专家...
00:30:56 [intelligence] 追踪 10 位TOP专家...
00:31:02 === 完成: 5 部门, 0 条新发现 ===
03:46:19 === Expert Tracker v3 开始 ===
03:46:19 [engineering] 追踪 10 位TOP专家...
03:46:30 [science] 追踪 10 位TOP专家...
03:46:40 [mind] 追踪 10 位TOP专家...
03:46:46 [philosophy] 追踪 10 位TOP专家...
03:46:51 [intelligence] 追踪 10 位TOP专家...
03:46:57 === 完成: 5 部门, 0 条新发现 ===
07:00:13 === Expert Tracker v3 开始 ===
07:00:13 [engineering] 追踪 10 位TOP专家...
07:00:24 [science] 追踪 10 位TOP专家...
07:00:40 [mind] 追踪 10 位TOP专家...
07:00:45 [philosophy] 追踪 10 位TOP专家...
07:00:50 [intelligence] 追踪 10 位TOP专家...
07:00:55 === 完成: 5 部门, 0 条新发现 ===
10:10:14 === Expert Tracker v3 开始 ===
10:10:14 [engineering] 重新发现TOP专家...
10:10:14   [engineering] 采集 cs.SE...
10:10:16   [engineering] 采集 cs.LG...
10:10:17   [engineering] 采集 cs.OS...
10:10:18   [engineering] TOP 10 experts: Valerio Terragni, Yusheng Zheng, Eray Tüzün
10:10:19 [science] 重新发现TOP专家...
10:10:19   [science] 采集 physics.comp-ph...
10:10:21   [science] 采集 astro-ph.CO...
10:10:22   [science] 采集 quant-ph...
10:10:23   [science] TOP 10 experts: Ze Tao, Fujun Liu, Xinliang Lyu
10:10:24 [mind] 重新发现TOP专家...
10:10:24   [mind] 采集 cs.CY...
10:10:26   [mind] 采集 q-bio.OT...
10:10:27   [mind] 采集 cs.AI...
10:10:28   [mind] TOP 10 experts: Arturo Tozzi, Mohamed Amine Chatti, Canfer Akbulut
10:10:29 [philosophy] 重新发现TOP专家...
10:10:29   [philosophy] 采集 hep-th...
10:10:31   [philosophy] 采集 gr-qc...
10:10:32   [philosophy] 采集 physics.hist-ph...
10:10:33   [philosophy] TOP 10 experts: Richard de Grijs, Gianluca Calcagni, Fabio Briscese
10:10:34 [intelligence] 重新发现TOP专家...
10:10:34   [intelligence] 采集 cs.AI...
10:10:35   [intelligence] 采集 cs.IR...
10:10:37   [intelligence] 采集 cs.CL...
10:10:38   [intelligence] TOP 10 experts: Paulo Roberto de Moura Júnior, Jean Lelong, Annabelle Blangero
10:10:39 [engineering] 追踪 10 位TOP专家...
10:10:49 [science] 追踪 10 位TOP专家...
10:10:56 [mind] 追踪 10 位TOP专家...
10:11:01 [philosophy] 追踪 10 位TOP专家...
10:11:06 [intelligence] 追踪 10 位TOP专家...
10:11:12 === 完成: 5 部门, 10 条新发现 ===
