✅ Sent via openclaw-weixin. Message ID: openclaw-weixin:1774545305424-c95b5224
Traceback (most recent call last):
  File "/home/summer/.openclaw/workspace/expert_pulse.py", line 78, in <module>
    result = send(msg)
             ^^^^^^^^^
  File "/home/summer/.openclaw/workspace/expert_pulse.py", line 23, in send
    result = rpc("sessions.send", {
             ^^^^^^^^^^^^^^^^^^^^^^
  File "/home/summer/.openclaw/workspace/expert_pulse.py", line 19, in rpc
    with urllib.request.urlopen(req, timeout=15) as r:
         ^^^^^^^^^^^^^^^^^^^^^^^^^^^^^^^^^^^^^^^
  File "/usr/lib/python3.12/urllib/request.py", line 215, in urlopen
    return opener.open(url, data, timeout)
           ^^^^^^^^^^^^^^^^^^^^^^^^^^^^^^^
  File "/usr/lib/python3.12/urllib/request.py", line 521, in open
    response = meth(req, response)
               ^^^^^^^^^^^^^^^^^^^
  File "/usr/lib/python3.12/urllib/request.py", line 630, in http_response
    response = self.parent.error(
               ^^^^^^^^^^^^^^^^^^
  File "/usr/lib/python3.12/urllib/request.py", line 559, in error
    return self._call_chain(*args)
           ^^^^^^^^^^^^^^^^^^^^^^^
  File "/usr/lib/python3.12/urllib/request.py", line 492, in _call_chain
    result = func(*args)
             ^^^^^^^^^^^
  File "/usr/lib/python3.12/urllib/request.py", line 639, in http_error_default
    raise HTTPError(req.full_url, code, msg, hdrs, fp)
urllib.error.HTTPError: HTTP Error 404: Not Found
Traceback (most recent call last):
  File "/home/summer/.openclaw/workspace/expert_pulse.py", line 78, in <module>
    result = send(msg)
             ^^^^^^^^^
  File "/home/summer/.openclaw/workspace/expert_pulse.py", line 23, in send
    result = rpc("sessions.send", {
             ^^^^^^^^^^^^^^^^^^^^^^
  File "/home/summer/.openclaw/workspace/expert_pulse.py", line 19, in rpc
    with urllib.request.urlopen(req, timeout=15) as r:
         ^^^^^^^^^^^^^^^^^^^^^^^^^^^^^^^^^^^^^^^
  File "/usr/lib/python3.12/urllib/request.py", line 215, in urlopen
    return opener.open(url, data, timeout)
           ^^^^^^^^^^^^^^^^^^^^^^^^^^^^^^^
  File "/usr/lib/python3.12/urllib/request.py", line 521, in open
    response = meth(req, response)
               ^^^^^^^^^^^^^^^^^^^
  File "/usr/lib/python3.12/urllib/request.py", line 630, in http_response
    response = self.parent.error(
               ^^^^^^^^^^^^^^^^^^
  File "/usr/lib/python3.12/urllib/request.py", line 559, in error
    return self._call_chain(*args)
           ^^^^^^^^^^^^^^^^^^^^^^^
  File "/usr/lib/python3.12/urllib/request.py", line 492, in _call_chain
    result = func(*args)
             ^^^^^^^^^^^
  File "/usr/lib/python3.12/urllib/request.py", line 639, in http_error_default
    raise HTTPError(req.full_url, code, msg, hdrs, fp)
urllib.error.HTTPError: HTTP Error 404: Not Found
Result: {'error': 'endpoint not found'}
Fallback: ✅ Sent via openclaw-weixin. Message ID: openclaw-weixin:1774546206143-15db40c4
Result: {'error': 'HTTP Error 404: Not Found'}
Result: {'error': 'HTTP Error 404: Not Found'}
Result: {'error': 'HTTP Error 404: Not Found'}
Result: {'error': 'HTTP Error 404: Not Found'}
Result: {'error': 'HTTP Error 404: Not Found'}
Result: {'error': 'HTTP Error 404: Not Found'}
Result: {'error': 'HTTP Error 404: Not Found'}
Result: {'error': 'HTTP Error 404: Not Found'}
Result: {'error': 'HTTP Error 404: Not Found'}
Result: {'error': 'HTTP Error 404: Not Found'}
Result: {'error': 'HTTP Error 404: Not Found'}
Result: {'error': 'HTTP Error 404: Not Found'}
Result: {'error': '<urlopen error [Errno 111] Connection refused>'}
Result: {'error': 'HTTP Error 404: Not Found'}
Result: {'error': 'HTTP Error 404: Not Found'}
Result: {'error': 'HTTP Error 404: Not Found'}
Result: {'error': 'HTTP Error 404: Not Found'}
Result: {'error': 'HTTP Error 404: Not Found'}
Result: {'error': 'HTTP Error 404: Not Found'}
Result: {'error': 'HTTP Error 404: Not Found'}
Result: {'error': 'HTTP Error 404: Not Found'}
Result: {'error': 'HTTP Error 404: Not Found'}
Result: {'error': 'HTTP Error 404: Not Found'}
Result: {'error': 'HTTP Error 404: Not Found'}
Result: {'error': 'HTTP Error 404: Not Found'}
Result: {'error': 'HTTP Error 404: Not Found'}
Result: {'error': 'HTTP Error 404: Not Found'}
Result: {'error': 'HTTP Error 404: Not Found'}
Result: {'error': 'HTTP Error 404: Not Found'}
Result: {'error': 'HTTP Error 404: Not Found'}
Result: {'error': 'HTTP Error 404: Not Found'}
Result: {'error': 'HTTP Error 404: Not Found'}
Result: {'error': 'HTTP Error 404: Not Found'}
Result: {'error': 'HTTP Error 404: Not Found'}
Result: {'error': 'HTTP Error 404: Not Found'}
Result: {'error': 'HTTP Error 404: Not Found'}
Result: {'error': 'HTTP Error 404: Not Found'}
Result: {'error': 'HTTP Error 404: Not Found'}
Result: {'error': 'HTTP Error 404: Not Found'}
Result: {'error': 'HTTP Error 404: Not Found'}
Result: {'error': 'HTTP Error 404: Not Found'}
Result: {'error': 'HTTP Error 404: Not Found'}
Result: {'error': 'HTTP Error 404: Not Found'}
Result: {'error': 'HTTP Error 404: Not Found'}
Result: {'error': 'HTTP Error 404: Not Found'}
Result: {'error': 'HTTP Error 404: Not Found'}
Result: {'error': 'HTTP Error 404: Not Found'}
Result: {'error': 'HTTP Error 404: Not Found'}
Result: {'error': 'HTTP Error 404: Not Found'}
Result: {'error': 'HTTP Error 404: Not Found'}
Result: {'error': 'HTTP Error 404: Not Found'}
Result: {'error': 'HTTP Error 404: Not Found'}
Result: {'error': 'HTTP Error 404: Not Found'}
Result: {'error': 'HTTP Error 404: Not Found'}
