[07:23:10] === heartbeat_runner: 开始 ===
[07:23:10] 运行 quota_guard...
[07:23:10]   ✅ quota_guard: OK
[07:23:10] 运行 quota_monitor...
[07:23:10]   ✅ quota_monitor: OK
[07:23:10] 运行 check_recovery...
[07:23:10]   ✅ check_recovery: OK
[07:23:10] 运行 check_escalation...
[07:23:10]   ✅ check_escalation: OK
[07:23:10] 运行 heartbeat_tasks...
[07:23:10]   ❌ heartbeat_tasks: FAIL
[07:23:10] 运行 diagnose...
[07:23:14] === heartbeat_runner: 开始 ===
[07:23:14] 运行 quota_guard...
[07:23:14]   ✅ quota_guard: OK
[07:23:14] 运行 quota_monitor...
[07:23:14]   ✅ quota_monitor: OK
[07:23:14] 运行 check_recovery...
[07:23:14]   ✅ check_recovery: OK
[07:23:14] 运行 check_escalation...
[07:23:14]   ✅ check_escalation: OK
[07:23:14] 运行 heartbeat_tasks...
[07:23:14]   ❌ heartbeat_tasks: FAIL
[07:23:14] 运行 diagnose...
[07:23:24]   ✅ diagnose: OK
[07:23:24] === heartbeat_runner: 完成 ===
[07:23:29]   ✅ diagnose: OK
[07:23:29] === heartbeat_runner: 完成 ===
[07:53:25] === heartbeat_runner: 开始 ===
[07:53:25] 运行 quota_guard...
[07:53:25]   ✅ quota_guard: OK
[07:53:25] 运行 quota_monitor...
[07:53:26]   ✅ quota_monitor: OK
[07:53:26] 运行 check_recovery...
[07:53:26]   ✅ check_recovery: OK
[07:53:26] 运行 check_escalation...
[07:53:26]   ✅ check_escalation: OK
[07:53:26] 运行 heartbeat_tasks...
[07:53:28]   ✅ heartbeat_tasks: OK
[07:53:28] 运行 diagnose...
[07:53:38]   ✅ diagnose: OK
[07:53:38] === heartbeat_runner: 完成 ===
[08:23:39] === heartbeat_runner: 开始 ===
[08:23:39] 运行 quota_guard...
[08:23:39]   ✅ quota_guard: OK
[08:23:39] 运行 quota_monitor...
[08:23:39]   ✅ quota_monitor: OK
[08:23:39] 运行 check_recovery...
[08:23:40]   ✅ check_recovery: OK
[08:23:40] 运行 check_escalation...
[08:23:40]   ✅ check_escalation: OK
[08:23:40] 运行 heartbeat_tasks...
[08:23:40]   ✅ heartbeat_tasks: OK
[08:23:40] 运行 diagnose...
[08:23:50]   ✅ diagnose: OK
[08:23:50] === heartbeat_runner: 完成 ===
[08:53:52] === heartbeat_runner: 开始 ===
[08:53:52] 运行 quota_guard...
[08:53:52]   ✅ quota_guard: OK
[08:53:52] 运行 quota_monitor...
[08:53:52]   ✅ quota_monitor: OK
[08:53:52] 运行 check_recovery...
[08:53:52]   ✅ check_recovery: OK
[08:53:52] 运行 check_escalation...
[08:53:52]   ✅ check_escalation: OK
[08:53:52] 运行 heartbeat_tasks...
[08:53:52]   ✅ heartbeat_tasks: OK
[08:53:52] 运行 diagnose...
[08:54:13]   ✅ diagnose: OK
[08:54:13] === heartbeat_runner: 完成 ===
[09:24:17] === heartbeat_runner: 开始 ===
[09:24:17] 运行 quota_guard...
[09:24:17]   ✅ quota_guard: OK
[09:24:17] 运行 quota_monitor...
[09:24:17]   ✅ quota_monitor: OK
[09:24:17] 运行 check_recovery...
[09:24:17]   ✅ check_recovery: OK
[09:24:17] 运行 check_escalation...
[09:24:17]   ✅ check_escalation: OK
[09:24:17] 运行 heartbeat_tasks...
[09:24:17]   ✅ heartbeat_tasks: OK
[09:24:17] 运行 diagnose...
[09:24:41]   ✅ diagnose: OK
[09:24:41] === heartbeat_runner: 完成 ===
[09:54:34] === heartbeat_runner: 开始 ===
[09:54:34] 运行 quota_guard...
[09:54:34]   ✅ quota_guard: OK
[09:54:34] 运行 quota_monitor...
[09:54:34]   ✅ quota_monitor: OK
[09:54:34] 运行 check_recovery...
[09:54:34]   ✅ check_recovery: OK
[09:54:34] 运行 check_escalation...
[09:54:34]   ✅ check_escalation: OK
[09:54:34] 运行 heartbeat_tasks...
[09:54:34]   ✅ heartbeat_tasks: OK
[09:54:34] 运行 diagnose...
[09:54:55]   ✅ diagnose: OK
[09:54:55] === heartbeat_runner: 完成 ===
[10:25:02] === heartbeat_runner: 开始 ===
[10:25:02] 运行 quota_guard...
[10:25:02]   ✅ quota_guard: OK
[10:25:02] 运行 quota_monitor...
[10:25:03]   ✅ quota_monitor: OK
[10:25:03] 运行 check_recovery...
[10:25:03]   ✅ check_recovery: OK
[10:25:03] 运行 check_escalation...
[10:25:03]   ✅ check_escalation: OK
[10:25:03] 运行 heartbeat_tasks...
[10:25:03]   ✅ heartbeat_tasks: OK
[10:25:03] 运行 diagnose...
[10:25:26]   ✅ diagnose: OK
[10:25:26] === heartbeat_runner: 完成 ===
[10:55:10] === heartbeat_runner: 开始 ===
[10:55:10] 运行 quota_guard...
[10:55:10]   ✅ quota_guard: OK
[10:55:10] 运行 quota_monitor...
[10:55:10]   ✅ quota_monitor: OK
[10:55:10] 运行 check_recovery...
[10:55:10]   ✅ check_recovery: OK
[10:55:10] 运行 check_escalation...
[10:55:10]   ✅ check_escalation: OK
[10:55:10] 运行 heartbeat_tasks...
[10:55:10]   ✅ heartbeat_tasks: OK
[10:55:10] 运行 diagnose...
[10:55:32]   ✅ diagnose: OK
[10:55:32] === heartbeat_runner: 完成 ===
[11:25:20] === heartbeat_runner: 开始 ===
[11:25:20] 运行 quota_guard...
[11:25:20]   ✅ quota_guard: OK
[11:25:20] 运行 quota_monitor...
[11:25:20]   ✅ quota_monitor: OK
[11:25:20] 运行 check_recovery...
[11:25:21]   ✅ check_recovery: OK
[11:25:21] 运行 check_escalation...
[11:25:21]   ✅ check_escalation: OK
[11:25:21] 运行 heartbeat_tasks...
[11:25:21]   ✅ heartbeat_tasks: OK
[11:25:21] 运行 diagnose...
[11:25:42]   ✅ diagnose: OK
[11:25:42] === heartbeat_runner: 完成 ===
[11:55:29] === heartbeat_runner: 开始 ===
[11:55:29] 运行 quota_guard...
[11:55:29]   ✅ quota_guard: OK
[11:55:29] 运行 quota_monitor...
[11:55:30]   ✅ quota_monitor: OK
[11:55:30] 运行 check_recovery...
[11:55:30]   ✅ check_recovery: OK
[11:55:30] 运行 check_escalation...
[11:55:30]   ✅ check_escalation: OK
[11:55:30] 运行 heartbeat_tasks...
[11:55:30]   ✅ heartbeat_tasks: OK
[11:55:30] 运行 diagnose...
[11:55:55]   ✅ diagnose: OK
[11:55:55] === heartbeat_runner: 完成 ===
[12:25:48] === heartbeat_runner: 开始 ===
[12:25:48] 运行 quota_guard...
[12:25:48]   ✅ quota_guard: OK
[12:25:48] 运行 quota_monitor...
[12:25:49]   ✅ quota_monitor: OK
[12:25:49] 运行 check_recovery...
[12:25:49]   ✅ check_recovery: OK
[12:25:49] 运行 check_escalation...
[12:25:49]   ✅ check_escalation: OK
[12:25:49] 运行 heartbeat_tasks...
[12:25:49]   ✅ heartbeat_tasks: OK
[12:25:49] 运行 diagnose...
[12:26:13]   ✅ diagnose: OK
[12:26:13] === heartbeat_runner: 完成 ===
[12:56:03] === heartbeat_runner: 开始 ===
[12:56:03] 运行 quota_guard...
[12:56:03]   ✅ quota_guard: OK
[12:56:03] 运行 quota_monitor...
[12:56:03]   ✅ quota_monitor: OK
[12:56:03] 运行 check_recovery...
[12:56:03]   ✅ check_recovery: OK
[12:56:03] 运行 check_escalation...
[12:56:03]   ✅ check_escalation: OK
[12:56:03] 运行 heartbeat_tasks...
[12:56:03]   ✅ heartbeat_tasks: OK
[12:56:03] 运行 diagnose...
[12:56:27]   ✅ diagnose: OK
[12:56:27] === heartbeat_runner: 完成 ===
[13:26:30] === heartbeat_runner: 开始 ===
[13:26:30] 运行 quota_guard...
[13:26:30]   ✅ quota_guard: OK
[13:26:30] 运行 quota_monitor...
[13:26:30]   ✅ quota_monitor: OK
[13:26:30] 运行 check_recovery...
[13:26:30]   ✅ check_recovery: OK
[13:26:30] 运行 check_escalation...
[13:26:30]   ✅ check_escalation: OK
[13:26:30] 运行 heartbeat_tasks...
[13:26:31]   ✅ heartbeat_tasks: OK
[13:26:31] 运行 diagnose...
[13:26:50]   ✅ diagnose: OK
[13:26:50] === heartbeat_runner: 完成 ===
[13:56:51] === heartbeat_runner: 开始 ===
[13:56:51] 运行 quota_guard...
[13:56:51]   ✅ quota_guard: OK
[13:56:51] 运行 quota_monitor...
[13:56:51]   ✅ quota_monitor: OK
[13:56:51] 运行 check_recovery...
[13:56:51]   ✅ check_recovery: OK
[13:56:51] 运行 check_escalation...
[13:56:51]   ✅ check_escalation: OK
[13:56:51] 运行 heartbeat_tasks...
[13:56:51]   ✅ heartbeat_tasks: OK
[13:56:51] 运行 diagnose...
[13:57:16]   ✅ diagnose: OK
[13:57:16] === heartbeat_runner: 完成 ===
[14:27:01] === heartbeat_runner: 开始 ===
[14:27:01] 运行 quota_guard...
[14:27:01]   ✅ quota_guard: OK
[14:27:01] 运行 quota_monitor...
[14:27:02]   ✅ quota_monitor: OK
[14:27:02] 运行 check_recovery...
[14:27:02]   ✅ check_recovery: OK
[14:27:02] 运行 check_escalation...
[14:27:02]   ✅ check_escalation: OK
[14:27:02] 运行 heartbeat_tasks...
[14:27:02]   ✅ heartbeat_tasks: OK
[14:27:02] 运行 diagnose...
[14:27:26]   ✅ diagnose: OK
[14:27:26] === heartbeat_runner: 完成 ===
[14:57:06] === heartbeat_runner: 开始 ===
[14:57:06] 运行 quota_guard...
[14:57:06]   ✅ quota_guard: OK
[14:57:06] 运行 quota_monitor...
[14:57:07]   ✅ quota_monitor: OK
[14:57:07] 运行 check_recovery...
[14:57:07]   ✅ check_recovery: OK
[14:57:07] 运行 check_escalation...
[14:57:07]   ✅ check_escalation: OK
[14:57:07] 运行 heartbeat_tasks...
[14:57:07]   ✅ heartbeat_tasks: OK
[14:57:07] 运行 diagnose...
[14:57:34]   ✅ diagnose: OK
[14:57:34] === heartbeat_runner: 完成 ===
[15:27:21] === heartbeat_runner: 开始 ===
[15:27:21] 运行 quota_guard...
[15:27:21]   ✅ quota_guard: OK
[15:27:21] 运行 quota_monitor...
[15:27:21]   ✅ quota_monitor: OK
[15:27:21] 运行 check_recovery...
[15:27:22]   ✅ check_recovery: OK
[15:27:22] 运行 check_escalation...
[15:27:22]   ✅ check_escalation: OK
[15:27:22] 运行 heartbeat_tasks...
[15:27:22]   ✅ heartbeat_tasks: OK
[15:27:22] 运行 diagnose...
[15:27:47]   ✅ diagnose: OK
[15:27:47] === heartbeat_runner: 完成 ===
[15:57:22] === heartbeat_runner: 开始 ===
[15:57:22] 运行 quota_guard...
[15:57:22]   ✅ quota_guard: OK
[15:57:22] 运行 quota_monitor...
[15:57:22]   ✅ quota_monitor: OK
[15:57:22] 运行 check_recovery...
[15:57:22]   ✅ check_recovery: OK
[15:57:22] 运行 check_escalation...
[15:57:22]   ✅ check_escalation: OK
[15:57:22] 运行 heartbeat_tasks...
[15:57:22]   ✅ heartbeat_tasks: OK
[15:57:22] 运行 diagnose...
[15:57:45]   ✅ diagnose: OK
[15:57:45] === heartbeat_runner: 完成 ===
