[07:42:28] ✅ [test_source] token acquired: 7/8 remaining
[07:42:32] ✅ [bench1] token acquired: 6/8 remaining
[07:42:32] ✅ [bench2] token acquired: 5/8 remaining
[07:42:32] ✅ [bench3] token acquired: 4/8 remaining
[07:42:32] ✅ [bench4] token acquired: 3/8 remaining
[07:42:32] ✅ [bench5] token acquired: 2/8 remaining
[07:42:32] ✅ [bench6] token acquired: 1/8 remaining
[07:42:33] ✅ [bench7] token acquired: 0/8 remaining
[07:42:33] 🚫 [bench8] 窗口满: 0 tokens, 等待 295s
[07:42:33] 🚫 [bench9] 窗口满: 0 tokens, 等待 295s
[07:42:37] ⚠️ [test_handler] 速率错误触发冷却 60s: error 794 rate limit
[07:46:29] ✅[test_a] 7/1 | quota=20% | shrink=False
[07:46:29] 🚫[test_b] 窗口满(1/1)，quota=20%，等 290s
[07:46:29] ⚠️ [test_handler] 794 触发 L1 backoff=60s shrink=1窗口 | test 794
[07:53:26] 🔓 cooldown 结束，hold 释放
[07:53:26] 🔄 窗口重置
[07:53:26] ⚠️ tokens 7→2（quota=20%）
[07:53:26] ✅[heartbeat_tasks] 1/2 | quota=20% | shrink=False
[07:55:39] ✅[heartbeat_tasks] 0/2 | quota=20% | shrink=False
[08:03:55] 🔄 窗口重置
[08:03:55] 🚫[task_exec_batch:69] 窗口满(0/2)，quota=20%，等 300s
[08:23:40] 🔄 窗口重置
[08:23:40] 🚫[heartbeat_tasks] 窗口满(0/1)，quota=20%，等 300s
[08:26:01] ⚠️ [main_session] 794 触发 L1 backoff=60s shrink=1窗口 | 1000 rate limit
[08:43:47] 🔓 cooldown 结束，hold 释放
[08:43:47] 🔄 窗口重置
[08:43:47] 🚫[heartbeat_tasks] 窗口满(0/2)，quota=20%，等 300s
[08:47:55] 🔄 窗口重置
[08:47:55] 🚫[task_exec_batch:69] 窗口满(0/2)，quota=20%，等 300s
[08:53:52] 🔄 窗口重置
[08:53:52] 🚫[heartbeat_tasks] 窗口满(0/2)，quota=20%，等 300s
[09:24:17] 🔄 窗口重置
[09:24:17] 🚫[heartbeat_tasks] 窗口满(0/2)，quota=22%，等 300s
[09:30:59] 🔄 窗口重置
[09:30:59] 🚫[task_exec_batch:69] 窗口满(0/2)，quota=22%，等 300s
[09:54:34] 🔄 窗口重置
[09:54:34] 🚫[heartbeat_tasks] 窗口满(0/2)，quota=22%，等 300s
[10:15:53] 🔄 窗口重置
[10:15:53] 🚫[task_exec_batch:69] 窗口满(0/2)，quota=22%，等 300s
[10:25:03] 🔄 窗口重置
[10:25:03] 🚫[heartbeat_tasks] 窗口满(0/2)，quota=22%，等 300s
[10:55:10] 🔄 窗口重置
[10:55:10] 🚫[heartbeat_tasks] 窗口满(0/2)，quota=20%，等 300s
[11:00:57] 🔄 窗口重置
[11:00:57] 🚫[task_exec_batch:69] 窗口满(0/2)，quota=20%，等 300s
[11:25:21] 🔄 窗口重置
[11:25:21] 🚫[heartbeat_tasks] 窗口满(0/1)，quota=19%，等 300s
[11:46:05] 🔄 窗口重置
[11:46:05] 🚫[task_exec_batch:69] 窗口满(0/1)，quota=19%，等 300s
[11:55:30] 🔄 窗口重置
[11:55:30] 🚫[heartbeat_tasks] 窗口满(0/1)，quota=16%，等 300s
[12:22:11] 🔄 窗口重置
[12:22:11] 🚫[heartbeat_tasks] 窗口满(0/1)，quota=16%，等 300s
[12:25:49] 🔄 窗口重置
[12:25:49] 🚫[heartbeat_tasks] 窗口满(0/1)，quota=17%，等 300s
[12:30:19] 🔄 窗口重置
[12:30:19] 🚫[task_exec_batch:69] 窗口满(0/1)，quota=17%，等 300s
[12:56:03] 🔄 窗口重置
[12:56:03] 🚫[heartbeat_tasks] 窗口满(0/1)，quota=19%，等 300s
[13:14:41] 🔄 窗口重置
[13:14:41] 🚫[task_exec_batch:69] 窗口满(0/1)，quota=19%，等 300s
[13:26:31] 🔄 窗口重置
[13:26:31] 🚫[heartbeat_tasks] 窗口满(0/2)，quota=21%，等 300s
[13:56:51] 🔄 窗口重置
[13:56:51] 🚫[heartbeat_tasks] 窗口满(0/2)，quota=22%，等 300s
[14:00:15] 🔄 窗口重置
[14:00:15] 🚫[task_exec_batch:69] 窗口满(0/2)，quota=22%，等 300s
[14:27:02] 🔄 窗口重置
[14:27:02] 🚫[heartbeat_tasks] 窗口满(0/2)，quota=21%，等 300s
[14:45:59] 🔄 窗口重置
[14:45:59] 🚫[task_exec_batch:69] 窗口满(0/2)，quota=21%，等 300s
[14:57:07] 🔄 窗口重置
[14:57:07] 🚫[heartbeat_tasks] 窗口满(0/2)，quota=21%，等 300s
[15:27:22] 🔄 窗口重置
[15:27:22] 🚫[heartbeat_tasks] 窗口满(0/2)，quota=20%，等 300s
[15:30:55] 🔄 窗口重置
[15:30:55] 🚫[task_exec_batch:69] 窗口满(0/2)，quota=20%，等 300s
[15:57:22] 🔄 窗口重置
[15:57:22] 🚫[heartbeat_tasks] 窗口满(0/2)，quota=23%，等 300s
[16:14:57] 🔄 窗口重置
[16:14:57] 🚫[task_exec_batch:69] 窗口满(0/4)，quota=50%，等 300s
[16:54:40] 🔄 窗口重置
[16:54:40] 🚫[task_exec_batch:69] 窗口满(0/4)，quota=50%，等 300s
[17:28:46] 🔄 窗口重置
[17:28:46] 🚫[test] 窗口满(0/4)，quota=50%，等 300s
[17:38:40] 🔄 窗口重置
[17:38:40] 🚫[task_exec_batch:69] 窗口满(0/4)，quota=50%，等 300s
[18:08:25] 🔄 窗口重置
[18:08:25] 🚫[task_exec_batch:69] 窗口满(0/4)，quota=50%，等 300s
[18:10:45] 🔄 窗口重置
[18:10:45] 🚫[task_exec_batch:69] 窗口满(0/4)，quota=50%，等 300s
[18:22:43] 🔄 窗口重置
[18:22:43] 🚫[task_exec_batch:69] 窗口满(0/4)，quota=50%，等 300s
[19:07:05] 🔄 窗口重置
[19:07:05] 🚫[task_exec_batch:69] 窗口满(0/4)，quota=50%，等 300s
[19:52:09] 🔄 窗口重置
[19:52:09] 🚫[task_exec_batch:69] 窗口满(0/4)，quota=50%，等 300s
[20:09:50] 🔄 窗口重置
[20:09:50] 🚫[task_exec_batch:69,236] 窗口满(0/4)，quota=50%，等 300s
[20:37:17] 🔄 窗口重置
[20:37:17] 🚫[task_exec_batch:69,236] 窗口满(0/4)，quota=50%，等 300s
[21:22:06] 🔄 窗口重置
[21:22:06] 🚫[task_exec_batch:69,236] 窗口满(0/4)，quota=50%，等 300s
[22:06:51] 🔄 窗口重置
[22:06:51] 🚫[task_exec_batch:69,236] 窗口满(0/4)，quota=50%，等 300s
[22:51:33] 🔄 窗口重置
[22:51:33] 🚫[task_exec_batch:69,236] 窗口满(0/4)，quota=50%，等 300s
[23:36:21] 🔄 窗口重置
[23:36:21] 🚫[task_exec_batch:69,236] 窗口满(0/4)，quota=50%，等 300s
[00:09:49] 🔄 窗口重置
[00:09:49] 🚫[task_exec_batch:69,236] 窗口满(0/4)，quota=50%，等 300s
[00:21:18] 🔄 窗口重置
[00:21:18] 🚫[task_exec_batch:69,236] 窗口满(0/4)，quota=50%，等 300s
[01:06:24] 🔄 窗口重置
[01:06:24] 🚫[task_exec_batch:69,236] 窗口满(0/4)，quota=50%，等 300s
[01:51:07] 🔄 窗口重置
[01:51:07] 🚫[task_exec_batch:69,236] 窗口满(0/4)，quota=50%，等 300s
[02:09:49] 🔄 窗口重置
[02:09:49] 🚫[task_exec_batch:69,236] 窗口满(0/4)，quota=50%，等 300s
[02:35:08] 🔄 窗口重置
[02:35:08] 🚫[task_exec_batch:69,236] 窗口满(0/4)，quota=50%，等 300s
[03:19:07] 🔄 窗口重置
[03:19:07] 🚫[task_exec_batch:69,236] 窗口满(0/4)，quota=50%，等 300s
[04:03:09] 🔄 窗口重置
[04:03:09] 🚫[task_exec_batch:69,241] 窗口满(0/4)，quota=50%，等 300s
[04:09:52] 🔄 窗口重置
[04:09:52] 🚫[task_exec_batch:69,241] 窗口满(0/4)，quota=50%，等 300s
[04:47:08] 🔄 窗口重置
[04:47:08] 🚫[task_exec_batch:69,244] 窗口满(0/4)，quota=50%，等 300s
[05:30:56] 🔄 窗口重置
[05:30:56] 🚫[task_exec_batch:69,289] 窗口满(0/4)，quota=50%，等 300s
[06:13:37] 🔄 窗口重置
[06:13:37] 🚫[task_exec_batch:69,293] 窗口满(0/4)，quota=50%，等 300s
[06:15:36] 🔄 窗口重置
[06:15:36] 🚫[task_exec_batch:69,293] 窗口满(0/4)，quota=50%，等 300s
[07:00:31] 🔄 窗口重置
[07:00:31] 🚫[task_exec_batch:69,329] 窗口满(0/4)，quota=50%，等 300s
[07:45:46] 🔄 窗口重置
[07:45:46] 🚫[task_exec_batch:69,333] 窗口满(0/4)，quota=50%，等 300s
[08:10:19] 🔄 窗口重置
[08:10:19] 🚫[task_exec_batch:69,376] 窗口满(0/4)，quota=50%，等 300s
[08:31:05] 🔄 窗口重置
[08:31:05] 🚫[task_exec_batch:69,378] 窗口满(0/4)，quota=50%，等 300s
[09:16:43] 🔄 窗口重置
[09:16:43] 🚫[task_exec_batch:69,382] 窗口满(0/4)，quota=50%，等 300s
[10:02:24] 🔄 窗口重置
[10:02:24] 🚫[task_exec_batch:69,413] 窗口满(0/4)，quota=50%，等 300s
[10:47:36] 🔄 窗口重置
[10:47:36] 🚫[task_exec_batch:69,417] 窗口满(0/4)，quota=50%，等 300s
[10:48:18] 🔄 窗口重置
[10:48:18] 🚫[task_exec_batch:69,417] 窗口满(0/4)，quota=50%，等 300s
[10:48:37] 🔄 窗口重置
[10:48:37] 🚫[task_exec_batch:69,417] 窗口满(0/4)，quota=50%，等 300s
[11:09:58] 🔄 窗口重置
[11:09:58] 🚫[task_exec_batch:69,419] 窗口满(0/4)，quota=50%，等 300s
[11:30:15] 🔄 窗口重置
[11:30:15] 🚫[task_exec_batch:69,462] 窗口满(0/4)，quota=50%，等 300s
[11:50:15] 🔄 窗口重置
[11:50:15] 🚫[task_exec_batch:69,464] 窗口满(0/4)，quota=50%，等 300s
[12:10:15] 🔄 窗口重置
[12:10:15] 🚫[task_exec_batch:69,466] 窗口满(0/4)，quota=50%，等 300s
[12:30:14] 🔄 窗口重置
[12:30:14] 🚫[task_exec_batch:69,468] 窗口满(0/4)，quota=50%，等 300s
[12:38:23] 🔄 窗口重置
[12:38:23] 🚫[task_exec_batch:69,468] 窗口满(0/4)，quota=50%，等 300s
[12:50:13] 🔄 窗口重置
[12:50:13] 🚫[task_exec_batch:69,479] 窗口满(0/4)，quota=50%，等 300s
[13:20:13] 🔄 窗口重置
[13:20:13] 🚫[task_exec_batch:69,513] 窗口满(0/4)，quota=50%，等 300s
[13:40:14] 🔄 窗口重置
[13:40:14] 🚫[task_exec_batch:69,515] 窗口满(0/4)，quota=50%，等 300s
[14:00:13] 🔄 窗口重置
[14:00:13] 🚫[task_exec_batch:69,517] 窗口满(0/4)，quota=50%，等 300s
[14:04:04] 🔄 窗口重置
[14:04:04] 🚫[heartbeat_task:69] 窗口满(0/4)，quota=50%，等 300s
[14:05:04] ⚠️ tokens 8→2（quota=24%）
[14:05:04] ✅[heartbeat_task:69] 1/2 | quota=24% | shrink=False
[14:05:07] ✅[heartbeat_task:72] 0/2 | quota=24% | shrink=False
[14:05:10] 🚫[heartbeat_task:73] 窗口满(2/2)，quota=24%，等 290s
[14:05:49] 🚫[heartbeat_task:69] 窗口满(2/2)，quota=24%，等 252s
[14:07:27] ⚠️ tokens 8→2（quota=24%）
[14:07:27] ✅[heartbeat_task:69] 1/2 | quota=24% | shrink=False
[14:07:33] ✅[heartbeat_task:72] 0/2 | quota=24% | shrink=False
[14:07:39] 🚫[heartbeat_task:73] 窗口满(2/2)，quota=24%，等 288s
[14:07:50] ⚠️ tokens 8→2（quota=24%）
[14:07:50] ✅[heartbeat_task:69] 1/2 | quota=24% | shrink=False
[14:07:56] ✅[heartbeat_task:72] 0/2 | quota=24% | shrink=False
[14:08:02] 🚫[heartbeat_task:73] 窗口满(2/2)，quota=24%，等 288s
[14:09:22] 🚫[heartbeat_task:69] 窗口满(2/4)，quota=50%，等 208s
[14:10:51] ⚠️ tokens 8→2（quota=24%）
[14:10:51] ✅[heartbeat_task:69] 1/2 | quota=24% | shrink=False
[14:10:58] ✅[heartbeat_task:72] 0/2 | quota=24% | shrink=False
[14:11:04] 🚫[heartbeat_task:73] 窗口满(2/2)，quota=24%，等 287s
[14:11:04] 🚫[heartbeat_task:69] 窗口满(2/2)，quota=24%，等 287s
[14:12:00] 🚫[heartbeat_task:69] 窗口满(2/4)，quota=50%，等 231s
[14:20:14] 🔄 窗口重置
[14:20:14] 🚫[task_exec_batch:69,519] 窗口满(0/4)，quota=50%，等 300s
[14:40:15] 🔄 窗口重置
[14:40:15] 🚫[task_exec_batch:73,561] 窗口满(0/4)，quota=50%，等 300s
[15:10:17] 🔄 窗口重置
[15:10:17] 🚫[task_exec_batch:73,564] 窗口满(0/4)，quota=50%，等 300s
[15:30:17] 🔄 窗口重置
[15:30:17] 🚫[task_exec_batch:73,566] 窗口满(0/4)，quota=50%，等 300s
[16:26:41] 🔄 窗口重置
[16:26:41] 🚫[task_exec_batch:73,567] 窗口满(0/4)，quota=50%，等 300s
[16:31:02] 🔄 窗口重置
[16:31:02] 🚫[task_exec_batch:73,568] 窗口满(0/4)，quota=50%，等 300s
[16:48:11] 🔄 窗口重置
[16:48:11] 🚫[task_exec_batch:73,569] 窗口满(0/4)，quota=50%，等 300s
[17:10:13] 🔄 窗口重置
[17:10:13] 🚫[task_exec_batch:73,612] 窗口满(0/4)，quota=50%，等 300s
[17:32:27] 🔄 窗口重置
[17:32:27] 🚫[task_exec_batch:73,614] 窗口满(0/4)，quota=50%，等 300s
[17:54:53] 🔄 窗口重置
[17:54:53] 🚫[task_exec_batch:73,616] 窗口满(0/4)，quota=50%，等 300s
[18:17:25] 🔄 窗口重置
[18:17:25] 🚫[task_exec_batch:73,617] 窗口满(0/4)，quota=50%，等 300s
[18:40:01] 🔄 窗口重置
[18:40:01] 🚫[task_exec_batch:73,619] 窗口满(0/4)，quota=50%，等 300s
[19:00:59] 🔄 窗口重置
[19:00:59] 🚫[task_exec_batch:73,661] 窗口满(0/4)，quota=50%，等 300s
[19:20:16] 🔄 窗口重置
[19:20:16] 🚫[task_exec_batch:73,663] 窗口满(0/4)，quota=50%，等 300s
[19:40:18] 🔄 窗口重置
[19:40:18] 🚫[task_exec_batch:73,665] 窗口满(0/4)，quota=50%，等 300s
[20:00:17] 🔄 窗口重置
[20:00:17] 🚫[task_exec_batch:73,667] 窗口满(0/4)，quota=50%，等 300s
[20:03:18] 🔄 窗口重置
[20:03:18] 🚫[task_exec_batch:73,667] 窗口满(0/4)，quota=50%，等 300s
[20:03:19] 🔄 窗口重置
[20:03:19] 🚫[task_exec_batch:73,667] 窗口满(0/4)，quota=50%，等 300s
[20:03:54] 🔄 窗口重置
[20:03:54] 🚫[task_exec_batch:73,667] 窗口满(0/4)，quota=50%，等 300s
[20:14:25] 🔄 窗口重置
[20:14:25] 🚫[task_exec_batch:73,667] 窗口满(0/4)，quota=50%，等 300s
[20:14:50] 🔄 窗口重置
[20:14:50] 🚫[task_exec_batch:73,943,667] 窗口满(0/4)，quota=50%，等 300s
[20:15:13] ⚠️ tokens 8→4（quota=50%）
[20:15:13] ✅[task_exec_batch:73,943,667] 3/4 | quota=50% | shrink=False
[20:15:13] ✅[task_exec:73,943,667] 2/4 | quota=50% | shrink=False
[20:15:28] ✅[task_exec_batch:73,943,667] 1/4 | quota=50% | shrink=False
[20:15:28] ✅[task_exec:73,943,667] 0/4 | quota=50% | shrink=False
[20:16:36] 🚫[task_exec_batch:73,943,667] 窗口满(4/4)，quota=50%，等 211s
[20:17:38] 🚫[task_exec_batch:73,943,667] 窗口满(4/4)，quota=50%，等 148s
[20:18:41] 🚫[task_exec_batch:73,943,667] 窗口满(4/4)，quota=50%，等 86s
[20:19:43] 🚫[task_exec_batch:73,943,667] 窗口满(4/4)，quota=50%，等 23s
[20:20:46] 🔄 窗口重置
[20:20:46] 🚫[task_exec_batch:73,943,667] 窗口满(0/4)，quota=50%，等 300s
[20:21:47] 🔄 窗口重置
[20:21:47] 🚫[task_exec_batch:73,943,667] 窗口满(0/4)，quota=50%，等 300s
[20:22:49] 🔄 窗口重置
[20:22:49] 🚫[task_exec_batch:73,943,667] 窗口满(0/4)，quota=50%，等 300s
[20:23:52] 🔄 窗口重置
[20:23:52] 🚫[task_exec_batch:73,943,667] 窗口满(0/4)，quota=50%，等 300s
[20:24:55] 🔄 窗口重置
[20:24:55] 🚫[task_exec_batch:73,943,667] 窗口满(0/4)，quota=50%，等 300s
[20:25:57] 🔄 窗口重置
[20:25:57] 🚫[task_exec_batch:74,993,668] 窗口满(0/4)，quota=50%，等 300s
[20:27:00] 🔄 窗口重置
[20:27:00] 🚫[task_exec_batch:74,993,668] 窗口满(0/4)，quota=50%，等 300s
[20:28:01] 🔄 窗口重置
[20:28:01] 🚫[task_exec_batch:74,993,668] 窗口满(0/4)，quota=50%，等 300s
[20:29:04] 🔄 窗口重置
[20:29:04] 🚫[task_exec_batch:74,993,668] 窗口满(0/4)，quota=50%，等 300s
[20:30:06] 🔄 窗口重置
[20:30:06] 🚫[task_exec_batch:74,993,668] 窗口满(0/4)，quota=50%，等 300s
[20:30:13] 🔄 窗口重置
[20:30:13] 🚫[task_exec_batch:74,993,668] 窗口满(0/4)，quota=50%，等 300s
[20:31:08] 🔄 窗口重置
[20:31:08] 🚫[task_exec_batch:74,993,668] 窗口满(0/4)，quota=50%，等 300s
[20:32:10] 🔄 窗口重置
[20:32:10] 🚫[task_exec_batch:74,993,668] 窗口满(0/4)，quota=50%，等 300s
[20:33:12] 🔄 窗口重置
[20:33:12] 🚫[task_exec_batch:74,993,668] 窗口满(0/4)，quota=50%，等 300s
[20:34:14] 🔄 窗口重置
[20:34:14] 🚫[task_exec_batch:74,993,668] 窗口满(0/4)，quota=50%，等 300s
[20:35:16] 🔄 窗口重置
[20:35:16] 🚫[task_exec_batch:74,993,668] 窗口满(0/4)，quota=50%，等 300s
[20:36:18] 🔄 窗口重置
[20:36:18] 🚫[task_exec_batch:74,993,668] 窗口满(0/4)，quota=50%，等 300s
[20:37:20] 🔄 窗口重置
[20:37:20] 🚫[task_exec_batch:74,993,668] 窗口满(0/4)，quota=50%，等 300s
[20:38:22] 🔄 窗口重置
[20:38:22] 🚫[task_exec_batch:74,993,668] 窗口满(0/4)，quota=50%，等 300s
[20:39:24] 🔄 窗口重置
[20:39:24] 🚫[task_exec_batch:74,993,668] 窗口满(0/4)，quota=50%，等 300s
[20:40:26] 🔄 窗口重置
[20:40:26] 🚫[task_exec_batch:74,993,668] 窗口满(0/4)，quota=50%，等 300s
[20:41:29] 🔄 窗口重置
[20:41:29] 🚫[task_exec_batch:74,993,668] 窗口满(0/4)，quota=50%，等 300s
[20:42:30] 🔄 窗口重置
[20:42:30] 🚫[task_exec_batch:74,993,668] 窗口满(0/4)，quota=50%，等 300s
[20:43:32] 🔄 窗口重置
[20:43:32] 🚫[task_exec_batch:74,993,668] 窗口满(0/4)，quota=50%，等 300s
[20:44:34] 🔄 窗口重置
[20:44:34] 🚫[task_exec_batch:74,993,668] 窗口满(0/4)，quota=50%，等 300s
[20:45:37] 🔄 窗口重置
[20:45:37] 🚫[task_exec_batch:74,993,668] 窗口满(0/4)，quota=50%，等 300s
[20:46:39] 🔄 窗口重置
[20:46:39] 🚫[task_exec_batch:74,993,668] 窗口满(0/4)，quota=50%，等 300s
[20:47:42] 🔄 窗口重置
[20:47:42] 🚫[task_exec_batch:74,993,668] 窗口满(0/4)，quota=50%，等 300s
[20:48:44] 🔄 窗口重置
[20:48:44] 🚫[task_exec_batch:74,993,668] 窗口满(0/4)，quota=50%，等 300s
[20:49:46] 🔄 窗口重置
[20:49:46] 🚫[task_exec_batch:74,993,668] 窗口满(0/4)，quota=50%，等 300s
[20:50:13] 🔄 窗口重置
[20:50:13] 🚫[task_exec_batch:74,993,668] 窗口满(0/4)，quota=50%，等 300s
[20:50:48] 🔄 窗口重置
[20:50:48] 🚫[task_exec_batch:74,993,668] 窗口满(0/4)，quota=50%，等 300s
[20:51:51] 🔄 窗口重置
[20:51:51] 🚫[task_exec_batch:74,993,668] 窗口满(0/4)，quota=50%，等 300s
[20:52:53] 🔄 窗口重置
[20:52:53] 🚫[task_exec_batch:74,993,668] 窗口满(0/4)，quota=50%，等 300s
[20:53:56] 🔄 窗口重置
[20:53:56] 🚫[task_exec_batch:74,993,668] 窗口满(0/4)，quota=50%，等 300s
[20:54:58] 🔄 窗口重置
[20:54:58] 🚫[task_exec_batch:74,993,668] 窗口满(0/4)，quota=50%，等 300s
[20:56:00] 🔄 窗口重置
[20:56:00] 🚫[task_exec_batch:74,993,668] 窗口满(0/4)，quota=50%，等 300s
[20:57:03] 🔄 窗口重置
[20:57:03] 🚫[task_exec_batch:74,993,668] 窗口满(0/4)，quota=50%，等 300s
[20:58:04] 🔄 窗口重置
[20:58:04] 🚫[task_exec_batch:74,993,668] 窗口满(0/4)，quota=50%，等 300s
[20:59:07] 🔄 窗口重置
[20:59:07] 🚫[task_exec_batch:74,993,668] 窗口满(0/4)，quota=50%，等 300s
[21:00:09] 🔄 窗口重置
[21:00:09] 🚫[task_exec_batch:74,993,668] 窗口满(0/4)，quota=50%，等 300s
[21:01:11] 🔄 窗口重置
[21:01:11] 🚫[task_exec_batch:74,993,668] 窗口满(0/4)，quota=50%，等 300s
[21:02:14] 🔄 窗口重置
[21:02:14] 🚫[task_exec_batch:74,993,668] 窗口满(0/4)，quota=50%，等 300s
[21:03:16] 🔄 窗口重置
[21:03:16] 🚫[task_exec_batch:74,993,668] 窗口满(0/4)，quota=50%，等 300s
[21:04:19] 🔄 窗口重置
[21:04:19] 🚫[task_exec_batch:74,993,668] 窗口满(0/4)，quota=50%，等 300s
[21:05:21] 🔄 窗口重置
[21:05:21] 🚫[task_exec_batch:74,993,668] 窗口满(0/4)，quota=50%，等 300s
[21:06:22] 🔄 窗口重置
[21:06:22] 🚫[task_exec_batch:74,993,668] 窗口满(0/4)，quota=50%，等 300s
[21:07:25] 🔄 窗口重置
[21:07:25] 🚫[task_exec_batch:74,993,668] 窗口满(0/4)，quota=50%，等 300s
[21:08:27] 🔄 窗口重置
[21:08:27] 🚫[task_exec_batch:74,993,668] 窗口满(0/4)，quota=50%，等 300s
[21:09:30] 🔄 窗口重置
[21:09:30] 🚫[task_exec_batch:74,993,668] 窗口满(0/4)，quota=50%，等 300s
[21:10:12] 🔄 窗口重置
[21:10:12] 🚫[task_exec_batch:74,993,668] 窗口满(0/4)，quota=50%，等 300s
[21:10:32] 🔄 窗口重置
[21:10:32] 🚫[task_exec_batch:74,993,668] 窗口满(0/4)，quota=50%，等 300s
[21:11:34] 🔄 窗口重置
[21:11:34] 🚫[task_exec_batch:74,993,668] 窗口满(0/4)，quota=50%，等 300s
[21:12:37] 🔄 窗口重置
[21:12:37] 🚫[task_exec_batch:74,993,668] 窗口满(0/4)，quota=50%，等 300s
[21:13:39] 🔄 窗口重置
[21:13:39] 🚫[task_exec_batch:74,993,668] 窗口满(0/4)，quota=50%，等 300s
[21:14:40] 🔄 窗口重置
[21:14:40] 🚫[task_exec_batch:74,993,668] 窗口满(0/4)，quota=50%，等 300s
[21:15:42] 🔄 窗口重置
[21:15:42] 🚫[task_exec_batch:74,993,668] 窗口满(0/4)，quota=50%，等 300s
[21:16:45] 🔄 窗口重置
[21:16:45] 🚫[task_exec_batch:74,993,668] 窗口满(0/4)，quota=50%，等 300s
[21:17:47] 🔄 窗口重置
[21:17:47] 🚫[task_exec_batch:74,993,668] 窗口满(0/4)，quota=50%，等 300s
[21:18:49] 🔄 窗口重置
[21:18:49] 🚫[task_exec_batch:74,993,668] 窗口满(0/4)，quota=50%，等 300s
[21:19:52] 🔄 窗口重置
[21:19:52] 🚫[task_exec_batch:74,993,668] 窗口满(0/4)，quota=50%，等 300s
[21:20:54] 🔄 窗口重置
[21:20:54] 🚫[task_exec_batch:74,993,668] 窗口满(0/4)，quota=50%，等 300s
[21:21:56] 🔄 窗口重置
[21:21:56] 🚫[task_exec_batch:74,993,668] 窗口满(0/4)，quota=50%，等 300s
[21:22:57] 🔄 窗口重置
[21:22:57] 🚫[task_exec_batch:74,993,668] 窗口满(0/4)，quota=50%，等 300s
[21:23:59] 🔄 窗口重置
[21:23:59] 🚫[task_exec_batch:74,993,668] 窗口满(0/4)，quota=50%，等 300s
[21:25:01] 🔄 窗口重置
[21:25:01] 🚫[task_exec_batch:74,993,668] 窗口满(0/4)，quota=50%，等 300s
[21:26:03] 🔄 窗口重置
[21:26:03] 🚫[task_exec_batch:74,993,668] 窗口满(0/4)，quota=50%，等 300s
[21:27:05] 🔄 窗口重置
[21:27:05] 🚫[task_exec_batch:74,993,668] 窗口满(0/4)，quota=50%，等 300s
[21:28:08] 🔄 窗口重置
[21:28:08] 🚫[task_exec_batch:74,993,668] 窗口满(0/4)，quota=50%，等 300s
[21:29:10] 🔄 窗口重置
[21:29:10] 🚫[task_exec_batch:74,993,668] 窗口满(0/4)，quota=50%，等 300s
[21:30:12] 🔄 窗口重置
[21:30:12] 🚫[task_exec_batch:74,993,668] 窗口满(0/4)，quota=50%，等 300s
[21:30:13] 🔄 窗口重置
[21:30:13] 🚫[task_exec_batch:74,993,668] 窗口满(0/4)，quota=50%，等 300s
[21:31:13] 🔄 窗口重置
[21:31:13] 🚫[task_exec_batch:74,993,668] 窗口满(0/4)，quota=50%，等 300s
[21:32:15] 🔄 窗口重置
[21:32:15] 🚫[task_exec_batch:74,993,668] 窗口满(0/4)，quota=50%，等 300s
[21:33:17] 🔄 窗口重置
[21:33:17] 🚫[task_exec_batch:74,993,668] 窗口满(0/4)，quota=50%，等 300s
[21:34:19] 🔄 窗口重置
[21:34:19] 🚫[task_exec_batch:74,993,668] 窗口满(0/4)，quota=50%，等 300s
[21:35:21] 🔄 窗口重置
[21:35:21] 🚫[task_exec_batch:74,993,668] 窗口满(0/4)，quota=50%，等 300s
[21:36:23] 🔄 窗口重置
[21:36:23] 🚫[task_exec_batch:74,993,668] 窗口满(0/4)，quota=50%，等 300s
[21:37:24] 🔄 窗口重置
[21:37:24] 🚫[task_exec_batch:74,993,668] 窗口满(0/4)，quota=50%，等 300s
[21:38:26] 🔄 窗口重置
[21:38:26] 🚫[task_exec_batch:74,993,668] 窗口满(0/4)，quota=50%，等 300s
[21:39:27] 🔄 窗口重置
[21:39:27] 🚫[task_exec_batch:74,993,668] 窗口满(0/4)，quota=50%，等 300s
[21:40:29] 🔄 窗口重置
[21:40:29] 🚫[task_exec_batch:74,993,668] 窗口满(0/4)，quota=50%，等 300s
[21:41:31] 🔄 窗口重置
[21:41:31] 🚫[task_exec_batch:74,993,668] 窗口满(0/4)，quota=50%，等 300s
[21:42:33] 🔄 窗口重置
[21:42:33] 🚫[task_exec_batch:74,993,668] 窗口满(0/4)，quota=50%，等 300s
[21:43:35] 🔄 窗口重置
[21:43:35] 🚫[task_exec_batch:74,993,668] 窗口满(0/4)，quota=50%，等 300s
[21:44:37] 🔄 窗口重置
[21:44:37] 🚫[task_exec_batch:74,993,668] 窗口满(0/4)，quota=50%，等 300s
[21:45:39] 🔄 窗口重置
[21:45:39] 🚫[task_exec_batch:74,993,668] 窗口满(0/4)，quota=50%，等 300s
[21:46:41] 🔄 窗口重置
[21:46:41] 🚫[task_exec_batch:74,993,668] 窗口满(0/4)，quota=50%，等 300s
[21:47:42] 🔄 窗口重置
[21:47:42] 🚫[task_exec_batch:74,993,668] 窗口满(0/4)，quota=50%，等 300s
[21:48:44] 🔄 窗口重置
[21:48:44] 🚫[task_exec_batch:74,993,668] 窗口满(0/4)，quota=50%，等 300s
[21:49:46] 🔄 窗口重置
[21:49:46] 🚫[task_exec_batch:74,993,668] 窗口满(0/4)，quota=50%，等 300s
[21:50:25] 🔄 窗口重置
[21:50:25] 🚫[task_exec_batch:74,993,668] 窗口满(0/4)，quota=50%，等 300s
[21:50:48] 🔄 窗口重置
[21:50:48] 🚫[task_exec_batch:74,993,668] 窗口满(0/4)，quota=50%，等 300s
[21:51:49] 🔄 窗口重置
[21:51:49] 🚫[task_exec_batch:74,993,668] 窗口满(0/4)，quota=50%，等 300s
[21:52:51] 🔄 窗口重置
[21:52:51] 🚫[task_exec_batch:74,993,668] 窗口满(0/4)，quota=50%，等 300s
[21:53:53] 🔄 窗口重置
[21:53:53] 🚫[task_exec_batch:74,993,668] 窗口满(0/4)，quota=50%，等 300s
[21:54:55] 🔄 窗口重置
[21:54:55] 🚫[task_exec_batch:74,993,668] 窗口满(0/4)，quota=50%，等 300s
[21:55:57] 🔄 窗口重置
[21:55:57] 🚫[task_exec_batch:74,993,668] 窗口满(0/4)，quota=50%，等 300s
[21:56:58] 🔄 窗口重置
[21:56:58] 🚫[task_exec_batch:74,993,668] 窗口满(0/4)，quota=50%，等 300s
[21:58:00] 🔄 窗口重置
[21:58:00] 🚫[task_exec_batch:74,993,668] 窗口满(0/4)，quota=50%，等 300s
[21:59:02] 🔄 窗口重置
[21:59:02] 🚫[task_exec_batch:74,993,668] 窗口满(0/4)，quota=50%，等 300s
[22:00:03] 🔄 窗口重置
[22:00:03] 🚫[task_exec_batch:74,993,668] 窗口满(0/4)，quota=50%，等 300s
[22:01:05] 🔄 窗口重置
[22:01:05] 🚫[task_exec_batch:74,993,668] 窗口满(0/4)，quota=50%，等 300s
[22:02:07] 🔄 窗口重置
[22:02:07] 🚫[task_exec_batch:74,993,668] 窗口满(0/4)，quota=50%，等 300s
[22:03:09] 🔄 窗口重置
[22:03:09] 🚫[task_exec_batch:74,993,668] 窗口满(0/4)，quota=50%，等 300s
[22:04:10] 🔄 窗口重置
[22:04:10] 🚫[task_exec_batch:74,993,668] 窗口满(0/4)，quota=50%，等 300s
[22:05:12] 🔄 窗口重置
[22:05:12] 🚫[task_exec_batch:74,993,668] 窗口满(0/4)，quota=50%，等 300s
[22:06:14] 🔄 窗口重置
[22:06:14] 🚫[task_exec_batch:74,993,668] 窗口满(0/4)，quota=50%，等 300s
[22:07:16] 🔄 窗口重置
[22:07:16] 🚫[task_exec_batch:74,993,668] 窗口满(0/4)，quota=50%，等 300s
[22:08:17] 🔄 窗口重置
[22:08:17] 🚫[task_exec_batch:74,993,668] 窗口满(0/4)，quota=50%，等 300s
[22:09:19] 🔄 窗口重置
[22:09:19] 🚫[task_exec_batch:74,993,668] 窗口满(0/4)，quota=50%，等 300s
[22:10:21] 🔄 窗口重置
[22:10:21] 🚫[task_exec_batch:74,993,668] 窗口满(0/4)，quota=50%，等 300s
[22:11:22] 🔄 窗口重置
[22:11:22] 🚫[task_exec_batch:74,993,668] 窗口满(0/4)，quota=50%，等 300s
[22:12:24] 🔄 窗口重置
[22:12:24] 🚫[task_exec_batch:74,993,668] 窗口满(0/4)，quota=50%，等 300s
[22:12:51] 🔄 窗口重置
[22:12:51] 🚫[task_exec_batch:74,993,668] 窗口满(0/4)，quota=50%，等 300s
[22:13:26] 🔄 窗口重置
[22:13:26] 🚫[task_exec_batch:74,993,668] 窗口满(0/4)，quota=50%，等 300s
[22:14:28] 🔄 窗口重置
[22:14:28] 🚫[task_exec_batch:74,993,668] 窗口满(0/4)，quota=50%，等 300s
[22:15:29] 🔄 窗口重置
[22:15:29] 🚫[task_exec_batch:74,993,668] 窗口满(0/4)，quota=50%，等 300s
[22:16:31] 🔄 窗口重置
[22:16:31] 🚫[task_exec_batch:74,993,668] 窗口满(0/4)，quota=50%，等 300s
[22:17:32] 🔄 窗口重置
[22:17:32] 🚫[task_exec_batch:74,993,668] 窗口满(0/4)，quota=50%，等 300s
[22:18:34] 🔄 窗口重置
[22:18:34] 🚫[task_exec_batch:74,993,668] 窗口满(0/4)，quota=50%，等 300s
[22:19:36] 🔄 窗口重置
[22:19:36] 🚫[task_exec_batch:74,993,668] 窗口满(0/4)，quota=50%，等 300s
[22:20:38] 🔄 窗口重置
[22:20:38] 🚫[task_exec_batch:74,993,668] 窗口满(0/4)，quota=50%，等 300s
[22:21:39] 🔄 窗口重置
[22:21:39] 🚫[task_exec_batch:74,993,668] 窗口满(0/4)，quota=50%，等 300s
[22:22:41] 🔄 窗口重置
[22:22:41] 🚫[task_exec_batch:74,993,668] 窗口满(0/4)，quota=50%，等 300s
[22:23:43] 🔄 窗口重置
[22:23:43] 🚫[task_exec_batch:74,993,668] 窗口满(0/4)，quota=50%，等 300s
[22:24:44] 🔄 窗口重置
[22:24:44] 🚫[task_exec_batch:74,993,668] 窗口满(0/4)，quota=50%，等 300s
[22:25:46] 🔄 窗口重置
[22:25:46] 🚫[task_exec_batch:74,993,668] 窗口满(0/4)，quota=50%，等 300s
[22:26:47] 🔄 窗口重置
[22:26:47] 🚫[task_exec_batch:74,993,668] 窗口满(0/4)，quota=50%，等 300s
[22:27:49] 🔄 窗口重置
[22:27:49] 🚫[task_exec_batch:74,993,668] 窗口满(0/4)，quota=50%，等 300s
[22:28:51] 🔄 窗口重置
[22:28:51] 🚫[task_exec_batch:74,993,668] 窗口满(0/4)，quota=50%，等 300s
[22:29:53] 🔄 窗口重置
[22:29:53] 🚫[task_exec_batch:74,993,668] 窗口满(0/4)，quota=50%，等 300s
[22:30:54] 🔄 窗口重置
[22:30:54] 🚫[task_exec_batch:74,993,668] 窗口满(0/4)，quota=50%，等 300s
[22:31:56] 🔄 窗口重置
[22:31:56] 🚫[task_exec_batch:74,993,668] 窗口满(0/4)，quota=50%，等 300s
[22:32:57] 🔄 窗口重置
[22:32:57] 🚫[task_exec_batch:74,993,668] 窗口满(0/4)，quota=50%，等 300s
[22:33:59] 🔄 窗口重置
[22:33:59] 🚫[task_exec_batch:74,993,668] 窗口满(0/4)，quota=50%，等 300s
[22:35:01] 🔄 窗口重置
[22:35:01] 🚫[task_exec_batch:74,993,668] 窗口满(0/4)，quota=50%，等 300s
[22:35:12] 🔄 窗口重置
[22:35:12] 🚫[task_exec_batch:74,993,668] 窗口满(0/4)，quota=50%，等 300s
[22:36:03] 🔄 窗口重置
[22:36:03] 🚫[task_exec_batch:74,993,668] 窗口满(0/4)，quota=50%，等 300s
[22:37:04] 🔄 窗口重置
[22:37:04] 🚫[task_exec_batch:74,993,668] 窗口满(0/4)，quota=50%，等 300s
[22:38:06] 🔄 窗口重置
[22:38:06] 🚫[task_exec_batch:74,993,668] 窗口满(0/4)，quota=50%，等 300s
[22:39:08] 🔄 窗口重置
[22:39:08] 🚫[task_exec_batch:74,993,668] 窗口满(0/4)，quota=50%，等 300s
[22:40:09] 🔄 窗口重置
[22:40:09] 🚫[task_exec_batch:74,993,668] 窗口满(0/4)，quota=50%，等 300s
[22:41:10] 🔄 窗口重置
[22:41:10] 🚫[task_exec_batch:74,993,668] 窗口满(0/4)，quota=50%，等 300s
[22:42:12] 🔄 窗口重置
[22:42:12] 🚫[task_exec_batch:74,993,668] 窗口满(0/4)，quota=50%，等 300s
[22:43:14] 🔄 窗口重置
[22:43:14] 🚫[task_exec_batch:74,993,668] 窗口满(0/4)，quota=50%，等 300s
[22:44:15] 🔄 窗口重置
[22:44:15] 🚫[task_exec_batch:74,993,668] 窗口满(0/4)，quota=50%，等 300s
[22:45:16] 🔄 窗口重置
[22:45:16] 🚫[task_exec_batch:74,993,668] 窗口满(0/4)，quota=50%，等 300s
[22:46:17] 🔄 窗口重置
[22:46:17] 🚫[task_exec_batch:74,993,668] 窗口满(0/4)，quota=50%，等 300s
[22:47:17] 🔄 窗口重置
[22:47:17] 🚫[task_exec_batch:74,993,668] 窗口满(0/4)，quota=50%，等 300s
[22:48:18] 🔄 窗口重置
[22:48:18] 🚫[task_exec_batch:74,993,668] 窗口满(0/4)，quota=50%，等 300s
[22:49:19] 🔄 窗口重置
[22:49:19] 🚫[task_exec_batch:74,993,668] 窗口满(0/4)，quota=50%，等 300s
[22:50:19] 🔄 窗口重置
[22:50:19] 🚫[task_exec_batch:74,993,668] 窗口满(0/4)，quota=50%，等 300s
[22:51:20] 🔄 窗口重置
[22:51:20] 🚫[task_exec_batch:74,993,668] 窗口满(0/4)，quota=50%，等 300s
[22:52:21] 🔄 窗口重置
[22:52:21] 🚫[task_exec_batch:74,993,668] 窗口满(0/4)，quota=50%，等 300s
[22:53:22] 🔄 窗口重置
[22:53:22] 🚫[task_exec_batch:74,993,668] 窗口满(0/4)，quota=50%，等 300s
[22:54:22] 🔄 窗口重置
[22:54:22] 🚫[task_exec_batch:74,993,668] 窗口满(0/4)，quota=50%，等 300s
[22:55:23] 🔄 窗口重置
[22:55:23] 🚫[task_exec_batch:74,993,668] 窗口满(0/4)，quota=50%，等 300s
[22:56:24] 🔄 窗口重置
[22:56:24] 🚫[task_exec_batch:74,993,668] 窗口满(0/4)，quota=50%，等 300s
[22:57:22] 🔄 窗口重置
[22:57:22] 🚫[task_exec_batch:74,993,668] 窗口满(0/4)，quota=50%，等 300s
[22:57:25] 🔄 窗口重置
[22:57:25] 🚫[task_exec_batch:74,993,668] 窗口满(0/4)，quota=50%，等 300s
[22:58:26] 🔄 窗口重置
[22:58:26] 🚫[task_exec_batch:74,993,668] 窗口满(0/4)，quota=50%，等 300s
[22:59:27] 🔄 窗口重置
[22:59:27] 🚫[task_exec_batch:74,993,668] 窗口满(0/4)，quota=50%，等 300s
[23:00:29] 🔄 窗口重置
[23:00:29] 🚫[task_exec_batch:74,993,668] 窗口满(0/4)，quota=50%，等 300s
[23:01:00] 🔄 窗口重置
[23:01:00] 🚫[task_exec_batch:74,993,668] 窗口满(0/4)，quota=50%，等 300s
[23:02:01] 🔄 窗口重置
[23:02:01] 🚫[task_exec_batch:74,993,668] 窗口满(0/4)，quota=50%，等 300s
[23:03:02] 🔄 窗口重置
[23:03:02] 🚫[task_exec_batch:74,993,668] 窗口满(0/4)，quota=50%，等 300s
[23:04:03] 🔄 窗口重置
[23:04:03] 🚫[task_exec_batch:74,993,668] 窗口满(0/4)，quota=50%，等 300s
[23:05:04] 🔄 窗口重置
[23:05:04] 🚫[task_exec_batch:74,993,668] 窗口满(0/4)，quota=50%，等 300s
[23:06:06] 🔄 窗口重置
[23:06:06] 🚫[task_exec_batch:74,993,668] 窗口满(0/4)，quota=50%，等 300s
[23:07:07] 🔄 窗口重置
[23:07:07] 🚫[task_exec_batch:74,993,668] 窗口满(0/4)，quota=50%，等 300s
[23:08:09] 🔄 窗口重置
[23:08:09] 🚫[task_exec_batch:74,993,668] 窗口满(0/4)，quota=50%，等 300s
[23:09:11] 🔄 窗口重置
[23:09:11] 🚫[task_exec_batch:74,993,668] 窗口满(0/4)，quota=50%，等 300s
[23:10:13] 🔄 窗口重置
[23:10:13] 🚫[task_exec_batch:74,993,668] 窗口满(0/4)，quota=50%，等 300s
[23:11:14] 🔄 窗口重置
[23:11:14] 🚫[task_exec_batch:74,993,668] 窗口满(0/4)，quota=50%，等 300s
[23:12:16] 🔄 窗口重置
[23:12:16] 🚫[task_exec_batch:74,993,668] 窗口满(0/4)，quota=50%，等 300s
[23:13:18] 🔄 窗口重置
[23:13:18] 🚫[task_exec_batch:74,993,668] 窗口满(0/4)，quota=50%，等 300s
[23:14:19] 🔄 窗口重置
[23:14:19] 🚫[task_exec_batch:74,993,668] 窗口满(0/4)，quota=50%，等 300s
[23:15:22] 🔄 窗口重置
[23:15:22] 🚫[task_exec_batch:74,993,668] 窗口满(0/4)，quota=50%，等 300s
[23:16:24] 🔄 窗口重置
[23:16:24] 🚫[task_exec_batch:74,993,668] 窗口满(0/4)，quota=50%，等 300s
[23:17:25] 🔄 窗口重置
[23:17:25] 🚫[task_exec_batch:74,993,668] 窗口满(0/4)，quota=50%，等 300s
[23:18:27] 🔄 窗口重置
[23:18:27] 🚫[task_exec_batch:74,993,668] 窗口满(0/4)，quota=50%，等 300s
[23:19:28] 🔄 窗口重置
[23:19:28] 🚫[task_exec_batch:74,993,668] 窗口满(0/4)，quota=50%，等 300s
[23:19:39] 🔄 窗口重置
[23:19:39] 🚫[task_exec_batch:74,993,668] 窗口满(0/4)，quota=50%，等 300s
[23:20:30] 🔄 窗口重置
[23:20:30] 🚫[task_exec_batch:74,993,668] 窗口满(0/4)，quota=50%，等 300s
[23:21:32] 🔄 窗口重置
[23:21:32] 🚫[task_exec_batch:74,993,668] 窗口满(0/4)，quota=50%，等 300s
[23:22:33] 🔄 窗口重置
[23:22:33] 🚫[task_exec_batch:74,993,668] 窗口满(0/4)，quota=50%，等 300s
[23:23:35] 🔄 窗口重置
[23:23:35] 🚫[task_exec_batch:74,993,668] 窗口满(0/4)，quota=50%，等 300s
[23:24:37] 🔄 窗口重置
[23:24:37] 🚫[task_exec_batch:74,993,668] 窗口满(0/4)，quota=50%，等 300s
[23:25:39] 🔄 窗口重置
[23:25:39] 🚫[task_exec_batch:74,993,668] 窗口满(0/4)，quota=50%，等 300s
[23:26:41] 🔄 窗口重置
[23:26:41] 🚫[task_exec_batch:74,993,668] 窗口满(0/4)，quota=50%，等 300s
[23:27:43] 🔄 窗口重置
[23:27:43] 🚫[task_exec_batch:74,993,668] 窗口满(0/4)，quota=50%，等 300s
[23:28:44] 🔄 窗口重置
[23:28:44] 🚫[task_exec_batch:74,993,668] 窗口满(0/4)，quota=50%，等 300s
[23:29:46] 🔄 窗口重置
[23:29:46] 🚫[task_exec_batch:74,993,668] 窗口满(0/4)，quota=50%，等 300s
[23:30:48] 🔄 窗口重置
[23:30:48] 🚫[task_exec_batch:74,993,668] 窗口满(0/4)，quota=50%，等 300s
[23:31:50] 🔄 窗口重置
[23:31:50] 🚫[task_exec_batch:74,993,668] 窗口满(0/4)，quota=50%，等 300s
[23:32:52] 🔄 窗口重置
[23:32:52] 🚫[task_exec_batch:74,993,668] 窗口满(0/4)，quota=50%，等 300s
[23:33:54] 🔄 窗口重置
[23:33:54] 🚫[task_exec_batch:74,993,668] 窗口满(0/4)，quota=50%，等 300s
[23:34:56] 🔄 窗口重置
[23:34:56] 🚫[task_exec_batch:74,993,668] 窗口满(0/4)，quota=50%，等 300s
[23:35:58] 🔄 窗口重置
[23:35:58] 🚫[task_exec_batch:74,993,668] 窗口满(0/4)，quota=50%，等 300s
[23:36:59] 🔄 窗口重置
[23:36:59] 🚫[task_exec_batch:74,993,668] 窗口满(0/4)，quota=50%，等 300s
[23:38:01] 🔄 窗口重置
[23:38:01] 🚫[task_exec_batch:74,993,668] 窗口满(0/4)，quota=50%，等 300s
[23:39:03] 🔄 窗口重置
[23:39:03] 🚫[task_exec_batch:74,993,668] 窗口满(0/4)，quota=50%，等 300s
[23:40:04] 🔄 窗口重置
[23:40:04] 🚫[task_exec_batch:74,993,668] 窗口满(0/4)，quota=50%，等 300s
[23:40:13] 🔄 窗口重置
[23:40:13] 🚫[task_exec_batch:74,993,668] 窗口满(0/4)，quota=50%，等 300s
[23:41:06] 🔄 窗口重置
[23:41:06] 🚫[task_exec_batch:74,993,668] 窗口满(0/4)，quota=50%，等 300s
[23:42:08] 🔄 窗口重置
[23:42:08] 🚫[task_exec_batch:74,993,668] 窗口满(0/4)，quota=50%，等 300s
[23:43:10] 🔄 窗口重置
[23:43:10] 🚫[task_exec_batch:74,993,668] 窗口满(0/4)，quota=50%，等 300s
[23:44:12] 🔄 窗口重置
[23:44:12] 🚫[task_exec_batch:74,993,668] 窗口满(0/4)，quota=50%，等 300s
[23:45:14] 🔄 窗口重置
[23:45:14] 🚫[task_exec_batch:74,993,668] 窗口满(0/4)，quota=50%，等 300s
[23:46:16] 🔄 窗口重置
[23:46:16] 🚫[task_exec_batch:74,993,668] 窗口满(0/4)，quota=50%，等 300s
[23:47:18] 🔄 窗口重置
[23:47:18] 🚫[task_exec_batch:74,993,668] 窗口满(0/4)，quota=50%，等 300s
[23:48:20] 🔄 窗口重置
[23:48:20] 🚫[task_exec_batch:74,993,668] 窗口满(0/4)，quota=50%，等 300s
[23:49:22] 🔄 窗口重置
[23:49:22] 🚫[task_exec_batch:74,993,668] 窗口满(0/4)，quota=50%，等 300s
[23:50:24] 🔄 窗口重置
[23:50:24] 🚫[task_exec_batch:74,993,668] 窗口满(0/4)，quota=50%，等 300s
[23:51:26] 🔄 窗口重置
[23:51:26] 🚫[task_exec_batch:74,993,668] 窗口满(0/4)，quota=50%，等 300s
[23:52:28] 🔄 窗口重置
[23:52:28] 🚫[task_exec_batch:74,993,668] 窗口满(0/4)，quota=50%，等 300s
[23:53:30] 🔄 窗口重置
[23:53:30] 🚫[task_exec_batch:74,993,668] 窗口满(0/4)，quota=50%，等 300s
[23:54:31] 🔄 窗口重置
[23:54:31] 🚫[task_exec_batch:74,993,668] 窗口满(0/4)，quota=50%，等 300s
[23:55:33] 🔄 窗口重置
[23:55:33] 🚫[task_exec_batch:74,993,668] 窗口满(0/4)，quota=50%，等 300s
[23:56:35] 🔄 窗口重置
[23:56:35] 🚫[task_exec_batch:74,993,668] 窗口满(0/4)，quota=50%，等 300s
[23:57:37] 🔄 窗口重置
[23:57:37] 🚫[task_exec_batch:74,993,668] 窗口满(0/4)，quota=50%，等 300s
[23:58:39] 🔄 窗口重置
[23:58:39] 🚫[task_exec_batch:74,993,668] 窗口满(0/4)，quota=50%，等 300s
[23:59:41] 🔄 窗口重置
[23:59:41] 🚫[task_exec_batch:74,993,668] 窗口满(0/4)，quota=50%，等 300s
[00:00:15] 🔄 窗口重置
[00:00:15] 🚫[task_exec_batch:74,993,668] 窗口满(0/4)，quota=50%，等 300s
[00:00:44] 🔄 窗口重置
[00:00:44] 🚫[task_exec_batch:74,993,668] 窗口满(0/4)，quota=50%，等 300s
[00:01:46] 🔄 窗口重置
[00:01:46] 🚫[task_exec_batch:74,993,668] 窗口满(0/4)，quota=50%，等 300s
[00:02:48] 🔄 窗口重置
[00:02:48] 🚫[task_exec_batch:74,993,668] 窗口满(0/4)，quota=50%，等 300s
[00:03:49] 🔄 窗口重置
[00:03:49] 🚫[task_exec_batch:74,993,668] 窗口满(0/4)，quota=50%，等 300s
[00:04:51] 🔄 窗口重置
[00:04:51] 🚫[task_exec_batch:74,993,668] 窗口满(0/4)，quota=50%，等 300s
[00:05:54] 🔄 窗口重置
[00:05:54] 🚫[task_exec_batch:74,993,668] 窗口满(0/4)，quota=50%，等 300s
[00:06:56] 🔄 窗口重置
[00:06:56] 🚫[task_exec_batch:74,993,668] 窗口满(0/4)，quota=50%，等 300s
[00:07:58] 🔄 窗口重置
[00:07:58] 🚫[task_exec_batch:74,993,668] 窗口满(0/4)，quota=50%，等 300s
[00:09:00] 🔄 窗口重置
[00:09:00] 🚫[task_exec_batch:74,993,668] 窗口满(0/4)，quota=50%，等 300s
[00:10:02] 🔄 窗口重置
[00:10:02] 🚫[task_exec_batch:74,993,668] 窗口满(0/4)，quota=50%，等 300s
[00:11:05] 🔄 窗口重置
[00:11:05] 🚫[task_exec_batch:74,993,668] 窗口满(0/4)，quota=50%，等 300s
[00:12:06] 🔄 窗口重置
[00:12:06] 🚫[task_exec_batch:74,993,668] 窗口满(0/4)，quota=50%，等 300s
[00:13:08] 🔄 窗口重置
[00:13:08] 🚫[task_exec_batch:74,993,668] 窗口满(0/4)，quota=50%，等 300s
[00:14:11] 🔄 窗口重置
[00:14:11] 🚫[task_exec_batch:74,993,668] 窗口满(0/4)，quota=50%，等 300s
[00:15:13] 🔄 窗口重置
[00:15:13] 🚫[task_exec_batch:74,993,668] 窗口满(0/4)，quota=50%，等 300s
[00:16:15] 🔄 窗口重置
[00:16:15] 🚫[task_exec_batch:74,993,668] 窗口满(0/4)，quota=50%，等 300s
[00:17:18] 🔄 窗口重置
[00:17:18] 🚫[task_exec_batch:74,993,668] 窗口满(0/4)，quota=50%，等 300s
[00:18:20] 🔄 窗口重置
[00:18:20] 🚫[task_exec_batch:74,993,668] 窗口满(0/4)，quota=50%，等 300s
[00:19:22] 🔄 窗口重置
[00:19:22] 🚫[task_exec_batch:74,993,668] 窗口满(0/4)，quota=50%，等 300s
[00:20:13] 🔄 窗口重置
[00:20:13] 🚫[task_exec_batch:74,993,668] 窗口满(0/4)，quota=50%，等 300s
[00:20:24] 🔄 窗口重置
[00:20:24] 🚫[task_exec_batch:74,993,668] 窗口满(0/4)，quota=50%，等 300s
[00:21:26] 🔄 窗口重置
[00:21:26] 🚫[task_exec_batch:74,993,668] 窗口满(0/4)，quota=50%，等 300s
[00:22:28] 🔄 窗口重置
[00:22:28] 🚫[task_exec_batch:74,993,668] 窗口满(0/4)，quota=50%，等 300s
[00:23:31] 🔄 窗口重置
[00:23:31] 🚫[task_exec_batch:74,993,668] 窗口满(0/4)，quota=50%，等 300s
[00:24:33] 🔄 窗口重置
[00:24:33] 🚫[task_exec_batch:74,993,668] 窗口满(0/4)，quota=50%，等 300s
[00:25:35] 🔄 窗口重置
[00:25:35] 🚫[task_exec_batch:74,993,668] 窗口满(0/4)，quota=50%，等 300s
[00:26:37] 🔄 窗口重置
[00:26:37] 🚫[task_exec_batch:74,993,668] 窗口满(0/4)，quota=50%，等 300s
[00:27:40] 🔄 窗口重置
[00:27:40] 🚫[task_exec_batch:74,993,668] 窗口满(0/4)，quota=50%，等 300s
[00:28:42] 🔄 窗口重置
[00:28:42] 🚫[task_exec_batch:74,993,668] 窗口满(0/4)，quota=50%，等 300s
[00:29:44] 🔄 窗口重置
[00:29:44] 🚫[task_exec_batch:74,993,668] 窗口满(0/4)，quota=50%，等 300s
[00:30:46] 🔄 窗口重置
[00:30:46] 🚫[task_exec_batch:74,993,668] 窗口满(0/4)，quota=50%，等 300s
[00:31:49] 🔄 窗口重置
[00:31:49] 🚫[task_exec_batch:74,993,668] 窗口满(0/4)，quota=50%，等 300s
[00:32:51] 🔄 窗口重置
[00:32:51] 🚫[task_exec_batch:74,993,668] 窗口满(0/4)，quota=50%，等 300s
[00:33:53] 🔄 窗口重置
[00:33:53] 🚫[task_exec_batch:74,993,668] 窗口满(0/4)，quota=50%，等 300s
[00:34:55] 🔄 窗口重置
[00:34:55] 🚫[task_exec_batch:74,993,668] 窗口满(0/4)，quota=50%，等 300s
[00:35:57] 🔄 窗口重置
[00:35:57] 🚫[task_exec_batch:74,993,668] 窗口满(0/4)，quota=50%，等 300s
[00:37:00] 🔄 窗口重置
[00:37:00] 🚫[task_exec_batch:74,993,668] 窗口满(0/4)，quota=50%，等 300s
[00:38:02] 🔄 窗口重置
[00:38:02] 🚫[task_exec_batch:74,993,668] 窗口满(0/4)，quota=50%，等 300s
[00:39:05] 🔄 窗口重置
[00:39:05] 🚫[task_exec_batch:74,993,668] 窗口满(0/4)，quota=50%，等 300s
[00:40:07] 🔄 窗口重置
[00:40:07] 🚫[task_exec_batch:74,993,668] 窗口满(0/4)，quota=50%，等 300s
[00:40:12] 🔄 窗口重置
[00:40:12] 🚫[task_exec_batch:74,993,668] 窗口满(0/4)，quota=50%，等 300s
[00:41:09] 🔄 窗口重置
[00:41:09] 🚫[task_exec_batch:74,993,668] 窗口满(0/4)，quota=50%，等 300s
[00:42:12] 🔄 窗口重置
[00:42:12] 🚫[task_exec_batch:74,993,668] 窗口满(0/4)，quota=50%，等 300s
[00:43:14] 🔄 窗口重置
[00:43:14] 🚫[task_exec_batch:74,993,668] 窗口满(0/4)，quota=50%，等 300s
[00:44:16] 🔄 窗口重置
[00:44:16] 🚫[task_exec_batch:74,993,668] 窗口满(0/4)，quota=50%，等 300s
[00:45:19] 🔄 窗口重置
[00:45:19] 🚫[task_exec_batch:74,993,668] 窗口满(0/4)，quota=50%，等 300s
[00:46:21] 🔄 窗口重置
[00:46:21] 🚫[task_exec_batch:74,993,668] 窗口满(0/4)，quota=50%，等 300s
[00:47:23] 🔄 窗口重置
[00:47:23] 🚫[task_exec_batch:74,993,668] 窗口满(0/4)，quota=50%，等 300s
[00:48:25] 🔄 窗口重置
[00:48:25] 🚫[task_exec_batch:74,993,668] 窗口满(0/4)，quota=50%，等 300s
[00:49:28] 🔄 窗口重置
[00:49:28] 🚫[task_exec_batch:74,993,668] 窗口满(0/4)，quota=50%，等 300s
[00:50:30] 🔄 窗口重置
[00:50:30] 🚫[task_exec_batch:74,993,668] 窗口满(0/4)，quota=50%，等 300s
[00:51:33] 🔄 窗口重置
[00:51:33] 🚫[task_exec_batch:74,993,668] 窗口满(0/4)，quota=50%，等 300s
[00:52:35] 🔄 窗口重置
[00:52:35] 🚫[task_exec_batch:74,993,668] 窗口满(0/4)，quota=50%，等 300s
[00:53:38] 🔄 窗口重置
[00:53:38] 🚫[task_exec_batch:74,993,668] 窗口满(0/4)，quota=50%，等 300s
[00:54:40] 🔄 窗口重置
[00:54:40] 🚫[task_exec_batch:74,993,668] 窗口满(0/4)，quota=50%，等 300s
[00:55:42] 🔄 窗口重置
[00:55:42] 🚫[task_exec_batch:74,993,668] 窗口满(0/4)，quota=50%，等 300s
[00:56:45] 🔄 窗口重置
[00:56:45] 🚫[task_exec_batch:74,993,668] 窗口满(0/4)，quota=50%，等 300s
[00:57:47] 🔄 窗口重置
[00:57:47] 🚫[task_exec_batch:74,993,668] 窗口满(0/4)，quota=50%，等 300s
[00:58:50] 🔄 窗口重置
[00:58:50] 🚫[task_exec_batch:74,993,668] 窗口满(0/4)，quota=50%，等 300s
[00:59:53] 🔄 窗口重置
[00:59:53] 🚫[task_exec_batch:74,993,668] 窗口满(0/4)，quota=50%，等 300s
[01:00:46] 🔄 窗口重置
[01:00:46] 🚫[task_exec_batch:74,993,668] 窗口满(0/4)，quota=50%，等 300s
[01:00:55] 🔄 窗口重置
[01:00:55] 🚫[task_exec_batch:74,993,668] 窗口满(0/4)，quota=50%，等 300s
[01:01:58] 🔄 窗口重置
[01:01:58] 🚫[task_exec_batch:74,993,668] 窗口满(0/4)，quota=50%，等 300s
[01:03:00] 🔄 窗口重置
[01:03:00] 🚫[task_exec_batch:74,993,668] 窗口满(0/4)，quota=50%，等 300s
[01:04:03] 🔄 窗口重置
[01:04:03] 🚫[task_exec_batch:74,993,668] 窗口满(0/4)，quota=50%，等 300s
[01:05:05] 🔄 窗口重置
[01:05:05] 🚫[task_exec_batch:74,993,668] 窗口满(0/4)，quota=50%，等 300s
[01:06:07] 🔄 窗口重置
[01:06:07] 🚫[task_exec_batch:74,993,668] 窗口满(0/4)，quota=50%，等 300s
[01:07:10] 🔄 窗口重置
[01:07:10] 🚫[task_exec_batch:74,993,668] 窗口满(0/4)，quota=50%，等 300s
[01:08:13] 🔄 窗口重置
[01:08:13] 🚫[task_exec_batch:74,993,668] 窗口满(0/4)，quota=50%，等 300s
[01:09:15] 🔄 窗口重置
[01:09:15] 🚫[task_exec_batch:74,993,668] 窗口满(0/4)，quota=50%，等 300s
[01:10:18] 🔄 窗口重置
[01:10:18] 🚫[task_exec_batch:74,993,668] 窗口满(0/4)，quota=50%，等 300s
[01:11:21] 🔄 窗口重置
[01:11:21] 🚫[task_exec_batch:74,993,668] 窗口满(0/4)，quota=50%，等 300s
[01:12:23] 🔄 窗口重置
[01:12:23] 🚫[task_exec_batch:74,993,668] 窗口满(0/4)，quota=50%，等 300s
[01:23:21] 🔄 窗口重置
[01:23:21] ⚠️ tokens 8→4（quota=50%）
[01:23:21] ✅[task_exec_batch:74,993,668] 3/4 | quota=50% | shrink=False
[01:23:21] ✅[task_exec:74,993,668] 2/4 | quota=50% | shrink=False
[02:50:13] 🔄 窗口重置
[02:50:13] ✅[task_exec_batch:1,40,6] 1/4 | quota=50% | shrink=False
[02:50:14] ✅[task_exec:1,40,6] 0/4 | quota=50% | shrink=False
[03:10:13] 🔄 窗口重置
[03:10:13] 🚫[task_exec_batch:2,90,21] 窗口满(0/4)，quota=50%，等 300s
[03:30:13] 🔄 窗口重置
[03:30:13] 🚫[task_exec_batch:2,90,21] 窗口满(0/4)，quota=50%，等 300s
[03:51:22] 🔄 窗口重置
[03:51:22] 🚫[task_exec_batch:2,90,21] 窗口满(0/4)，quota=50%，等 300s
[04:14:19] 🔄 窗口重置
[04:14:19] 🚫[task_exec_batch:2,90,21] 窗口满(0/4)，quota=50%，等 300s
[04:37:11] 🔄 窗口重置
[04:37:11] 🚫[task_exec_batch:2,90,21] 窗口满(0/4)，quota=50%，等 300s
[05:00:14] 🔄 窗口重置
[05:00:14] 🚫[task_exec_batch:2,90,21] 窗口满(0/4)，quota=50%，等 300s
[05:34:42] 🔄 窗口重置
[05:34:42] 🚫[task_exec_batch:2,90,21] 窗口满(0/4)，quota=50%，等 300s
[06:20:18] 🔄 窗口重置
[06:20:18] 🚫[task_exec_batch:2,90,21] 窗口满(0/4)，quota=50%，等 300s
[07:05:23] 🔄 窗口重置
[07:05:23] 🚫[task_exec_batch:2,90,21] 窗口满(0/4)，quota=50%，等 300s
[07:51:51] 🔄 窗口重置
[07:51:51] 🚫[task_exec_batch:2,90,21] 窗口满(0/4)，quota=50%，等 300s
[08:38:42] 🔄 窗口重置
[08:38:42] 🚫[task_exec_batch:2,90,21] 窗口满(0/4)，quota=50%，等 300s
[09:25:41] 🔄 窗口重置
[09:25:41] 🚫[task_exec_batch:2,90,21] 窗口满(0/4)，quota=50%，等 300s
[10:12:32] 🔄 窗口重置
[10:12:32] 🚫[task_exec_batch:2,90,21] 窗口满(0/4)，quota=50%，等 300s
[10:59:11] 🔄 窗口重置
[10:59:11] 🚫[task_exec_batch:2,90,21] 窗口满(0/4)，quota=50%，等 300s
[11:42:30] 🔄 窗口重置
[11:42:30] 🚫[task_exec_batch:2,90,21] 窗口满(0/4)，quota=50%，等 300s
[12:26:31] 🔄 窗口重置
[12:26:31] 🚫[task_exec_batch:2,90,21] 窗口满(0/4)，quota=50%，等 300s
[13:10:39] 🔄 窗口重置
[13:10:39] 🚫[task_exec_batch:2,90,21] 窗口满(0/4)，quota=50%，等 300s
[13:54:56] 🔄 窗口重置
[13:54:56] 🚫[task_exec_batch:2,90,21] 窗口满(0/4)，quota=50%，等 300s
[14:40:01] 🔄 窗口重置
[14:40:01] 🚫[task_exec_batch:2,90,21] 窗口满(0/4)，quota=50%，等 300s
[15:24:56] 🔄 窗口重置
[15:24:56] 🚫[task_exec_batch:2,90,21] 窗口满(0/4)，quota=50%，等 300s
[16:09:42] 🔄 窗口重置
[16:09:42] 🚫[task_exec_batch:2,90,21] 窗口满(0/4)，quota=50%，等 300s
[16:53:45] 🔄 窗口重置
[16:53:45] 🚫[task_exec_batch:2,90,21] 窗口满(0/4)，quota=50%，等 300s
[17:37:47] 🔄 窗口重置
[17:37:47] 🚫[task_exec_batch:2,90,21] 窗口满(0/4)，quota=50%，等 300s
[04:35:18] 🔄 窗口重置
[04:35:18] 🚫[task_exec_batch:2,90,21] 窗口满(0/4)，quota=50%，等 300s
[05:18:50] 🔄 窗口重置
[05:18:50] 🚫[task_exec_batch:2,90,21] 窗口满(0/4)，quota=50%，等 300s
[06:02:50] 🔄 窗口重置
[06:02:50] 🚫[task_exec_batch:2,90,21] 窗口满(0/4)，quota=50%，等 300s
[06:46:50] 🔄 窗口重置
[06:46:50] 🚫[task_exec_batch:2,90,21] 窗口满(0/4)，quota=50%，等 300s
[07:30:50] 🔄 窗口重置
[07:30:50] 🚫[task_exec_batch:2,90,21] 窗口满(0/4)，quota=50%，等 300s
[08:13:32] 🔄 窗口重置
[08:13:32] 🚫[task_exec_batch:2,90,21] 窗口满(0/4)，quota=50%，等 300s
[08:56:53] 🔄 窗口重置
[08:56:53] 🚫[task_exec_batch:2,90,21] 窗口满(0/4)，quota=50%，等 300s
[09:34:55] 🔄 窗口重置
[09:34:55] 🚫[task_exec_batch:2,90,21] 窗口满(0/4)，quota=50%，等 300s
[10:17:44] 🔄 窗口重置
[10:17:44] 🚫[task_exec_batch:2,90,21] 窗口满(0/4)，quota=50%，等 300s
[11:01:12] 🔄 窗口重置
[11:01:12] 🚫[task_exec_batch:2,90,21] 窗口满(0/4)，quota=50%，等 300s
[11:44:41] 🔄 窗口重置
[11:44:41] 🚫[task_exec_batch:2,90,21] 窗口满(0/4)，quota=50%，等 300s
[12:29:13] 🔄 窗口重置
[12:29:13] 🚫[task_exec_batch:2,90,21] 窗口满(0/4)，quota=50%，等 300s
[13:13:06] 🔄 窗口重置
[13:13:06] 🚫[task_exec_batch:2,90,21] 窗口满(0/4)，quota=50%，等 300s
[13:57:42] 🔄 窗口重置
[13:57:43] 🚫[task_exec_batch:2,90,21] 窗口满(0/4)，quota=50%，等 300s
[05:24:02] 🔄 窗口重置
[05:24:02] 🚫[task_exec_batch:2,90,21] 窗口满(0/4)，quota=50%，等 300s
[06:09:11] 🔄 窗口重置
[06:09:11] 🚫[task_exec_batch:2,90,21] 窗口满(0/4)，quota=50%，等 300s
[06:54:39] 🔄 窗口重置
[06:54:39] 🚫[task_exec_batch:2,90,21] 窗口满(0/4)，quota=50%，等 300s
[07:40:08] 🔄 窗口重置
[07:40:08] 🚫[task_exec_batch:2,90,21] 窗口满(0/4)，quota=50%，等 300s
[08:24:03] 🔄 窗口重置
[08:24:03] 🚫[task_exec_batch:2,90,21] 窗口满(0/4)，quota=50%，等 300s
[09:04:25] 🔄 窗口重置
[09:04:25] 🚫[task_exec_batch:2,90,21] 窗口满(0/4)，quota=50%，等 300s
[09:47:57] 🔄 窗口重置
[09:47:57] 🚫[task_exec_batch:2,90,21] 窗口满(0/4)，quota=50%，等 300s
[10:30:56] 🔄 窗口重置
[10:30:56] 🚫[task_exec_batch:2,90,21] 窗口满(0/4)，quota=50%，等 300s
[11:14:37] 🔄 窗口重置
[11:14:37] 🚫[task_exec_batch:2,90,21] 窗口满(0/4)，quota=50%，等 300s
[11:57:39] 🔄 窗口重置
[11:57:39] 🚫[task_exec_batch:2,90,21] 窗口满(0/4)，quota=50%，等 300s
[12:42:09] 🔄 窗口重置
[12:42:09] 🚫[task_exec_batch:2,90,21] 窗口满(0/4)，quota=50%，等 300s
[13:24:57] 🔄 窗口重置
[13:24:57] 🚫[task_exec_batch:2,90,21] 窗口满(0/4)，quota=50%，等 300s
[14:08:38] 🔄 窗口重置
[14:08:38] 🚫[task_exec_batch:2,90,21] 窗口满(0/4)，quota=50%，等 300s
[14:52:41] 🔄 窗口重置
[14:52:41] 🚫[task_exec_batch:2,90,21] 窗口满(0/4)，quota=50%，等 300s
[15:36:41] 🔄 窗口重置
[15:36:41] 🚫[task_exec_batch:2,90,21] 窗口满(0/4)，quota=50%，等 300s
[16:21:07] 🔄 窗口重置
[16:21:07] 🚫[task_exec_batch:2,90,21] 窗口满(0/4)，quota=50%，等 300s
[17:06:38] 🔄 窗口重置
[17:06:38] 🚫[task_exec_batch:2,90,21] 窗口满(0/4)，quota=50%，等 300s
[17:48:40] 🔄 窗口重置
[17:48:40] 🚫[task_exec_batch:2,90,21] 窗口满(0/4)，quota=50%，等 300s
[18:24:06] 🔄 窗口重置
[18:24:06] 🚫[task_exec_batch:2,90,21] 窗口满(0/4)，quota=50%，等 300s
[19:08:06] 🔄 窗口重置
[19:08:06] 🚫[task_exec_batch:2,90,21] 窗口满(0/4)，quota=50%，等 300s
[19:52:08] 🔄 窗口重置
[19:52:08] 🚫[task_exec_batch:2,90,21] 窗口满(0/4)，quota=50%，等 300s
[03:51:50] 🔄 窗口重置
[03:51:50] 🚫[task_exec_batch:2,90,21] 窗口满(0/4)，quota=50%，等 300s
