  File "/home/summer/xuzhi_workspace/task_center/research_loop.py", line 112
    log(f"⚠️ 推送异常: {e}")
IndentationError: unexpected indent
WeChat推送: 成功
13:18:01 === Expert Tracker v3 开始 ===
13:18:01 [engineering] 追踪 10 位TOP专家...
13:18:10 [science] 追踪 10 位TOP专家...
13:18:17 [mind] 追踪 10 位TOP专家...
13:18:22 [philosophy] 追踪 10 位TOP专家...
13:18:26 [intelligence] 追踪 10 位TOP专家...
13:18:30 === 完成: 5 部门, 0 条新发现 ===
[13:20:10] 跳过：上次运行尚未结束
[13:20:27] 跳过：上次运行尚未结束
[13:20:53] === 研究脉冲 ===
[13:20:53] 1. research_loop...
[05:20:53] === 研究循环引擎启动 ===
[05:20:53] force模式：强制综合
[05:20:53] 运行synthesizer...
[05:20:53] ✅ 综合完成，等待research_pulse推送
[05:20:53] ✅ 循环完成: round 5 conf=0.80
[13:20:53] 2. 推送WeChat...
推送: 成功
[13:20:57] === 脉冲完成 ===
