2026-03-25 14:29:13 [heal] === Heal 检查 14:29:13 ===
2026-03-25 14:29:14 [heal] ✅ 红蓝队检查通过
2026-03-25 14:29:14 [heal] Gateway: ✅
none
ratings_err:[Errno 2] No such file or directory: '/home/summer/xuzhi_genesis/centers/mind/society/ratings.json'
2026-03-25 14:29:14 [heal] === 完成 ===
2026-03-25 14:40:27 [heal] === Heal 检查 14:40:27 ===
2026-03-25 14:40:28 [heal] ✅ 红蓝队检查通过
2026-03-25 14:40:28 [heal] Gateway: ✅
none
ratings_unchanged
2026-03-25 14:40:28 [heal] === 完成 ===
2026-03-25 14:40:34 [heal] === Heal 检查 14:40:34 ===
2026-03-25 14:40:35 [heal] ✅ 红蓝队检查通过
2026-03-25 14:40:35 [heal] Gateway: ✅
none
ratings_unchanged
2026-03-25 14:40:35 [heal] === 完成 ===
2026-03-25 14:43:31 [heal] === Heal 检查 14:43:31 ===
2026-03-25 14:43:32 [heal] ✅ 红蓝队检查通过
2026-03-25 14:43:32 [heal] Gateway: ✅
none
ratings_unchanged
2026-03-25 14:43:32 [heal] === 完成 ===
2026-03-25 14:50:32 [heal] === Heal 检查 14:50:32 ===
2026-03-25 14:50:33 [heal] ✅ 红蓝队检查通过
2026-03-25 14:50:33 [heal] Gateway: ✅
none
ratings_unchanged
2026-03-25 14:50:33 [heal] === 完成 ===
2026-03-25 14:59:19 [heal] === Heal 检查 14:59:19 ===
2026-03-25 14:59:20 [heal] ✅ 红蓝队检查通过
2026-03-25 14:59:20 [heal] Gateway: ✅
none
ratings_unchanged
2026-03-25 14:59:20 [heal] === 完成 ===
2026-03-25 14:59:28 [heal] === Heal 检查 14:59:28 ===
2026-03-25 14:59:29 [heal] ✅ 红蓝队检查通过
2026-03-25 14:59:29 [heal] Gateway: ✅
none
ratings_unchanged
2026-03-25 14:59:29 [heal] === 完成 ===
2026-03-25 15:01:13 [heal] === Heal 检查 15:01:13 ===
2026-03-25 15:01:14 [heal] ✅ 红蓝队检查通过
2026-03-25 15:01:14 [heal] Gateway: ✅
none
ratings_unchanged
2026-03-25 15:01:14 [heal] === 完成 ===
2026-03-25 15:09:53 [heal] === Heal 检查 15:09:53 ===
2026-03-25 15:09:55 [heal] ✅ 红蓝队检查通过
2026-03-25 15:09:55 [heal] Gateway: ✅
none
ratings_unchanged
2026-03-25 15:09:55 [heal] === 完成 ===
2026-03-25 15:20:53 [heal] === Heal 检查 15:20:53 ===
2026-03-25 15:20:55 [heal] 🚨 红蓝队触发: T3:Checkpoint卡死40min
2026-03-25 15:20:55 [heal] 🚨 红蓝队升级模式激活
2026-03-25 15:20:55 [heal] Gateway: ✅
none
ratings_unchanged
2026-03-25 15:20:55 [heal] === 完成 ===
2026-03-25 15:31:53 [heal] === Heal 检查 15:31:53 ===
2026-03-25 15:31:55 [heal] 🚨 红蓝队触发: T3:Checkpoint卡死51min
2026-03-25 15:31:55 [heal] 🚨 红蓝队升级模式激活
2026-03-25 15:31:55 [heal] Gateway: ✅
none
ratings_unchanged
2026-03-25 15:31:55 [heal] === 完成 ===
2026-03-25 15:42:53 [heal] === Heal 检查 15:42:53 ===
2026-03-25 15:42:55 [heal] 🚨 红蓝队触发: T3:Checkpoint卡死62min
2026-03-25 15:42:55 [heal] 🚨 红蓝队升级模式激活
2026-03-25 15:42:55 [heal] Gateway: ✅
none
ratings_unchanged
2026-03-25 15:42:55 [heal] === 完成 ===
2026-03-25 15:53:28 [heal] === Heal 检查 15:53:28 ===
2026-03-25 15:53:29 [heal] 🚨 红蓝队触发: T3:Checkpoint卡死73min
2026-03-25 15:53:29 [heal] 🚨 红蓝队升级模式激活
2026-03-25 15:53:29 [heal] Gateway: ✅
none
ratings_unchanged
2026-03-25 15:53:29 [heal] === 完成 ===
2026-03-25 16:03:53 [heal] === Heal 检查 16:03:53 ===
2026-03-25 16:03:55 [heal] 🚨 红蓝队触发: T3:Checkpoint卡死83min
2026-03-25 16:03:55 [heal] 🚨 红蓝队升级模式激活
2026-03-25 16:03:55 [heal] Gateway: ✅
none
ratings_unchanged
2026-03-25 16:03:55 [heal] === 完成 ===
2026-03-25 16:14:53 [heal] === Heal 检查 16:14:53 ===
2026-03-25 16:14:55 [heal] 🚨 红蓝队触发: T3:Checkpoint卡死94min
2026-03-25 16:14:55 [heal] 🚨 红蓝队升级模式激活
2026-03-25 16:14:55 [heal] Gateway: ✅
none
ratings_unchanged
2026-03-25 16:14:55 [heal] === 完成 ===
2026-03-25 16:25:53 [heal] === Heal 检查 16:25:53 ===
2026-03-25 16:25:55 [heal] 🚨 红蓝队触发: T3:Checkpoint卡死105min
2026-03-25 16:25:55 [heal] 🚨 红蓝队升级模式激活
2026-03-25 16:25:55 [heal] Gateway: ✅
none
ratings_unchanged
2026-03-25 16:25:55 [heal] === 完成 ===
2026-03-25 16:36:53 [heal] === Heal 检查 16:36:53 ===
2026-03-25 16:36:55 [heal] 🚨 红蓝队触发: T3:Checkpoint卡死116min
2026-03-25 16:36:55 [heal] 🚨 红蓝队升级模式激活
2026-03-25 16:36:55 [heal] Gateway: ✅
none
ratings_unchanged
2026-03-25 16:36:55 [heal] === 完成 ===
2026-03-25 16:47:53 [heal] === Heal 检查 16:47:53 ===
2026-03-25 16:47:55 [heal] 🚨 红蓝队触发: T3:Checkpoint卡死127min
2026-03-25 16:47:55 [heal] 🚨 红蓝队升级模式激活
2026-03-25 16:47:55 [heal] Gateway: ✅
none
ratings_unchanged
2026-03-25 16:47:55 [heal] === 完成 ===
2026-03-25 16:58:26 [heal] === Heal 检查 16:58:26 ===
2026-03-25 16:58:27 [heal] 🚨 红蓝队触发: T3:Checkpoint卡死138min
2026-03-25 16:58:27 [heal] 🚨 红蓝队升级模式激活
2026-03-25 16:58:27 [heal] Gateway: ✅
none
ratings_unchanged
2026-03-25 16:58:27 [heal] === 完成 ===
2026-03-25 17:08:53 [heal] === Heal 检查 17:08:53 ===
2026-03-25 17:08:55 [heal] 🚨 红蓝队触发: T3:Checkpoint卡死148min
2026-03-25 17:08:55 [heal] 🚨 红蓝队升级模式激活
2026-03-25 17:08:55 [heal] Gateway: ✅
none
ratings_unchanged
2026-03-25 17:08:55 [heal] === 完成 ===
2026-03-25 17:19:53 [heal] === Heal 检查 17:19:53 ===
2026-03-25 17:19:55 [heal] 🚨 红蓝队触发: T3:Checkpoint卡死159min
2026-03-25 17:19:55 [heal] 🚨 红蓝队升级模式激活
2026-03-25 17:19:55 [heal] Gateway: ✅
none
ratings_unchanged
2026-03-25 17:19:55 [heal] === 完成 ===
2026-03-25 17:30:57 [heal] === Heal 检查 17:30:57 ===
2026-03-25 17:30:58 [heal] 🚨 红蓝队触发: T3:Checkpoint卡死170min
2026-03-25 17:30:58 [heal] 🚨 红蓝队升级模式激活
2026-03-25 17:30:58 [heal] Gateway: ✅
none
ratings_unchanged
2026-03-25 17:30:59 [heal] === 完成 ===
2026-03-25 17:42:05 [heal] === Heal 检查 17:42:05 ===
2026-03-25 17:42:06 [heal] 🚨 红蓝队触发: T3:Checkpoint卡死182min
2026-03-25 17:42:06 [heal] 🚨 红蓝队升级模式激活
2026-03-25 17:42:06 [heal] Gateway: ✅
none
ratings_unchanged
2026-03-25 17:42:06 [heal] === 完成 ===
2026-03-25 17:53:16 [heal] === Heal 检查 17:53:16 ===
2026-03-25 17:53:17 [heal] 🚨 红蓝队触发: T3:Checkpoint卡死193min
2026-03-25 17:53:17 [heal] 🚨 红蓝队升级模式激活
2026-03-25 17:53:17 [heal] Gateway: ✅
none
ratings_unchanged
2026-03-25 17:53:17 [heal] === 完成 ===
2026-03-25 18:04:28 [heal] === Heal 检查 18:04:28 ===
2026-03-25 18:04:29 [heal] 🚨 红蓝队触发: T3:Checkpoint卡死204min
2026-03-25 18:04:29 [heal] 🚨 红蓝队升级模式激活
2026-03-25 18:04:29 [heal] Gateway: ✅
none
ratings_unchanged
2026-03-25 18:04:29 [heal] === 完成 ===
