python3: can't open file '/home/summer/.xuzhi_memory/task_executor.py': [Errno 2] No such file or directory
python3: can't open file '/home/summer/xuzhi_workspace/task_center/task_executor.py': [Errno 2] No such file or directory
2026-03-25 14:59:25 [exec] === 任务执行器启动 ===
2026-03-25 14:59:25 [exec] === 任务执行器启动 ===
2026-03-25 14:59:25 [exec] 无待执行任务（等待总数: 0）
2026-03-25 14:59:25 [exec] 无待执行任务（等待总数: 0）
2026-03-25 15:20:55 [exec] === 任务执行器启动 ===
2026-03-25 15:20:55 [exec] === 任务执行器启动 ===
2026-03-25 15:20:55 [exec] 选取 2 个任务（等待总数: 3）
2026-03-25 15:20:55 [exec] 选取 2 个任务（等待总数: 3）
2026-03-25 15:21:01 [exec] ✅ cron execution agent 创建成功: 8be9675f-745d-4034-9c36-f1c8ce88549c
2026-03-25 15:21:01 [exec] ✅ cron execution agent 创建成功: 8be9675f-745d-4034-9c36-f1c8ce88549c
2026-03-25 15:21:01 [exec] === 执行器完成 ===
2026-03-25 15:21:01 [exec] === 执行器完成 ===
2026-03-25 16:03:55 [exec] === 任务执行器启动 ===
2026-03-25 16:03:55 [exec] === 任务执行器启动 ===
2026-03-25 16:03:55 [exec] 选取 1 个任务（等待总数: 1）
2026-03-25 16:03:55 [exec] 选取 1 个任务（等待总数: 1）
2026-03-25 16:03:55 [exec] Rate limiter 禁止批次派发（窗口满或冷却中）
2026-03-25 16:03:55 [exec] Rate limiter 禁止批次派发（窗口满或冷却中）
2026-03-25 16:47:55 [exec] === 任务执行器启动 ===
2026-03-25 16:47:55 [exec] === 任务执行器启动 ===
2026-03-25 16:47:55 [exec] 选取 1 个任务（等待总数: 1）
2026-03-25 16:47:55 [exec] 选取 1 个任务（等待总数: 1）
2026-03-25 16:47:55 [exec] Rate limiter 禁止批次派发（窗口满或冷却中）
2026-03-25 16:47:55 [exec] Rate limiter 禁止批次派发（窗口满或冷却中）
2026-03-25 17:30:59 [exec] === 任务执行器启动 ===
2026-03-25 17:30:59 [exec] === 任务执行器启动 ===
2026-03-25 17:30:59 [exec] 选取 1 个任务（等待总数: 1）
2026-03-25 17:30:59 [exec] 选取 1 个任务（等待总数: 1）
2026-03-25 17:30:59 [exec] Rate limiter 禁止批次派发（窗口满或冷却中）
2026-03-25 17:30:59 [exec] Rate limiter 禁止批次派发（窗口满或冷却中）
2026-03-25 18:15:53 [exec] === 任务执行器启动 ===
2026-03-25 18:15:53 [exec] === 任务执行器启动 ===
2026-03-25 18:15:53 [exec] 选取 1 个任务（等待总数: 1）
2026-03-25 18:15:53 [exec] 选取 1 个任务（等待总数: 1）
2026-03-25 18:15:53 [exec] Rate limiter 禁止批次派发（窗口满或冷却中）
2026-03-25 18:15:53 [exec] Rate limiter 禁止批次派发（窗口满或冷却中）
2026-03-25 19:00:57 [exec] === 任务执行器启动 ===
2026-03-25 19:00:57 [exec] === 任务执行器启动 ===
2026-03-25 19:00:57 [exec] 选取 1 个任务（等待总数: 1）
2026-03-25 19:00:57 [exec] 选取 1 个任务（等待总数: 1）
2026-03-25 19:00:57 [exec] Rate limiter 禁止批次派发（窗口满或冷却中）
2026-03-25 19:00:57 [exec] Rate limiter 禁止批次派发（窗口满或冷却中）
2026-03-25 19:46:04 [exec] === 任务执行器启动 ===
2026-03-25 19:46:04 [exec] === 任务执行器启动 ===
2026-03-25 19:46:04 [exec] 选取 1 个任务（等待总数: 1）
2026-03-25 19:46:04 [exec] 选取 1 个任务（等待总数: 1）
2026-03-25 19:46:05 [exec] Rate limiter 禁止批次派发（窗口满或冷却中）
2026-03-25 19:46:05 [exec] Rate limiter 禁止批次派发（窗口满或冷却中）
2026-03-25 20:30:19 [exec] === 任务执行器启动 ===
2026-03-25 20:30:19 [exec] === 任务执行器启动 ===
2026-03-25 20:30:19 [exec] 选取 1 个任务（等待总数: 1）
2026-03-25 20:30:19 [exec] 选取 1 个任务（等待总数: 1）
2026-03-25 20:30:19 [exec] Rate limiter 禁止批次派发（窗口满或冷却中）
2026-03-25 20:30:19 [exec] Rate limiter 禁止批次派发（窗口满或冷却中）
2026-03-25 21:14:41 [exec] === 任务执行器启动 ===
2026-03-25 21:14:41 [exec] === 任务执行器启动 ===
2026-03-25 21:14:41 [exec] 选取 1 个任务（等待总数: 1）
2026-03-25 21:14:41 [exec] 选取 1 个任务（等待总数: 1）
2026-03-25 21:14:41 [exec] Rate limiter 禁止批次派发（窗口满或冷却中）
2026-03-25 21:14:41 [exec] Rate limiter 禁止批次派发（窗口满或冷却中）
2026-03-25 22:00:15 [exec] === 任务执行器启动 ===
2026-03-25 22:00:15 [exec] === 任务执行器启动 ===
2026-03-25 22:00:15 [exec] 选取 1 个任务（等待总数: 1）
2026-03-25 22:00:15 [exec] 选取 1 个任务（等待总数: 1）
2026-03-25 22:00:15 [exec] Rate limiter 禁止批次派发（窗口满或冷却中）
2026-03-25 22:00:15 [exec] Rate limiter 禁止批次派发（窗口满或冷却中）
2026-03-25 22:45:59 [exec] === 任务执行器启动 ===
2026-03-25 22:45:59 [exec] === 任务执行器启动 ===
2026-03-25 22:45:59 [exec] 选取 1 个任务（等待总数: 1）
2026-03-25 22:45:59 [exec] 选取 1 个任务（等待总数: 1）
2026-03-25 22:45:59 [exec] Rate limiter 禁止批次派发（窗口满或冷却中）
2026-03-25 22:45:59 [exec] Rate limiter 禁止批次派发（窗口满或冷却中）
2026-03-25 23:30:55 [exec] === 任务执行器启动 ===
2026-03-25 23:30:55 [exec] === 任务执行器启动 ===
2026-03-25 23:30:55 [exec] 选取 1 个任务（等待总数: 1）
2026-03-25 23:30:55 [exec] 选取 1 个任务（等待总数: 1）
2026-03-25 23:30:55 [exec] Rate limiter 禁止批次派发（窗口满或冷却中）
2026-03-25 23:30:55 [exec] Rate limiter 禁止批次派发（窗口满或冷却中）
2026-03-26 00:14:57 [exec] === 任务执行器启动 ===
2026-03-26 00:14:57 [exec] === 任务执行器启动 ===
2026-03-26 00:14:57 [exec] 选取 1 个任务（等待总数: 1）
2026-03-26 00:14:57 [exec] 选取 1 个任务（等待总数: 1）
2026-03-26 00:14:57 [exec] Rate limiter 禁止批次派发（窗口满或冷却中）
2026-03-26 00:14:57 [exec] Rate limiter 禁止批次派发（窗口满或冷却中）
2026-03-26 00:54:40 [exec] === 任务执行器启动 ===
2026-03-26 00:54:40 [exec] === 任务执行器启动 ===
2026-03-26 00:54:40 [exec] 选取 1 个任务（等待总数: 1）
2026-03-26 00:54:40 [exec] 选取 1 个任务（等待总数: 1）
2026-03-26 00:54:40 [exec] Rate limiter 禁止批次派发（窗口满或冷却中）
2026-03-26 00:54:40 [exec] Rate limiter 禁止批次派发（窗口满或冷却中）
2026-03-26 01:38:40 [exec] === 任务执行器启动 ===
2026-03-26 01:38:40 [exec] === 任务执行器启动 ===
2026-03-26 01:38:40 [exec] 选取 1 个任务（等待总数: 32）
2026-03-26 01:38:40 [exec] 选取 1 个任务（等待总数: 32）
2026-03-26 01:38:40 [exec] Rate limiter 禁止批次派发（窗口满或冷却中）
2026-03-26 01:38:40 [exec] Rate limiter 禁止批次派发（窗口满或冷却中）
2026-03-26 02:08:25 [exec] === 任务执行器启动 ===
2026-03-26 02:08:25 [exec] 选取 1 个任务（等待总数: 94）
2026-03-26 02:08:25 [exec] Rate limiter 禁止批次派发（窗口满或冷却中）
2026-03-26 02:10:45 [exec] === 任务执行器启动 ===
2026-03-26 02:10:45 [exec] 选取 1 个任务（等待总数: 125）
2026-03-26 02:10:45 [exec] Rate limiter 禁止批次派发（窗口满或冷却中）
2026-03-26 02:22:43 [exec] === 任务执行器启动 ===
2026-03-26 02:22:43 [exec] === 任务执行器启动 ===
2026-03-26 02:22:43 [exec] 选取 1 个任务（等待总数: 125）
2026-03-26 02:22:43 [exec] 选取 1 个任务（等待总数: 125）
2026-03-26 02:22:43 [exec] Rate limiter 禁止批次派发（窗口满或冷却中）
2026-03-26 02:22:43 [exec] Rate limiter 禁止批次派发（窗口满或冷却中）
2026-03-26 03:07:05 [exec] === 任务执行器启动 ===
2026-03-26 03:07:05 [exec] === 任务执行器启动 ===
2026-03-26 03:07:05 [exec] 选取 1 个任务（等待总数: 125）
2026-03-26 03:07:05 [exec] 选取 1 个任务（等待总数: 125）
2026-03-26 03:07:05 [exec] Rate limiter 禁止批次派发（窗口满或冷却中）
2026-03-26 03:07:05 [exec] Rate limiter 禁止批次派发（窗口满或冷却中）
2026-03-26 03:52:09 [exec] === 任务执行器启动 ===
2026-03-26 03:52:09 [exec] === 任务执行器启动 ===
2026-03-26 03:52:09 [exec] 选取 1 个任务（等待总数: 125）
2026-03-26 03:52:09 [exec] 选取 1 个任务（等待总数: 125）
2026-03-26 03:52:09 [exec] Rate limiter 禁止批次派发（窗口满或冷却中）
2026-03-26 03:52:09 [exec] Rate limiter 禁止批次派发（窗口满或冷却中）
2026-03-26 04:09:50 [exec] === 任务执行器启动 ===
2026-03-26 04:09:50 [exec] 选取 2 个任务（等待总数: 174）
2026-03-26 04:09:50 [exec] Rate limiter 禁止批次派发（窗口满或冷却中）
2026-03-26 04:37:17 [exec] === 任务执行器启动 ===
2026-03-26 04:37:17 [exec] === 任务执行器启动 ===
2026-03-26 04:37:17 [exec] 选取 2 个任务（等待总数: 174）
2026-03-26 04:37:17 [exec] 选取 2 个任务（等待总数: 174）
2026-03-26 04:37:17 [exec] Rate limiter 禁止批次派发（窗口满或冷却中）
2026-03-26 04:37:17 [exec] Rate limiter 禁止批次派发（窗口满或冷却中）
2026-03-26 05:22:06 [exec] === 任务执行器启动 ===
2026-03-26 05:22:06 [exec] === 任务执行器启动 ===
2026-03-26 05:22:06 [exec] 选取 2 个任务（等待总数: 174）
2026-03-26 05:22:06 [exec] 选取 2 个任务（等待总数: 174）
2026-03-26 05:22:06 [exec] Rate limiter 禁止批次派发（窗口满或冷却中）
2026-03-26 05:22:06 [exec] Rate limiter 禁止批次派发（窗口满或冷却中）
2026-03-26 06:06:51 [exec] === 任务执行器启动 ===
2026-03-26 06:06:51 [exec] === 任务执行器启动 ===
2026-03-26 06:06:51 [exec] 选取 2 个任务（等待总数: 174）
2026-03-26 06:06:51 [exec] 选取 2 个任务（等待总数: 174）
2026-03-26 06:06:51 [exec] Rate limiter 禁止批次派发（窗口满或冷却中）
2026-03-26 06:06:51 [exec] Rate limiter 禁止批次派发（窗口满或冷却中）
2026-03-26 06:51:33 [exec] === 任务执行器启动 ===
2026-03-26 06:51:33 [exec] === 任务执行器启动 ===
2026-03-26 06:51:33 [exec] 选取 2 个任务（等待总数: 174）
2026-03-26 06:51:33 [exec] 选取 2 个任务（等待总数: 174）
2026-03-26 06:51:33 [exec] Rate limiter 禁止批次派发（窗口满或冷却中）
2026-03-26 06:51:33 [exec] Rate limiter 禁止批次派发（窗口满或冷却中）
2026-03-26 07:36:21 [exec] === 任务执行器启动 ===
2026-03-26 07:36:21 [exec] === 任务执行器启动 ===
2026-03-26 07:36:21 [exec] 选取 2 个任务（等待总数: 174）
2026-03-26 07:36:21 [exec] 选取 2 个任务（等待总数: 174）
2026-03-26 07:36:21 [exec] Rate limiter 禁止批次派发（窗口满或冷却中）
2026-03-26 07:36:21 [exec] Rate limiter 禁止批次派发（窗口满或冷却中）
2026-03-26 08:09:49 [exec] === 任务执行器启动 ===
2026-03-26 08:09:49 [exec] 选取 2 个任务（等待总数: 223）
2026-03-26 08:09:49 [exec] Rate limiter 禁止批次派发（窗口满或冷却中）
2026-03-26 08:21:18 [exec] === 任务执行器启动 ===
2026-03-26 08:21:18 [exec] === 任务执行器启动 ===
2026-03-26 08:21:18 [exec] 选取 2 个任务（等待总数: 223）
2026-03-26 08:21:18 [exec] 选取 2 个任务（等待总数: 223）
2026-03-26 08:21:18 [exec] Rate limiter 禁止批次派发（窗口满或冷却中）
2026-03-26 08:21:18 [exec] Rate limiter 禁止批次派发（窗口满或冷却中）
2026-03-26 09:06:24 [exec] === 任务执行器启动 ===
2026-03-26 09:06:24 [exec] === 任务执行器启动 ===
2026-03-26 09:06:24 [exec] 选取 2 个任务（等待总数: 223）
2026-03-26 09:06:24 [exec] 选取 2 个任务（等待总数: 223）
2026-03-26 09:06:24 [exec] Rate limiter 禁止批次派发（窗口满或冷却中）
2026-03-26 09:06:24 [exec] Rate limiter 禁止批次派发（窗口满或冷却中）
2026-03-26 09:51:07 [exec] === 任务执行器启动 ===
2026-03-26 09:51:07 [exec] === 任务执行器启动 ===
2026-03-26 09:51:07 [exec] 选取 2 个任务（等待总数: 223）
2026-03-26 09:51:07 [exec] 选取 2 个任务（等待总数: 223）
2026-03-26 09:51:07 [exec] Rate limiter 禁止批次派发（窗口满或冷却中）
2026-03-26 09:51:07 [exec] Rate limiter 禁止批次派发（窗口满或冷却中）
2026-03-26 10:09:49 [exec] === 任务执行器启动 ===
2026-03-26 10:09:49 [exec] 选取 2 个任务（等待总数: 273）
2026-03-26 10:09:49 [exec] Rate limiter 禁止批次派发（窗口满或冷却中）
2026-03-26 10:35:07 [exec] === 任务执行器启动 ===
2026-03-26 10:35:07 [exec] === 任务执行器启动 ===
2026-03-26 10:35:07 [exec] 选取 2 个任务（等待总数: 273）
2026-03-26 10:35:07 [exec] 选取 2 个任务（等待总数: 273）
2026-03-26 10:35:08 [exec] Rate limiter 禁止批次派发（窗口满或冷却中）
2026-03-26 10:35:08 [exec] Rate limiter 禁止批次派发（窗口满或冷却中）
2026-03-26 11:19:07 [exec] === 任务执行器启动 ===
2026-03-26 11:19:07 [exec] === 任务执行器启动 ===
2026-03-26 11:19:07 [exec] 选取 2 个任务（等待总数: 273）
2026-03-26 11:19:07 [exec] 选取 2 个任务（等待总数: 273）
2026-03-26 11:19:07 [exec] Rate limiter 禁止批次派发（窗口满或冷却中）
2026-03-26 11:19:07 [exec] Rate limiter 禁止批次派发（窗口满或冷却中）
2026-03-26 12:03:09 [exec] === 任务执行器启动 ===
2026-03-26 12:03:09 [exec] === 任务执行器启动 ===
2026-03-26 12:03:09 [exec] 选取 2 个任务（等待总数: 318）
2026-03-26 12:03:09 [exec] 选取 2 个任务（等待总数: 318）
2026-03-26 12:03:09 [exec] Rate limiter 禁止批次派发（窗口满或冷却中）
2026-03-26 12:03:09 [exec] Rate limiter 禁止批次派发（窗口满或冷却中）
2026-03-26 12:09:52 [exec] === 任务执行器启动 ===
2026-03-26 12:09:52 [exec] 选取 2 个任务（等待总数: 368）
2026-03-26 12:09:52 [exec] Rate limiter 禁止批次派发（窗口满或冷却中）
2026-03-26 12:47:08 [exec] === 任务执行器启动 ===
2026-03-26 12:47:08 [exec] === 任务执行器启动 ===
2026-03-26 12:47:08 [exec] 选取 2 个任务（等待总数: 415）
2026-03-26 12:47:08 [exec] 选取 2 个任务（等待总数: 415）
2026-03-26 12:47:08 [exec] Rate limiter 禁止批次派发（窗口满或冷却中）
2026-03-26 12:47:08 [exec] Rate limiter 禁止批次派发（窗口满或冷却中）
2026-03-26 13:30:56 [exec] === 任务执行器启动 ===
2026-03-26 13:30:56 [exec] === 任务执行器启动 ===
2026-03-26 13:30:56 [exec] 选取 2 个任务（等待总数: 410）
2026-03-26 13:30:56 [exec] 选取 2 个任务（等待总数: 410）
2026-03-26 13:30:56 [exec] Rate limiter 禁止批次派发（窗口满或冷却中）
2026-03-26 13:30:56 [exec] Rate limiter 禁止批次派发（窗口满或冷却中）
2026-03-26 14:13:37 [exec] === 任务执行器启动 ===
2026-03-26 14:13:37 [exec] 选取 2 个任务（等待总数: 456）
2026-03-26 14:13:37 [exec] Rate limiter 禁止批次派发（窗口满或冷却中）
2026-03-26 14:15:36 [exec] === 任务执行器启动 ===
2026-03-26 14:15:36 [exec] === 任务执行器启动 ===
2026-03-26 14:15:36 [exec] 选取 2 个任务（等待总数: 456）
2026-03-26 14:15:36 [exec] 选取 2 个任务（等待总数: 456）
2026-03-26 14:15:36 [exec] Rate limiter 禁止批次派发（窗口满或冷却中）
2026-03-26 14:15:36 [exec] Rate limiter 禁止批次派发（窗口满或冷却中）
2026-03-26 15:00:30 [exec] === 任务执行器启动 ===
2026-03-26 15:00:30 [exec] === 任务执行器启动 ===
2026-03-26 15:00:31 [exec] 选取 2 个任务（等待总数: 451）
2026-03-26 15:00:31 [exec] 选取 2 个任务（等待总数: 451）
2026-03-26 15:00:31 [exec] Rate limiter 禁止批次派发（窗口满或冷却中）
2026-03-26 15:00:31 [exec] Rate limiter 禁止批次派发（窗口满或冷却中）
2026-03-26 15:45:46 [exec] === 任务执行器启动 ===
2026-03-26 15:45:46 [exec] === 任务执行器启动 ===
2026-03-26 15:45:46 [exec] 选取 2 个任务（等待总数: 447）
2026-03-26 15:45:46 [exec] 选取 2 个任务（等待总数: 447）
2026-03-26 15:45:46 [exec] Rate limiter 禁止批次派发（窗口满或冷却中）
2026-03-26 15:45:46 [exec] Rate limiter 禁止批次派发（窗口满或冷却中）
2026-03-26 16:10:19 [exec] === 任务执行器启动 ===
2026-03-26 16:10:19 [exec] 选取 2 个任务（等待总数: 494）
2026-03-26 16:10:19 [exec] Rate limiter 禁止批次派发（窗口满或冷却中）
2026-03-26 16:31:05 [exec] === 任务执行器启动 ===
2026-03-26 16:31:05 [exec] === 任务执行器启动 ===
2026-03-26 16:31:05 [exec] 选取 2 个任务（等待总数: 492）
2026-03-26 16:31:05 [exec] 选取 2 个任务（等待总数: 492）
2026-03-26 16:31:05 [exec] Rate limiter 禁止批次派发（窗口满或冷却中）
2026-03-26 16:31:05 [exec] Rate limiter 禁止批次派发（窗口满或冷却中）
2026-03-26 17:16:43 [exec] === 任务执行器启动 ===
2026-03-26 17:16:43 [exec] === 任务执行器启动 ===
2026-03-26 17:16:43 [exec] 选取 2 个任务（等待总数: 488）
2026-03-26 17:16:43 [exec] 选取 2 个任务（等待总数: 488）
2026-03-26 17:16:43 [exec] Rate limiter 禁止批次派发（窗口满或冷却中）
2026-03-26 17:16:43 [exec] Rate limiter 禁止批次派发（窗口满或冷却中）
2026-03-26 18:02:24 [exec] === 任务执行器启动 ===
2026-03-26 18:02:24 [exec] === 任务执行器启动 ===
2026-03-26 18:02:24 [exec] 选取 2 个任务（等待总数: 483）
2026-03-26 18:02:24 [exec] 选取 2 个任务（等待总数: 483）
2026-03-26 18:02:24 [exec] Rate limiter 禁止批次派发（窗口满或冷却中）
2026-03-26 18:02:24 [exec] Rate limiter 禁止批次派发（窗口满或冷却中）
2026-03-26 18:47:35 [exec] === 任务执行器启动 ===
2026-03-26 18:47:35 [exec] === 任务执行器启动 ===
2026-03-26 18:47:35 [exec] 选取 2 个任务（等待总数: 479）
2026-03-26 18:47:35 [exec] 选取 2 个任务（等待总数: 479）
2026-03-26 18:47:36 [exec] Rate limiter 禁止批次派发（窗口满或冷却中）
2026-03-26 18:47:36 [exec] Rate limiter 禁止批次派发（窗口满或冷却中）
2026-03-26 18:48:18 [exec] === 任务执行器启动 ===
2026-03-26 18:48:18 [exec] 选取 2 个任务（等待总数: 529）
2026-03-26 18:48:18 [exec] Rate limiter 禁止批次派发（窗口满或冷却中）
2026-03-26 18:48:37 [exec] === 任务执行器启动 ===
2026-03-26 18:48:37 [exec] 选取 2 个任务（等待总数: 529）
2026-03-26 18:48:37 [exec] Rate limiter 禁止批次派发（窗口满或冷却中）
2026-03-26 19:09:58 [exec] === 任务执行器启动 ===
2026-03-26 19:09:58 [exec] === 任务执行器启动 ===
2026-03-26 19:09:58 [exec] 选取 2 个任务（等待总数: 527）
2026-03-26 19:09:58 [exec] 选取 2 个任务（等待总数: 527）
2026-03-26 19:09:58 [exec] Rate limiter 禁止批次派发（窗口满或冷却中）
2026-03-26 19:09:58 [exec] Rate limiter 禁止批次派发（窗口满或冷却中）
2026-03-26 19:30:15 [exec] === 任务执行器启动 ===
2026-03-26 19:30:15 [exec] === 任务执行器启动 ===
2026-03-26 19:30:15 [exec] 选取 2 个任务（等待总数: 524）
2026-03-26 19:30:15 [exec] 选取 2 个任务（等待总数: 524）
2026-03-26 19:30:15 [exec] Rate limiter 禁止批次派发（窗口满或冷却中）
2026-03-26 19:30:15 [exec] Rate limiter 禁止批次派发（窗口满或冷却中）
2026-03-26 19:50:15 [exec] === 任务执行器启动 ===
2026-03-26 19:50:15 [exec] === 任务执行器启动 ===
2026-03-26 19:50:15 [exec] 选取 2 个任务（等待总数: 522）
2026-03-26 19:50:15 [exec] 选取 2 个任务（等待总数: 522）
2026-03-26 19:50:15 [exec] Rate limiter 禁止批次派发（窗口满或冷却中）
2026-03-26 19:50:15 [exec] Rate limiter 禁止批次派发（窗口满或冷却中）
2026-03-26 20:10:15 [exec] === 任务执行器启动 ===
2026-03-26 20:10:15 [exec] === 任务执行器启动 ===
2026-03-26 20:10:15 [exec] 选取 2 个任务（等待总数: 520）
2026-03-26 20:10:15 [exec] 选取 2 个任务（等待总数: 520）
2026-03-26 20:10:15 [exec] Rate limiter 禁止批次派发（窗口满或冷却中）
2026-03-26 20:10:15 [exec] Rate limiter 禁止批次派发（窗口满或冷却中）
2026-03-26 20:30:14 [exec] === 任务执行器启动 ===
2026-03-26 20:30:14 [exec] === 任务执行器启动 ===
2026-03-26 20:30:14 [exec] 选取 2 个任务（等待总数: 518）
2026-03-26 20:30:14 [exec] 选取 2 个任务（等待总数: 518）
2026-03-26 20:30:14 [exec] Rate limiter 禁止批次派发（窗口满或冷却中）
2026-03-26 20:30:14 [exec] Rate limiter 禁止批次派发（窗口满或冷却中）
2026-03-26 20:38:23 [exec] === 任务执行器启动 ===
2026-03-26 20:38:23 [exec] 选取 2 个任务（等待总数: 568）
2026-03-26 20:38:23 [exec] Rate limiter 禁止批次派发（窗口满或冷却中）
2026-03-26 20:50:13 [exec] === 任务执行器启动 ===
2026-03-26 20:50:13 [exec] === 任务执行器启动 ===
2026-03-26 20:50:13 [exec] 选取 2 个任务（等待总数: 566）
2026-03-26 20:50:13 [exec] 选取 2 个任务（等待总数: 566）
2026-03-26 20:50:13 [exec] Rate limiter 禁止批次派发（窗口满或冷却中）
2026-03-26 20:50:13 [exec] Rate limiter 禁止批次派发（窗口满或冷却中）
2026-03-26 21:20:13 [exec] === 任务执行器启动 ===
2026-03-26 21:20:13 [exec] === 任务执行器启动 ===
2026-03-26 21:20:13 [exec] 选取 2 个任务（等待总数: 563）
2026-03-26 21:20:13 [exec] 选取 2 个任务（等待总数: 563）
2026-03-26 21:20:13 [exec] Rate limiter 禁止批次派发（窗口满或冷却中）
2026-03-26 21:20:13 [exec] Rate limiter 禁止批次派发（窗口满或冷却中）
2026-03-26 21:40:14 [exec] === 任务执行器启动 ===
2026-03-26 21:40:14 [exec] === 任务执行器启动 ===
2026-03-26 21:40:14 [exec] 选取 2 个任务（等待总数: 561）
2026-03-26 21:40:14 [exec] 选取 2 个任务（等待总数: 561）
2026-03-26 21:40:14 [exec] Rate limiter 禁止批次派发（窗口满或冷却中）
2026-03-26 21:40:14 [exec] Rate limiter 禁止批次派发（窗口满或冷却中）
2026-03-26 22:00:13 [exec] === 任务执行器启动 ===
2026-03-26 22:00:13 [exec] === 任务执行器启动 ===
2026-03-26 22:00:13 [exec] 选取 2 个任务（等待总数: 559）
2026-03-26 22:00:13 [exec] 选取 2 个任务（等待总数: 559）
2026-03-26 22:00:13 [exec] Rate limiter 禁止批次派发（窗口满或冷却中）
2026-03-26 22:00:13 [exec] Rate limiter 禁止批次派发（窗口满或冷却中）
2026-03-26 22:20:14 [exec] === 任务执行器启动 ===
2026-03-26 22:20:14 [exec] === 任务执行器启动 ===
2026-03-26 22:20:14 [exec] 选取 2 个任务（等待总数: 557）
2026-03-26 22:20:14 [exec] 选取 2 个任务（等待总数: 557）
2026-03-26 22:20:14 [exec] Rate limiter 禁止批次派发（窗口满或冷却中）
2026-03-26 22:20:14 [exec] Rate limiter 禁止批次派发（窗口满或冷却中）
2026-03-26 22:40:15 [exec] === 任务执行器启动 ===
2026-03-26 22:40:15 [exec] === 任务执行器启动 ===
2026-03-26 22:40:15 [exec] 选取 2 个任务（等待总数: 553）
2026-03-26 22:40:15 [exec] 选取 2 个任务（等待总数: 553）
2026-03-26 22:40:15 [exec] Rate limiter 禁止批次派发（窗口满或冷却中）
2026-03-26 22:40:15 [exec] Rate limiter 禁止批次派发（窗口满或冷却中）
2026-03-26 23:10:17 [exec] === 任务执行器启动 ===
2026-03-26 23:10:17 [exec] === 任务执行器启动 ===
2026-03-26 23:10:17 [exec] 选取 2 个任务（等待总数: 550）
2026-03-26 23:10:17 [exec] 选取 2 个任务（等待总数: 550）
2026-03-26 23:10:17 [exec] Rate limiter 禁止批次派发（窗口满或冷却中）
2026-03-26 23:10:17 [exec] Rate limiter 禁止批次派发（窗口满或冷却中）
2026-03-26 23:30:17 [exec] === 任务执行器启动 ===
2026-03-26 23:30:17 [exec] === 任务执行器启动 ===
2026-03-26 23:30:17 [exec] 选取 2 个任务（等待总数: 548）
2026-03-26 23:30:17 [exec] 选取 2 个任务（等待总数: 548）
2026-03-26 23:30:17 [exec] Rate limiter 禁止批次派发（窗口满或冷却中）
2026-03-26 23:30:17 [exec] Rate limiter 禁止批次派发（窗口满或冷却中）
2026-03-27 00:26:41 [exec] === 任务执行器启动 ===
2026-03-27 00:26:41 [exec] === 任务执行器启动 ===
2026-03-27 00:26:41 [exec] 选取 2 个任务（等待总数: 547）
2026-03-27 00:26:41 [exec] 选取 2 个任务（等待总数: 547）
2026-03-27 00:26:41 [exec] Rate limiter 禁止批次派发（窗口满或冷却中）
2026-03-27 00:26:41 [exec] Rate limiter 禁止批次派发（窗口满或冷却中）
2026-03-27 00:31:02 [exec] === 任务执行器启动 ===
2026-03-27 00:31:02 [exec] 选取 2 个任务（等待总数: 596）
2026-03-27 00:31:02 [exec] Rate limiter 禁止批次派发（窗口满或冷却中）
2026-03-27 00:48:11 [exec] === 任务执行器启动 ===
2026-03-27 00:48:11 [exec] === 任务执行器启动 ===
2026-03-27 00:48:11 [exec] 选取 2 个任务（等待总数: 595）
2026-03-27 00:48:11 [exec] 选取 2 个任务（等待总数: 595）
2026-03-27 00:48:11 [exec] Rate limiter 禁止批次派发（窗口满或冷却中）
2026-03-27 00:48:11 [exec] Rate limiter 禁止批次派发（窗口满或冷却中）
2026-03-27 01:10:13 [exec] === 任务执行器启动 ===
2026-03-27 01:10:13 [exec] === 任务执行器启动 ===
2026-03-27 01:10:13 [exec] 选取 2 个任务（等待总数: 592）
2026-03-27 01:10:13 [exec] 选取 2 个任务（等待总数: 592）
2026-03-27 01:10:13 [exec] Rate limiter 禁止批次派发（窗口满或冷却中）
2026-03-27 01:10:13 [exec] Rate limiter 禁止批次派发（窗口满或冷却中）
2026-03-27 01:32:27 [exec] === 任务执行器启动 ===
2026-03-27 01:32:27 [exec] === 任务执行器启动 ===
2026-03-27 01:32:27 [exec] 选取 2 个任务（等待总数: 590）
2026-03-27 01:32:27 [exec] 选取 2 个任务（等待总数: 590）
2026-03-27 01:32:27 [exec] Rate limiter 禁止批次派发（窗口满或冷却中）
2026-03-27 01:32:27 [exec] Rate limiter 禁止批次派发（窗口满或冷却中）
2026-03-27 01:54:53 [exec] === 任务执行器启动 ===
2026-03-27 01:54:53 [exec] === 任务执行器启动 ===
2026-03-27 01:54:53 [exec] 选取 2 个任务（等待总数: 588）
2026-03-27 01:54:53 [exec] 选取 2 个任务（等待总数: 588）
2026-03-27 01:54:53 [exec] Rate limiter 禁止批次派发（窗口满或冷却中）
2026-03-27 01:54:53 [exec] Rate limiter 禁止批次派发（窗口满或冷却中）
2026-03-27 02:17:24 [exec] === 任务执行器启动 ===
2026-03-27 02:17:24 [exec] === 任务执行器启动 ===
2026-03-27 02:17:24 [exec] 选取 2 个任务（等待总数: 587）
2026-03-27 02:17:24 [exec] 选取 2 个任务（等待总数: 587）
2026-03-27 02:17:25 [exec] Rate limiter 禁止批次派发（窗口满或冷却中）
2026-03-27 02:17:25 [exec] Rate limiter 禁止批次派发（窗口满或冷却中）
2026-03-27 02:40:01 [exec] === 任务执行器启动 ===
2026-03-27 02:40:01 [exec] === 任务执行器启动 ===
2026-03-27 02:40:01 [exec] 选取 2 个任务（等待总数: 585）
2026-03-27 02:40:01 [exec] 选取 2 个任务（等待总数: 585）
2026-03-27 02:40:01 [exec] Rate limiter 禁止批次派发（窗口满或冷却中）
2026-03-27 02:40:01 [exec] Rate limiter 禁止批次派发（窗口满或冷却中）
2026-03-27 03:00:59 [exec] === 任务执行器启动 ===
2026-03-27 03:00:59 [exec] === 任务执行器启动 ===
2026-03-27 03:00:59 [exec] 选取 2 个任务（等待总数: 582）
2026-03-27 03:00:59 [exec] 选取 2 个任务（等待总数: 582）
2026-03-27 03:00:59 [exec] Rate limiter 禁止批次派发（窗口满或冷却中）
2026-03-27 03:00:59 [exec] Rate limiter 禁止批次派发（窗口满或冷却中）
2026-03-27 03:20:16 [exec] === 任务执行器启动 ===
2026-03-27 03:20:16 [exec] === 任务执行器启动 ===
2026-03-27 03:20:16 [exec] 选取 2 个任务（等待总数: 580）
2026-03-27 03:20:16 [exec] 选取 2 个任务（等待总数: 580）
2026-03-27 03:20:16 [exec] Rate limiter 禁止批次派发（窗口满或冷却中）
2026-03-27 03:20:16 [exec] Rate limiter 禁止批次派发（窗口满或冷却中）
2026-03-27 03:40:18 [exec] === 任务执行器启动 ===
2026-03-27 03:40:18 [exec] === 任务执行器启动 ===
2026-03-27 03:40:18 [exec] 选取 2 个任务（等待总数: 578）
2026-03-27 03:40:18 [exec] 选取 2 个任务（等待总数: 578）
2026-03-27 03:40:18 [exec] Rate limiter 禁止批次派发（窗口满或冷却中）
2026-03-27 03:40:18 [exec] Rate limiter 禁止批次派发（窗口满或冷却中）
2026-03-27 04:00:16 [exec] === 任务执行器启动 ===
2026-03-27 04:00:16 [exec] === 任务执行器启动 ===
2026-03-27 04:00:16 [exec] 选取 2 个任务（等待总数: 576）
2026-03-27 04:00:16 [exec] 选取 2 个任务（等待总数: 576）
2026-03-27 04:00:17 [exec] Rate limiter 禁止批次派发（窗口满或冷却中）
2026-03-27 04:00:17 [exec] Rate limiter 禁止批次派发（窗口满或冷却中）
2026-03-27 04:03:18 [exec] === 任务执行器启动 ===
2026-03-27 04:03:18 [exec] 选取 2 个任务（等待总数: 626）
2026-03-27 04:03:18 [exec] Rate limiter 禁止批次派发（窗口满或冷却中）
2026-03-27 04:03:18 [exec] === 任务执行器启动 ===
2026-03-27 04:03:18 [exec] 选取 2 个任务（等待总数: 626）
2026-03-27 04:03:19 [exec] Rate limiter 禁止批次派发（窗口满或冷却中）
2026-03-27 04:03:54 [exec] === 任务执行器启动 ===
2026-03-27 04:03:54 [exec] 选取 2 个任务（等待总数: 626）
2026-03-27 04:03:54 [exec] Rate limiter 禁止批次派发（窗口满或冷却中）
2026-03-27 04:14:25 [exec] === 任务执行器启动 ===
2026-03-27 04:14:25 [exec] 选取 2 个任务（等待总数: 726）
2026-03-27 04:14:25 [exec] Rate limiter 禁止批次派发（窗口满或冷却中）
2026-03-27 04:14:50 [exec] === 任务执行器启动 ===
2026-03-27 04:14:50 [exec] 选取 3 个任务（等待总数: 776）
2026-03-27 04:14:50 [exec] Rate limiter 禁止批次派发（窗口满或冷却中）
2026-03-27 04:15:13 [exec] === 任务执行器启动 ===
2026-03-27 04:15:13 [exec] 选取 3 个任务（等待总数: 776）
2026-03-27 04:15:18 [exec] ✅ cron execution agent 创建成功: 3143c159-f916-43b1-9453-1cf4c8e6ff4a
2026-03-27 04:15:18 [exec] === 执行器完成 ===
2026-03-27 04:15:28 [exec] === 任务执行器启动 ===
2026-03-27 04:15:28 [exec] 选取 3 个任务（等待总数: 826）
2026-03-27 04:15:33 [exec] ✅ cron execution agent 创建成功: a93c55cc-e83a-4335-8cec-d8bac89acd4d
2026-03-27 04:15:33 [exec] === 执行器完成 ===
2026-03-27 04:16:36 [exec] === 任务执行器启动 ===
2026-03-27 04:16:36 [exec] 选取 3 个任务（等待总数: 876）
2026-03-27 04:16:36 [exec] Rate limiter 禁止批次派发（窗口满或冷却中）
2026-03-27 04:17:38 [exec] === 任务执行器启动 ===
2026-03-27 04:17:38 [exec] 选取 3 个任务（等待总数: 926）
2026-03-27 04:17:38 [exec] Rate limiter 禁止批次派发（窗口满或冷却中）
2026-03-27 04:18:41 [exec] === 任务执行器启动 ===
2026-03-27 04:18:41 [exec] 选取 3 个任务（等待总数: 976）
2026-03-27 04:18:41 [exec] Rate limiter 禁止批次派发（窗口满或冷却中）
2026-03-27 04:19:43 [exec] === 任务执行器启动 ===
2026-03-27 04:19:43 [exec] 选取 3 个任务（等待总数: 1026）
2026-03-27 04:19:43 [exec] Rate limiter 禁止批次派发（窗口满或冷却中）
2026-03-27 04:20:46 [exec] === 任务执行器启动 ===
2026-03-27 04:20:46 [exec] 选取 3 个任务（等待总数: 1076）
2026-03-27 04:20:46 [exec] Rate limiter 禁止批次派发（窗口满或冷却中）
2026-03-27 04:21:47 [exec] === 任务执行器启动 ===
2026-03-27 04:21:47 [exec] 选取 3 个任务（等待总数: 1126）
2026-03-27 04:21:47 [exec] Rate limiter 禁止批次派发（窗口满或冷却中）
2026-03-27 04:22:49 [exec] === 任务执行器启动 ===
2026-03-27 04:22:49 [exec] 选取 3 个任务（等待总数: 1176）
2026-03-27 04:22:49 [exec] Rate limiter 禁止批次派发（窗口满或冷却中）
2026-03-27 04:23:52 [exec] === 任务执行器启动 ===
2026-03-27 04:23:52 [exec] 选取 3 个任务（等待总数: 1226）
2026-03-27 04:23:52 [exec] Rate limiter 禁止批次派发（窗口满或冷却中）
2026-03-27 04:24:55 [exec] === 任务执行器启动 ===
2026-03-27 04:24:55 [exec] 选取 3 个任务（等待总数: 1276）
2026-03-27 04:24:55 [exec] Rate limiter 禁止批次派发（窗口满或冷却中）
2026-03-27 04:25:57 [exec] === 任务执行器启动 ===
2026-03-27 04:25:57 [exec] 选取 3 个任务（等待总数: 1323）
2026-03-27 04:25:57 [exec] Rate limiter 禁止批次派发（窗口满或冷却中）
2026-03-27 04:27:00 [exec] === 任务执行器启动 ===
2026-03-27 04:27:00 [exec] 选取 3 个任务（等待总数: 1373）
2026-03-27 04:27:00 [exec] Rate limiter 禁止批次派发（窗口满或冷却中）
2026-03-27 04:28:01 [exec] === 任务执行器启动 ===
2026-03-27 04:28:01 [exec] 选取 3 个任务（等待总数: 1423）
2026-03-27 04:28:01 [exec] Rate limiter 禁止批次派发（窗口满或冷却中）
2026-03-27 04:29:04 [exec] === 任务执行器启动 ===
2026-03-27 04:29:04 [exec] 选取 3 个任务（等待总数: 1473）
2026-03-27 04:29:04 [exec] Rate limiter 禁止批次派发（窗口满或冷却中）
2026-03-27 04:30:06 [exec] === 任务执行器启动 ===
2026-03-27 04:30:06 [exec] 选取 3 个任务（等待总数: 1523）
2026-03-27 04:30:06 [exec] Rate limiter 禁止批次派发（窗口满或冷却中）
2026-03-27 04:30:13 [exec] === 任务执行器启动 ===
2026-03-27 04:30:13 [exec] === 任务执行器启动 ===
2026-03-27 04:30:13 [exec] 选取 3 个任务（等待总数: 1523）
2026-03-27 04:30:13 [exec] 选取 3 个任务（等待总数: 1523）
2026-03-27 04:30:13 [exec] Rate limiter 禁止批次派发（窗口满或冷却中）
2026-03-27 04:30:13 [exec] Rate limiter 禁止批次派发（窗口满或冷却中）
2026-03-27 04:31:08 [exec] === 任务执行器启动 ===
2026-03-27 04:31:08 [exec] 选取 3 个任务（等待总数: 1573）
2026-03-27 04:31:08 [exec] Rate limiter 禁止批次派发（窗口满或冷却中）
2026-03-27 04:32:10 [exec] === 任务执行器启动 ===
2026-03-27 04:32:10 [exec] 选取 3 个任务（等待总数: 1623）
2026-03-27 04:32:10 [exec] Rate limiter 禁止批次派发（窗口满或冷却中）
2026-03-27 04:33:12 [exec] === 任务执行器启动 ===
2026-03-27 04:33:12 [exec] 选取 3 个任务（等待总数: 1673）
2026-03-27 04:33:12 [exec] Rate limiter 禁止批次派发（窗口满或冷却中）
2026-03-27 04:34:14 [exec] === 任务执行器启动 ===
2026-03-27 04:34:14 [exec] 选取 3 个任务（等待总数: 1723）
2026-03-27 04:34:14 [exec] Rate limiter 禁止批次派发（窗口满或冷却中）
2026-03-27 04:35:16 [exec] === 任务执行器启动 ===
2026-03-27 04:35:16 [exec] 选取 3 个任务（等待总数: 1773）
2026-03-27 04:35:16 [exec] Rate limiter 禁止批次派发（窗口满或冷却中）
2026-03-27 04:36:18 [exec] === 任务执行器启动 ===
2026-03-27 04:36:18 [exec] 选取 3 个任务（等待总数: 1823）
2026-03-27 04:36:18 [exec] Rate limiter 禁止批次派发（窗口满或冷却中）
2026-03-27 04:37:20 [exec] === 任务执行器启动 ===
2026-03-27 04:37:20 [exec] 选取 3 个任务（等待总数: 1873）
2026-03-27 04:37:20 [exec] Rate limiter 禁止批次派发（窗口满或冷却中）
2026-03-27 04:38:22 [exec] === 任务执行器启动 ===
2026-03-27 04:38:22 [exec] 选取 3 个任务（等待总数: 1923）
2026-03-27 04:38:22 [exec] Rate limiter 禁止批次派发（窗口满或冷却中）
2026-03-27 04:39:24 [exec] === 任务执行器启动 ===
2026-03-27 04:39:24 [exec] 选取 3 个任务（等待总数: 1973）
2026-03-27 04:39:24 [exec] Rate limiter 禁止批次派发（窗口满或冷却中）
2026-03-27 04:40:26 [exec] === 任务执行器启动 ===
2026-03-27 04:40:26 [exec] 选取 3 个任务（等待总数: 2023）
2026-03-27 04:40:26 [exec] Rate limiter 禁止批次派发（窗口满或冷却中）
2026-03-27 04:41:28 [exec] === 任务执行器启动 ===
2026-03-27 04:41:29 [exec] 选取 3 个任务（等待总数: 2073）
2026-03-27 04:41:29 [exec] Rate limiter 禁止批次派发（窗口满或冷却中）
2026-03-27 04:42:30 [exec] === 任务执行器启动 ===
2026-03-27 04:42:30 [exec] 选取 3 个任务（等待总数: 2123）
2026-03-27 04:42:30 [exec] Rate limiter 禁止批次派发（窗口满或冷却中）
2026-03-27 04:43:32 [exec] === 任务执行器启动 ===
2026-03-27 04:43:32 [exec] 选取 3 个任务（等待总数: 2173）
2026-03-27 04:43:32 [exec] Rate limiter 禁止批次派发（窗口满或冷却中）
2026-03-27 04:44:34 [exec] === 任务执行器启动 ===
2026-03-27 04:44:34 [exec] 选取 3 个任务（等待总数: 2223）
2026-03-27 04:44:34 [exec] Rate limiter 禁止批次派发（窗口满或冷却中）
2026-03-27 04:45:37 [exec] === 任务执行器启动 ===
2026-03-27 04:45:37 [exec] 选取 3 个任务（等待总数: 2273）
2026-03-27 04:45:37 [exec] Rate limiter 禁止批次派发（窗口满或冷却中）
2026-03-27 04:46:39 [exec] === 任务执行器启动 ===
2026-03-27 04:46:39 [exec] 选取 3 个任务（等待总数: 2323）
2026-03-27 04:46:39 [exec] Rate limiter 禁止批次派发（窗口满或冷却中）
2026-03-27 04:47:42 [exec] === 任务执行器启动 ===
2026-03-27 04:47:42 [exec] 选取 3 个任务（等待总数: 2373）
2026-03-27 04:47:42 [exec] Rate limiter 禁止批次派发（窗口满或冷却中）
2026-03-27 04:48:44 [exec] === 任务执行器启动 ===
2026-03-27 04:48:44 [exec] 选取 3 个任务（等待总数: 2423）
2026-03-27 04:48:44 [exec] Rate limiter 禁止批次派发（窗口满或冷却中）
2026-03-27 04:49:46 [exec] === 任务执行器启动 ===
2026-03-27 04:49:46 [exec] 选取 3 个任务（等待总数: 2473）
2026-03-27 04:49:46 [exec] Rate limiter 禁止批次派发（窗口满或冷却中）
2026-03-27 04:50:13 [exec] === 任务执行器启动 ===
2026-03-27 04:50:13 [exec] === 任务执行器启动 ===
2026-03-27 04:50:13 [exec] 选取 3 个任务（等待总数: 2473）
2026-03-27 04:50:13 [exec] 选取 3 个任务（等待总数: 2473）
2026-03-27 04:50:13 [exec] Rate limiter 禁止批次派发（窗口满或冷却中）
2026-03-27 04:50:13 [exec] Rate limiter 禁止批次派发（窗口满或冷却中）
2026-03-27 04:50:48 [exec] === 任务执行器启动 ===
2026-03-27 04:50:48 [exec] 选取 3 个任务（等待总数: 2523）
2026-03-27 04:50:48 [exec] Rate limiter 禁止批次派发（窗口满或冷却中）
2026-03-27 04:51:51 [exec] === 任务执行器启动 ===
2026-03-27 04:51:51 [exec] 选取 3 个任务（等待总数: 2573）
2026-03-27 04:51:51 [exec] Rate limiter 禁止批次派发（窗口满或冷却中）
2026-03-27 04:52:53 [exec] === 任务执行器启动 ===
2026-03-27 04:52:53 [exec] 选取 3 个任务（等待总数: 2623）
2026-03-27 04:52:53 [exec] Rate limiter 禁止批次派发（窗口满或冷却中）
2026-03-27 04:53:56 [exec] === 任务执行器启动 ===
2026-03-27 04:53:56 [exec] 选取 3 个任务（等待总数: 2673）
2026-03-27 04:53:56 [exec] Rate limiter 禁止批次派发（窗口满或冷却中）
2026-03-27 04:54:58 [exec] === 任务执行器启动 ===
2026-03-27 04:54:58 [exec] 选取 3 个任务（等待总数: 2723）
2026-03-27 04:54:58 [exec] Rate limiter 禁止批次派发（窗口满或冷却中）
2026-03-27 04:56:00 [exec] === 任务执行器启动 ===
2026-03-27 04:56:00 [exec] 选取 3 个任务（等待总数: 2773）
2026-03-27 04:56:00 [exec] Rate limiter 禁止批次派发（窗口满或冷却中）
2026-03-27 04:57:03 [exec] === 任务执行器启动 ===
2026-03-27 04:57:03 [exec] 选取 3 个任务（等待总数: 2823）
2026-03-27 04:57:03 [exec] Rate limiter 禁止批次派发（窗口满或冷却中）
2026-03-27 04:58:04 [exec] === 任务执行器启动 ===
2026-03-27 04:58:04 [exec] 选取 3 个任务（等待总数: 2873）
2026-03-27 04:58:04 [exec] Rate limiter 禁止批次派发（窗口满或冷却中）
2026-03-27 04:59:07 [exec] === 任务执行器启动 ===
2026-03-27 04:59:07 [exec] 选取 3 个任务（等待总数: 2923）
2026-03-27 04:59:07 [exec] Rate limiter 禁止批次派发（窗口满或冷却中）
2026-03-27 05:00:09 [exec] === 任务执行器启动 ===
2026-03-27 05:00:09 [exec] 选取 3 个任务（等待总数: 2973）
2026-03-27 05:00:09 [exec] Rate limiter 禁止批次派发（窗口满或冷却中）
2026-03-27 05:01:11 [exec] === 任务执行器启动 ===
2026-03-27 05:01:11 [exec] 选取 3 个任务（等待总数: 3023）
2026-03-27 05:01:11 [exec] Rate limiter 禁止批次派发（窗口满或冷却中）
2026-03-27 05:02:14 [exec] === 任务执行器启动 ===
2026-03-27 05:02:14 [exec] 选取 3 个任务（等待总数: 3073）
2026-03-27 05:02:14 [exec] Rate limiter 禁止批次派发（窗口满或冷却中）
2026-03-27 05:03:16 [exec] === 任务执行器启动 ===
2026-03-27 05:03:16 [exec] 选取 3 个任务（等待总数: 3123）
2026-03-27 05:03:16 [exec] Rate limiter 禁止批次派发（窗口满或冷却中）
2026-03-27 05:04:19 [exec] === 任务执行器启动 ===
2026-03-27 05:04:19 [exec] 选取 3 个任务（等待总数: 3173）
2026-03-27 05:04:19 [exec] Rate limiter 禁止批次派发（窗口满或冷却中）
2026-03-27 05:05:21 [exec] === 任务执行器启动 ===
2026-03-27 05:05:21 [exec] 选取 3 个任务（等待总数: 3223）
2026-03-27 05:05:21 [exec] Rate limiter 禁止批次派发（窗口满或冷却中）
2026-03-27 05:06:22 [exec] === 任务执行器启动 ===
2026-03-27 05:06:22 [exec] 选取 3 个任务（等待总数: 3273）
2026-03-27 05:06:22 [exec] Rate limiter 禁止批次派发（窗口满或冷却中）
2026-03-27 05:07:25 [exec] === 任务执行器启动 ===
2026-03-27 05:07:25 [exec] 选取 3 个任务（等待总数: 3323）
2026-03-27 05:07:25 [exec] Rate limiter 禁止批次派发（窗口满或冷却中）
2026-03-27 05:08:27 [exec] === 任务执行器启动 ===
2026-03-27 05:08:27 [exec] 选取 3 个任务（等待总数: 3373）
2026-03-27 05:08:27 [exec] Rate limiter 禁止批次派发（窗口满或冷却中）
2026-03-27 05:09:30 [exec] === 任务执行器启动 ===
2026-03-27 05:09:30 [exec] 选取 3 个任务（等待总数: 3423）
2026-03-27 05:09:30 [exec] Rate limiter 禁止批次派发（窗口满或冷却中）
2026-03-27 05:10:12 [exec] === 任务执行器启动 ===
2026-03-27 05:10:12 [exec] === 任务执行器启动 ===
2026-03-27 05:10:12 [exec] 选取 3 个任务（等待总数: 3423）
2026-03-27 05:10:12 [exec] 选取 3 个任务（等待总数: 3423）
2026-03-27 05:10:12 [exec] Rate limiter 禁止批次派发（窗口满或冷却中）
2026-03-27 05:10:12 [exec] Rate limiter 禁止批次派发（窗口满或冷却中）
2026-03-27 05:10:32 [exec] === 任务执行器启动 ===
2026-03-27 05:10:32 [exec] 选取 3 个任务（等待总数: 3473）
2026-03-27 05:10:32 [exec] Rate limiter 禁止批次派发（窗口满或冷却中）
2026-03-27 05:11:34 [exec] === 任务执行器启动 ===
2026-03-27 05:11:34 [exec] 选取 3 个任务（等待总数: 3523）
2026-03-27 05:11:34 [exec] Rate limiter 禁止批次派发（窗口满或冷却中）
2026-03-27 05:12:36 [exec] === 任务执行器启动 ===
2026-03-27 05:12:37 [exec] 选取 3 个任务（等待总数: 3573）
2026-03-27 05:12:37 [exec] Rate limiter 禁止批次派发（窗口满或冷却中）
2026-03-27 05:13:39 [exec] === 任务执行器启动 ===
2026-03-27 05:13:39 [exec] 选取 3 个任务（等待总数: 3623）
2026-03-27 05:13:39 [exec] Rate limiter 禁止批次派发（窗口满或冷却中）
2026-03-27 05:14:40 [exec] === 任务执行器启动 ===
2026-03-27 05:14:40 [exec] 选取 3 个任务（等待总数: 3673）
2026-03-27 05:14:40 [exec] Rate limiter 禁止批次派发（窗口满或冷却中）
2026-03-27 05:15:42 [exec] === 任务执行器启动 ===
2026-03-27 05:15:42 [exec] 选取 3 个任务（等待总数: 3723）
2026-03-27 05:15:42 [exec] Rate limiter 禁止批次派发（窗口满或冷却中）
2026-03-27 05:16:45 [exec] === 任务执行器启动 ===
2026-03-27 05:16:45 [exec] 选取 3 个任务（等待总数: 3773）
2026-03-27 05:16:45 [exec] Rate limiter 禁止批次派发（窗口满或冷却中）
2026-03-27 05:17:47 [exec] === 任务执行器启动 ===
2026-03-27 05:17:47 [exec] 选取 3 个任务（等待总数: 3823）
2026-03-27 05:17:47 [exec] Rate limiter 禁止批次派发（窗口满或冷却中）
2026-03-27 05:18:49 [exec] === 任务执行器启动 ===
2026-03-27 05:18:49 [exec] 选取 3 个任务（等待总数: 3873）
2026-03-27 05:18:49 [exec] Rate limiter 禁止批次派发（窗口满或冷却中）
2026-03-27 05:19:52 [exec] === 任务执行器启动 ===
2026-03-27 05:19:52 [exec] 选取 3 个任务（等待总数: 3923）
2026-03-27 05:19:52 [exec] Rate limiter 禁止批次派发（窗口满或冷却中）
2026-03-27 05:20:54 [exec] === 任务执行器启动 ===
2026-03-27 05:20:54 [exec] 选取 3 个任务（等待总数: 3973）
2026-03-27 05:20:54 [exec] Rate limiter 禁止批次派发（窗口满或冷却中）
2026-03-27 05:21:56 [exec] === 任务执行器启动 ===
2026-03-27 05:21:56 [exec] 选取 3 个任务（等待总数: 4023）
2026-03-27 05:21:56 [exec] Rate limiter 禁止批次派发（窗口满或冷却中）
2026-03-27 05:22:57 [exec] === 任务执行器启动 ===
2026-03-27 05:22:57 [exec] 选取 3 个任务（等待总数: 4073）
2026-03-27 05:22:57 [exec] Rate limiter 禁止批次派发（窗口满或冷却中）
2026-03-27 05:23:59 [exec] === 任务执行器启动 ===
2026-03-27 05:23:59 [exec] 选取 3 个任务（等待总数: 4123）
2026-03-27 05:23:59 [exec] Rate limiter 禁止批次派发（窗口满或冷却中）
2026-03-27 05:25:01 [exec] === 任务执行器启动 ===
2026-03-27 05:25:01 [exec] 选取 3 个任务（等待总数: 4173）
2026-03-27 05:25:01 [exec] Rate limiter 禁止批次派发（窗口满或冷却中）
2026-03-27 05:26:03 [exec] === 任务执行器启动 ===
2026-03-27 05:26:03 [exec] 选取 3 个任务（等待总数: 4223）
2026-03-27 05:26:03 [exec] Rate limiter 禁止批次派发（窗口满或冷却中）
2026-03-27 05:27:05 [exec] === 任务执行器启动 ===
2026-03-27 05:27:05 [exec] 选取 3 个任务（等待总数: 4273）
2026-03-27 05:27:05 [exec] Rate limiter 禁止批次派发（窗口满或冷却中）
2026-03-27 05:28:07 [exec] === 任务执行器启动 ===
2026-03-27 05:28:07 [exec] 选取 3 个任务（等待总数: 4323）
2026-03-27 05:28:08 [exec] Rate limiter 禁止批次派发（窗口满或冷却中）
2026-03-27 05:29:09 [exec] === 任务执行器启动 ===
2026-03-27 05:29:09 [exec] 选取 3 个任务（等待总数: 4373）
2026-03-27 05:29:10 [exec] Rate limiter 禁止批次派发（窗口满或冷却中）
2026-03-27 05:30:11 [exec] === 任务执行器启动 ===
2026-03-27 05:30:12 [exec] 选取 3 个任务（等待总数: 4423）
2026-03-27 05:30:12 [exec] Rate limiter 禁止批次派发（窗口满或冷却中）
2026-03-27 05:30:13 [exec] === 任务执行器启动 ===
2026-03-27 05:30:13 [exec] === 任务执行器启动 ===
2026-03-27 05:30:13 [exec] 选取 3 个任务（等待总数: 4423）
2026-03-27 05:30:13 [exec] 选取 3 个任务（等待总数: 4423）
2026-03-27 05:30:13 [exec] Rate limiter 禁止批次派发（窗口满或冷却中）
2026-03-27 05:30:13 [exec] Rate limiter 禁止批次派发（窗口满或冷却中）
2026-03-27 05:31:13 [exec] === 任务执行器启动 ===
2026-03-27 05:31:13 [exec] 选取 3 个任务（等待总数: 4473）
2026-03-27 05:31:13 [exec] Rate limiter 禁止批次派发（窗口满或冷却中）
2026-03-27 05:32:15 [exec] === 任务执行器启动 ===
2026-03-27 05:32:15 [exec] 选取 3 个任务（等待总数: 4523）
2026-03-27 05:32:15 [exec] Rate limiter 禁止批次派发（窗口满或冷却中）
2026-03-27 05:33:17 [exec] === 任务执行器启动 ===
2026-03-27 05:33:17 [exec] 选取 3 个任务（等待总数: 4573）
2026-03-27 05:33:17 [exec] Rate limiter 禁止批次派发（窗口满或冷却中）
2026-03-27 05:34:19 [exec] === 任务执行器启动 ===
2026-03-27 05:34:19 [exec] 选取 3 个任务（等待总数: 4623）
2026-03-27 05:34:19 [exec] Rate limiter 禁止批次派发（窗口满或冷却中）
2026-03-27 05:35:21 [exec] === 任务执行器启动 ===
2026-03-27 05:35:21 [exec] 选取 3 个任务（等待总数: 4673）
2026-03-27 05:35:21 [exec] Rate limiter 禁止批次派发（窗口满或冷却中）
2026-03-27 05:36:23 [exec] === 任务执行器启动 ===
2026-03-27 05:36:23 [exec] 选取 3 个任务（等待总数: 4723）
2026-03-27 05:36:23 [exec] Rate limiter 禁止批次派发（窗口满或冷却中）
2026-03-27 05:37:24 [exec] === 任务执行器启动 ===
2026-03-27 05:37:24 [exec] 选取 3 个任务（等待总数: 4773）
2026-03-27 05:37:24 [exec] Rate limiter 禁止批次派发（窗口满或冷却中）
2026-03-27 05:38:26 [exec] === 任务执行器启动 ===
2026-03-27 05:38:26 [exec] 选取 3 个任务（等待总数: 4823）
2026-03-27 05:38:26 [exec] Rate limiter 禁止批次派发（窗口满或冷却中）
2026-03-27 05:39:27 [exec] === 任务执行器启动 ===
2026-03-27 05:39:27 [exec] 选取 3 个任务（等待总数: 4873）
2026-03-27 05:39:27 [exec] Rate limiter 禁止批次派发（窗口满或冷却中）
2026-03-27 05:40:29 [exec] === 任务执行器启动 ===
2026-03-27 05:40:29 [exec] 选取 3 个任务（等待总数: 4923）
2026-03-27 05:40:29 [exec] Rate limiter 禁止批次派发（窗口满或冷却中）
2026-03-27 05:41:31 [exec] === 任务执行器启动 ===
2026-03-27 05:41:31 [exec] 选取 3 个任务（等待总数: 4973）
2026-03-27 05:41:31 [exec] Rate limiter 禁止批次派发（窗口满或冷却中）
2026-03-27 05:42:33 [exec] === 任务执行器启动 ===
2026-03-27 05:42:33 [exec] 选取 3 个任务（等待总数: 5023）
2026-03-27 05:42:33 [exec] Rate limiter 禁止批次派发（窗口满或冷却中）
2026-03-27 05:43:35 [exec] === 任务执行器启动 ===
2026-03-27 05:43:35 [exec] 选取 3 个任务（等待总数: 5073）
2026-03-27 05:43:35 [exec] Rate limiter 禁止批次派发（窗口满或冷却中）
2026-03-27 05:44:37 [exec] === 任务执行器启动 ===
2026-03-27 05:44:37 [exec] 选取 3 个任务（等待总数: 5123）
2026-03-27 05:44:37 [exec] Rate limiter 禁止批次派发（窗口满或冷却中）
2026-03-27 05:45:39 [exec] === 任务执行器启动 ===
2026-03-27 05:45:39 [exec] 选取 3 个任务（等待总数: 5173）
2026-03-27 05:45:39 [exec] Rate limiter 禁止批次派发（窗口满或冷却中）
2026-03-27 05:46:40 [exec] === 任务执行器启动 ===
2026-03-27 05:46:41 [exec] 选取 3 个任务（等待总数: 5223）
2026-03-27 05:46:41 [exec] Rate limiter 禁止批次派发（窗口满或冷却中）
2026-03-27 05:47:42 [exec] === 任务执行器启动 ===
2026-03-27 05:47:42 [exec] 选取 3 个任务（等待总数: 5273）
2026-03-27 05:47:42 [exec] Rate limiter 禁止批次派发（窗口满或冷却中）
2026-03-27 05:48:44 [exec] === 任务执行器启动 ===
2026-03-27 05:48:44 [exec] 选取 3 个任务（等待总数: 5323）
2026-03-27 05:48:44 [exec] Rate limiter 禁止批次派发（窗口满或冷却中）
2026-03-27 05:49:46 [exec] === 任务执行器启动 ===
2026-03-27 05:49:46 [exec] 选取 3 个任务（等待总数: 5373）
2026-03-27 05:49:46 [exec] Rate limiter 禁止批次派发（窗口满或冷却中）
2026-03-27 05:50:25 [exec] === 任务执行器启动 ===
2026-03-27 05:50:25 [exec] === 任务执行器启动 ===
2026-03-27 05:50:25 [exec] 选取 3 个任务（等待总数: 5373）
2026-03-27 05:50:25 [exec] 选取 3 个任务（等待总数: 5373）
2026-03-27 05:50:25 [exec] Rate limiter 禁止批次派发（窗口满或冷却中）
2026-03-27 05:50:25 [exec] Rate limiter 禁止批次派发（窗口满或冷却中）
2026-03-27 05:50:48 [exec] === 任务执行器启动 ===
2026-03-27 05:50:48 [exec] 选取 3 个任务（等待总数: 5423）
2026-03-27 05:50:48 [exec] Rate limiter 禁止批次派发（窗口满或冷却中）
2026-03-27 05:51:49 [exec] === 任务执行器启动 ===
2026-03-27 05:51:49 [exec] 选取 3 个任务（等待总数: 5473）
2026-03-27 05:51:49 [exec] Rate limiter 禁止批次派发（窗口满或冷却中）
2026-03-27 05:52:51 [exec] === 任务执行器启动 ===
2026-03-27 05:52:51 [exec] 选取 3 个任务（等待总数: 5523）
2026-03-27 05:52:51 [exec] Rate limiter 禁止批次派发（窗口满或冷却中）
2026-03-27 05:53:53 [exec] === 任务执行器启动 ===
2026-03-27 05:53:53 [exec] 选取 3 个任务（等待总数: 5573）
2026-03-27 05:53:53 [exec] Rate limiter 禁止批次派发（窗口满或冷却中）
2026-03-27 05:54:55 [exec] === 任务执行器启动 ===
2026-03-27 05:54:55 [exec] 选取 3 个任务（等待总数: 5623）
2026-03-27 05:54:55 [exec] Rate limiter 禁止批次派发（窗口满或冷却中）
2026-03-27 05:55:57 [exec] === 任务执行器启动 ===
2026-03-27 05:55:57 [exec] 选取 3 个任务（等待总数: 5673）
2026-03-27 05:55:57 [exec] Rate limiter 禁止批次派发（窗口满或冷却中）
2026-03-27 05:56:58 [exec] === 任务执行器启动 ===
2026-03-27 05:56:58 [exec] 选取 3 个任务（等待总数: 5723）
2026-03-27 05:56:58 [exec] Rate limiter 禁止批次派发（窗口满或冷却中）
2026-03-27 05:58:00 [exec] === 任务执行器启动 ===
2026-03-27 05:58:00 [exec] 选取 3 个任务（等待总数: 5773）
2026-03-27 05:58:00 [exec] Rate limiter 禁止批次派发（窗口满或冷却中）
2026-03-27 05:59:02 [exec] === 任务执行器启动 ===
2026-03-27 05:59:02 [exec] 选取 3 个任务（等待总数: 5823）
2026-03-27 05:59:02 [exec] Rate limiter 禁止批次派发（窗口满或冷却中）
2026-03-27 06:00:03 [exec] === 任务执行器启动 ===
2026-03-27 06:00:03 [exec] 选取 3 个任务（等待总数: 5873）
2026-03-27 06:00:03 [exec] Rate limiter 禁止批次派发（窗口满或冷却中）
2026-03-27 06:01:05 [exec] === 任务执行器启动 ===
2026-03-27 06:01:05 [exec] 选取 3 个任务（等待总数: 5923）
2026-03-27 06:01:05 [exec] Rate limiter 禁止批次派发（窗口满或冷却中）
2026-03-27 06:02:07 [exec] === 任务执行器启动 ===
2026-03-27 06:02:07 [exec] 选取 3 个任务（等待总数: 5973）
2026-03-27 06:02:07 [exec] Rate limiter 禁止批次派发（窗口满或冷却中）
2026-03-27 06:03:09 [exec] === 任务执行器启动 ===
2026-03-27 06:03:09 [exec] 选取 3 个任务（等待总数: 6023）
2026-03-27 06:03:09 [exec] Rate limiter 禁止批次派发（窗口满或冷却中）
2026-03-27 06:04:10 [exec] === 任务执行器启动 ===
2026-03-27 06:04:10 [exec] 选取 3 个任务（等待总数: 6073）
2026-03-27 06:04:10 [exec] Rate limiter 禁止批次派发（窗口满或冷却中）
2026-03-27 06:05:12 [exec] === 任务执行器启动 ===
2026-03-27 06:05:12 [exec] 选取 3 个任务（等待总数: 6123）
2026-03-27 06:05:12 [exec] Rate limiter 禁止批次派发（窗口满或冷却中）
2026-03-27 06:06:14 [exec] === 任务执行器启动 ===
2026-03-27 06:06:14 [exec] 选取 3 个任务（等待总数: 6173）
2026-03-27 06:06:14 [exec] Rate limiter 禁止批次派发（窗口满或冷却中）
2026-03-27 06:07:16 [exec] === 任务执行器启动 ===
2026-03-27 06:07:16 [exec] 选取 3 个任务（等待总数: 6223）
2026-03-27 06:07:16 [exec] Rate limiter 禁止批次派发（窗口满或冷却中）
2026-03-27 06:08:17 [exec] === 任务执行器启动 ===
2026-03-27 06:08:17 [exec] 选取 3 个任务（等待总数: 6273）
2026-03-27 06:08:17 [exec] Rate limiter 禁止批次派发（窗口满或冷却中）
2026-03-27 06:09:19 [exec] === 任务执行器启动 ===
2026-03-27 06:09:19 [exec] 选取 3 个任务（等待总数: 6323）
2026-03-27 06:09:19 [exec] Rate limiter 禁止批次派发（窗口满或冷却中）
2026-03-27 06:10:21 [exec] === 任务执行器启动 ===
2026-03-27 06:10:21 [exec] 选取 3 个任务（等待总数: 6373）
2026-03-27 06:10:21 [exec] Rate limiter 禁止批次派发（窗口满或冷却中）
2026-03-27 06:11:22 [exec] === 任务执行器启动 ===
2026-03-27 06:11:22 [exec] 选取 3 个任务（等待总数: 6423）
2026-03-27 06:11:22 [exec] Rate limiter 禁止批次派发（窗口满或冷却中）
2026-03-27 06:12:24 [exec] === 任务执行器启动 ===
2026-03-27 06:12:24 [exec] 选取 3 个任务（等待总数: 6473）
2026-03-27 06:12:24 [exec] Rate limiter 禁止批次派发（窗口满或冷却中）
2026-03-27 06:12:51 [exec] === 任务执行器启动 ===
2026-03-27 06:12:51 [exec] === 任务执行器启动 ===
2026-03-27 06:12:51 [exec] 选取 3 个任务（等待总数: 6473）
2026-03-27 06:12:51 [exec] 选取 3 个任务（等待总数: 6473）
2026-03-27 06:12:51 [exec] Rate limiter 禁止批次派发（窗口满或冷却中）
2026-03-27 06:12:51 [exec] Rate limiter 禁止批次派发（窗口满或冷却中）
2026-03-27 06:13:26 [exec] === 任务执行器启动 ===
2026-03-27 06:13:26 [exec] 选取 3 个任务（等待总数: 6523）
2026-03-27 06:13:26 [exec] Rate limiter 禁止批次派发（窗口满或冷却中）
2026-03-27 06:14:28 [exec] === 任务执行器启动 ===
2026-03-27 06:14:28 [exec] 选取 3 个任务（等待总数: 6573）
2026-03-27 06:14:28 [exec] Rate limiter 禁止批次派发（窗口满或冷却中）
2026-03-27 06:15:29 [exec] === 任务执行器启动 ===
2026-03-27 06:15:29 [exec] 选取 3 个任务（等待总数: 6623）
2026-03-27 06:15:29 [exec] Rate limiter 禁止批次派发（窗口满或冷却中）
2026-03-27 06:16:31 [exec] === 任务执行器启动 ===
2026-03-27 06:16:31 [exec] 选取 3 个任务（等待总数: 6673）
2026-03-27 06:16:31 [exec] Rate limiter 禁止批次派发（窗口满或冷却中）
2026-03-27 06:17:32 [exec] === 任务执行器启动 ===
2026-03-27 06:17:32 [exec] 选取 3 个任务（等待总数: 6723）
2026-03-27 06:17:32 [exec] Rate limiter 禁止批次派发（窗口满或冷却中）
2026-03-27 06:18:34 [exec] === 任务执行器启动 ===
2026-03-27 06:18:34 [exec] 选取 3 个任务（等待总数: 6773）
2026-03-27 06:18:34 [exec] Rate limiter 禁止批次派发（窗口满或冷却中）
2026-03-27 06:19:36 [exec] === 任务执行器启动 ===
2026-03-27 06:19:36 [exec] 选取 3 个任务（等待总数: 6823）
2026-03-27 06:19:36 [exec] Rate limiter 禁止批次派发（窗口满或冷却中）
2026-03-27 06:20:38 [exec] === 任务执行器启动 ===
2026-03-27 06:20:38 [exec] 选取 3 个任务（等待总数: 6873）
2026-03-27 06:20:38 [exec] Rate limiter 禁止批次派发（窗口满或冷却中）
2026-03-27 06:21:39 [exec] === 任务执行器启动 ===
2026-03-27 06:21:39 [exec] 选取 3 个任务（等待总数: 6923）
2026-03-27 06:21:39 [exec] Rate limiter 禁止批次派发（窗口满或冷却中）
2026-03-27 06:22:41 [exec] === 任务执行器启动 ===
2026-03-27 06:22:41 [exec] 选取 3 个任务（等待总数: 6973）
2026-03-27 06:22:41 [exec] Rate limiter 禁止批次派发（窗口满或冷却中）
2026-03-27 06:23:43 [exec] === 任务执行器启动 ===
2026-03-27 06:23:43 [exec] 选取 3 个任务（等待总数: 7023）
2026-03-27 06:23:43 [exec] Rate limiter 禁止批次派发（窗口满或冷却中）
2026-03-27 06:24:44 [exec] === 任务执行器启动 ===
2026-03-27 06:24:44 [exec] 选取 3 个任务（等待总数: 7073）
2026-03-27 06:24:44 [exec] Rate limiter 禁止批次派发（窗口满或冷却中）
2026-03-27 06:25:46 [exec] === 任务执行器启动 ===
2026-03-27 06:25:46 [exec] 选取 3 个任务（等待总数: 7123）
2026-03-27 06:25:46 [exec] Rate limiter 禁止批次派发（窗口满或冷却中）
2026-03-27 06:26:47 [exec] === 任务执行器启动 ===
2026-03-27 06:26:47 [exec] 选取 3 个任务（等待总数: 7173）
2026-03-27 06:26:47 [exec] Rate limiter 禁止批次派发（窗口满或冷却中）
2026-03-27 06:27:49 [exec] === 任务执行器启动 ===
2026-03-27 06:27:49 [exec] 选取 3 个任务（等待总数: 7223）
2026-03-27 06:27:49 [exec] Rate limiter 禁止批次派发（窗口满或冷却中）
2026-03-27 06:28:51 [exec] === 任务执行器启动 ===
2026-03-27 06:28:51 [exec] 选取 3 个任务（等待总数: 7273）
2026-03-27 06:28:51 [exec] Rate limiter 禁止批次派发（窗口满或冷却中）
2026-03-27 06:29:53 [exec] === 任务执行器启动 ===
2026-03-27 06:29:53 [exec] 选取 3 个任务（等待总数: 7323）
2026-03-27 06:29:53 [exec] Rate limiter 禁止批次派发（窗口满或冷却中）
2026-03-27 06:30:54 [exec] === 任务执行器启动 ===
2026-03-27 06:30:54 [exec] 选取 3 个任务（等待总数: 7373）
2026-03-27 06:30:54 [exec] Rate limiter 禁止批次派发（窗口满或冷却中）
2026-03-27 06:31:56 [exec] === 任务执行器启动 ===
2026-03-27 06:31:56 [exec] 选取 3 个任务（等待总数: 7423）
2026-03-27 06:31:56 [exec] Rate limiter 禁止批次派发（窗口满或冷却中）
2026-03-27 06:32:57 [exec] === 任务执行器启动 ===
2026-03-27 06:32:57 [exec] 选取 3 个任务（等待总数: 7473）
2026-03-27 06:32:57 [exec] Rate limiter 禁止批次派发（窗口满或冷却中）
2026-03-27 06:33:59 [exec] === 任务执行器启动 ===
2026-03-27 06:33:59 [exec] 选取 3 个任务（等待总数: 7523）
2026-03-27 06:33:59 [exec] Rate limiter 禁止批次派发（窗口满或冷却中）
2026-03-27 06:35:01 [exec] === 任务执行器启动 ===
2026-03-27 06:35:01 [exec] 选取 3 个任务（等待总数: 7573）
2026-03-27 06:35:01 [exec] Rate limiter 禁止批次派发（窗口满或冷却中）
2026-03-27 06:35:12 [exec] === 任务执行器启动 ===
2026-03-27 06:35:12 [exec] === 任务执行器启动 ===
2026-03-27 06:35:12 [exec] 选取 3 个任务（等待总数: 7573）
2026-03-27 06:35:12 [exec] 选取 3 个任务（等待总数: 7573）
2026-03-27 06:35:12 [exec] Rate limiter 禁止批次派发（窗口满或冷却中）
2026-03-27 06:35:12 [exec] Rate limiter 禁止批次派发（窗口满或冷却中）
2026-03-27 06:36:02 [exec] === 任务执行器启动 ===
2026-03-27 06:36:02 [exec] 选取 3 个任务（等待总数: 7623）
2026-03-27 06:36:03 [exec] Rate limiter 禁止批次派发（窗口满或冷却中）
2026-03-27 06:37:04 [exec] === 任务执行器启动 ===
2026-03-27 06:37:04 [exec] 选取 3 个任务（等待总数: 7673）
2026-03-27 06:37:04 [exec] Rate limiter 禁止批次派发（窗口满或冷却中）
2026-03-27 06:38:06 [exec] === 任务执行器启动 ===
2026-03-27 06:38:06 [exec] 选取 3 个任务（等待总数: 7723）
2026-03-27 06:38:06 [exec] Rate limiter 禁止批次派发（窗口满或冷却中）
2026-03-27 06:39:08 [exec] === 任务执行器启动 ===
2026-03-27 06:39:08 [exec] 选取 3 个任务（等待总数: 7773）
2026-03-27 06:39:08 [exec] Rate limiter 禁止批次派发（窗口满或冷却中）
2026-03-27 06:40:09 [exec] === 任务执行器启动 ===
2026-03-27 06:40:09 [exec] 选取 3 个任务（等待总数: 7823）
2026-03-27 06:40:09 [exec] Rate limiter 禁止批次派发（窗口满或冷却中）
2026-03-27 06:41:10 [exec] === 任务执行器启动 ===
2026-03-27 06:41:10 [exec] 选取 3 个任务（等待总数: 7873）
2026-03-27 06:41:10 [exec] Rate limiter 禁止批次派发（窗口满或冷却中）
2026-03-27 06:42:12 [exec] === 任务执行器启动 ===
2026-03-27 06:42:12 [exec] 选取 3 个任务（等待总数: 7923）
2026-03-27 06:42:12 [exec] Rate limiter 禁止批次派发（窗口满或冷却中）
2026-03-27 06:43:14 [exec] === 任务执行器启动 ===
2026-03-27 06:43:14 [exec] 选取 3 个任务（等待总数: 7973）
2026-03-27 06:43:14 [exec] Rate limiter 禁止批次派发（窗口满或冷却中）
2026-03-27 06:44:15 [exec] === 任务执行器启动 ===
2026-03-27 06:44:15 [exec] 选取 3 个任务（等待总数: 8023）
2026-03-27 06:44:15 [exec] Rate limiter 禁止批次派发（窗口满或冷却中）
2026-03-27 06:45:16 [exec] === 任务执行器启动 ===
2026-03-27 06:45:16 [exec] 选取 3 个任务（等待总数: 8073）
2026-03-27 06:45:16 [exec] Rate limiter 禁止批次派发（窗口满或冷却中）
2026-03-27 06:46:17 [exec] === 任务执行器启动 ===
2026-03-27 06:46:17 [exec] 选取 3 个任务（等待总数: 8123）
2026-03-27 06:46:17 [exec] Rate limiter 禁止批次派发（窗口满或冷却中）
2026-03-27 06:47:17 [exec] === 任务执行器启动 ===
2026-03-27 06:47:17 [exec] 选取 3 个任务（等待总数: 8173）
2026-03-27 06:47:17 [exec] Rate limiter 禁止批次派发（窗口满或冷却中）
2026-03-27 06:48:18 [exec] === 任务执行器启动 ===
2026-03-27 06:48:18 [exec] 选取 3 个任务（等待总数: 8223）
2026-03-27 06:48:18 [exec] Rate limiter 禁止批次派发（窗口满或冷却中）
2026-03-27 06:49:19 [exec] === 任务执行器启动 ===
2026-03-27 06:49:19 [exec] 选取 3 个任务（等待总数: 8273）
2026-03-27 06:49:19 [exec] Rate limiter 禁止批次派发（窗口满或冷却中）
2026-03-27 06:50:19 [exec] === 任务执行器启动 ===
2026-03-27 06:50:19 [exec] 选取 3 个任务（等待总数: 8323）
2026-03-27 06:50:19 [exec] Rate limiter 禁止批次派发（窗口满或冷却中）
2026-03-27 06:51:20 [exec] === 任务执行器启动 ===
2026-03-27 06:51:20 [exec] 选取 3 个任务（等待总数: 8373）
2026-03-27 06:51:20 [exec] Rate limiter 禁止批次派发（窗口满或冷却中）
2026-03-27 06:52:21 [exec] === 任务执行器启动 ===
2026-03-27 06:52:21 [exec] 选取 3 个任务（等待总数: 8423）
2026-03-27 06:52:21 [exec] Rate limiter 禁止批次派发（窗口满或冷却中）
2026-03-27 06:53:21 [exec] === 任务执行器启动 ===
2026-03-27 06:53:22 [exec] 选取 3 个任务（等待总数: 8473）
2026-03-27 06:53:22 [exec] Rate limiter 禁止批次派发（窗口满或冷却中）
2026-03-27 06:54:22 [exec] === 任务执行器启动 ===
2026-03-27 06:54:22 [exec] 选取 3 个任务（等待总数: 8523）
2026-03-27 06:54:22 [exec] Rate limiter 禁止批次派发（窗口满或冷却中）
2026-03-27 06:55:23 [exec] === 任务执行器启动 ===
2026-03-27 06:55:23 [exec] 选取 3 个任务（等待总数: 8573）
2026-03-27 06:55:23 [exec] Rate limiter 禁止批次派发（窗口满或冷却中）
2026-03-27 06:56:24 [exec] === 任务执行器启动 ===
2026-03-27 06:56:24 [exec] 选取 3 个任务（等待总数: 8623）
2026-03-27 06:56:24 [exec] Rate limiter 禁止批次派发（窗口满或冷却中）
2026-03-27 06:57:22 [exec] === 任务执行器启动 ===
2026-03-27 06:57:22 [exec] === 任务执行器启动 ===
2026-03-27 06:57:22 [exec] 选取 3 个任务（等待总数: 8623）
2026-03-27 06:57:22 [exec] 选取 3 个任务（等待总数: 8623）
2026-03-27 06:57:22 [exec] Rate limiter 禁止批次派发（窗口满或冷却中）
2026-03-27 06:57:22 [exec] Rate limiter 禁止批次派发（窗口满或冷却中）
2026-03-27 06:57:25 [exec] === 任务执行器启动 ===
2026-03-27 06:57:25 [exec] 选取 3 个任务（等待总数: 8673）
2026-03-27 06:57:25 [exec] Rate limiter 禁止批次派发（窗口满或冷却中）
2026-03-27 06:58:26 [exec] === 任务执行器启动 ===
2026-03-27 06:58:26 [exec] 选取 3 个任务（等待总数: 8723）
2026-03-27 06:58:26 [exec] Rate limiter 禁止批次派发（窗口满或冷却中）
2026-03-27 06:59:27 [exec] === 任务执行器启动 ===
2026-03-27 06:59:27 [exec] 选取 3 个任务（等待总数: 8773）
2026-03-27 06:59:27 [exec] Rate limiter 禁止批次派发（窗口满或冷却中）
2026-03-27 07:00:29 [exec] === 任务执行器启动 ===
2026-03-27 07:00:29 [exec] 选取 3 个任务（等待总数: 8823）
2026-03-27 07:00:29 [exec] Rate limiter 禁止批次派发（窗口满或冷却中）
2026-03-27 07:01:00 [exec] === 任务执行器启动 ===
2026-03-27 07:01:00 [exec] 选取 3 个任务（等待总数: 8873）
2026-03-27 07:01:00 [exec] Rate limiter 禁止批次派发（窗口满或冷却中）
2026-03-27 07:02:01 [exec] === 任务执行器启动 ===
2026-03-27 07:02:01 [exec] 选取 3 个任务（等待总数: 8923）
2026-03-27 07:02:01 [exec] Rate limiter 禁止批次派发（窗口满或冷却中）
2026-03-27 07:03:02 [exec] === 任务执行器启动 ===
2026-03-27 07:03:02 [exec] 选取 3 个任务（等待总数: 8973）
2026-03-27 07:03:02 [exec] Rate limiter 禁止批次派发（窗口满或冷却中）
2026-03-27 07:04:03 [exec] === 任务执行器启动 ===
2026-03-27 07:04:03 [exec] 选取 3 个任务（等待总数: 9023）
2026-03-27 07:04:03 [exec] Rate limiter 禁止批次派发（窗口满或冷却中）
2026-03-27 07:05:04 [exec] === 任务执行器启动 ===
2026-03-27 07:05:04 [exec] 选取 3 个任务（等待总数: 9073）
2026-03-27 07:05:04 [exec] Rate limiter 禁止批次派发（窗口满或冷却中）
2026-03-27 07:06:06 [exec] === 任务执行器启动 ===
2026-03-27 07:06:06 [exec] 选取 3 个任务（等待总数: 9123）
2026-03-27 07:06:06 [exec] Rate limiter 禁止批次派发（窗口满或冷却中）
2026-03-27 07:07:07 [exec] === 任务执行器启动 ===
2026-03-27 07:07:07 [exec] 选取 3 个任务（等待总数: 9173）
2026-03-27 07:07:07 [exec] Rate limiter 禁止批次派发（窗口满或冷却中）
2026-03-27 07:08:09 [exec] === 任务执行器启动 ===
2026-03-27 07:08:09 [exec] 选取 3 个任务（等待总数: 9223）
2026-03-27 07:08:09 [exec] Rate limiter 禁止批次派发（窗口满或冷却中）
2026-03-27 07:09:11 [exec] === 任务执行器启动 ===
2026-03-27 07:09:11 [exec] 选取 3 个任务（等待总数: 9273）
2026-03-27 07:09:11 [exec] Rate limiter 禁止批次派发（窗口满或冷却中）
2026-03-27 07:10:13 [exec] === 任务执行器启动 ===
2026-03-27 07:10:13 [exec] 选取 3 个任务（等待总数: 9323）
2026-03-27 07:10:13 [exec] Rate limiter 禁止批次派发（窗口满或冷却中）
2026-03-27 07:11:14 [exec] === 任务执行器启动 ===
2026-03-27 07:11:14 [exec] 选取 3 个任务（等待总数: 9373）
2026-03-27 07:11:14 [exec] Rate limiter 禁止批次派发（窗口满或冷却中）
2026-03-27 07:12:16 [exec] === 任务执行器启动 ===
2026-03-27 07:12:16 [exec] 选取 3 个任务（等待总数: 9423）
2026-03-27 07:12:16 [exec] Rate limiter 禁止批次派发（窗口满或冷却中）
2026-03-27 07:13:17 [exec] === 任务执行器启动 ===
2026-03-27 07:13:18 [exec] 选取 3 个任务（等待总数: 9473）
2026-03-27 07:13:18 [exec] Rate limiter 禁止批次派发（窗口满或冷却中）
2026-03-27 07:14:19 [exec] === 任务执行器启动 ===
2026-03-27 07:14:19 [exec] 选取 3 个任务（等待总数: 9523）
2026-03-27 07:14:19 [exec] Rate limiter 禁止批次派发（窗口满或冷却中）
2026-03-27 07:15:21 [exec] === 任务执行器启动 ===
2026-03-27 07:15:22 [exec] 选取 3 个任务（等待总数: 9573）
2026-03-27 07:15:22 [exec] Rate limiter 禁止批次派发（窗口满或冷却中）
2026-03-27 07:16:24 [exec] === 任务执行器启动 ===
2026-03-27 07:16:24 [exec] 选取 3 个任务（等待总数: 9623）
2026-03-27 07:16:24 [exec] Rate limiter 禁止批次派发（窗口满或冷却中）
2026-03-27 07:17:25 [exec] === 任务执行器启动 ===
2026-03-27 07:17:25 [exec] 选取 3 个任务（等待总数: 9673）
2026-03-27 07:17:25 [exec] Rate limiter 禁止批次派发（窗口满或冷却中）
2026-03-27 07:18:27 [exec] === 任务执行器启动 ===
2026-03-27 07:18:27 [exec] 选取 3 个任务（等待总数: 9723）
2026-03-27 07:18:27 [exec] Rate limiter 禁止批次派发（窗口满或冷却中）
2026-03-27 07:19:28 [exec] === 任务执行器启动 ===
2026-03-27 07:19:28 [exec] 选取 3 个任务（等待总数: 9773）
2026-03-27 07:19:28 [exec] Rate limiter 禁止批次派发（窗口满或冷却中）
2026-03-27 07:19:39 [exec] === 任务执行器启动 ===
2026-03-27 07:19:39 [exec] === 任务执行器启动 ===
2026-03-27 07:19:39 [exec] 选取 3 个任务（等待总数: 9773）
2026-03-27 07:19:39 [exec] 选取 3 个任务（等待总数: 9773）
2026-03-27 07:19:39 [exec] Rate limiter 禁止批次派发（窗口满或冷却中）
2026-03-27 07:19:39 [exec] Rate limiter 禁止批次派发（窗口满或冷却中）
2026-03-27 07:20:30 [exec] === 任务执行器启动 ===
2026-03-27 07:20:30 [exec] 选取 3 个任务（等待总数: 9823）
2026-03-27 07:20:30 [exec] Rate limiter 禁止批次派发（窗口满或冷却中）
2026-03-27 07:21:32 [exec] === 任务执行器启动 ===
2026-03-27 07:21:32 [exec] 选取 3 个任务（等待总数: 9873）
2026-03-27 07:21:32 [exec] Rate limiter 禁止批次派发（窗口满或冷却中）
2026-03-27 07:22:33 [exec] === 任务执行器启动 ===
2026-03-27 07:22:33 [exec] 选取 3 个任务（等待总数: 9923）
2026-03-27 07:22:33 [exec] Rate limiter 禁止批次派发（窗口满或冷却中）
2026-03-27 07:23:35 [exec] === 任务执行器启动 ===
2026-03-27 07:23:35 [exec] 选取 3 个任务（等待总数: 9973）
2026-03-27 07:23:35 [exec] Rate limiter 禁止批次派发（窗口满或冷却中）
2026-03-27 07:24:37 [exec] === 任务执行器启动 ===
2026-03-27 07:24:37 [exec] 选取 3 个任务（等待总数: 10023）
2026-03-27 07:24:37 [exec] Rate limiter 禁止批次派发（窗口满或冷却中）
2026-03-27 07:25:39 [exec] === 任务执行器启动 ===
2026-03-27 07:25:39 [exec] 选取 3 个任务（等待总数: 10073）
2026-03-27 07:25:39 [exec] Rate limiter 禁止批次派发（窗口满或冷却中）
2026-03-27 07:26:41 [exec] === 任务执行器启动 ===
2026-03-27 07:26:41 [exec] 选取 3 个任务（等待总数: 10123）
2026-03-27 07:26:41 [exec] Rate limiter 禁止批次派发（窗口满或冷却中）
2026-03-27 07:27:43 [exec] === 任务执行器启动 ===
2026-03-27 07:27:43 [exec] 选取 3 个任务（等待总数: 10173）
2026-03-27 07:27:43 [exec] Rate limiter 禁止批次派发（窗口满或冷却中）
2026-03-27 07:28:44 [exec] === 任务执行器启动 ===
2026-03-27 07:28:44 [exec] 选取 3 个任务（等待总数: 10223）
2026-03-27 07:28:44 [exec] Rate limiter 禁止批次派发（窗口满或冷却中）
2026-03-27 07:29:46 [exec] === 任务执行器启动 ===
2026-03-27 07:29:46 [exec] 选取 3 个任务（等待总数: 10273）
2026-03-27 07:29:46 [exec] Rate limiter 禁止批次派发（窗口满或冷却中）
2026-03-27 07:30:48 [exec] === 任务执行器启动 ===
2026-03-27 07:30:48 [exec] 选取 3 个任务（等待总数: 10323）
2026-03-27 07:30:48 [exec] Rate limiter 禁止批次派发（窗口满或冷却中）
2026-03-27 07:31:50 [exec] === 任务执行器启动 ===
2026-03-27 07:31:50 [exec] 选取 3 个任务（等待总数: 10373）
2026-03-27 07:31:50 [exec] Rate limiter 禁止批次派发（窗口满或冷却中）
2026-03-27 07:32:52 [exec] === 任务执行器启动 ===
2026-03-27 07:32:52 [exec] 选取 3 个任务（等待总数: 10423）
2026-03-27 07:32:52 [exec] Rate limiter 禁止批次派发（窗口满或冷却中）
2026-03-27 07:33:54 [exec] === 任务执行器启动 ===
2026-03-27 07:33:54 [exec] 选取 3 个任务（等待总数: 10473）
2026-03-27 07:33:54 [exec] Rate limiter 禁止批次派发（窗口满或冷却中）
2026-03-27 07:34:56 [exec] === 任务执行器启动 ===
2026-03-27 07:34:56 [exec] 选取 3 个任务（等待总数: 10523）
2026-03-27 07:34:56 [exec] Rate limiter 禁止批次派发（窗口满或冷却中）
2026-03-27 07:35:57 [exec] === 任务执行器启动 ===
2026-03-27 07:35:57 [exec] 选取 3 个任务（等待总数: 10573）
2026-03-27 07:35:58 [exec] Rate limiter 禁止批次派发（窗口满或冷却中）
2026-03-27 07:36:59 [exec] === 任务执行器启动 ===
2026-03-27 07:36:59 [exec] 选取 3 个任务（等待总数: 10623）
2026-03-27 07:36:59 [exec] Rate limiter 禁止批次派发（窗口满或冷却中）
2026-03-27 07:38:01 [exec] === 任务执行器启动 ===
2026-03-27 07:38:01 [exec] 选取 3 个任务（等待总数: 10673）
2026-03-27 07:38:01 [exec] Rate limiter 禁止批次派发（窗口满或冷却中）
2026-03-27 07:39:02 [exec] === 任务执行器启动 ===
2026-03-27 07:39:03 [exec] 选取 3 个任务（等待总数: 10723）
2026-03-27 07:39:03 [exec] Rate limiter 禁止批次派发（窗口满或冷却中）
2026-03-27 07:40:04 [exec] === 任务执行器启动 ===
2026-03-27 07:40:04 [exec] 选取 3 个任务（等待总数: 10773）
2026-03-27 07:40:04 [exec] Rate limiter 禁止批次派发（窗口满或冷却中）
2026-03-27 07:40:13 [exec] === 任务执行器启动 ===
2026-03-27 07:40:13 [exec] === 任务执行器启动 ===
2026-03-27 07:40:13 [exec] 选取 3 个任务（等待总数: 10773）
2026-03-27 07:40:13 [exec] 选取 3 个任务（等待总数: 10773）
2026-03-27 07:40:13 [exec] Rate limiter 禁止批次派发（窗口满或冷却中）
2026-03-27 07:40:13 [exec] Rate limiter 禁止批次派发（窗口满或冷却中）
2026-03-27 07:41:06 [exec] === 任务执行器启动 ===
2026-03-27 07:41:06 [exec] 选取 3 个任务（等待总数: 10823）
2026-03-27 07:41:06 [exec] Rate limiter 禁止批次派发（窗口满或冷却中）
2026-03-27 07:42:08 [exec] === 任务执行器启动 ===
2026-03-27 07:42:08 [exec] 选取 3 个任务（等待总数: 10873）
2026-03-27 07:42:08 [exec] Rate limiter 禁止批次派发（窗口满或冷却中）
2026-03-27 07:43:10 [exec] === 任务执行器启动 ===
2026-03-27 07:43:10 [exec] 选取 3 个任务（等待总数: 10923）
2026-03-27 07:43:10 [exec] Rate limiter 禁止批次派发（窗口满或冷却中）
2026-03-27 07:44:12 [exec] === 任务执行器启动 ===
2026-03-27 07:44:12 [exec] 选取 3 个任务（等待总数: 10973）
2026-03-27 07:44:12 [exec] Rate limiter 禁止批次派发（窗口满或冷却中）
2026-03-27 07:45:14 [exec] === 任务执行器启动 ===
2026-03-27 07:45:14 [exec] 选取 3 个任务（等待总数: 11023）
2026-03-27 07:45:14 [exec] Rate limiter 禁止批次派发（窗口满或冷却中）
2026-03-27 07:46:16 [exec] === 任务执行器启动 ===
2026-03-27 07:46:16 [exec] 选取 3 个任务（等待总数: 11073）
2026-03-27 07:46:16 [exec] Rate limiter 禁止批次派发（窗口满或冷却中）
2026-03-27 07:47:18 [exec] === 任务执行器启动 ===
2026-03-27 07:47:18 [exec] 选取 3 个任务（等待总数: 11123）
2026-03-27 07:47:18 [exec] Rate limiter 禁止批次派发（窗口满或冷却中）
2026-03-27 07:48:20 [exec] === 任务执行器启动 ===
2026-03-27 07:48:20 [exec] 选取 3 个任务（等待总数: 11173）
2026-03-27 07:48:20 [exec] Rate limiter 禁止批次派发（窗口满或冷却中）
2026-03-27 07:49:22 [exec] === 任务执行器启动 ===
2026-03-27 07:49:22 [exec] 选取 3 个任务（等待总数: 11223）
2026-03-27 07:49:22 [exec] Rate limiter 禁止批次派发（窗口满或冷却中）
2026-03-27 07:50:24 [exec] === 任务执行器启动 ===
2026-03-27 07:50:24 [exec] 选取 3 个任务（等待总数: 11273）
2026-03-27 07:50:24 [exec] Rate limiter 禁止批次派发（窗口满或冷却中）
2026-03-27 07:51:26 [exec] === 任务执行器启动 ===
2026-03-27 07:51:26 [exec] 选取 3 个任务（等待总数: 11323）
2026-03-27 07:51:26 [exec] Rate limiter 禁止批次派发（窗口满或冷却中）
2026-03-27 07:52:28 [exec] === 任务执行器启动 ===
2026-03-27 07:52:28 [exec] 选取 3 个任务（等待总数: 11373）
2026-03-27 07:52:28 [exec] Rate limiter 禁止批次派发（窗口满或冷却中）
2026-03-27 07:53:30 [exec] === 任务执行器启动 ===
2026-03-27 07:53:30 [exec] 选取 3 个任务（等待总数: 11423）
2026-03-27 07:53:30 [exec] Rate limiter 禁止批次派发（窗口满或冷却中）
2026-03-27 07:54:31 [exec] === 任务执行器启动 ===
2026-03-27 07:54:31 [exec] 选取 3 个任务（等待总数: 11473）
2026-03-27 07:54:31 [exec] Rate limiter 禁止批次派发（窗口满或冷却中）
2026-03-27 07:55:33 [exec] === 任务执行器启动 ===
2026-03-27 07:55:33 [exec] 选取 3 个任务（等待总数: 11523）
2026-03-27 07:55:33 [exec] Rate limiter 禁止批次派发（窗口满或冷却中）
2026-03-27 07:56:35 [exec] === 任务执行器启动 ===
2026-03-27 07:56:35 [exec] 选取 3 个任务（等待总数: 11573）
2026-03-27 07:56:35 [exec] Rate limiter 禁止批次派发（窗口满或冷却中）
2026-03-27 07:57:37 [exec] === 任务执行器启动 ===
2026-03-27 07:57:37 [exec] 选取 3 个任务（等待总数: 11623）
2026-03-27 07:57:37 [exec] Rate limiter 禁止批次派发（窗口满或冷却中）
2026-03-27 07:58:39 [exec] === 任务执行器启动 ===
2026-03-27 07:58:39 [exec] 选取 3 个任务（等待总数: 11673）
2026-03-27 07:58:39 [exec] Rate limiter 禁止批次派发（窗口满或冷却中）
2026-03-27 07:59:41 [exec] === 任务执行器启动 ===
2026-03-27 07:59:41 [exec] 选取 3 个任务（等待总数: 11723）
2026-03-27 07:59:41 [exec] Rate limiter 禁止批次派发（窗口满或冷却中）
2026-03-27 08:00:14 [exec] === 任务执行器启动 ===
2026-03-27 08:00:14 [exec] === 任务执行器启动 ===
2026-03-27 08:00:15 [exec] 选取 3 个任务（等待总数: 11723）
2026-03-27 08:00:15 [exec] 选取 3 个任务（等待总数: 11723）
2026-03-27 08:00:15 [exec] Rate limiter 禁止批次派发（窗口满或冷却中）
2026-03-27 08:00:15 [exec] Rate limiter 禁止批次派发（窗口满或冷却中）
2026-03-27 08:00:43 [exec] === 任务执行器启动 ===
2026-03-27 08:00:43 [exec] 选取 3 个任务（等待总数: 11773）
2026-03-27 08:00:44 [exec] Rate limiter 禁止批次派发（窗口满或冷却中）
2026-03-27 08:01:46 [exec] === 任务执行器启动 ===
2026-03-27 08:01:46 [exec] 选取 3 个任务（等待总数: 11823）
2026-03-27 08:01:46 [exec] Rate limiter 禁止批次派发（窗口满或冷却中）
2026-03-27 08:02:48 [exec] === 任务执行器启动 ===
2026-03-27 08:02:48 [exec] 选取 3 个任务（等待总数: 11873）
2026-03-27 08:02:48 [exec] Rate limiter 禁止批次派发（窗口满或冷却中）
2026-03-27 08:03:49 [exec] === 任务执行器启动 ===
2026-03-27 08:03:49 [exec] 选取 3 个任务（等待总数: 11923）
2026-03-27 08:03:49 [exec] Rate limiter 禁止批次派发（窗口满或冷却中）
2026-03-27 08:04:51 [exec] === 任务执行器启动 ===
2026-03-27 08:04:51 [exec] 选取 3 个任务（等待总数: 11973）
2026-03-27 08:04:51 [exec] Rate limiter 禁止批次派发（窗口满或冷却中）
2026-03-27 08:05:53 [exec] === 任务执行器启动 ===
2026-03-27 08:05:54 [exec] 选取 3 个任务（等待总数: 12023）
2026-03-27 08:05:54 [exec] Rate limiter 禁止批次派发（窗口满或冷却中）
2026-03-27 08:06:56 [exec] === 任务执行器启动 ===
2026-03-27 08:06:56 [exec] 选取 3 个任务（等待总数: 12073）
2026-03-27 08:06:56 [exec] Rate limiter 禁止批次派发（窗口满或冷却中）
2026-03-27 08:07:58 [exec] === 任务执行器启动 ===
2026-03-27 08:07:58 [exec] 选取 3 个任务（等待总数: 12123）
2026-03-27 08:07:58 [exec] Rate limiter 禁止批次派发（窗口满或冷却中）
2026-03-27 08:09:00 [exec] === 任务执行器启动 ===
2026-03-27 08:09:00 [exec] 选取 3 个任务（等待总数: 12173）
2026-03-27 08:09:00 [exec] Rate limiter 禁止批次派发（窗口满或冷却中）
2026-03-27 08:10:02 [exec] === 任务执行器启动 ===
2026-03-27 08:10:02 [exec] 选取 3 个任务（等待总数: 12223）
2026-03-27 08:10:02 [exec] Rate limiter 禁止批次派发（窗口满或冷却中）
2026-03-27 08:11:05 [exec] === 任务执行器启动 ===
2026-03-27 08:11:05 [exec] 选取 3 个任务（等待总数: 12273）
2026-03-27 08:11:05 [exec] Rate limiter 禁止批次派发（窗口满或冷却中）
2026-03-27 08:12:06 [exec] === 任务执行器启动 ===
2026-03-27 08:12:06 [exec] 选取 3 个任务（等待总数: 12323）
2026-03-27 08:12:06 [exec] Rate limiter 禁止批次派发（窗口满或冷却中）
2026-03-27 08:13:08 [exec] === 任务执行器启动 ===
2026-03-27 08:13:08 [exec] 选取 3 个任务（等待总数: 12373）
2026-03-27 08:13:08 [exec] Rate limiter 禁止批次派发（窗口满或冷却中）
2026-03-27 08:14:11 [exec] === 任务执行器启动 ===
2026-03-27 08:14:11 [exec] 选取 3 个任务（等待总数: 12423）
2026-03-27 08:14:11 [exec] Rate limiter 禁止批次派发（窗口满或冷却中）
2026-03-27 08:15:13 [exec] === 任务执行器启动 ===
2026-03-27 08:15:13 [exec] 选取 3 个任务（等待总数: 12473）
2026-03-27 08:15:13 [exec] Rate limiter 禁止批次派发（窗口满或冷却中）
2026-03-27 08:16:15 [exec] === 任务执行器启动 ===
2026-03-27 08:16:15 [exec] 选取 3 个任务（等待总数: 12523）
2026-03-27 08:16:15 [exec] Rate limiter 禁止批次派发（窗口满或冷却中）
2026-03-27 08:17:18 [exec] === 任务执行器启动 ===
2026-03-27 08:17:18 [exec] 选取 3 个任务（等待总数: 12573）
2026-03-27 08:17:18 [exec] Rate limiter 禁止批次派发（窗口满或冷却中）
2026-03-27 08:18:20 [exec] === 任务执行器启动 ===
2026-03-27 08:18:20 [exec] 选取 3 个任务（等待总数: 12623）
2026-03-27 08:18:20 [exec] Rate limiter 禁止批次派发（窗口满或冷却中）
2026-03-27 08:19:22 [exec] === 任务执行器启动 ===
2026-03-27 08:19:22 [exec] 选取 3 个任务（等待总数: 12673）
2026-03-27 08:19:22 [exec] Rate limiter 禁止批次派发（窗口满或冷却中）
2026-03-27 08:20:13 [exec] === 任务执行器启动 ===
2026-03-27 08:20:13 [exec] === 任务执行器启动 ===
2026-03-27 08:20:13 [exec] 选取 3 个任务（等待总数: 12673）
2026-03-27 08:20:13 [exec] 选取 3 个任务（等待总数: 12673）
2026-03-27 08:20:13 [exec] Rate limiter 禁止批次派发（窗口满或冷却中）
2026-03-27 08:20:13 [exec] Rate limiter 禁止批次派发（窗口满或冷却中）
2026-03-27 08:20:24 [exec] === 任务执行器启动 ===
2026-03-27 08:20:24 [exec] 选取 3 个任务（等待总数: 12723）
2026-03-27 08:20:24 [exec] Rate limiter 禁止批次派发（窗口满或冷却中）
2026-03-27 08:21:26 [exec] === 任务执行器启动 ===
2026-03-27 08:21:26 [exec] 选取 3 个任务（等待总数: 12773）
2026-03-27 08:21:26 [exec] Rate limiter 禁止批次派发（窗口满或冷却中）
2026-03-27 08:22:28 [exec] === 任务执行器启动 ===
2026-03-27 08:22:28 [exec] 选取 3 个任务（等待总数: 12823）
2026-03-27 08:22:28 [exec] Rate limiter 禁止批次派发（窗口满或冷却中）
2026-03-27 08:23:31 [exec] === 任务执行器启动 ===
2026-03-27 08:23:31 [exec] 选取 3 个任务（等待总数: 12873）
2026-03-27 08:23:31 [exec] Rate limiter 禁止批次派发（窗口满或冷却中）
2026-03-27 08:24:33 [exec] === 任务执行器启动 ===
2026-03-27 08:24:33 [exec] 选取 3 个任务（等待总数: 12923）
2026-03-27 08:24:33 [exec] Rate limiter 禁止批次派发（窗口满或冷却中）
2026-03-27 08:25:35 [exec] === 任务执行器启动 ===
2026-03-27 08:25:35 [exec] 选取 3 个任务（等待总数: 12973）
2026-03-27 08:25:35 [exec] Rate limiter 禁止批次派发（窗口满或冷却中）
2026-03-27 08:26:37 [exec] === 任务执行器启动 ===
2026-03-27 08:26:37 [exec] 选取 3 个任务（等待总数: 13023）
2026-03-27 08:26:37 [exec] Rate limiter 禁止批次派发（窗口满或冷却中）
2026-03-27 08:27:39 [exec] === 任务执行器启动 ===
2026-03-27 08:27:40 [exec] 选取 3 个任务（等待总数: 13073）
2026-03-27 08:27:40 [exec] Rate limiter 禁止批次派发（窗口满或冷却中）
2026-03-27 08:28:42 [exec] === 任务执行器启动 ===
2026-03-27 08:28:42 [exec] 选取 3 个任务（等待总数: 13123）
2026-03-27 08:28:42 [exec] Rate limiter 禁止批次派发（窗口满或冷却中）
2026-03-27 08:29:44 [exec] === 任务执行器启动 ===
2026-03-27 08:29:44 [exec] 选取 3 个任务（等待总数: 13173）
2026-03-27 08:29:44 [exec] Rate limiter 禁止批次派发（窗口满或冷却中）
2026-03-27 08:30:46 [exec] === 任务执行器启动 ===
2026-03-27 08:30:46 [exec] 选取 3 个任务（等待总数: 13223）
2026-03-27 08:30:46 [exec] Rate limiter 禁止批次派发（窗口满或冷却中）
2026-03-27 08:31:49 [exec] === 任务执行器启动 ===
2026-03-27 08:31:49 [exec] 选取 3 个任务（等待总数: 13273）
2026-03-27 08:31:49 [exec] Rate limiter 禁止批次派发（窗口满或冷却中）
2026-03-27 08:32:51 [exec] === 任务执行器启动 ===
2026-03-27 08:32:51 [exec] 选取 3 个任务（等待总数: 13323）
2026-03-27 08:32:51 [exec] Rate limiter 禁止批次派发（窗口满或冷却中）
2026-03-27 08:33:53 [exec] === 任务执行器启动 ===
2026-03-27 08:33:53 [exec] 选取 3 个任务（等待总数: 13373）
2026-03-27 08:33:53 [exec] Rate limiter 禁止批次派发（窗口满或冷却中）
2026-03-27 08:34:55 [exec] === 任务执行器启动 ===
2026-03-27 08:34:55 [exec] 选取 3 个任务（等待总数: 13423）
2026-03-27 08:34:55 [exec] Rate limiter 禁止批次派发（窗口满或冷却中）
2026-03-27 08:35:57 [exec] === 任务执行器启动 ===
2026-03-27 08:35:57 [exec] 选取 3 个任务（等待总数: 13473）
2026-03-27 08:35:57 [exec] Rate limiter 禁止批次派发（窗口满或冷却中）
2026-03-27 08:37:00 [exec] === 任务执行器启动 ===
2026-03-27 08:37:00 [exec] 选取 3 个任务（等待总数: 13523）
2026-03-27 08:37:00 [exec] Rate limiter 禁止批次派发（窗口满或冷却中）
2026-03-27 08:38:02 [exec] === 任务执行器启动 ===
2026-03-27 08:38:02 [exec] 选取 3 个任务（等待总数: 13573）
2026-03-27 08:38:02 [exec] Rate limiter 禁止批次派发（窗口满或冷却中）
2026-03-27 08:39:05 [exec] === 任务执行器启动 ===
2026-03-27 08:39:05 [exec] 选取 3 个任务（等待总数: 13623）
2026-03-27 08:39:05 [exec] Rate limiter 禁止批次派发（窗口满或冷却中）
2026-03-27 08:40:07 [exec] === 任务执行器启动 ===
2026-03-27 08:40:07 [exec] 选取 3 个任务（等待总数: 13673）
2026-03-27 08:40:07 [exec] Rate limiter 禁止批次派发（窗口满或冷却中）
2026-03-27 08:40:12 [exec] === 任务执行器启动 ===
2026-03-27 08:40:12 [exec] === 任务执行器启动 ===
2026-03-27 08:40:12 [exec] 选取 3 个任务（等待总数: 13673）
2026-03-27 08:40:12 [exec] 选取 3 个任务（等待总数: 13673）
2026-03-27 08:40:12 [exec] Rate limiter 禁止批次派发（窗口满或冷却中）
2026-03-27 08:40:12 [exec] Rate limiter 禁止批次派发（窗口满或冷却中）
2026-03-27 08:41:09 [exec] === 任务执行器启动 ===
2026-03-27 08:41:09 [exec] 选取 3 个任务（等待总数: 13723）
2026-03-27 08:41:09 [exec] Rate limiter 禁止批次派发（窗口满或冷却中）
2026-03-27 08:42:11 [exec] === 任务执行器启动 ===
2026-03-27 08:42:12 [exec] 选取 3 个任务（等待总数: 13773）
2026-03-27 08:42:12 [exec] Rate limiter 禁止批次派发（窗口满或冷却中）
2026-03-27 08:43:13 [exec] === 任务执行器启动 ===
2026-03-27 08:43:14 [exec] 选取 3 个任务（等待总数: 13823）
2026-03-27 08:43:14 [exec] Rate limiter 禁止批次派发（窗口满或冷却中）
2026-03-27 08:44:16 [exec] === 任务执行器启动 ===
2026-03-27 08:44:16 [exec] 选取 3 个任务（等待总数: 13873）
2026-03-27 08:44:16 [exec] Rate limiter 禁止批次派发（窗口满或冷却中）
2026-03-27 08:45:19 [exec] === 任务执行器启动 ===
2026-03-27 08:45:19 [exec] 选取 3 个任务（等待总数: 13923）
2026-03-27 08:45:19 [exec] Rate limiter 禁止批次派发（窗口满或冷却中）
2026-03-27 08:46:21 [exec] === 任务执行器启动 ===
2026-03-27 08:46:21 [exec] 选取 3 个任务（等待总数: 13973）
2026-03-27 08:46:21 [exec] Rate limiter 禁止批次派发（窗口满或冷却中）
2026-03-27 08:47:23 [exec] === 任务执行器启动 ===
2026-03-27 08:47:23 [exec] 选取 3 个任务（等待总数: 14023）
2026-03-27 08:47:23 [exec] Rate limiter 禁止批次派发（窗口满或冷却中）
2026-03-27 08:48:25 [exec] === 任务执行器启动 ===
2026-03-27 08:48:25 [exec] 选取 3 个任务（等待总数: 14073）
2026-03-27 08:48:25 [exec] Rate limiter 禁止批次派发（窗口满或冷却中）
2026-03-27 08:49:28 [exec] === 任务执行器启动 ===
2026-03-27 08:49:28 [exec] 选取 3 个任务（等待总数: 14123）
2026-03-27 08:49:28 [exec] Rate limiter 禁止批次派发（窗口满或冷却中）
2026-03-27 08:50:30 [exec] === 任务执行器启动 ===
2026-03-27 08:50:30 [exec] 选取 3 个任务（等待总数: 14173）
2026-03-27 08:50:30 [exec] Rate limiter 禁止批次派发（窗口满或冷却中）
2026-03-27 08:51:33 [exec] === 任务执行器启动 ===
2026-03-27 08:51:33 [exec] 选取 3 个任务（等待总数: 14223）
2026-03-27 08:51:33 [exec] Rate limiter 禁止批次派发（窗口满或冷却中）
2026-03-27 08:52:35 [exec] === 任务执行器启动 ===
2026-03-27 08:52:35 [exec] 选取 3 个任务（等待总数: 14273）
2026-03-27 08:52:35 [exec] Rate limiter 禁止批次派发（窗口满或冷却中）
2026-03-27 08:53:38 [exec] === 任务执行器启动 ===
2026-03-27 08:53:38 [exec] 选取 3 个任务（等待总数: 14323）
2026-03-27 08:53:38 [exec] Rate limiter 禁止批次派发（窗口满或冷却中）
2026-03-27 08:54:40 [exec] === 任务执行器启动 ===
2026-03-27 08:54:40 [exec] 选取 3 个任务（等待总数: 14373）
2026-03-27 08:54:40 [exec] Rate limiter 禁止批次派发（窗口满或冷却中）
2026-03-27 08:55:42 [exec] === 任务执行器启动 ===
2026-03-27 08:55:42 [exec] 选取 3 个任务（等待总数: 14423）
2026-03-27 08:55:42 [exec] Rate limiter 禁止批次派发（窗口满或冷却中）
2026-03-27 08:56:45 [exec] === 任务执行器启动 ===
2026-03-27 08:56:45 [exec] 选取 3 个任务（等待总数: 14473）
2026-03-27 08:56:45 [exec] Rate limiter 禁止批次派发（窗口满或冷却中）
2026-03-27 08:57:47 [exec] === 任务执行器启动 ===
2026-03-27 08:57:47 [exec] 选取 3 个任务（等待总数: 14523）
2026-03-27 08:57:47 [exec] Rate limiter 禁止批次派发（窗口满或冷却中）
2026-03-27 08:58:50 [exec] === 任务执行器启动 ===
2026-03-27 08:58:50 [exec] 选取 3 个任务（等待总数: 14573）
2026-03-27 08:58:50 [exec] Rate limiter 禁止批次派发（窗口满或冷却中）
2026-03-27 08:59:52 [exec] === 任务执行器启动 ===
2026-03-27 08:59:52 [exec] 选取 3 个任务（等待总数: 14623）
2026-03-27 08:59:53 [exec] Rate limiter 禁止批次派发（窗口满或冷却中）
2026-03-27 09:00:46 [exec] === 任务执行器启动 ===
2026-03-27 09:00:46 [exec] === 任务执行器启动 ===
2026-03-27 09:00:46 [exec] 选取 3 个任务（等待总数: 14623）
2026-03-27 09:00:46 [exec] 选取 3 个任务（等待总数: 14623）
2026-03-27 09:00:46 [exec] Rate limiter 禁止批次派发（窗口满或冷却中）
2026-03-27 09:00:46 [exec] Rate limiter 禁止批次派发（窗口满或冷却中）
2026-03-27 09:00:55 [exec] === 任务执行器启动 ===
2026-03-27 09:00:55 [exec] 选取 3 个任务（等待总数: 14673）
2026-03-27 09:00:55 [exec] Rate limiter 禁止批次派发（窗口满或冷却中）
2026-03-27 09:01:58 [exec] === 任务执行器启动 ===
2026-03-27 09:01:58 [exec] 选取 3 个任务（等待总数: 14723）
2026-03-27 09:01:58 [exec] Rate limiter 禁止批次派发（窗口满或冷却中）
2026-03-27 09:03:00 [exec] === 任务执行器启动 ===
2026-03-27 09:03:00 [exec] 选取 3 个任务（等待总数: 14773）
2026-03-27 09:03:00 [exec] Rate limiter 禁止批次派发（窗口满或冷却中）
2026-03-27 09:04:03 [exec] === 任务执行器启动 ===
2026-03-27 09:04:03 [exec] 选取 3 个任务（等待总数: 14823）
2026-03-27 09:04:03 [exec] Rate limiter 禁止批次派发（窗口满或冷却中）
2026-03-27 09:05:05 [exec] === 任务执行器启动 ===
2026-03-27 09:05:05 [exec] 选取 3 个任务（等待总数: 14873）
2026-03-27 09:05:05 [exec] Rate limiter 禁止批次派发（窗口满或冷却中）
2026-03-27 09:06:07 [exec] === 任务执行器启动 ===
2026-03-27 09:06:07 [exec] 选取 3 个任务（等待总数: 14923）
2026-03-27 09:06:07 [exec] Rate limiter 禁止批次派发（窗口满或冷却中）
2026-03-27 09:07:10 [exec] === 任务执行器启动 ===
2026-03-27 09:07:10 [exec] 选取 3 个任务（等待总数: 14973）
2026-03-27 09:07:10 [exec] Rate limiter 禁止批次派发（窗口满或冷却中）
2026-03-27 09:08:12 [exec] === 任务执行器启动 ===
2026-03-27 09:08:13 [exec] 选取 3 个任务（等待总数: 15023）
2026-03-27 09:08:13 [exec] Rate limiter 禁止批次派发（窗口满或冷却中）
2026-03-27 09:09:15 [exec] === 任务执行器启动 ===
2026-03-27 09:09:15 [exec] 选取 3 个任务（等待总数: 15073）
2026-03-27 09:09:15 [exec] Rate limiter 禁止批次派发（窗口满或冷却中）
2026-03-27 09:10:18 [exec] === 任务执行器启动 ===
2026-03-27 09:10:18 [exec] 选取 3 个任务（等待总数: 15123）
2026-03-27 09:10:18 [exec] Rate limiter 禁止批次派发（窗口满或冷却中）
2026-03-27 09:11:20 [exec] === 任务执行器启动 ===
2026-03-27 09:11:21 [exec] 选取 3 个任务（等待总数: 15173）
2026-03-27 09:11:21 [exec] Rate limiter 禁止批次派发（窗口满或冷却中）
2026-03-27 09:12:23 [exec] === 任务执行器启动 ===
2026-03-27 09:12:23 [exec] 选取 3 个任务（等待总数: 15223）
2026-03-27 09:12:23 [exec] Rate limiter 禁止批次派发（窗口满或冷却中）
2026-03-27 09:23:21 [exec] === 任务执行器启动 ===
2026-03-27 09:23:21 [exec] === 任务执行器启动 ===
2026-03-27 09:23:21 [exec] 选取 3 个任务（等待总数: 15223）
2026-03-27 09:23:21 [exec] 选取 3 个任务（等待总数: 15223）
2026-03-27 09:23:26 [exec] ✅ cron execution agent 创建成功: 9ed75486-4199-42d4-bb84-4c0e3f63a48e
2026-03-27 09:23:26 [exec] ✅ cron execution agent 创建成功: 9ed75486-4199-42d4-bb84-4c0e3f63a48e
2026-03-27 09:23:26 [exec] === 执行器完成 ===
2026-03-27 09:23:26 [exec] === 执行器完成 ===
2026-03-27 09:45:58 [exec] === 任务执行器启动 ===
2026-03-27 09:45:58 [exec] === 任务执行器启动 ===
2026-03-27 09:45:59 [exec] 读取任务失败: Invalid \uXXXX escape: line 35247 column 15 (char 2763238)
2026-03-27 09:45:59 [exec] 读取任务失败: Invalid \uXXXX escape: line 35247 column 15 (char 2763238)
2026-03-27 09:45:59 [exec] 无待执行任务（等待总数: 0）
2026-03-27 09:45:59 [exec] 无待执行任务（等待总数: 0）
2026-03-27 10:08:40 [exec] === 任务执行器启动 ===
2026-03-27 10:08:40 [exec] === 任务执行器启动 ===
2026-03-27 10:08:40 [exec] 读取任务失败: Invalid \uXXXX escape: line 35247 column 15 (char 2763238)
2026-03-27 10:08:40 [exec] 读取任务失败: Invalid \uXXXX escape: line 35247 column 15 (char 2763238)
2026-03-27 10:08:40 [exec] 无待执行任务（等待总数: 0）
2026-03-27 10:08:40 [exec] 无待执行任务（等待总数: 0）
2026-03-27 10:30:14 [exec] === 任务执行器启动 ===
2026-03-27 10:30:14 [exec] === 任务执行器启动 ===
2026-03-27 10:30:14 [exec] 读取任务失败: Invalid \uXXXX escape: line 35247 column 15 (char 2763238)
2026-03-27 10:30:14 [exec] 读取任务失败: Invalid \uXXXX escape: line 35247 column 15 (char 2763238)
2026-03-27 10:30:14 [exec] 无待执行任务（等待总数: 0）
2026-03-27 10:30:14 [exec] 无待执行任务（等待总数: 0）
2026-03-27 10:50:13 [exec] === 任务执行器启动 ===
2026-03-27 10:50:13 [exec] === 任务执行器启动 ===
2026-03-27 10:50:13 [exec] 选取 3 个任务（等待总数: 100）
2026-03-27 10:50:13 [exec] 选取 3 个任务（等待总数: 100）
2026-03-27 10:50:18 [exec] ✅ cron execution agent 创建成功: 4956316b-9fae-4bcb-beb2-6db417aded39
2026-03-27 10:50:18 [exec] ✅ cron execution agent 创建成功: 4956316b-9fae-4bcb-beb2-6db417aded39
2026-03-27 10:50:18 [exec] === 执行器完成 ===
2026-03-27 10:50:18 [exec] === 执行器完成 ===
2026-03-27 11:10:13 [exec] === 任务执行器启动 ===
2026-03-27 11:10:13 [exec] === 任务执行器启动 ===
2026-03-27 11:10:13 [exec] 选取 3 个任务（等待总数: 97）
2026-03-27 11:10:13 [exec] 选取 3 个任务（等待总数: 97）
2026-03-27 11:10:13 [exec] Rate limiter 禁止批次派发（窗口满或冷却中）
2026-03-27 11:10:13 [exec] Rate limiter 禁止批次派发（窗口满或冷却中）
2026-03-27 11:30:13 [exec] === 任务执行器启动 ===
2026-03-27 11:30:13 [exec] === 任务执行器启动 ===
2026-03-27 11:30:13 [exec] 选取 3 个任务（等待总数: 97）
2026-03-27 11:30:13 [exec] 选取 3 个任务（等待总数: 97）
2026-03-27 11:30:13 [exec] Rate limiter 禁止批次派发（窗口满或冷却中）
2026-03-27 11:30:13 [exec] Rate limiter 禁止批次派发（窗口满或冷却中）
2026-03-27 11:51:22 [exec] === 任务执行器启动 ===
2026-03-27 11:51:22 [exec] === 任务执行器启动 ===
2026-03-27 11:51:22 [exec] 选取 3 个任务（等待总数: 97）
2026-03-27 11:51:22 [exec] 选取 3 个任务（等待总数: 97）
2026-03-27 11:51:22 [exec] Rate limiter 禁止批次派发（窗口满或冷却中）
2026-03-27 11:51:22 [exec] Rate limiter 禁止批次派发（窗口满或冷却中）
2026-03-27 12:14:19 [exec] === 任务执行器启动 ===
2026-03-27 12:14:19 [exec] === 任务执行器启动 ===
2026-03-27 12:14:19 [exec] 选取 3 个任务（等待总数: 97）
2026-03-27 12:14:19 [exec] 选取 3 个任务（等待总数: 97）
2026-03-27 12:14:19 [exec] Rate limiter 禁止批次派发（窗口满或冷却中）
2026-03-27 12:14:19 [exec] Rate limiter 禁止批次派发（窗口满或冷却中）
2026-03-27 12:37:11 [exec] === 任务执行器启动 ===
2026-03-27 12:37:11 [exec] === 任务执行器启动 ===
2026-03-27 12:37:11 [exec] 选取 3 个任务（等待总数: 97）
2026-03-27 12:37:11 [exec] 选取 3 个任务（等待总数: 97）
2026-03-27 12:37:11 [exec] Rate limiter 禁止批次派发（窗口满或冷却中）
2026-03-27 12:37:11 [exec] Rate limiter 禁止批次派发（窗口满或冷却中）
2026-03-27 13:00:14 [exec] === 任务执行器启动 ===
2026-03-27 13:00:14 [exec] === 任务执行器启动 ===
2026-03-27 13:00:14 [exec] 选取 3 个任务（等待总数: 97）
2026-03-27 13:00:14 [exec] 选取 3 个任务（等待总数: 97）
2026-03-27 13:00:14 [exec] Rate limiter 禁止批次派发（窗口满或冷却中）
2026-03-27 13:00:14 [exec] Rate limiter 禁止批次派发（窗口满或冷却中）
2026-03-27 13:34:42 [exec] === 任务执行器启动 ===
2026-03-27 13:34:42 [exec] === 任务执行器启动 ===
2026-03-27 13:34:42 [exec] 选取 3 个任务（等待总数: 97）
2026-03-27 13:34:42 [exec] 选取 3 个任务（等待总数: 97）
2026-03-27 13:34:42 [exec] Rate limiter 禁止批次派发（窗口满或冷却中）
2026-03-27 13:34:42 [exec] Rate limiter 禁止批次派发（窗口满或冷却中）
2026-03-27 14:20:18 [exec] === 任务执行器启动 ===
2026-03-27 14:20:18 [exec] === 任务执行器启动 ===
2026-03-27 14:20:18 [exec] 选取 3 个任务（等待总数: 97）
2026-03-27 14:20:18 [exec] 选取 3 个任务（等待总数: 97）
2026-03-27 14:20:18 [exec] Rate limiter 禁止批次派发（窗口满或冷却中）
2026-03-27 14:20:18 [exec] Rate limiter 禁止批次派发（窗口满或冷却中）
2026-03-27 15:05:23 [exec] === 任务执行器启动 ===
2026-03-27 15:05:23 [exec] === 任务执行器启动 ===
2026-03-27 15:05:23 [exec] 选取 3 个任务（等待总数: 97）
2026-03-27 15:05:23 [exec] 选取 3 个任务（等待总数: 97）
2026-03-27 15:05:23 [exec] Rate limiter 禁止批次派发（窗口满或冷却中）
2026-03-27 15:05:23 [exec] Rate limiter 禁止批次派发（窗口满或冷却中）
2026-03-27 15:51:51 [exec] === 任务执行器启动 ===
2026-03-27 15:51:51 [exec] === 任务执行器启动 ===
2026-03-27 15:51:51 [exec] 选取 3 个任务（等待总数: 97）
2026-03-27 15:51:51 [exec] 选取 3 个任务（等待总数: 97）
2026-03-27 15:51:51 [exec] Rate limiter 禁止批次派发（窗口满或冷却中）
2026-03-27 15:51:51 [exec] Rate limiter 禁止批次派发（窗口满或冷却中）
2026-03-27 16:38:42 [exec] === 任务执行器启动 ===
2026-03-27 16:38:42 [exec] === 任务执行器启动 ===
2026-03-27 16:38:42 [exec] 选取 3 个任务（等待总数: 97）
2026-03-27 16:38:42 [exec] 选取 3 个任务（等待总数: 97）
2026-03-27 16:38:42 [exec] Rate limiter 禁止批次派发（窗口满或冷却中）
2026-03-27 16:38:42 [exec] Rate limiter 禁止批次派发（窗口满或冷却中）
2026-03-27 17:25:41 [exec] === 任务执行器启动 ===
2026-03-27 17:25:41 [exec] === 任务执行器启动 ===
2026-03-27 17:25:41 [exec] 选取 3 个任务（等待总数: 97）
2026-03-27 17:25:41 [exec] 选取 3 个任务（等待总数: 97）
2026-03-27 17:25:41 [exec] Rate limiter 禁止批次派发（窗口满或冷却中）
2026-03-27 17:25:41 [exec] Rate limiter 禁止批次派发（窗口满或冷却中）
2026-03-27 18:12:32 [exec] === 任务执行器启动 ===
2026-03-27 18:12:32 [exec] === 任务执行器启动 ===
2026-03-27 18:12:32 [exec] 选取 3 个任务（等待总数: 97）
2026-03-27 18:12:32 [exec] 选取 3 个任务（等待总数: 97）
2026-03-27 18:12:32 [exec] Rate limiter 禁止批次派发（窗口满或冷却中）
2026-03-27 18:12:32 [exec] Rate limiter 禁止批次派发（窗口满或冷却中）
2026-03-27 18:59:11 [exec] === 任务执行器启动 ===
2026-03-27 18:59:11 [exec] === 任务执行器启动 ===
2026-03-27 18:59:11 [exec] 选取 3 个任务（等待总数: 97）
2026-03-27 18:59:11 [exec] 选取 3 个任务（等待总数: 97）
2026-03-27 18:59:11 [exec] Rate limiter 禁止批次派发（窗口满或冷却中）
2026-03-27 18:59:11 [exec] Rate limiter 禁止批次派发（窗口满或冷却中）
2026-03-27 19:42:30 [exec] === 任务执行器启动 ===
2026-03-27 19:42:30 [exec] === 任务执行器启动 ===
2026-03-27 19:42:30 [exec] 选取 3 个任务（等待总数: 97）
2026-03-27 19:42:30 [exec] 选取 3 个任务（等待总数: 97）
2026-03-27 19:42:30 [exec] Rate limiter 禁止批次派发（窗口满或冷却中）
2026-03-27 19:42:30 [exec] Rate limiter 禁止批次派发（窗口满或冷却中）
2026-03-27 20:26:31 [exec] === 任务执行器启动 ===
2026-03-27 20:26:31 [exec] === 任务执行器启动 ===
2026-03-27 20:26:31 [exec] 选取 3 个任务（等待总数: 97）
2026-03-27 20:26:31 [exec] 选取 3 个任务（等待总数: 97）
2026-03-27 20:26:31 [exec] Rate limiter 禁止批次派发（窗口满或冷却中）
2026-03-27 20:26:31 [exec] Rate limiter 禁止批次派发（窗口满或冷却中）
2026-03-27 21:10:39 [exec] === 任务执行器启动 ===
2026-03-27 21:10:39 [exec] === 任务执行器启动 ===
2026-03-27 21:10:39 [exec] 选取 3 个任务（等待总数: 97）
2026-03-27 21:10:39 [exec] 选取 3 个任务（等待总数: 97）
2026-03-27 21:10:39 [exec] Rate limiter 禁止批次派发（窗口满或冷却中）
2026-03-27 21:10:39 [exec] Rate limiter 禁止批次派发（窗口满或冷却中）
2026-03-27 21:54:56 [exec] === 任务执行器启动 ===
2026-03-27 21:54:56 [exec] === 任务执行器启动 ===
2026-03-27 21:54:56 [exec] 选取 3 个任务（等待总数: 97）
2026-03-27 21:54:56 [exec] 选取 3 个任务（等待总数: 97）
2026-03-27 21:54:56 [exec] Rate limiter 禁止批次派发（窗口满或冷却中）
2026-03-27 21:54:56 [exec] Rate limiter 禁止批次派发（窗口满或冷却中）
2026-03-27 22:40:01 [exec] === 任务执行器启动 ===
2026-03-27 22:40:01 [exec] === 任务执行器启动 ===
2026-03-27 22:40:01 [exec] 选取 3 个任务（等待总数: 97）
2026-03-27 22:40:01 [exec] 选取 3 个任务（等待总数: 97）
2026-03-27 22:40:01 [exec] Rate limiter 禁止批次派发（窗口满或冷却中）
2026-03-27 22:40:01 [exec] Rate limiter 禁止批次派发（窗口满或冷却中）
2026-03-27 23:24:56 [exec] === 任务执行器启动 ===
2026-03-27 23:24:56 [exec] === 任务执行器启动 ===
2026-03-27 23:24:56 [exec] 选取 3 个任务（等待总数: 97）
2026-03-27 23:24:56 [exec] 选取 3 个任务（等待总数: 97）
2026-03-27 23:24:56 [exec] Rate limiter 禁止批次派发（窗口满或冷却中）
2026-03-27 23:24:56 [exec] Rate limiter 禁止批次派发（窗口满或冷却中）
2026-03-28 00:09:42 [exec] === 任务执行器启动 ===
2026-03-28 00:09:42 [exec] === 任务执行器启动 ===
2026-03-28 00:09:42 [exec] 选取 3 个任务（等待总数: 97）
2026-03-28 00:09:42 [exec] 选取 3 个任务（等待总数: 97）
2026-03-28 00:09:42 [exec] Rate limiter 禁止批次派发（窗口满或冷却中）
2026-03-28 00:09:42 [exec] Rate limiter 禁止批次派发（窗口满或冷却中）
2026-03-28 00:53:45 [exec] === 任务执行器启动 ===
2026-03-28 00:53:45 [exec] === 任务执行器启动 ===
2026-03-28 00:53:45 [exec] 选取 3 个任务（等待总数: 97）
2026-03-28 00:53:45 [exec] 选取 3 个任务（等待总数: 97）
2026-03-28 00:53:45 [exec] Rate limiter 禁止批次派发（窗口满或冷却中）
2026-03-28 00:53:45 [exec] Rate limiter 禁止批次派发（窗口满或冷却中）
2026-03-28 01:37:47 [exec] === 任务执行器启动 ===
2026-03-28 01:37:47 [exec] === 任务执行器启动 ===
2026-03-28 01:37:47 [exec] 选取 3 个任务（等待总数: 97）
2026-03-28 01:37:47 [exec] 选取 3 个任务（等待总数: 97）
2026-03-28 01:37:47 [exec] Rate limiter 禁止批次派发（窗口满或冷却中）
2026-03-28 01:37:47 [exec] Rate limiter 禁止批次派发（窗口满或冷却中）
2026-03-28 12:35:18 [exec] === 任务执行器启动 ===
2026-03-28 12:35:18 [exec] === 任务执行器启动 ===
2026-03-28 12:35:18 [exec] 选取 3 个任务（等待总数: 97）
2026-03-28 12:35:18 [exec] 选取 3 个任务（等待总数: 97）
2026-03-28 12:35:18 [exec] Rate limiter 禁止批次派发（窗口满或冷却中）
2026-03-28 12:35:18 [exec] Rate limiter 禁止批次派发（窗口满或冷却中）
2026-03-28 13:18:50 [exec] === 任务执行器启动 ===
2026-03-28 13:18:50 [exec] === 任务执行器启动 ===
2026-03-28 13:18:50 [exec] 选取 3 个任务（等待总数: 97）
2026-03-28 13:18:50 [exec] 选取 3 个任务（等待总数: 97）
2026-03-28 13:18:50 [exec] Rate limiter 禁止批次派发（窗口满或冷却中）
2026-03-28 13:18:50 [exec] Rate limiter 禁止批次派发（窗口满或冷却中）
2026-03-28 14:02:50 [exec] === 任务执行器启动 ===
2026-03-28 14:02:50 [exec] === 任务执行器启动 ===
2026-03-28 14:02:50 [exec] 选取 3 个任务（等待总数: 97）
2026-03-28 14:02:50 [exec] 选取 3 个任务（等待总数: 97）
2026-03-28 14:02:50 [exec] Rate limiter 禁止批次派发（窗口满或冷却中）
2026-03-28 14:02:50 [exec] Rate limiter 禁止批次派发（窗口满或冷却中）
2026-03-28 14:46:50 [exec] === 任务执行器启动 ===
2026-03-28 14:46:50 [exec] === 任务执行器启动 ===
2026-03-28 14:46:50 [exec] 选取 3 个任务（等待总数: 97）
2026-03-28 14:46:50 [exec] 选取 3 个任务（等待总数: 97）
2026-03-28 14:46:50 [exec] Rate limiter 禁止批次派发（窗口满或冷却中）
2026-03-28 14:46:50 [exec] Rate limiter 禁止批次派发（窗口满或冷却中）
2026-03-28 15:30:50 [exec] === 任务执行器启动 ===
2026-03-28 15:30:50 [exec] === 任务执行器启动 ===
2026-03-28 15:30:50 [exec] 选取 3 个任务（等待总数: 97）
2026-03-28 15:30:50 [exec] 选取 3 个任务（等待总数: 97）
2026-03-28 15:30:50 [exec] Rate limiter 禁止批次派发（窗口满或冷却中）
2026-03-28 15:30:50 [exec] Rate limiter 禁止批次派发（窗口满或冷却中）
2026-03-28 16:13:32 [exec] === 任务执行器启动 ===
2026-03-28 16:13:32 [exec] === 任务执行器启动 ===
2026-03-28 16:13:32 [exec] 选取 3 个任务（等待总数: 97）
2026-03-28 16:13:32 [exec] 选取 3 个任务（等待总数: 97）
2026-03-28 16:13:32 [exec] Rate limiter 禁止批次派发（窗口满或冷却中）
2026-03-28 16:13:32 [exec] Rate limiter 禁止批次派发（窗口满或冷却中）
2026-03-28 16:56:53 [exec] === 任务执行器启动 ===
2026-03-28 16:56:53 [exec] === 任务执行器启动 ===
2026-03-28 16:56:53 [exec] 选取 3 个任务（等待总数: 97）
2026-03-28 16:56:53 [exec] 选取 3 个任务（等待总数: 97）
2026-03-28 16:56:54 [exec] Rate limiter 禁止批次派发（窗口满或冷却中）
2026-03-28 16:56:54 [exec] Rate limiter 禁止批次派发（窗口满或冷却中）
2026-03-28 17:34:54 [exec] === 任务执行器启动 ===
2026-03-28 17:34:54 [exec] === 任务执行器启动 ===
2026-03-28 17:34:54 [exec] 选取 3 个任务（等待总数: 97）
2026-03-28 17:34:54 [exec] 选取 3 个任务（等待总数: 97）
2026-03-28 17:34:55 [exec] Rate limiter 禁止批次派发（窗口满或冷却中）
2026-03-28 17:34:55 [exec] Rate limiter 禁止批次派发（窗口满或冷却中）
2026-03-28 18:17:44 [exec] === 任务执行器启动 ===
2026-03-28 18:17:44 [exec] === 任务执行器启动 ===
2026-03-28 18:17:44 [exec] 选取 3 个任务（等待总数: 97）
2026-03-28 18:17:44 [exec] 选取 3 个任务（等待总数: 97）
2026-03-28 18:17:44 [exec] Rate limiter 禁止批次派发（窗口满或冷却中）
2026-03-28 18:17:44 [exec] Rate limiter 禁止批次派发（窗口满或冷却中）
2026-03-28 19:01:12 [exec] === 任务执行器启动 ===
2026-03-28 19:01:12 [exec] === 任务执行器启动 ===
2026-03-28 19:01:12 [exec] 选取 3 个任务（等待总数: 97）
2026-03-28 19:01:12 [exec] 选取 3 个任务（等待总数: 97）
2026-03-28 19:01:12 [exec] Rate limiter 禁止批次派发（窗口满或冷却中）
2026-03-28 19:01:12 [exec] Rate limiter 禁止批次派发（窗口满或冷却中）
2026-03-28 19:44:41 [exec] === 任务执行器启动 ===
2026-03-28 19:44:41 [exec] === 任务执行器启动 ===
2026-03-28 19:44:41 [exec] 选取 3 个任务（等待总数: 97）
2026-03-28 19:44:41 [exec] 选取 3 个任务（等待总数: 97）
2026-03-28 19:44:41 [exec] Rate limiter 禁止批次派发（窗口满或冷却中）
2026-03-28 19:44:41 [exec] Rate limiter 禁止批次派发（窗口满或冷却中）
2026-03-28 20:29:13 [exec] === 任务执行器启动 ===
2026-03-28 20:29:13 [exec] === 任务执行器启动 ===
2026-03-28 20:29:13 [exec] 选取 3 个任务（等待总数: 97）
2026-03-28 20:29:13 [exec] 选取 3 个任务（等待总数: 97）
2026-03-28 20:29:13 [exec] Rate limiter 禁止批次派发（窗口满或冷却中）
2026-03-28 20:29:13 [exec] Rate limiter 禁止批次派发（窗口满或冷却中）
2026-03-28 21:13:06 [exec] === 任务执行器启动 ===
2026-03-28 21:13:06 [exec] === 任务执行器启动 ===
2026-03-28 21:13:06 [exec] 选取 3 个任务（等待总数: 97）
2026-03-28 21:13:06 [exec] 选取 3 个任务（等待总数: 97）
2026-03-28 21:13:06 [exec] Rate limiter 禁止批次派发（窗口满或冷却中）
2026-03-28 21:13:06 [exec] Rate limiter 禁止批次派发（窗口满或冷却中）
2026-03-28 21:57:42 [exec] === 任务执行器启动 ===
2026-03-28 21:57:42 [exec] === 任务执行器启动 ===
2026-03-28 21:57:42 [exec] 选取 3 个任务（等待总数: 97）
2026-03-28 21:57:42 [exec] 选取 3 个任务（等待总数: 97）
2026-03-28 21:57:43 [exec] Rate limiter 禁止批次派发（窗口满或冷却中）
2026-03-28 21:57:43 [exec] Rate limiter 禁止批次派发（窗口满或冷却中）
2026-03-29 13:24:02 [exec] === 任务执行器启动 ===
2026-03-29 13:24:02 [exec] === 任务执行器启动 ===
2026-03-29 13:24:02 [exec] 选取 3 个任务（等待总数: 97）
2026-03-29 13:24:02 [exec] 选取 3 个任务（等待总数: 97）
2026-03-29 13:24:02 [exec] Rate limiter 禁止批次派发（窗口满或冷却中）
2026-03-29 13:24:02 [exec] Rate limiter 禁止批次派发（窗口满或冷却中）
2026-03-29 14:09:11 [exec] === 任务执行器启动 ===
2026-03-29 14:09:11 [exec] === 任务执行器启动 ===
2026-03-29 14:09:11 [exec] 选取 3 个任务（等待总数: 97）
2026-03-29 14:09:11 [exec] 选取 3 个任务（等待总数: 97）
2026-03-29 14:09:11 [exec] Rate limiter 禁止批次派发（窗口满或冷却中）
2026-03-29 14:09:11 [exec] Rate limiter 禁止批次派发（窗口满或冷却中）
2026-03-29 14:54:39 [exec] === 任务执行器启动 ===
2026-03-29 14:54:39 [exec] === 任务执行器启动 ===
2026-03-29 14:54:39 [exec] 选取 3 个任务（等待总数: 97）
2026-03-29 14:54:39 [exec] 选取 3 个任务（等待总数: 97）
2026-03-29 14:54:39 [exec] Rate limiter 禁止批次派发（窗口满或冷却中）
2026-03-29 14:54:39 [exec] Rate limiter 禁止批次派发（窗口满或冷却中）
2026-03-29 15:40:08 [exec] === 任务执行器启动 ===
2026-03-29 15:40:08 [exec] === 任务执行器启动 ===
2026-03-29 15:40:08 [exec] 选取 3 个任务（等待总数: 97）
2026-03-29 15:40:08 [exec] 选取 3 个任务（等待总数: 97）
2026-03-29 15:40:08 [exec] Rate limiter 禁止批次派发（窗口满或冷却中）
2026-03-29 15:40:08 [exec] Rate limiter 禁止批次派发（窗口满或冷却中）
2026-03-29 16:24:03 [exec] === 任务执行器启动 ===
2026-03-29 16:24:03 [exec] === 任务执行器启动 ===
2026-03-29 16:24:03 [exec] 选取 3 个任务（等待总数: 97）
2026-03-29 16:24:03 [exec] 选取 3 个任务（等待总数: 97）
2026-03-29 16:24:03 [exec] Rate limiter 禁止批次派发（窗口满或冷却中）
2026-03-29 16:24:03 [exec] Rate limiter 禁止批次派发（窗口满或冷却中）
2026-03-29 17:04:25 [exec] === 任务执行器启动 ===
2026-03-29 17:04:25 [exec] === 任务执行器启动 ===
2026-03-29 17:04:25 [exec] 选取 3 个任务（等待总数: 97）
2026-03-29 17:04:25 [exec] 选取 3 个任务（等待总数: 97）
2026-03-29 17:04:25 [exec] Rate limiter 禁止批次派发（窗口满或冷却中）
2026-03-29 17:04:25 [exec] Rate limiter 禁止批次派发（窗口满或冷却中）
2026-03-29 17:47:57 [exec] === 任务执行器启动 ===
2026-03-29 17:47:57 [exec] === 任务执行器启动 ===
2026-03-29 17:47:57 [exec] 选取 3 个任务（等待总数: 97）
2026-03-29 17:47:57 [exec] 选取 3 个任务（等待总数: 97）
2026-03-29 17:47:57 [exec] Rate limiter 禁止批次派发（窗口满或冷却中）
2026-03-29 17:47:57 [exec] Rate limiter 禁止批次派发（窗口满或冷却中）
2026-03-29 18:30:56 [exec] === 任务执行器启动 ===
2026-03-29 18:30:56 [exec] === 任务执行器启动 ===
2026-03-29 18:30:56 [exec] 选取 3 个任务（等待总数: 97）
2026-03-29 18:30:56 [exec] 选取 3 个任务（等待总数: 97）
2026-03-29 18:30:56 [exec] Rate limiter 禁止批次派发（窗口满或冷却中）
2026-03-29 18:30:56 [exec] Rate limiter 禁止批次派发（窗口满或冷却中）
2026-03-29 19:14:37 [exec] === 任务执行器启动 ===
2026-03-29 19:14:37 [exec] === 任务执行器启动 ===
2026-03-29 19:14:37 [exec] 选取 3 个任务（等待总数: 97）
2026-03-29 19:14:37 [exec] 选取 3 个任务（等待总数: 97）
2026-03-29 19:14:37 [exec] Rate limiter 禁止批次派发（窗口满或冷却中）
2026-03-29 19:14:37 [exec] Rate limiter 禁止批次派发（窗口满或冷却中）
2026-03-29 19:57:39 [exec] === 任务执行器启动 ===
2026-03-29 19:57:39 [exec] === 任务执行器启动 ===
2026-03-29 19:57:39 [exec] 选取 3 个任务（等待总数: 97）
2026-03-29 19:57:39 [exec] 选取 3 个任务（等待总数: 97）
2026-03-29 19:57:39 [exec] Rate limiter 禁止批次派发（窗口满或冷却中）
2026-03-29 19:57:39 [exec] Rate limiter 禁止批次派发（窗口满或冷却中）
2026-03-29 20:42:09 [exec] === 任务执行器启动 ===
2026-03-29 20:42:09 [exec] === 任务执行器启动 ===
2026-03-29 20:42:09 [exec] 选取 3 个任务（等待总数: 97）
2026-03-29 20:42:09 [exec] 选取 3 个任务（等待总数: 97）
2026-03-29 20:42:09 [exec] Rate limiter 禁止批次派发（窗口满或冷却中）
2026-03-29 20:42:09 [exec] Rate limiter 禁止批次派发（窗口满或冷却中）
2026-03-29 21:24:57 [exec] === 任务执行器启动 ===
2026-03-29 21:24:57 [exec] === 任务执行器启动 ===
2026-03-29 21:24:57 [exec] 选取 3 个任务（等待总数: 97）
2026-03-29 21:24:57 [exec] 选取 3 个任务（等待总数: 97）
2026-03-29 21:24:57 [exec] Rate limiter 禁止批次派发（窗口满或冷却中）
2026-03-29 21:24:57 [exec] Rate limiter 禁止批次派发（窗口满或冷却中）
2026-03-29 22:08:38 [exec] === 任务执行器启动 ===
2026-03-29 22:08:38 [exec] === 任务执行器启动 ===
2026-03-29 22:08:38 [exec] 选取 3 个任务（等待总数: 97）
2026-03-29 22:08:38 [exec] 选取 3 个任务（等待总数: 97）
2026-03-29 22:08:38 [exec] Rate limiter 禁止批次派发（窗口满或冷却中）
2026-03-29 22:08:38 [exec] Rate limiter 禁止批次派发（窗口满或冷却中）
2026-03-29 22:52:41 [exec] === 任务执行器启动 ===
2026-03-29 22:52:41 [exec] === 任务执行器启动 ===
2026-03-29 22:52:41 [exec] 选取 3 个任务（等待总数: 97）
2026-03-29 22:52:41 [exec] 选取 3 个任务（等待总数: 97）
2026-03-29 22:52:41 [exec] Rate limiter 禁止批次派发（窗口满或冷却中）
2026-03-29 22:52:41 [exec] Rate limiter 禁止批次派发（窗口满或冷却中）
2026-03-29 23:36:41 [exec] === 任务执行器启动 ===
2026-03-29 23:36:41 [exec] === 任务执行器启动 ===
2026-03-29 23:36:41 [exec] 选取 3 个任务（等待总数: 97）
2026-03-29 23:36:41 [exec] 选取 3 个任务（等待总数: 97）
2026-03-29 23:36:41 [exec] Rate limiter 禁止批次派发（窗口满或冷却中）
2026-03-29 23:36:41 [exec] Rate limiter 禁止批次派发（窗口满或冷却中）
2026-03-30 00:21:07 [exec] === 任务执行器启动 ===
2026-03-30 00:21:07 [exec] === 任务执行器启动 ===
2026-03-30 00:21:07 [exec] 选取 3 个任务（等待总数: 97）
2026-03-30 00:21:07 [exec] 选取 3 个任务（等待总数: 97）
2026-03-30 00:21:07 [exec] Rate limiter 禁止批次派发（窗口满或冷却中）
2026-03-30 00:21:07 [exec] Rate limiter 禁止批次派发（窗口满或冷却中）
2026-03-30 01:06:38 [exec] === 任务执行器启动 ===
2026-03-30 01:06:38 [exec] === 任务执行器启动 ===
2026-03-30 01:06:38 [exec] 选取 3 个任务（等待总数: 97）
2026-03-30 01:06:38 [exec] 选取 3 个任务（等待总数: 97）
2026-03-30 01:06:38 [exec] Rate limiter 禁止批次派发（窗口满或冷却中）
2026-03-30 01:06:38 [exec] Rate limiter 禁止批次派发（窗口满或冷却中）
2026-03-30 01:48:40 [exec] === 任务执行器启动 ===
2026-03-30 01:48:40 [exec] === 任务执行器启动 ===
2026-03-30 01:48:40 [exec] 选取 3 个任务（等待总数: 97）
2026-03-30 01:48:40 [exec] 选取 3 个任务（等待总数: 97）
2026-03-30 01:48:40 [exec] Rate limiter 禁止批次派发（窗口满或冷却中）
2026-03-30 01:48:40 [exec] Rate limiter 禁止批次派发（窗口满或冷却中）
2026-03-30 02:24:06 [exec] === 任务执行器启动 ===
2026-03-30 02:24:06 [exec] === 任务执行器启动 ===
2026-03-30 02:24:06 [exec] 选取 3 个任务（等待总数: 97）
2026-03-30 02:24:06 [exec] 选取 3 个任务（等待总数: 97）
2026-03-30 02:24:06 [exec] Rate limiter 禁止批次派发（窗口满或冷却中）
2026-03-30 02:24:06 [exec] Rate limiter 禁止批次派发（窗口满或冷却中）
2026-03-30 03:08:06 [exec] === 任务执行器启动 ===
2026-03-30 03:08:06 [exec] === 任务执行器启动 ===
2026-03-30 03:08:06 [exec] 选取 3 个任务（等待总数: 97）
2026-03-30 03:08:06 [exec] 选取 3 个任务（等待总数: 97）
2026-03-30 03:08:06 [exec] Rate limiter 禁止批次派发（窗口满或冷却中）
2026-03-30 03:08:06 [exec] Rate limiter 禁止批次派发（窗口满或冷却中）
2026-03-30 03:52:08 [exec] === 任务执行器启动 ===
2026-03-30 03:52:08 [exec] === 任务执行器启动 ===
2026-03-30 03:52:08 [exec] 选取 3 个任务（等待总数: 97）
2026-03-30 03:52:08 [exec] 选取 3 个任务（等待总数: 97）
2026-03-30 03:52:08 [exec] Rate limiter 禁止批次派发（窗口满或冷却中）
2026-03-30 03:52:08 [exec] Rate limiter 禁止批次派发（窗口满或冷却中）
2026-03-30 11:51:50 [exec] === 任务执行器启动 ===
2026-03-30 11:51:50 [exec] === 任务执行器启动 ===
2026-03-30 11:51:50 [exec] 选取 3 个任务（等待总数: 97）
2026-03-30 11:51:50 [exec] 选取 3 个任务（等待总数: 97）
2026-03-30 11:51:50 [exec] Rate limiter 禁止批次派发（窗口满或冷却中）
2026-03-30 11:51:50 [exec] Rate limiter 禁止批次派发（窗口满或冷却中）
