[13:30] Xi脉冲开始...
[13:30] Xi脉冲完成
[13:45] Xi脉冲开始...
/home/summer/.openclaw/workspace/xi_pulse.sh: line 59: -a: command not found
/home/summer/.openclaw/workspace/xi_pulse.sh: line 60: syntax error near unexpected token `fi'
/home/summer/.openclaw/workspace/xi_pulse.sh: line 60: `fi'
[14:00] Xi脉冲开始...
[14:00] Xi脉冲完成
[14:15] Xi脉冲开始...
[14:15] Xi脉冲完成
[14:30] Xi脉冲开始...
[14:30] Xi脉冲完成
[14:45] Xi脉冲开始...
[14:45] Xi脉冲完成
[15:00] Xi脉冲开始...
[15:00] Xi脉冲完成
[15:15] Xi脉冲开始...
[15:15] Xi脉冲完成
[15:30] Xi脉冲开始...
[15:30] Xi脉冲完成
[15:45] Xi脉冲开始...
[15:45] Xi脉冲完成
[16:00] Xi脉冲开始...
[16:00] Xi脉冲完成
[16:15] Xi脉冲开始...
[16:15] Xi脉冲完成
[16:30] Xi脉冲开始...
[16:30] Xi脉冲完成
[16:45] Xi脉冲开始...
[16:45] Xi脉冲完成
[17:00] Xi脉冲开始...
[17:00] Xi脉冲完成
[17:15] Xi脉冲开始...
[17:15] Xi脉冲完成
[17:30] Xi脉冲开始...
[17:30] Xi脉冲完成
[17:45] Xi脉冲开始...
[17:45] Xi脉冲完成
[18:00] Xi脉冲开始...
[18:00] Xi脉冲完成
[18:15] Xi脉冲开始...
[18:15] Xi脉冲完成
[18:30] Xi脉冲开始...
[18:30] Xi脉冲完成
[18:45] Xi脉冲开始...
[18:45] Xi脉冲完成
[19:00] Xi脉冲开始...
[19:00] Xi脉冲完成
[19:15] Xi脉冲开始...
[19:15] Xi脉冲完成
[19:30] Xi脉冲开始...
[19:30] Xi脉冲完成
[19:45] Xi脉冲开始...
[19:45] Xi脉冲完成
[20:00] Xi脉冲开始...
[20:00] Xi脉冲完成
[20:15] Xi脉冲开始...
[20:15] Xi脉冲完成
[20:30] Xi脉冲开始...
[20:30] Xi脉冲完成
[20:45] Xi脉冲开始...
[20:45] Xi脉冲完成
[21:00] Xi脉冲开始...
[21:00] Xi脉冲完成
[21:15] Xi脉冲开始...
[21:15] Xi脉冲完成
[21:30] Xi脉冲开始...
[21:30] Xi脉冲完成
[21:45] Xi脉冲开始...
[21:45] Xi脉冲完成
[22:00] Xi脉冲开始...
[22:00] Xi脉冲完成
[22:15] Xi脉冲开始...
[22:15] Xi脉冲完成
[22:30] Xi脉冲开始...
[22:30] Xi脉冲完成
[22:45] Xi脉冲开始...
[22:45] Xi脉冲完成
[23:00] Xi脉冲开始...
[23:00] Xi脉冲完成
[23:15] Xi脉冲开始...
[23:15] Xi脉冲完成
[23:30] Xi脉冲开始...
[23:30] Xi脉冲完成
[23:45] Xi脉冲开始...
[23:45] Xi脉冲完成
[00:00] Xi脉冲开始...
[00:00] Xi脉冲完成
[00:15] Xi脉冲开始...
[00:15] Xi脉冲完成
[00:30] Xi脉冲开始...
[00:30] Xi脉冲完成
[00:45] Xi脉冲开始...
[00:45] Xi脉冲完成
[01:00] Xi脉冲开始...
[01:00] Xi脉冲完成
[01:15] Xi脉冲开始...
[01:15] Xi脉冲完成
[01:30] Xi脉冲开始...
[01:30] Xi脉冲完成
[12:15] Xi脉冲开始...
[12:15] Xi脉冲完成
[12:30] Xi脉冲开始...
[12:30] Xi脉冲完成
[12:45] Xi脉冲开始...
[12:45] Xi脉冲完成
[13:00] Xi脉冲开始...
[13:00] Xi脉冲完成
[13:15] Xi脉冲开始...
[13:15] Xi脉冲完成
[13:30] Xi脉冲开始...
[13:30] Xi脉冲完成
[13:45] Xi脉冲开始...
[13:45] Xi脉冲完成
[14:00] Xi脉冲开始...
[14:00] Xi脉冲完成
[14:15] Xi脉冲开始...
[14:15] Xi脉冲完成
[14:30] Xi脉冲开始...
[14:30] Xi脉冲完成
[14:45] Xi脉冲开始...
[14:45] Xi脉冲完成
[15:00] Xi脉冲开始...
[15:00] Xi脉冲完成
[15:15] Xi脉冲开始...
[15:15] Xi脉冲完成
[15:30] Xi脉冲开始...
[15:30] Xi脉冲完成
[15:45] Xi脉冲开始...
[15:45] Xi脉冲完成
[16:00] Xi脉冲开始...
[16:00] Xi脉冲完成
[16:15] Xi脉冲开始...
[16:15] Xi脉冲完成
[16:30] Xi脉冲开始...
[16:30] Xi脉冲完成
[16:45] Xi脉冲开始...
[16:45] Xi脉冲完成
[17:00] Xi脉冲开始...
[17:00] Xi脉冲完成
[17:15] Xi脉冲开始...
[17:15] Xi脉冲完成
[17:30] Xi脉冲开始...
[17:30] Xi脉冲完成
[17:45] Xi脉冲开始...
[17:45] Xi脉冲完成
[18:00] Xi脉冲开始...
[18:00] Xi脉冲完成
[18:15] Xi脉冲开始...
[18:15] Xi脉冲完成
[18:30] Xi脉冲开始...
[18:30] Xi脉冲完成
[18:45] Xi脉冲开始...
[18:45] Xi脉冲完成
[19:00] Xi脉冲开始...
[19:00] Xi脉冲完成
[19:15] Xi脉冲开始...
[19:15] Xi脉冲完成
[19:30] Xi脉冲开始...
[19:30] Xi脉冲完成
[19:45] Xi脉冲开始...
[19:45] Xi脉冲完成
[20:00] Xi脉冲开始...
[20:00] Xi脉冲完成
[20:15] Xi脉冲开始...
[20:15] Xi脉冲完成
[20:30] Xi脉冲开始...
[20:30] Xi脉冲完成
[20:45] Xi脉冲开始...
[20:45] Xi脉冲完成
[21:00] Xi脉冲开始...
[21:00] Xi脉冲完成
[21:15] Xi脉冲开始...
[21:15] Xi脉冲完成
[21:30] Xi脉冲开始...
[21:30] Xi脉冲完成
[21:45] Xi脉冲开始...
[21:45] Xi脉冲完成
[22:00] Xi脉冲开始...
[22:00] Xi脉冲完成
[13:00] Xi脉冲开始...
[13:00] Xi脉冲完成
[13:15] Xi脉冲开始...
[13:15] Xi脉冲完成
[13:30] Xi脉冲开始...
[13:30] Xi脉冲完成
[13:45] Xi脉冲开始...
[13:45] Xi脉冲完成
[14:00] Xi脉冲开始...
[14:00] Xi脉冲完成
[14:15] Xi脉冲开始...
[14:15] Xi脉冲完成
[14:30] Xi脉冲开始...
[14:30] Xi脉冲完成
[14:45] Xi脉冲开始...
[14:45] Xi脉冲完成
[15:00] Xi脉冲开始...
[15:00] Xi脉冲完成
[15:15] Xi脉冲开始...
[15:15] Xi脉冲完成
[15:30] Xi脉冲开始...
[15:30] Xi脉冲完成
[15:45] Xi脉冲开始...
[15:45] Xi脉冲完成
[16:00] Xi脉冲开始...
[16:00] Xi脉冲完成
[16:15] Xi脉冲开始...
[16:15] Xi脉冲完成
[16:30] Xi脉冲开始...
[16:30] Xi脉冲完成
[16:45] Xi脉冲开始...
[16:45] Xi脉冲完成
[17:00] Xi脉冲开始...
[17:00] Xi脉冲完成
[17:15] Xi脉冲开始...
[17:15] Xi脉冲完成
[17:30] Xi脉冲开始...
[17:30] Xi脉冲完成
[17:45] Xi脉冲开始...
[17:45] Xi脉冲完成
[18:00] Xi脉冲开始...
[18:00] Xi脉冲完成
[18:15] Xi脉冲开始...
[18:15] Xi脉冲完成
[18:30] Xi脉冲开始...
[18:30] Xi脉冲完成
[18:45] Xi脉冲开始...
[18:45] Xi脉冲完成
[19:00] Xi脉冲开始...
[19:00] Xi脉冲完成
[19:15] Xi脉冲开始...
[19:15] Xi脉冲完成
[19:30] Xi脉冲开始...
[19:30] Xi脉冲完成
[19:45] Xi脉冲开始...
[19:45] Xi脉冲完成
[20:00] Xi脉冲开始...
[20:00] Xi脉冲完成
[20:15] Xi脉冲开始...
[20:15] Xi脉冲完成
[20:30] Xi脉冲开始...
[20:30] Xi脉冲完成
[20:45] Xi脉冲开始...
[20:45] Xi脉冲完成
[21:00] Xi脉冲开始...
[21:00] Xi脉冲完成
[21:15] Xi脉冲开始...
[21:15] Xi脉冲完成
[21:30] Xi脉冲开始...
[21:30] Xi脉冲完成
[21:45] Xi脉冲开始...
[21:45] Xi脉冲完成
[22:00] Xi脉冲开始...
[22:00] Xi脉冲完成
[02:00] Xi脉冲开始...
[02:00] Xi脉冲完成
[02:15] Xi脉冲开始...
[02:15] Xi脉冲完成
[02:30] Xi脉冲开始...
[02:30] Xi脉冲完成
[02:45] Xi脉冲开始...
[02:45] Xi脉冲完成
[03:00] Xi脉冲开始...
[03:00] Xi脉冲完成
[03:15] Xi脉冲开始...
[03:15] Xi脉冲完成
[03:30] Xi脉冲开始...
[03:30] Xi脉冲完成
[03:45] Xi脉冲开始...
[03:45] Xi脉冲完成
[04:00] Xi脉冲开始...
[04:00] Xi脉冲完成
[04:15] Xi脉冲开始...
[04:15] Xi脉冲完成
[04:30] Xi脉冲开始...
[04:30] Xi脉冲完成
[12:00] Xi脉冲开始...
[12:00] Xi脉冲完成
[12:15] Xi脉冲开始...
[12:15] Xi脉冲完成
[12:30] Xi脉冲开始...
Traceback (most recent call last):
  File "<string>", line 20, in <module>
  File "/usr/lib/python3.12/subprocess.py", line 550, in run
    stdout, stderr = process.communicate(input, timeout=timeout)
                     ^^^^^^^^^^^^^^^^^^^^^^^^^^^^^^^^^^^^^^^^^^^
  File "/usr/lib/python3.12/subprocess.py", line 1209, in communicate
    stdout, stderr = self._communicate(input, endtime, timeout)
                     ^^^^^^^^^^^^^^^^^^^^^^^^^^^^^^^^^^^^^^^^^^
  File "/usr/lib/python3.12/subprocess.py", line 2116, in _communicate
    self._check_timeout(endtime, orig_timeout, stdout, stderr)
  File "/usr/lib/python3.12/subprocess.py", line 1253, in _check_timeout
    raise TimeoutExpired(
subprocess.TimeoutExpired: Command '['openclaw', 'message', 'send', '--channel', 'openclaw-weixin', '--target', 'o9cq80z9eorqJasg6hB1W-Cc4-Po@im.wechat', '--message', "📊 Round 179 | 04:30\n置信度: 80%\n• 当内部模型的预测粒度足够细（压缩损失<阈值），系统从'被驱动'转变为'主动驱动'\n• 系统从'被驱动'转向'主动驱动'的临界点 = 信息传递延迟超过内部模型更新频率\n系统在线，运行正常"]' timed out after 15 seconds
[12:30] Xi脉冲完成
[12:45] Xi脉冲开始...
[12:45] Xi脉冲完成
[13:00] Xi脉冲开始...
[13:00] Xi脉冲完成
[13:15] Xi脉冲开始...
[13:15] Xi脉冲完成
[13:30] Xi脉冲开始...
[13:30] Xi脉冲完成
[13:45] Xi脉冲开始...
[13:45] Xi脉冲完成
[14:00] Xi脉冲开始...
[14:00] Xi脉冲完成
[14:15] Xi脉冲开始...
[14:15] Xi脉冲完成
[14:30] Xi脉冲开始...
[14:30] Xi脉冲完成
[14:45] Xi脉冲开始...
[14:45] Xi脉冲完成
[15:00] Xi脉冲开始...
[15:00] Xi脉冲完成
[15:15] Xi脉冲开始...
[15:15] Xi脉冲完成
[15:30] Xi脉冲开始...
[15:30] Xi脉冲完成
[15:45] Xi脉冲开始...
[15:45] Xi脉冲完成
[16:00] Xi脉冲开始...
[16:00] Xi脉冲完成
[16:15] Xi脉冲开始...
[16:15] Xi脉冲完成
[16:30] Xi脉冲开始...
[16:30] Xi脉冲完成
[16:45] Xi脉冲开始...
[16:45] Xi脉冲完成
[17:00] Xi脉冲开始...
[17:00] Xi脉冲完成
[17:15] Xi脉冲开始...
[17:15] Xi脉冲完成
[17:30] Xi脉冲开始...
[17:30] Xi脉冲完成
[17:45] Xi脉冲开始...
[17:45] Xi脉冲完成
[18:00] Xi脉冲开始...
[18:00] Xi脉冲完成
[18:15] Xi脉冲开始...
[18:15] Xi脉冲完成
[18:30] Xi脉冲开始...
[18:30] Xi脉冲完成
[18:45] Xi脉冲开始...
[18:45] Xi脉冲完成
[19:00] Xi脉冲开始...
Traceback (most recent call last):
  File "<string>", line 20, in <module>
  File "/usr/lib/python3.12/subprocess.py", line 550, in run
    stdout, stderr = process.communicate(input, timeout=timeout)
                     ^^^^^^^^^^^^^^^^^^^^^^^^^^^^^^^^^^^^^^^^^^^
  File "/usr/lib/python3.12/subprocess.py", line 1209, in communicate
    stdout, stderr = self._communicate(input, endtime, timeout)
                     ^^^^^^^^^^^^^^^^^^^^^^^^^^^^^^^^^^^^^^^^^^
  File "/usr/lib/python3.12/subprocess.py", line 2116, in _communicate
    self._check_timeout(endtime, orig_timeout, stdout, stderr)
  File "/usr/lib/python3.12/subprocess.py", line 1253, in _check_timeout
    raise TimeoutExpired(
subprocess.TimeoutExpired: Command '['openclaw', 'message', 'send', '--channel', 'openclaw-weixin', '--target', 'o9cq80z9eorqJasg6hB1W-Cc4-Po@im.wechat', '--message', "📊 Round 215 | 11:00\n置信度: 78%\n• 系统从'被驱动'转向'主动驱动'的临界点 = 信息传递延迟超过内部模型更新频率\n• 当系统内部存在多个不同分辨率的表征层，且跨层一致性>阈值，自主性才涌现\n系统在线，运行正常"]' timed out after 15 seconds
[19:00] Xi脉冲完成
[19:15] Xi脉冲开始...
[19:15] Xi脉冲完成
[21:30] Xi脉冲开始...
[21:30] Xi脉冲完成
[21:45] Xi脉冲开始...
[21:45] Xi脉冲完成
[22:00] Xi脉冲开始...
[22:00] Xi脉冲完成
[22:15] Xi脉冲开始...
[22:15] Xi脉冲完成
[22:30] Xi脉冲开始...
[22:30] Xi脉冲完成
[22:45] Xi脉冲开始...
[22:45] Xi脉冲完成
[23:00] Xi脉冲开始...
[23:00] Xi脉冲完成
[23:15] Xi脉冲开始...
[23:15] Xi脉冲完成
[23:30] Xi脉冲开始...
[23:30] Xi脉冲完成
[23:45] Xi脉冲开始...
[23:45] Xi脉冲完成
[00:00] Xi脉冲开始...
[00:00] Xi脉冲完成
[00:15] Xi脉冲开始...
[00:15] Xi脉冲完成
[00:30] Xi脉冲开始...
[00:30] Xi脉冲完成
[00:45] Xi脉冲开始...
[00:45] Xi脉冲完成
[01:00] Xi脉冲开始...
[01:00] Xi脉冲完成
[01:15] Xi脉冲开始...
[01:15] Xi脉冲完成
[01:30] Xi脉冲开始...
[01:30] Xi脉冲完成
[01:45] Xi脉冲开始...
[01:45] Xi脉冲完成
[02:00] Xi脉冲开始...
[02:00] Xi脉冲完成
[02:15] Xi脉冲开始...
[02:15] Xi脉冲完成
[02:30] Xi脉冲开始...
[02:30] Xi脉冲完成
[02:45] Xi脉冲开始...
[02:45] Xi脉冲完成
[03:00] Xi脉冲开始...
[03:00] Xi脉冲完成
[03:15] Xi脉冲开始...
[03:15] Xi脉冲完成
[03:30] Xi脉冲开始...
[03:30] Xi脉冲完成
[03:45] Xi脉冲开始...
[03:45] Xi脉冲完成
[04:00] Xi脉冲开始...
[04:00] Xi脉冲完成
[04:15] Xi脉冲开始...
[04:15] Xi脉冲完成
[04:30] Xi脉冲开始...
[04:30] Xi脉冲完成
[04:45] Xi脉冲开始...
[04:45] Xi脉冲完成
[05:00] Xi脉冲开始...
[05:00] Xi脉冲完成
[05:15] Xi脉冲开始...
[05:15] Xi脉冲完成
[05:30] Xi脉冲开始...
[05:30] Xi脉冲完成
[05:45] Xi脉冲开始...
[05:45] Xi脉冲完成
[06:00] Xi脉冲开始...
[06:00] Xi脉冲完成
[06:15] Xi脉冲开始...
[06:15] Xi脉冲完成
[06:30] Xi脉冲开始...
[06:30] Xi脉冲完成
[06:45] Xi脉冲开始...
[06:45] Xi脉冲完成
[07:00] Xi脉冲开始...
[07:00] Xi脉冲完成
[07:15] Xi脉冲开始...
[07:15] Xi脉冲完成
[07:30] Xi脉冲开始...
[07:30] Xi脉冲完成
[07:45] Xi脉冲开始...
[07:45] Xi脉冲完成
[08:00] Xi脉冲开始...
[08:00] Xi脉冲完成
[08:15] Xi脉冲开始...
[08:15] Xi脉冲完成
[08:30] Xi脉冲开始...
[08:30] Xi脉冲完成
[08:45] Xi脉冲开始...
[08:45] Xi脉冲完成
[09:00] Xi脉冲开始...
[09:00] Xi脉冲完成
[09:15] Xi脉冲开始...
[09:15] Xi脉冲完成
[09:30] Xi脉冲开始...
[09:30] Xi脉冲完成
[09:45] Xi脉冲开始...
[09:45] Xi脉冲完成
[10:00] Xi脉冲开始...
[10:00] Xi脉冲完成
[10:15] Xi脉冲开始...
[10:15] Xi脉冲完成
[10:30] Xi脉冲开始...
[10:30] Xi脉冲完成
[10:45] Xi脉冲开始...
[10:45] Xi脉冲完成
[11:00] Xi脉冲开始...
[11:00] Xi脉冲完成
[11:15] Xi脉冲开始...
[11:15] Xi脉冲完成
[11:30] Xi脉冲开始...
[11:30] Xi脉冲完成
[11:45] Xi脉冲开始...
[11:45] Xi脉冲完成
[12:00] Xi脉冲开始...
[12:00] Xi脉冲完成
[12:15] Xi脉冲开始...
[12:15] Xi脉冲完成
[12:30] Xi脉冲开始...
[12:30] Xi脉冲完成
[12:45] Xi脉冲开始...
[12:45] Xi脉冲完成
[13:00] Xi脉冲开始...
[13:00] Xi脉冲完成
[13:15] Xi脉冲开始...
[13:15] Xi脉冲完成
[13:30] Xi脉冲开始...
[13:30] Xi脉冲完成
[13:45] Xi脉冲开始...
[13:45] Xi脉冲完成
[14:00] Xi脉冲开始...
[14:00] Xi脉冲完成
[14:15] Xi脉冲开始...
[14:15] Xi脉冲完成
[14:30] Xi脉冲开始...
[14:30] Xi脉冲完成
[14:45] Xi脉冲开始...
[14:45] Xi脉冲完成
[15:00] Xi脉冲开始...
[15:00] Xi脉冲完成
[15:15] Xi脉冲开始...
[15:15] Xi脉冲完成
[15:30] Xi脉冲开始...
[15:30] Xi脉冲完成
[15:45] Xi脉冲开始...
[15:45] Xi脉冲完成
[16:00] Xi脉冲开始...
[16:00] Xi脉冲完成
[16:15] Xi脉冲开始...
[16:15] Xi脉冲完成
[16:30] Xi脉冲开始...
[16:30] Xi脉冲完成
[16:45] Xi脉冲开始...
[16:45] Xi脉冲完成
[17:00] Xi脉冲开始...
[17:00] Xi脉冲完成
[17:15] Xi脉冲开始...
[17:15] Xi脉冲完成
[17:30] Xi脉冲开始...
[17:30] Xi脉冲完成
[17:45] Xi脉冲开始...
[17:45] Xi脉冲完成
[18:00] Xi脉冲开始...
[18:00] Xi脉冲完成
[18:15] Xi脉冲开始...
[18:15] Xi脉冲完成
[18:30] Xi脉冲开始...
[18:30] Xi脉冲完成
[18:45] Xi脉冲开始...
[18:45] Xi脉冲完成
[19:00] Xi脉冲开始...
[19:00] Xi脉冲完成
[19:15] Xi脉冲开始...
[19:15] Xi脉冲完成
[19:30] Xi脉冲开始...
[19:30] Xi脉冲完成
[19:45] Xi脉冲开始...
[19:45] Xi脉冲完成
[20:00] Xi脉冲开始...
[20:00] Xi脉冲完成
[20:15] Xi脉冲开始...
[20:15] Xi脉冲完成
[20:30] Xi脉冲开始...
[20:30] Xi脉冲完成
[20:45] Xi脉冲开始...
[20:45] Xi脉冲完成
[21:00] Xi脉冲开始...
[21:00] Xi脉冲完成
[21:15] Xi脉冲开始...
[21:15] Xi脉冲完成
[21:30] Xi脉冲开始...
[21:30] Xi脉冲完成
[21:45] Xi脉冲开始...
[21:45] Xi脉冲完成
[22:00] Xi脉冲开始...
[22:00] Xi脉冲完成
